2019-06-16 13:23:19.465 DEBUG 8904 --- [main] .c.l.ClasspathLoggingApplicationListener : Application started with classpath: [file:/C:/Program%20Files/Java/jdk1.8.0_172/jre/lib/charsets.jar, file:/C:/Program%20Files/Java/jdk1.8.0_172/jre/lib/deploy.jar, file:/C:/Program%20Files/Java/jdk1.8.0_172/jre/lib/ext/access-bridge-64.jar, file:/C:/Program%20Files/Java/jdk1.8.0_172/jre/lib/ext/cldrdata.jar, file:/C:/Program%20Files/Java/jdk1.8.0_172/jre/lib/ext/dnsns.jar, file:/C:/Program%20Files/Java/jdk1.8.0_172/jre/lib/ext/jaccess.jar, file:/C:/Program%20Files/Java/jdk1.8.0_172/jre/lib/ext/jfxrt.jar, file:/C:/Program%20Files/Java/jdk1.8.0_172/jre/lib/ext/localedata.jar, file:/C:/Program%20Files/Java/jdk1.8.0_172/jre/lib/ext/nashorn.jar, file:/C:/Program%20Files/Java/jdk1.8.0_172/jre/lib/ext/sunec.jar, file:/C:/Program%20Files/Java/jdk1.8.0_172/jre/lib/ext/sunjce_provider.jar, file:/C:/Program%20Files/Java/jdk1.8.0_172/jre/lib/ext/sunmscapi.jar, file:/C:/Program%20Files/Java/jdk1.8.0_172/jre/lib/ext/sunpkcs11.jar, file:/C:/Program%20Files/Java/jdk1.8.0_172/jre/lib/ext/zipfs.jar, file:/C:/Program%20Files/Java/jdk1.8.0_172/jre/lib/javaws.jar, file:/C:/Program%20Files/Java/jdk1.8.0_172/jre/lib/jce.jar, file:/C:/Program%20Files/Java/jdk1.8.0_172/jre/lib/jfr.jar, file:/C:/Program%20Files/Java/jdk1.8.0_172/jre/lib/jfxswt.jar, file:/C:/Program%20Files/Java/jdk1.8.0_172/jre/lib/jsse.jar, file:/C:/Program%20Files/Java/jdk1.8.0_172/jre/lib/management-agent.jar, file:/C:/Program%20Files/Java/jdk1.8.0_172/jre/lib/plugin.jar, file:/C:/Program%20Files/Java/jdk1.8.0_172/jre/lib/resources.jar, file:/C:/Program%20Files/Java/jdk1.8.0_172/jre/lib/rt.jar, file:/D:/nongjiyun/group5/target/classes/, file:/D:/maven/maven_jar/org/springframework/boot/spring-boot-starter-web/2.1.4.RELEASE/spring-boot-starter-web-2.1.4.RELEASE.jar, file:/D:/maven/maven_jar/org/springframework/boot/spring-boot-starter/2.1.4.RELEASE/spring-boot-starter-2.1.4.RELEASE.jar, file:/D:/maven/maven_jar/org/springframework/boot/spring-boot/2.1.4.RELEASE/spring-boot-2.1.4.RELEASE.jar, file:/D:/maven/maven_jar/org/springframework/boot/spring-boot-autoconfigure/2.1.4.RELEASE/spring-boot-autoconfigure-2.1.4.RELEASE.jar, file:/D:/maven/maven_jar/org/springframework/boot/spring-boot-starter-logging/2.1.4.RELEASE/spring-boot-starter-logging-2.1.4.RELEASE.jar, file:/D:/maven/maven_jar/ch/qos/logback/logback-classic/1.2.3/logback-classic-1.2.3.jar, file:/D:/maven/maven_jar/ch/qos/logback/logback-core/1.2.3/logback-core-1.2.3.jar, file:/D:/maven/maven_jar/org/apache/logging/log4j/log4j-to-slf4j/2.11.2/log4j-to-slf4j-2.11.2.jar, file:/D:/maven/maven_jar/org/apache/logging/log4j/log4j-api/2.11.2/log4j-api-2.11.2.jar, file:/D:/maven/maven_jar/org/slf4j/jul-to-slf4j/1.7.26/jul-to-slf4j-1.7.26.jar, file:/D:/maven/maven_jar/javax/annotation/javax.annotation-api/1.3.2/javax.annotation-api-1.3.2.jar, file:/D:/maven/maven_jar/org/yaml/snakeyaml/1.23/snakeyaml-1.23.jar, file:/D:/maven/maven_jar/org/springframework/boot/spring-boot-starter-json/2.1.4.RELEASE/spring-boot-starter-json-2.1.4.RELEASE.jar, file:/D:/maven/maven_jar/com/fasterxml/jackson/core/jackson-databind/2.9.8/jackson-databind-2.9.8.jar, file:/D:/maven/maven_jar/com/fasterxml/jackson/core/jackson-annotations/2.9.0/jackson-annotations-2.9.0.jar, file:/D:/maven/maven_jar/com/fasterxml/jackson/core/jackson-core/2.9.8/jackson-core-2.9.8.jar, file:/D:/maven/maven_jar/com/fasterxml/jackson/datatype/jackson-datatype-jdk8/2.9.8/jackson-datatype-jdk8-2.9.8.jar, file:/D:/maven/maven_jar/com/fasterxml/jackson/datatype/jackson-datatype-jsr310/2.9.8/jackson-datatype-jsr310-2.9.8.jar, file:/D:/maven/maven_jar/com/fasterxml/jackson/module/jackson-module-parameter-names/2.9.8/jackson-module-parameter-names-2.9.8.jar, file:/D:/maven/maven_jar/org/springframework/boot/spring-boot-starter-tomcat/2.1.4.RELEASE/spring-boot-starter-tomcat-2.1.4.RELEASE.jar, file:/D:/maven/maven_jar/org/apache/tomcat/embed/tomcat-embed-core/9.0.17/tomcat-embed-core-9.0.17.jar, file:/D:/maven/maven_jar/org/apache/tomcat/embed/tomcat-embed-el/9.0.17/tomcat-embed-el-9.0.17.jar, file:/D:/maven/maven_jar/org/apache/tomcat/embed/tomcat-embed-websocket/9.0.17/tomcat-embed-websocket-9.0.17.jar, file:/D:/maven/maven_jar/org/hibernate/validator/hibernate-validator/6.0.16.Final/hibernate-validator-6.0.16.Final.jar, file:/D:/maven/maven_jar/javax/validation/validation-api/2.0.1.Final/validation-api-2.0.1.Final.jar, file:/D:/maven/maven_jar/org/jboss/logging/jboss-logging/3.3.2.Final/jboss-logging-3.3.2.Final.jar, file:/D:/maven/maven_jar/com/fasterxml/classmate/1.4.0/classmate-1.4.0.jar, file:/D:/maven/maven_jar/org/springframework/spring-web/5.1.6.RELEASE/spring-web-5.1.6.RELEASE.jar, file:/D:/maven/maven_jar/org/springframework/spring-beans/5.1.6.RELEASE/spring-beans-5.1.6.RELEASE.jar, file:/D:/maven/maven_jar/org/springframework/spring-webmvc/5.1.6.RELEASE/spring-webmvc-5.1.6.RELEASE.jar, file:/D:/maven/maven_jar/org/springframework/spring-aop/5.1.6.RELEASE/spring-aop-5.1.6.RELEASE.jar, file:/D:/maven/maven_jar/org/springframework/spring-context/5.1.6.RELEASE/spring-context-5.1.6.RELEASE.jar, file:/D:/maven/maven_jar/org/springframework/spring-expression/5.1.6.RELEASE/spring-expression-5.1.6.RELEASE.jar, file:/D:/maven/maven_jar/org/mybatis/spring/boot/mybatis-spring-boot-starter/2.0.1/mybatis-spring-boot-starter-2.0.1.jar, file:/D:/maven/maven_jar/org/springframework/boot/spring-boot-starter-jdbc/2.1.4.RELEASE/spring-boot-starter-jdbc-2.1.4.RELEASE.jar, file:/D:/maven/maven_jar/com/zaxxer/HikariCP/3.2.0/HikariCP-3.2.0.jar, file:/D:/maven/maven_jar/org/springframework/spring-jdbc/5.1.6.RELEASE/spring-jdbc-5.1.6.RELEASE.jar, file:/D:/maven/maven_jar/org/mybatis/spring/boot/mybatis-spring-boot-autoconfigure/2.0.1/mybatis-spring-boot-autoconfigure-2.0.1.jar, file:/D:/maven/maven_jar/org/mybatis/mybatis/3.5.1/mybatis-3.5.1.jar, file:/D:/maven/maven_jar/org/mybatis/mybatis-spring/2.0.1/mybatis-spring-2.0.1.jar, file:/D:/maven/maven_jar/mysql/mysql-connector-java/8.0.15/mysql-connector-java-8.0.15.jar, file:/D:/maven/maven_jar/com/spring4all/swagger-spring-boot-starter/1.8.0.RELEASE/swagger-spring-boot-starter-1.8.0.RELEASE.jar, file:/D:/maven/maven_jar/io/springfox/springfox-swagger-ui/2.9.2/springfox-swagger-ui-2.9.2.jar, file:/D:/maven/maven_jar/io/springfox/springfox-spring-web/2.9.2/springfox-spring-web-2.9.2.jar, file:/D:/maven/maven_jar/io/springfox/springfox-swagger2/2.9.2/springfox-swagger2-2.9.2.jar, file:/D:/maven/maven_jar/io/swagger/swagger-annotations/1.5.20/swagger-annotations-1.5.20.jar, file:/D:/maven/maven_jar/io/swagger/swagger-models/1.5.20/swagger-models-1.5.20.jar, file:/D:/maven/maven_jar/io/springfox/springfox-spi/2.9.2/springfox-spi-2.9.2.jar, file:/D:/maven/maven_jar/io/springfox/springfox-core/2.9.2/springfox-core-2.9.2.jar, file:/D:/maven/maven_jar/io/springfox/springfox-schema/2.9.2/springfox-schema-2.9.2.jar, file:/D:/maven/maven_jar/io/springfox/springfox-swagger-common/2.9.2/springfox-swagger-common-2.9.2.jar, file:/D:/maven/maven_jar/com/google/guava/guava/20.0/guava-20.0.jar, file:/D:/maven/maven_jar/org/slf4j/slf4j-api/1.7.26/slf4j-api-1.7.26.jar, file:/D:/maven/maven_jar/org/springframework/plugin/spring-plugin-core/1.2.0.RELEASE/spring-plugin-core-1.2.0.RELEASE.jar, file:/D:/maven/maven_jar/org/springframework/plugin/spring-plugin-metadata/1.2.0.RELEASE/spring-plugin-metadata-1.2.0.RELEASE.jar, file:/D:/maven/maven_jar/org/mapstruct/mapstruct/1.2.0.Final/mapstruct-1.2.0.Final.jar, file:/D:/maven/maven_jar/io/springfox/springfox-bean-validators/2.9.2/springfox-bean-validators-2.9.2.jar, file:/D:/maven/maven_jar/org/projectlombok/lombok/1.18.6/lombok-1.18.6.jar, file:/D:/maven/maven_jar/net/bytebuddy/byte-buddy/1.9.12/byte-buddy-1.9.12.jar, file:/D:/maven/maven_jar/org/springframework/spring-core/5.1.6.RELEASE/spring-core-5.1.6.RELEASE.jar, file:/D:/maven/maven_jar/org/springframework/spring-jcl/5.1.6.RELEASE/spring-jcl-5.1.6.RELEASE.jar, file:/D:/maven/maven_jar/com/aliyun/aliyun-java-sdk-core/4.0.3/aliyun-java-sdk-core-4.0.3.jar, file:/D:/maven/maven_jar/com/google/code/gson/gson/2.8.5/gson-2.8.5.jar, file:/D:/maven/maven_jar/org/apache/httpcomponents/httpclient/4.5.8/httpclient-4.5.8.jar, file:/D:/maven/maven_jar/org/apache/httpcomponents/httpcore/4.4.11/httpcore-4.4.11.jar, file:/D:/maven/maven_jar/commons-codec/commons-codec/1.11/commons-codec-1.11.jar, file:/D:/maven/maven_jar/javax/xml/bind/jaxb-api/2.3.1/jaxb-api-2.3.1.jar, file:/D:/maven/maven_jar/javax/activation/javax.activation-api/1.2.0/javax.activation-api-1.2.0.jar, file:/D:/maven/maven_jar/com/sun/xml/bind/jaxb-core/2.1.14/jaxb-core-2.1.14.jar, file:/D:/maven/maven_jar/com/sun/xml/bind/jaxb-impl/2.1/jaxb-impl-2.1.jar, file:/D:/maven/maven_jar/javax/activation/activation/1.1.1/activation-1.1.1.jar, file:/D:/maven/maven_jar/com/aliyun/oss/aliyun-sdk-oss/2.8.3/aliyun-sdk-oss-2.8.3.jar, file:/D:/maven/maven_jar/org/jdom/jdom/1.1/jdom-1.1.jar, file:/D:/maven/maven_jar/org/springframework/boot/spring-boot-starter-data-redis/2.1.4.RELEASE/spring-boot-starter-data-redis-2.1.4.RELEASE.jar, file:/D:/maven/maven_jar/org/springframework/data/spring-data-redis/2.1.6.RELEASE/spring-data-redis-2.1.6.RELEASE.jar, file:/D:/maven/maven_jar/org/springframework/data/spring-data-keyvalue/2.1.6.RELEASE/spring-data-keyvalue-2.1.6.RELEASE.jar, file:/D:/maven/maven_jar/org/springframework/data/spring-data-commons/2.1.6.RELEASE/spring-data-commons-2.1.6.RELEASE.jar, file:/D:/maven/maven_jar/org/springframework/spring-tx/5.1.6.RELEASE/spring-tx-5.1.6.RELEASE.jar, file:/D:/maven/maven_jar/org/springframework/spring-oxm/5.1.6.RELEASE/spring-oxm-5.1.6.RELEASE.jar, file:/D:/maven/maven_jar/org/springframework/spring-context-support/5.1.6.RELEASE/spring-context-support-5.1.6.RELEASE.jar, file:/D:/maven/maven_jar/io/lettuce/lettuce-core/5.1.6.RELEASE/lettuce-core-5.1.6.RELEASE.jar, file:/D:/maven/maven_jar/io/netty/netty-common/4.1.34.Final/netty-common-4.1.34.Final.jar, file:/D:/maven/maven_jar/io/netty/netty-handler/4.1.34.Final/netty-handler-4.1.34.Final.jar, file:/D:/maven/maven_jar/io/netty/netty-buffer/4.1.34.Final/netty-buffer-4.1.34.Final.jar, file:/D:/maven/maven_jar/io/netty/netty-codec/4.1.34.Final/netty-codec-4.1.34.Final.jar, file:/D:/maven/maven_jar/io/netty/netty-transport/4.1.34.Final/netty-transport-4.1.34.Final.jar, file:/D:/maven/maven_jar/io/netty/netty-resolver/4.1.34.Final/netty-resolver-4.1.34.Final.jar, file:/D:/maven/maven_jar/io/projectreactor/reactor-core/3.2.8.RELEASE/reactor-core-3.2.8.RELEASE.jar, file:/D:/maven/maven_jar/org/reactivestreams/reactive-streams/1.0.2/reactive-streams-1.0.2.jar, file:/D:/maven/maven_jar/com/alibaba/fastjson/1.2.47/fastjson-1.2.47.jar, file:/C:/Program%20Files/JetBrains/IntelliJ%20IDEA%202019.1.1/lib/idea_rt.jar]
2019-06-16 13:23:19.759  INFO 8904 --- [main] cn.niit.group5.Group5Application         : Starting Group5Application on DESKTOP-8QT67GL with PID 8904 (D:\nongjiyun\group5\target\classes started by 公子白 in D:\nongjiyun)
2019-06-16 13:23:19.759 DEBUG 8904 --- [main] cn.niit.group5.Group5Application         : Running with Spring Boot v2.1.4.RELEASE, Spring v5.1.6.RELEASE
2019-06-16 13:23:19.762  INFO 8904 --- [main] cn.niit.group5.Group5Application         : No active profile set, falling back to default profiles: default
2019-06-16 13:23:19.762 DEBUG 8904 --- [main] o.s.boot.SpringApplication               : Loading source class cn.niit.group5.Group5Application
2019-06-16 13:23:19.873 DEBUG 8904 --- [main] o.s.b.c.c.ConfigFileApplicationListener  : Loaded config file 'file:/D:/nongjiyun/group5/target/classes/application.properties' (classpath:/application.properties)
2019-06-16 13:23:19.874 DEBUG 8904 --- [main] ConfigServletWebServerApplicationContext : Refreshing org.springframework.boot.web.servlet.context.AnnotationConfigServletWebServerApplicationContext@60d8c9b7
2019-06-16 13:23:21.993 DEBUG 8904 --- [main] o.s.b.a.AutoConfigurationPackages        : @EnableAutoConfiguration was declared on a class in the package 'cn.niit.group5'. Automatic @Repository and @Entity scanning is enabled.
2019-06-16 13:23:22.123  INFO 8904 --- [main] .s.d.r.c.RepositoryConfigurationDelegate : Multiple Spring Data modules found, entering strict repository configuration mode!
2019-06-16 13:23:22.128  INFO 8904 --- [main] .s.d.r.c.RepositoryConfigurationDelegate : Bootstrapping Spring Data repositories in DEFAULT mode.
2019-06-16 13:23:22.179  INFO 8904 --- [main] .s.d.r.c.RepositoryConfigurationDelegate : Finished Spring Data repository scanning in 24ms. Found 0 repository interfaces.
2019-06-16 13:23:22.706  INFO 8904 --- [main] trationDelegate$BeanPostProcessorChecker : Bean 'org.springframework.transaction.annotation.ProxyTransactionManagementConfiguration' of type [org.springframework.transaction.annotation.ProxyTransactionManagementConfiguration$$EnhancerBySpringCGLIB$$a5b6fb08] is not eligible for getting processed by all BeanPostProcessors (for example: not eligible for auto-proxying)
2019-06-16 13:23:23.440 DEBUG 8904 --- [main] .s.b.w.e.t.TomcatServletWebServerFactory : Code archive: D:\maven\maven_jar\org\springframework\boot\spring-boot\2.1.4.RELEASE\spring-boot-2.1.4.RELEASE.jar
2019-06-16 13:23:23.441 DEBUG 8904 --- [main] .s.b.w.e.t.TomcatServletWebServerFactory : Code archive: D:\maven\maven_jar\org\springframework\boot\spring-boot\2.1.4.RELEASE\spring-boot-2.1.4.RELEASE.jar
2019-06-16 13:23:23.441 DEBUG 8904 --- [main] .s.b.w.e.t.TomcatServletWebServerFactory : None of the document roots [src/main/webapp, public, static] point to a directory and will be ignored.
2019-06-16 13:23:23.488  INFO 8904 --- [main] o.s.b.w.embedded.tomcat.TomcatWebServer  : Tomcat initialized with port(s): 8888 (http)
2019-06-16 13:23:23.519  INFO 8904 --- [main] o.apache.catalina.core.StandardService   : Starting service [Tomcat]
2019-06-16 13:23:23.520  INFO 8904 --- [main] org.apache.catalina.core.StandardEngine  : Starting Servlet engine: [Apache Tomcat/9.0.17]
2019-06-16 13:23:23.704  INFO 8904 --- [main] o.a.c.c.C.[Tomcat].[localhost].[/]       : Initializing Spring embedded WebApplicationContext
2019-06-16 13:23:23.704 DEBUG 8904 --- [main] o.s.web.context.ContextLoader            : Published root WebApplicationContext as ServletContext attribute with name [org.springframework.web.context.WebApplicationContext.ROOT]
2019-06-16 13:23:23.705  INFO 8904 --- [main] o.s.web.context.ContextLoader            : Root WebApplicationContext: initialization completed in 3831 ms
2019-06-16 13:23:23.738 DEBUG 8904 --- [main] o.s.b.w.s.ServletContextInitializerBeans : Mapping filters: characterEncodingFilter urls=[/*], hiddenHttpMethodFilter urls=[/*], formContentFilter urls=[/*], requestContextFilter urls=[/*]
2019-06-16 13:23:23.739 DEBUG 8904 --- [main] o.s.b.w.s.ServletContextInitializerBeans : Mapping servlets: dispatcherServlet urls=[/]
2019-06-16 13:23:23.761 DEBUG 8904 --- [main] o.s.b.w.s.f.OrderedRequestContextFilter  : Filter 'requestContextFilter' configured for use
2019-06-16 13:23:23.762 DEBUG 8904 --- [main] .s.b.w.s.f.OrderedHiddenHttpMethodFilter : Filter 'hiddenHttpMethodFilter' configured for use
2019-06-16 13:23:23.762 DEBUG 8904 --- [main] s.b.w.s.f.OrderedCharacterEncodingFilter : Filter 'characterEncodingFilter' configured for use
2019-06-16 13:23:23.762 DEBUG 8904 --- [main] o.s.b.w.s.f.OrderedFormContentFilter     : Filter 'formContentFilter' configured for use
2019-06-16 13:23:25.482 DEBUG 8904 --- [main] s.w.s.m.m.a.RequestMappingHandlerMapping : 207 mappings in 'requestMappingHandlerMapping'
2019-06-16 13:23:25.561  INFO 8904 --- [main] pertySourcedRequestMappingHandlerMapping : Mapped URL path [/v2/api-docs] onto method [public org.springframework.http.ResponseEntity<springfox.documentation.spring.web.json.Json> springfox.documentation.swagger2.web.Swagger2Controller.getDocumentation(java.lang.String,javax.servlet.http.HttpServletRequest)]
2019-06-16 13:23:25.620 DEBUG 8904 --- [main] o.s.w.s.handler.SimpleUrlHandlerMapping  : Patterns [/**/favicon.ico] in 'faviconHandlerMapping'
2019-06-16 13:23:25.737  INFO 8904 --- [main] o.s.s.concurrent.ThreadPoolTaskExecutor  : Initializing ExecutorService 'applicationTaskExecutor'
2019-06-16 13:23:25.780 DEBUG 8904 --- [main] inMXBeanRegistrar$SpringApplicationAdmin : Application Admin MBean registered with name 'org.springframework.boot:type=Admin,name=SpringApplication'
2019-06-16 13:23:25.790 DEBUG 8904 --- [main] s.w.s.m.m.a.RequestMappingHandlerAdapter : ControllerAdvice beans: 0 @ModelAttribute, 0 @InitBinder, 1 RequestBodyAdvice, 1 ResponseBodyAdvice
2019-06-16 13:23:25.818 DEBUG 8904 --- [main] o.s.w.s.handler.SimpleUrlHandlerMapping  : Patterns [/webjars/**, /**] in 'resourceHandlerMapping'
2019-06-16 13:23:25.830 DEBUG 8904 --- [main] .m.m.a.ExceptionHandlerExceptionResolver : ControllerAdvice beans: 0 @ExceptionHandler, 1 ResponseBodyAdvice
2019-06-16 13:23:26.108  INFO 8904 --- [main] d.s.w.p.DocumentationPluginsBootstrapper : Context refreshed
2019-06-16 13:23:26.133  INFO 8904 --- [main] d.s.w.p.DocumentationPluginsBootstrapper : Found 2 custom documentation plugin(s)
2019-06-16 13:23:26.172  INFO 8904 --- [main] s.d.s.w.s.ApiListingReferenceScanner     : Scanning for api listing references
2019-06-16 13:23:26.327  WARN 8904 --- [main] s.d.s.w.r.p.ParameterDataTypeReader      : Trying to infer dataType java.lang.String[]
2019-06-16 13:23:26.354  WARN 8904 --- [main] s.d.s.w.r.p.ParameterDataTypeReader      : Trying to infer dataType java.lang.String[]
2019-06-16 13:23:26.381  WARN 8904 --- [main] s.d.s.w.r.p.ParameterDataTypeReader      : Trying to infer dataType java.lang.String[]
2019-06-16 13:23:26.441  WARN 8904 --- [main] s.d.s.w.r.p.ParameterDataTypeReader      : Trying to infer dataType java.lang.String[]
2019-06-16 13:23:26.471  WARN 8904 --- [main] s.d.s.w.r.p.ParameterDataTypeReader      : Trying to infer dataType java.lang.String[]
2019-06-16 13:23:26.474  WARN 8904 --- [main] s.d.s.w.r.p.ParameterDataTypeReader      : Trying to infer dataType java.lang.String[]
2019-06-16 13:23:26.545  INFO 8904 --- [main] s.d.s.w.s.ApiListingReferenceScanner     : Scanning for api listing references
2019-06-16 13:23:26.560  WARN 8904 --- [main] s.d.s.w.r.p.ParameterDataTypeReader      : Trying to infer dataType int[]
2019-06-16 13:23:26.664  INFO 8904 --- [main] .d.s.w.r.o.CachingOperationNameGenerator : Generating unique operation named: delExpertByIdUsingGET_1
2019-06-16 13:23:26.675  INFO 8904 --- [main] .d.s.w.r.o.CachingOperationNameGenerator : Generating unique operation named: updateStatusUsingGET_1
2019-06-16 13:23:26.740 DEBUG 8904 --- [main] ConditionEvaluationReportLoggingListener : 


============================
CONDITIONS EVALUATION REPORT
============================


Positive matches:
-----------------

   CodecsAutoConfiguration matched:
      - @ConditionalOnClass found required class 'org.springframework.http.codec.CodecConfigurer' (OnClassCondition)

   CodecsAutoConfiguration.JacksonCodecConfiguration matched:
      - @ConditionalOnClass found required class 'com.fasterxml.jackson.databind.ObjectMapper' (OnClassCondition)

   CodecsAutoConfiguration.JacksonCodecConfiguration#jacksonCodecCustomizer matched:
      - @ConditionalOnBean (types: com.fasterxml.jackson.databind.ObjectMapper; SearchStrategy: all) found bean 'jacksonObjectMapper' (OnBeanCondition)

   DataSourceAutoConfiguration matched:
      - @ConditionalOnClass found required classes 'javax.sql.DataSource', 'org.springframework.jdbc.datasource.embedded.EmbeddedDatabaseType' (OnClassCondition)

   DataSourceAutoConfiguration.PooledDataSourceConfiguration matched:
      - AnyNestedCondition 1 matched 1 did not; NestedCondition on DataSourceAutoConfiguration.PooledDataSourceCondition.PooledDataSourceAvailable PooledDataSource found supported DataSource; NestedCondition on DataSourceAutoConfiguration.PooledDataSourceCondition.ExplicitType @ConditionalOnProperty (spring.datasource.type) did not find property 'type' (DataSourceAutoConfiguration.PooledDataSourceCondition)
      - @ConditionalOnMissingBean (types: javax.sql.DataSource,javax.sql.XADataSource; SearchStrategy: all) did not find any beans (OnBeanCondition)

   DataSourceConfiguration.Hikari matched:
      - @ConditionalOnClass found required class 'com.zaxxer.hikari.HikariDataSource' (OnClassCondition)
      - @ConditionalOnProperty (spring.datasource.type=com.zaxxer.hikari.HikariDataSource) matched (OnPropertyCondition)
      - @ConditionalOnMissingBean (types: javax.sql.DataSource; SearchStrategy: all) did not find any beans (OnBeanCondition)

   DataSourceJmxConfiguration matched:
      - @ConditionalOnProperty (spring.jmx.enabled=true) matched (OnPropertyCondition)

   DataSourceJmxConfiguration.Hikari matched:
      - @ConditionalOnClass found required class 'com.zaxxer.hikari.HikariDataSource' (OnClassCondition)
      - @ConditionalOnSingleCandidate (types: javax.sql.DataSource; SearchStrategy: all) found a primary bean from beans 'dataSource' (OnBeanCondition)

   DataSourcePoolMetadataProvidersConfiguration.HikariPoolDataSourceMetadataProviderConfiguration matched:
      - @ConditionalOnClass found required class 'com.zaxxer.hikari.HikariDataSource' (OnClassCondition)

   DataSourceTransactionManagerAutoConfiguration matched:
      - @ConditionalOnClass found required classes 'org.springframework.jdbc.core.JdbcTemplate', 'org.springframework.transaction.PlatformTransactionManager' (OnClassCondition)

   DataSourceTransactionManagerAutoConfiguration.DataSourceTransactionManagerConfiguration matched:
      - @ConditionalOnSingleCandidate (types: javax.sql.DataSource; SearchStrategy: all) found a primary bean from beans 'dataSource' (OnBeanCondition)

   DataSourceTransactionManagerAutoConfiguration.DataSourceTransactionManagerConfiguration#transactionManager matched:
      - @ConditionalOnMissingBean (types: org.springframework.transaction.PlatformTransactionManager; SearchStrategy: all) did not find any beans (OnBeanCondition)

   DispatcherServletAutoConfiguration matched:
      - @ConditionalOnClass found required class 'org.springframework.web.servlet.DispatcherServlet' (OnClassCondition)
      - found 'session' scope (OnWebApplicationCondition)

   DispatcherServletAutoConfiguration.DispatcherServletConfiguration matched:
      - @ConditionalOnClass found required class 'javax.servlet.ServletRegistration' (OnClassCondition)
      - Default DispatcherServlet did not find dispatcher servlet beans (DispatcherServletAutoConfiguration.DefaultDispatcherServletCondition)

   DispatcherServletAutoConfiguration.DispatcherServletRegistrationConfiguration matched:
      - @ConditionalOnClass found required class 'javax.servlet.ServletRegistration' (OnClassCondition)
      - DispatcherServlet Registration did not find servlet registration bean (DispatcherServletAutoConfiguration.DispatcherServletRegistrationCondition)

   DispatcherServletAutoConfiguration.DispatcherServletRegistrationConfiguration#dispatcherServletRegistration matched:
      - @ConditionalOnBean (names: dispatcherServlet; types: org.springframework.web.servlet.DispatcherServlet; SearchStrategy: all) found bean 'dispatcherServlet' (OnBeanCondition)

   EmbeddedWebServerFactoryCustomizerAutoConfiguration matched:
      - @ConditionalOnWebApplication (required) found 'session' scope (OnWebApplicationCondition)

   EmbeddedWebServerFactoryCustomizerAutoConfiguration.TomcatWebServerFactoryCustomizerConfiguration matched:
      - @ConditionalOnClass found required classes 'org.apache.catalina.startup.Tomcat', 'org.apache.coyote.UpgradeProtocol' (OnClassCondition)

   ErrorMvcAutoConfiguration matched:
      - @ConditionalOnClass found required classes 'javax.servlet.Servlet', 'org.springframework.web.servlet.DispatcherServlet' (OnClassCondition)
      - found 'session' scope (OnWebApplicationCondition)

   ErrorMvcAutoConfiguration#basicErrorController matched:
      - @ConditionalOnMissingBean (types: org.springframework.boot.web.servlet.error.ErrorController; SearchStrategy: current) did not find any beans (OnBeanCondition)

   ErrorMvcAutoConfiguration#errorAttributes matched:
      - @ConditionalOnMissingBean (types: org.springframework.boot.web.servlet.error.ErrorAttributes; SearchStrategy: current) did not find any beans (OnBeanCondition)

   ErrorMvcAutoConfiguration.DefaultErrorViewResolverConfiguration#conventionErrorViewResolver matched:
      - @ConditionalOnBean (types: org.springframework.web.servlet.DispatcherServlet; SearchStrategy: all) found bean 'dispatcherServlet'; @ConditionalOnMissingBean (types: org.springframework.boot.autoconfigure.web.servlet.error.DefaultErrorViewResolver; SearchStrategy: all) did not find any beans (OnBeanCondition)

   ErrorMvcAutoConfiguration.WhitelabelErrorViewConfiguration matched:
      - @ConditionalOnProperty (server.error.whitelabel.enabled) matched (OnPropertyCondition)
      - ErrorTemplate Missing did not find error template view (ErrorMvcAutoConfiguration.ErrorTemplateMissingCondition)

   ErrorMvcAutoConfiguration.WhitelabelErrorViewConfiguration#beanNameViewResolver matched:
      - @ConditionalOnMissingBean (types: org.springframework.web.servlet.view.BeanNameViewResolver; SearchStrategy: all) did not find any beans (OnBeanCondition)

   ErrorMvcAutoConfiguration.WhitelabelErrorViewConfiguration#defaultErrorView matched:
      - @ConditionalOnMissingBean (names: error; SearchStrategy: all) did not find any beans (OnBeanCondition)

   GenericCacheConfiguration matched:
      - Cache org.springframework.boot.autoconfigure.cache.GenericCacheConfiguration automatic cache type (CacheCondition)

   GsonAutoConfiguration matched:
      - @ConditionalOnClass found required class 'com.google.gson.Gson' (OnClassCondition)

   GsonAutoConfiguration#gson matched:
      - @ConditionalOnMissingBean (types: com.google.gson.Gson; SearchStrategy: all) did not find any beans (OnBeanCondition)

   GsonAutoConfiguration#gsonBuilder matched:
      - @ConditionalOnMissingBean (types: com.google.gson.GsonBuilder; SearchStrategy: all) did not find any beans (OnBeanCondition)

   GsonHttpMessageConvertersConfiguration matched:
      - @ConditionalOnClass found required class 'com.google.gson.Gson' (OnClassCondition)

   HttpEncodingAutoConfiguration matched:
      - @ConditionalOnClass found required class 'org.springframework.web.filter.CharacterEncodingFilter' (OnClassCondition)
      - found 'session' scope (OnWebApplicationCondition)
      - @ConditionalOnProperty (spring.http.encoding.enabled) matched (OnPropertyCondition)

   HttpEncodingAutoConfiguration#characterEncodingFilter matched:
      - @ConditionalOnMissingBean (types: org.springframework.web.filter.CharacterEncodingFilter; SearchStrategy: all) did not find any beans (OnBeanCondition)

   HttpMessageConvertersAutoConfiguration matched:
      - @ConditionalOnClass found required class 'org.springframework.http.converter.HttpMessageConverter' (OnClassCondition)

   HttpMessageConvertersAutoConfiguration#messageConverters matched:
      - @ConditionalOnMissingBean (types: org.springframework.boot.autoconfigure.http.HttpMessageConverters; SearchStrategy: all) did not find any beans (OnBeanCondition)

   HttpMessageConvertersAutoConfiguration.StringHttpMessageConverterConfiguration matched:
      - @ConditionalOnClass found required class 'org.springframework.http.converter.StringHttpMessageConverter' (OnClassCondition)

   HttpMessageConvertersAutoConfiguration.StringHttpMessageConverterConfiguration#stringHttpMessageConverter matched:
      - @ConditionalOnMissingBean (types: org.springframework.http.converter.StringHttpMessageConverter; SearchStrategy: all) did not find any beans (OnBeanCondition)

   JacksonAutoConfiguration matched:
      - @ConditionalOnClass found required class 'com.fasterxml.jackson.databind.ObjectMapper' (OnClassCondition)

   JacksonAutoConfiguration.Jackson2ObjectMapperBuilderCustomizerConfiguration matched:
      - @ConditionalOnClass found required class 'org.springframework.http.converter.json.Jackson2ObjectMapperBuilder' (OnClassCondition)

   JacksonAutoConfiguration.JacksonObjectMapperBuilderConfiguration matched:
      - @ConditionalOnClass found required class 'org.springframework.http.converter.json.Jackson2ObjectMapperBuilder' (OnClassCondition)

   JacksonAutoConfiguration.JacksonObjectMapperBuilderConfiguration#jacksonObjectMapperBuilder matched:
      - @ConditionalOnMissingBean (types: org.springframework.http.converter.json.Jackson2ObjectMapperBuilder; SearchStrategy: all) did not find any beans (OnBeanCondition)

   JacksonAutoConfiguration.JacksonObjectMapperConfiguration matched:
      - @ConditionalOnClass found required class 'org.springframework.http.converter.json.Jackson2ObjectMapperBuilder' (OnClassCondition)

   JacksonAutoConfiguration.JacksonObjectMapperConfiguration#jacksonObjectMapper matched:
      - @ConditionalOnMissingBean (types: com.fasterxml.jackson.databind.ObjectMapper; SearchStrategy: all) did not find any beans (OnBeanCondition)

   JacksonAutoConfiguration.ParameterNamesModuleConfiguration matched:
      - @ConditionalOnClass found required class 'com.fasterxml.jackson.module.paramnames.ParameterNamesModule' (OnClassCondition)

   JacksonAutoConfiguration.ParameterNamesModuleConfiguration#parameterNamesModule matched:
      - @ConditionalOnMissingBean (types: com.fasterxml.jackson.module.paramnames.ParameterNamesModule; SearchStrategy: all) did not find any beans (OnBeanCondition)

   JacksonHttpMessageConvertersConfiguration.MappingJackson2HttpMessageConverterConfiguration matched:
      - @ConditionalOnClass found required class 'com.fasterxml.jackson.databind.ObjectMapper' (OnClassCondition)
      - @ConditionalOnProperty (spring.http.converters.preferred-json-mapper=jackson) matched (OnPropertyCondition)
      - @ConditionalOnBean (types: com.fasterxml.jackson.databind.ObjectMapper; SearchStrategy: all) found bean 'jacksonObjectMapper' (OnBeanCondition)

   JacksonHttpMessageConvertersConfiguration.MappingJackson2HttpMessageConverterConfiguration#mappingJackson2HttpMessageConverter matched:
      - @ConditionalOnMissingBean (types: org.springframework.http.converter.json.MappingJackson2HttpMessageConverter; SearchStrategy: all) did not find any beans (OnBeanCondition)

   JdbcTemplateAutoConfiguration matched:
      - @ConditionalOnClass found required classes 'javax.sql.DataSource', 'org.springframework.jdbc.core.JdbcTemplate' (OnClassCondition)
      - @ConditionalOnSingleCandidate (types: javax.sql.DataSource; SearchStrategy: all) found a primary bean from beans 'dataSource' (OnBeanCondition)

   JdbcTemplateAutoConfiguration.JdbcTemplateConfiguration#jdbcTemplate matched:
      - @ConditionalOnMissingBean (types: org.springframework.jdbc.core.JdbcOperations; SearchStrategy: all) did not find any beans (OnBeanCondition)

   JdbcTemplateAutoConfiguration.NamedParameterJdbcTemplateConfiguration#namedParameterJdbcTemplate matched:
      - @ConditionalOnSingleCandidate (types: org.springframework.jdbc.core.JdbcTemplate; SearchStrategy: all) found a primary bean from beans 'jdbcTemplate'; @ConditionalOnMissingBean (types: org.springframework.jdbc.core.namedparam.NamedParameterJdbcOperations; SearchStrategy: all) did not find any beans (OnBeanCondition)

   JmxAutoConfiguration matched:
      - @ConditionalOnClass found required class 'org.springframework.jmx.export.MBeanExporter' (OnClassCondition)
      - @ConditionalOnProperty (spring.jmx.enabled=true) matched (OnPropertyCondition)

   JmxAutoConfiguration#mbeanExporter matched:
      - @ConditionalOnMissingBean (types: org.springframework.jmx.export.MBeanExporter; SearchStrategy: current) did not find any beans (OnBeanCondition)

   JmxAutoConfiguration#mbeanServer matched:
      - @ConditionalOnMissingBean (types: javax.management.MBeanServer; SearchStrategy: all) did not find any beans (OnBeanCondition)

   JmxAutoConfiguration#objectNamingStrategy matched:
      - @ConditionalOnMissingBean (types: org.springframework.jmx.export.naming.ObjectNamingStrategy; SearchStrategy: current) did not find any beans (OnBeanCondition)

   LettuceConnectionConfiguration matched:
      - @ConditionalOnClass found required class 'io.lettuce.core.RedisClient' (OnClassCondition)

   LettuceConnectionConfiguration#lettuceClientResources matched:
      - @ConditionalOnMissingBean (types: io.lettuce.core.resource.ClientResources; SearchStrategy: all) did not find any beans (OnBeanCondition)

   LettuceConnectionConfiguration#redisConnectionFactory matched:
      - @ConditionalOnMissingBean (types: org.springframework.data.redis.connection.RedisConnectionFactory; SearchStrategy: all) did not find any beans (OnBeanCondition)

   MultipartAutoConfiguration matched:
      - @ConditionalOnClass found required classes 'javax.servlet.Servlet', 'org.springframework.web.multipart.support.StandardServletMultipartResolver', 'javax.servlet.MultipartConfigElement' (OnClassCondition)
      - found 'session' scope (OnWebApplicationCondition)
      - @ConditionalOnProperty (spring.servlet.multipart.enabled) matched (OnPropertyCondition)

   MultipartAutoConfiguration#multipartConfigElement matched:
      - @ConditionalOnMissingBean (types: javax.servlet.MultipartConfigElement,org.springframework.web.multipart.commons.CommonsMultipartResolver; SearchStrategy: all) did not find any beans (OnBeanCondition)

   MultipartAutoConfiguration#multipartResolver matched:
      - @ConditionalOnMissingBean (types: org.springframework.web.multipart.MultipartResolver; SearchStrategy: all) did not find any beans (OnBeanCondition)

   MybatisAutoConfiguration matched:
      - @ConditionalOnClass found required classes 'org.apache.ibatis.session.SqlSessionFactory', 'org.mybatis.spring.SqlSessionFactoryBean' (OnClassCondition)
      - @ConditionalOnSingleCandidate (types: javax.sql.DataSource; SearchStrategy: all) found a primary bean from beans 'dataSource' (OnBeanCondition)

   MybatisAutoConfiguration#sqlSessionFactory matched:
      - @ConditionalOnMissingBean (types: org.apache.ibatis.session.SqlSessionFactory; SearchStrategy: all) did not find any beans (OnBeanCondition)

   MybatisAutoConfiguration#sqlSessionTemplate matched:
      - @ConditionalOnMissingBean (types: org.mybatis.spring.SqlSessionTemplate; SearchStrategy: all) did not find any beans (OnBeanCondition)

   MybatisAutoConfiguration.MapperScannerRegistrarNotFoundConfiguration matched:
      - @ConditionalOnMissingBean (types: org.mybatis.spring.mapper.MapperFactoryBean; SearchStrategy: all) did not find any beans (OnBeanCondition)

   NoOpCacheConfiguration matched:
      - Cache org.springframework.boot.autoconfigure.cache.NoOpCacheConfiguration automatic cache type (CacheCondition)

   PersistenceExceptionTranslationAutoConfiguration matched:
      - @ConditionalOnClass found required class 'org.springframework.dao.annotation.PersistenceExceptionTranslationPostProcessor' (OnClassCondition)

   PersistenceExceptionTranslationAutoConfiguration#persistenceExceptionTranslationPostProcessor matched:
      - @ConditionalOnProperty (spring.dao.exceptiontranslation.enabled) matched (OnPropertyCondition)
      - @ConditionalOnMissingBean (types: org.springframework.dao.annotation.PersistenceExceptionTranslationPostProcessor; SearchStrategy: all) did not find any beans (OnBeanCondition)

   PropertyPlaceholderAutoConfiguration#propertySourcesPlaceholderConfigurer matched:
      - @ConditionalOnMissingBean (types: org.springframework.context.support.PropertySourcesPlaceholderConfigurer; SearchStrategy: current) did not find any beans (OnBeanCondition)

   ReactorCoreAutoConfiguration matched:
      - @ConditionalOnClass found required classes 'reactor.core.publisher.Mono', 'reactor.core.publisher.Flux' (OnClassCondition)

   RedisAutoConfiguration matched:
      - @ConditionalOnClass found required class 'org.springframework.data.redis.core.RedisOperations' (OnClassCondition)

   RedisAutoConfiguration#redisTemplate matched:
      - @ConditionalOnMissingBean (names: redisTemplate; SearchStrategy: all) did not find any beans (OnBeanCondition)

   RedisAutoConfiguration#stringRedisTemplate matched:
      - @ConditionalOnMissingBean (types: org.springframework.data.redis.core.StringRedisTemplate; SearchStrategy: all) did not find any beans (OnBeanCondition)

   RedisCacheConfiguration matched:
      - @ConditionalOnClass found required class 'org.springframework.data.redis.connection.RedisConnectionFactory' (OnClassCondition)
      - Cache org.springframework.boot.autoconfigure.cache.RedisCacheConfiguration automatic cache type (CacheCondition)

   RedisReactiveAutoConfiguration matched:
      - @ConditionalOnClass found required classes 'org.springframework.data.redis.connection.ReactiveRedisConnectionFactory', 'org.springframework.data.redis.core.ReactiveRedisTemplate', 'reactor.core.publisher.Flux' (OnClassCondition)

   RedisReactiveAutoConfiguration#reactiveRedisTemplate matched:
      - @ConditionalOnBean (types: org.springframework.data.redis.connection.ReactiveRedisConnectionFactory; SearchStrategy: all) found bean 'redisConnectionFactory'; @ConditionalOnMissingBean (names: reactiveRedisTemplate; SearchStrategy: all) did not find any beans (OnBeanCondition)

   RedisRepositoriesAutoConfiguration matched:
      - @ConditionalOnClass found required class 'org.springframework.data.redis.repository.configuration.EnableRedisRepositories' (OnClassCondition)
      - @ConditionalOnProperty (spring.data.redis.repositories.enabled=true) matched (OnPropertyCondition)
      - @ConditionalOnBean (types: org.springframework.data.redis.connection.RedisConnectionFactory; SearchStrategy: all) found bean 'redisConnectionFactory'; @ConditionalOnMissingBean (types: org.springframework.data.redis.repository.support.RedisRepositoryFactoryBean; SearchStrategy: all) did not find any beans (OnBeanCondition)

   RestTemplateAutoConfiguration matched:
      - @ConditionalOnClass found required class 'org.springframework.web.client.RestTemplate' (OnClassCondition)

   RestTemplateAutoConfiguration#restTemplateBuilder matched:
      - @ConditionalOnMissingBean (types: org.springframework.boot.web.client.RestTemplateBuilder; SearchStrategy: all) did not find any beans (OnBeanCondition)

   ServletWebServerFactoryAutoConfiguration matched:
      - @ConditionalOnClass found required class 'javax.servlet.ServletRequest' (OnClassCondition)
      - found 'session' scope (OnWebApplicationCondition)

   ServletWebServerFactoryAutoConfiguration#tomcatServletWebServerFactoryCustomizer matched:
      - @ConditionalOnClass found required class 'org.apache.catalina.startup.Tomcat' (OnClassCondition)

   ServletWebServerFactoryConfiguration.EmbeddedTomcat matched:
      - @ConditionalOnClass found required classes 'javax.servlet.Servlet', 'org.apache.catalina.startup.Tomcat', 'org.apache.coyote.UpgradeProtocol' (OnClassCondition)
      - @ConditionalOnMissingBean (types: org.springframework.boot.web.servlet.server.ServletWebServerFactory; SearchStrategy: current) did not find any beans (OnBeanCondition)

   SimpleCacheConfiguration matched:
      - Cache org.springframework.boot.autoconfigure.cache.SimpleCacheConfiguration automatic cache type (CacheCondition)

   SpringApplicationAdminJmxAutoConfiguration matched:
      - @ConditionalOnProperty (spring.application.admin.enabled=true) matched (OnPropertyCondition)

   SpringApplicationAdminJmxAutoConfiguration#springApplicationAdminRegistrar matched:
      - @ConditionalOnMissingBean (types: org.springframework.boot.admin.SpringApplicationAdminMXBeanRegistrar; SearchStrategy: all) did not find any beans (OnBeanCondition)

   SpringDataWebAutoConfiguration matched:
      - @ConditionalOnClass found required classes 'org.springframework.data.web.PageableHandlerMethodArgumentResolver', 'org.springframework.web.servlet.config.annotation.WebMvcConfigurer' (OnClassCondition)
      - found 'session' scope (OnWebApplicationCondition)
      - @ConditionalOnMissingBean (types: org.springframework.data.web.PageableHandlerMethodArgumentResolver; SearchStrategy: all) did not find any beans (OnBeanCondition)

   SpringDataWebAutoConfiguration#pageableCustomizer matched:
      - @ConditionalOnMissingBean (types: org.springframework.data.web.config.PageableHandlerMethodArgumentResolverCustomizer; SearchStrategy: all) did not find any beans (OnBeanCondition)

   SpringDataWebAutoConfiguration#sortCustomizer matched:
      - @ConditionalOnMissingBean (types: org.springframework.data.web.config.SortHandlerMethodArgumentResolverCustomizer; SearchStrategy: all) did not find any beans (OnBeanCondition)

   Swagger2DocumentationConfiguration matched:
      - @ConditionalOnWebApplication (required) found 'session' scope (OnWebApplicationCondition)

   TaskExecutionAutoConfiguration matched:
      - @ConditionalOnClass found required class 'org.springframework.scheduling.concurrent.ThreadPoolTaskExecutor' (OnClassCondition)

   TaskExecutionAutoConfiguration#applicationTaskExecutor matched:
      - @ConditionalOnMissingBean (types: java.util.concurrent.Executor; SearchStrategy: all) did not find any beans (OnBeanCondition)

   TaskExecutionAutoConfiguration#taskExecutorBuilder matched:
      - @ConditionalOnMissingBean (types: org.springframework.boot.task.TaskExecutorBuilder; SearchStrategy: all) did not find any beans (OnBeanCondition)

   TaskSchedulingAutoConfiguration matched:
      - @ConditionalOnClass found required class 'org.springframework.scheduling.concurrent.ThreadPoolTaskScheduler' (OnClassCondition)

   TaskSchedulingAutoConfiguration#taskSchedulerBuilder matched:
      - @ConditionalOnMissingBean (types: org.springframework.boot.task.TaskSchedulerBuilder; SearchStrategy: all) did not find any beans (OnBeanCondition)

   TransactionAutoConfiguration matched:
      - @ConditionalOnClass found required class 'org.springframework.transaction.PlatformTransactionManager' (OnClassCondition)

   TransactionAutoConfiguration#platformTransactionManagerCustomizers matched:
      - @ConditionalOnMissingBean (types: org.springframework.boot.autoconfigure.transaction.TransactionManagerCustomizers; SearchStrategy: all) did not find any beans (OnBeanCondition)

   TransactionAutoConfiguration.EnableTransactionManagementConfiguration matched:
      - @ConditionalOnBean (types: org.springframework.transaction.PlatformTransactionManager; SearchStrategy: all) found bean 'transactionManager'; @ConditionalOnMissingBean (types: org.springframework.transaction.annotation.AbstractTransactionManagementConfiguration; SearchStrategy: all) did not find any beans (OnBeanCondition)

   TransactionAutoConfiguration.EnableTransactionManagementConfiguration.CglibAutoProxyConfiguration matched:
      - @ConditionalOnProperty (spring.aop.proxy-target-class=true) matched (OnPropertyCondition)

   TransactionAutoConfiguration.TransactionTemplateConfiguration matched:
      - @ConditionalOnSingleCandidate (types: org.springframework.transaction.PlatformTransactionManager; SearchStrategy: all) found a primary bean from beans 'transactionManager' (OnBeanCondition)

   TransactionAutoConfiguration.TransactionTemplateConfiguration#transactionTemplate matched:
      - @ConditionalOnMissingBean (types: org.springframework.transaction.support.TransactionTemplate; SearchStrategy: all) did not find any beans (OnBeanCondition)

   ValidationAutoConfiguration matched:
      - @ConditionalOnClass found required class 'javax.validation.executable.ExecutableValidator' (OnClassCondition)
      - @ConditionalOnResource found location classpath:META-INF/services/javax.validation.spi.ValidationProvider (OnResourceCondition)

   ValidationAutoConfiguration#defaultValidator matched:
      - @ConditionalOnMissingBean (types: javax.validation.Validator; SearchStrategy: all) did not find any beans (OnBeanCondition)

   ValidationAutoConfiguration#methodValidationPostProcessor matched:
      - @ConditionalOnMissingBean (types: org.springframework.validation.beanvalidation.MethodValidationPostProcessor; SearchStrategy: all) did not find any beans (OnBeanCondition)

   WebMvcAutoConfiguration matched:
      - @ConditionalOnClass found required classes 'javax.servlet.Servlet', 'org.springframework.web.servlet.DispatcherServlet', 'org.springframework.web.servlet.config.annotation.WebMvcConfigurer' (OnClassCondition)
      - found 'session' scope (OnWebApplicationCondition)
      - @ConditionalOnMissingBean (types: org.springframework.web.servlet.config.annotation.WebMvcConfigurationSupport; SearchStrategy: all) did not find any beans (OnBeanCondition)

   WebMvcAutoConfiguration#formContentFilter matched:
      - @ConditionalOnProperty (spring.mvc.formcontent.filter.enabled) matched (OnPropertyCondition)
      - @ConditionalOnMissingBean (types: org.springframework.web.filter.FormContentFilter; SearchStrategy: all) did not find any beans (OnBeanCondition)

   WebMvcAutoConfiguration#hiddenHttpMethodFilter matched:
      - @ConditionalOnProperty (spring.mvc.hiddenmethod.filter.enabled) matched (OnPropertyCondition)
      - @ConditionalOnMissingBean (types: org.springframework.web.filter.HiddenHttpMethodFilter; SearchStrategy: all) did not find any beans (OnBeanCondition)

   WebMvcAutoConfiguration.WebMvcAutoConfigurationAdapter#defaultViewResolver matched:
      - @ConditionalOnMissingBean (types: org.springframework.web.servlet.view.InternalResourceViewResolver; SearchStrategy: all) did not find any beans (OnBeanCondition)

   WebMvcAutoConfiguration.WebMvcAutoConfigurationAdapter#requestContextFilter matched:
      - @ConditionalOnMissingBean (types: org.springframework.web.context.request.RequestContextListener,org.springframework.web.filter.RequestContextFilter; SearchStrategy: all) did not find any beans (OnBeanCondition)

   WebMvcAutoConfiguration.WebMvcAutoConfigurationAdapter#viewResolver matched:
      - @ConditionalOnBean (types: org.springframework.web.servlet.ViewResolver; SearchStrategy: all) found beans 'defaultViewResolver', 'beanNameViewResolver', 'mvcViewResolver'; @ConditionalOnMissingBean (names: viewResolver; types: org.springframework.web.servlet.view.ContentNegotiatingViewResolver; SearchStrategy: all) did not find any beans (OnBeanCondition)

   WebMvcAutoConfiguration.WebMvcAutoConfigurationAdapter.FaviconConfiguration matched:
      - @ConditionalOnProperty (spring.mvc.favicon.enabled) matched (OnPropertyCondition)

   WebSocketServletAutoConfiguration matched:
      - @ConditionalOnClass found required classes 'javax.servlet.Servlet', 'javax.websocket.server.ServerContainer' (OnClassCondition)
      - found 'session' scope (OnWebApplicationCondition)

   WebSocketServletAutoConfiguration.TomcatWebSocketConfiguration matched:
      - @ConditionalOnClass found required classes 'org.apache.catalina.startup.Tomcat', 'org.apache.tomcat.websocket.server.WsSci' (OnClassCondition)

   WebSocketServletAutoConfiguration.TomcatWebSocketConfiguration#websocketServletWebServerCustomizer matched:
      - @ConditionalOnMissingBean (names: websocketServletWebServerCustomizer; SearchStrategy: all) did not find any beans (OnBeanCondition)


Negative matches:
-----------------

   ActiveMQAutoConfiguration:
      Did not match:
         - @ConditionalOnClass did not find required class 'javax.jms.ConnectionFactory' (OnClassCondition)

   AopAutoConfiguration:
      Did not match:
         - @ConditionalOnClass did not find required class 'org.aspectj.lang.annotation.Aspect' (OnClassCondition)

   ArtemisAutoConfiguration:
      Did not match:
         - @ConditionalOnClass did not find required class 'javax.jms.ConnectionFactory' (OnClassCondition)

   BatchAutoConfiguration:
      Did not match:
         - @ConditionalOnClass did not find required class 'org.springframework.batch.core.launch.JobLauncher' (OnClassCondition)

   CacheAutoConfiguration:
      Did not match:
         - @ConditionalOnBean (types: org.springframework.cache.interceptor.CacheAspectSupport; SearchStrategy: all) did not find any beans of type org.springframework.cache.interceptor.CacheAspectSupport (OnBeanCondition)
      Matched:
         - @ConditionalOnClass found required class 'org.springframework.cache.CacheManager' (OnClassCondition)

   CacheAutoConfiguration.CacheManagerJpaDependencyConfiguration:
      Did not match:
         - @ConditionalOnClass did not find required class 'org.springframework.orm.jpa.LocalContainerEntityManagerFactoryBean' (OnClassCondition)
         - Ancestor org.springframework.boot.autoconfigure.cache.CacheAutoConfiguration did not match (ConditionEvaluationReport.AncestorsMatchedCondition)

   CaffeineCacheConfiguration:
      Did not match:
         - @ConditionalOnClass did not find required class 'com.github.benmanes.caffeine.cache.Caffeine' (OnClassCondition)

   CassandraAutoConfiguration:
      Did not match:
         - @ConditionalOnClass did not find required class 'com.datastax.driver.core.Cluster' (OnClassCondition)

   CassandraDataAutoConfiguration:
      Did not match:
         - @ConditionalOnClass did not find required class 'com.datastax.driver.core.Cluster' (OnClassCondition)

   CassandraReactiveDataAutoConfiguration:
      Did not match:
         - @ConditionalOnClass did not find required class 'com.datastax.driver.core.Cluster' (OnClassCondition)

   CassandraReactiveRepositoriesAutoConfiguration:
      Did not match:
         - @ConditionalOnClass did not find required class 'org.springframework.data.cassandra.ReactiveSession' (OnClassCondition)

   CassandraRepositoriesAutoConfiguration:
      Did not match:
         - @ConditionalOnClass did not find required class 'com.datastax.driver.core.Session' (OnClassCondition)

   ClientHttpConnectorAutoConfiguration:
      Did not match:
         - @ConditionalOnClass did not find required class 'org.springframework.web.reactive.function.client.WebClient' (OnClassCondition)

   CloudServiceConnectorsAutoConfiguration:
      Did not match:
         - @ConditionalOnClass did not find required class 'org.springframework.cloud.config.java.CloudScanConfiguration' (OnClassCondition)

   CouchbaseAutoConfiguration:
      Did not match:
         - @ConditionalOnClass did not find required class 'com.couchbase.client.java.Cluster' (OnClassCondition)

   CouchbaseCacheConfiguration:
      Did not match:
         - @ConditionalOnClass did not find required classes 'com.couchbase.client.java.Bucket', 'com.couchbase.client.spring.cache.CouchbaseCacheManager' (OnClassCondition)

   CouchbaseDataAutoConfiguration:
      Did not match:
         - @ConditionalOnClass did not find required class 'com.couchbase.client.java.Bucket' (OnClassCondition)

   CouchbaseReactiveDataAutoConfiguration:
      Did not match:
         - @ConditionalOnClass did not find required class 'com.couchbase.client.java.Bucket' (OnClassCondition)

   CouchbaseReactiveRepositoriesAutoConfiguration:
      Did not match:
         - @ConditionalOnClass did not find required class 'com.couchbase.client.java.Bucket' (OnClassCondition)

   CouchbaseRepositoriesAutoConfiguration:
      Did not match:
         - @ConditionalOnClass did not find required class 'com.couchbase.client.java.Bucket' (OnClassCondition)

   DataSourceAutoConfiguration.EmbeddedDatabaseConfiguration:
      Did not match:
         - EmbeddedDataSource found supported pooled data source (DataSourceAutoConfiguration.EmbeddedDatabaseCondition)

   DataSourceConfiguration.Dbcp2:
      Did not match:
         - @ConditionalOnClass did not find required class 'org.apache.commons.dbcp2.BasicDataSource' (OnClassCondition)

   DataSourceConfiguration.Generic:
      Did not match:
         - @ConditionalOnProperty (spring.datasource.type) did not find property 'spring.datasource.type' (OnPropertyCondition)

   DataSourceConfiguration.Tomcat:
      Did not match:
         - @ConditionalOnClass did not find required class 'org.apache.tomcat.jdbc.pool.DataSource' (OnClassCondition)

   DataSourceJmxConfiguration.TomcatDataSourceJmxConfiguration:
      Did not match:
         - @ConditionalOnClass did not find required class 'org.apache.tomcat.jdbc.pool.DataSourceProxy' (OnClassCondition)

   DataSourcePoolMetadataProvidersConfiguration.CommonsDbcp2PoolDataSourceMetadataProviderConfiguration:
      Did not match:
         - @ConditionalOnClass did not find required class 'org.apache.commons.dbcp2.BasicDataSource' (OnClassCondition)

   DataSourcePoolMetadataProvidersConfiguration.TomcatDataSourcePoolMetadataProviderConfiguration:
      Did not match:
         - @ConditionalOnClass did not find required class 'org.apache.tomcat.jdbc.pool.DataSource' (OnClassCondition)

   DispatcherServletAutoConfiguration.DispatcherServletConfiguration#multipartResolver:
      Did not match:
         - @ConditionalOnBean (types: org.springframework.web.multipart.MultipartResolver; SearchStrategy: all) did not find any beans of type org.springframework.web.multipart.MultipartResolver (OnBeanCondition)

   EhCacheCacheConfiguration:
      Did not match:
         - @ConditionalOnClass did not find required class 'net.sf.ehcache.Cache' (OnClassCondition)

   ElasticsearchAutoConfiguration:
      Did not match:
         - @ConditionalOnClass did not find required class 'org.elasticsearch.client.Client' (OnClassCondition)

   ElasticsearchDataAutoConfiguration:
      Did not match:
         - @ConditionalOnClass did not find required class 'org.elasticsearch.client.Client' (OnClassCondition)

   ElasticsearchRepositoriesAutoConfiguration:
      Did not match:
         - @ConditionalOnClass did not find required class 'org.elasticsearch.client.Client' (OnClassCondition)

   EmbeddedLdapAutoConfiguration:
      Did not match:
         - @ConditionalOnClass did not find required class 'com.unboundid.ldap.listener.InMemoryDirectoryServer' (OnClassCondition)

   EmbeddedMongoAutoConfiguration:
      Did not match:
         - @ConditionalOnClass did not find required class 'com.mongodb.MongoClient' (OnClassCondition)

   EmbeddedWebServerFactoryCustomizerAutoConfiguration.JettyWebServerFactoryCustomizerConfiguration:
      Did not match:
         - @ConditionalOnClass did not find required classes 'org.eclipse.jetty.server.Server', 'org.eclipse.jetty.util.Loader', 'org.eclipse.jetty.webapp.WebAppContext' (OnClassCondition)

   EmbeddedWebServerFactoryCustomizerAutoConfiguration.NettyWebServerFactoryCustomizerConfiguration:
      Did not match:
         - @ConditionalOnClass did not find required class 'reactor.netty.http.server.HttpServer' (OnClassCondition)

   EmbeddedWebServerFactoryCustomizerAutoConfiguration.UndertowWebServerFactoryCustomizerConfiguration:
      Did not match:
         - @ConditionalOnClass did not find required classes 'io.undertow.Undertow', 'org.xnio.SslClientAuthMode' (OnClassCondition)

   ErrorWebFluxAutoConfiguration:
      Did not match:
         - @ConditionalOnClass did not find required class 'org.springframework.web.reactive.config.WebFluxConfigurer' (OnClassCondition)

   FlywayAutoConfiguration:
      Did not match:
         - @ConditionalOnClass did not find required class 'org.flywaydb.core.Flyway' (OnClassCondition)

   FreeMarkerAutoConfiguration:
      Did not match:
         - @ConditionalOnClass did not find required class 'freemarker.template.Configuration' (OnClassCondition)

   GroovyTemplateAutoConfiguration:
      Did not match:
         - @ConditionalOnClass did not find required class 'groovy.text.markup.MarkupTemplateEngine' (OnClassCondition)

   GsonHttpMessageConvertersConfiguration.GsonHttpMessageConverterConfiguration:
      Did not match:
         - AnyNestedCondition 0 matched 2 did not; NestedCondition on GsonHttpMessageConvertersConfiguration.PreferGsonOrJacksonAndJsonbUnavailableCondition.JacksonJsonbUnavailable NoneNestedConditions 1 matched 1 did not; NestedCondition on GsonHttpMessageConvertersConfiguration.JacksonAndJsonbUnavailableCondition.JsonbPreferred @ConditionalOnProperty (spring.http.converters.preferred-json-mapper=jsonb) did not find property 'spring.http.converters.preferred-json-mapper'; NestedCondition on GsonHttpMessageConvertersConfiguration.JacksonAndJsonbUnavailableCondition.JacksonAvailable @ConditionalOnBean (types: org.springframework.http.converter.json.MappingJackson2HttpMessageConverter; SearchStrategy: all) found bean 'mappingJackson2HttpMessageConverter'; NestedCondition on GsonHttpMessageConvertersConfiguration.PreferGsonOrJacksonAndJsonbUnavailableCondition.GsonPreferred @ConditionalOnProperty (spring.http.converters.preferred-json-mapper=gson) did not find property 'spring.http.converters.preferred-json-mapper' (GsonHttpMessageConvertersConfiguration.PreferGsonOrJacksonAndJsonbUnavailableCondition)

   H2ConsoleAutoConfiguration:
      Did not match:
         - @ConditionalOnClass did not find required class 'org.h2.server.web.WebServlet' (OnClassCondition)

   HazelcastAutoConfiguration:
      Did not match:
         - @ConditionalOnClass did not find required class 'com.hazelcast.core.HazelcastInstance' (OnClassCondition)

   HazelcastCacheConfiguration:
      Did not match:
         - @ConditionalOnClass did not find required classes 'com.hazelcast.core.HazelcastInstance', 'com.hazelcast.spring.cache.HazelcastCacheManager' (OnClassCondition)

   HazelcastJpaDependencyAutoConfiguration:
      Did not match:
         - @ConditionalOnClass did not find required class 'com.hazelcast.core.HazelcastInstance' (OnClassCondition)

   HibernateJpaAutoConfiguration:
      Did not match:
         - @ConditionalOnClass did not find required class 'javax.persistence.EntityManager' (OnClassCondition)

   HttpHandlerAutoConfiguration:
      Did not match:
         - @ConditionalOnClass did not find required class 'org.springframework.web.reactive.DispatcherHandler' (OnClassCondition)

   HypermediaAutoConfiguration:
      Did not match:
         - @ConditionalOnClass did not find required class 'org.springframework.hateoas.Resource' (OnClassCondition)

   InfinispanCacheConfiguration:
      Did not match:
         - @ConditionalOnClass did not find required class 'org.infinispan.spring.provider.SpringEmbeddedCacheManager' (OnClassCondition)

   InfluxDbAutoConfiguration:
      Did not match:
         - @ConditionalOnClass did not find required class 'org.influxdb.InfluxDB' (OnClassCondition)

   IntegrationAutoConfiguration:
      Did not match:
         - @ConditionalOnClass did not find required class 'org.springframework.integration.config.EnableIntegration' (OnClassCondition)

   JCacheCacheConfiguration:
      Did not match:
         - @ConditionalOnClass did not find required class 'javax.cache.Caching' (OnClassCondition)

   JacksonAutoConfiguration.JodaDateTimeJacksonConfiguration:
      Did not match:
         - @ConditionalOnClass did not find required classes 'org.joda.time.DateTime', 'com.fasterxml.jackson.datatype.joda.ser.DateTimeSerializer', 'com.fasterxml.jackson.datatype.joda.cfg.JacksonJodaDateFormat' (OnClassCondition)

   JacksonHttpMessageConvertersConfiguration.MappingJackson2XmlHttpMessageConverterConfiguration:
      Did not match:
         - @ConditionalOnClass did not find required class 'com.fasterxml.jackson.dataformat.xml.XmlMapper' (OnClassCondition)

   JdbcRepositoriesAutoConfiguration:
      Did not match:
         - @ConditionalOnClass did not find required class 'org.springframework.data.jdbc.repository.config.JdbcConfiguration' (OnClassCondition)

   JedisConnectionConfiguration:
      Did not match:
         - @ConditionalOnClass did not find required classes 'org.apache.commons.pool2.impl.GenericObjectPool', 'redis.clients.jedis.Jedis' (OnClassCondition)

   JerseyAutoConfiguration:
      Did not match:
         - @ConditionalOnClass did not find required class 'org.glassfish.jersey.server.spring.SpringComponentProvider' (OnClassCondition)

   JestAutoConfiguration:
      Did not match:
         - @ConditionalOnClass did not find required class 'io.searchbox.client.JestClient' (OnClassCondition)

   JmsAutoConfiguration:
      Did not match:
         - @ConditionalOnClass did not find required class 'javax.jms.Message' (OnClassCondition)

   JndiConnectionFactoryAutoConfiguration:
      Did not match:
         - @ConditionalOnClass did not find required class 'org.springframework.jms.core.JmsTemplate' (OnClassCondition)

   JndiDataSourceAutoConfiguration:
      Did not match:
         - @ConditionalOnProperty (spring.datasource.jndi-name) did not find property 'jndi-name' (OnPropertyCondition)
      Matched:
         - @ConditionalOnClass found required classes 'javax.sql.DataSource', 'org.springframework.jdbc.datasource.embedded.EmbeddedDatabaseType' (OnClassCondition)

   JooqAutoConfiguration:
      Did not match:
         - @ConditionalOnClass did not find required class 'org.jooq.DSLContext' (OnClassCondition)

   JpaRepositoriesAutoConfiguration:
      Did not match:
         - @ConditionalOnClass did not find required class 'org.springframework.data.jpa.repository.JpaRepository' (OnClassCondition)

   JsonbAutoConfiguration:
      Did not match:
         - @ConditionalOnClass did not find required class 'javax.json.bind.Jsonb' (OnClassCondition)

   JsonbHttpMessageConvertersConfiguration:
      Did not match:
         - @ConditionalOnClass did not find required class 'javax.json.bind.Jsonb' (OnClassCondition)

   JtaAutoConfiguration:
      Did not match:
         - @ConditionalOnClass did not find required class 'javax.transaction.Transaction' (OnClassCondition)

   KafkaAutoConfiguration:
      Did not match:
         - @ConditionalOnClass did not find required class 'org.springframework.kafka.core.KafkaTemplate' (OnClassCondition)

   LdapAutoConfiguration:
      Did not match:
         - @ConditionalOnClass did not find required class 'org.springframework.ldap.core.ContextSource' (OnClassCondition)

   LdapRepositoriesAutoConfiguration:
      Did not match:
         - @ConditionalOnClass did not find required class 'org.springframework.data.ldap.repository.LdapRepository' (OnClassCondition)

   LiquibaseAutoConfiguration:
      Did not match:
         - @ConditionalOnClass did not find required class 'liquibase.change.DatabaseChange' (OnClassCondition)

   MailSenderAutoConfiguration:
      Did not match:
         - @ConditionalOnClass did not find required class 'javax.mail.internet.MimeMessage' (OnClassCondition)

   MailSenderValidatorAutoConfiguration:
      Did not match:
         - @ConditionalOnProperty (spring.mail.test-connection) did not find property 'test-connection' (OnPropertyCondition)

   MessageSourceAutoConfiguration:
      Did not match:
         - ResourceBundle did not find bundle with basename messages (MessageSourceAutoConfiguration.ResourceBundleCondition)

   MongoAutoConfiguration:
      Did not match:
         - @ConditionalOnClass did not find required class 'com.mongodb.MongoClient' (OnClassCondition)

   MongoDataAutoConfiguration:
      Did not match:
         - @ConditionalOnClass did not find required class 'com.mongodb.client.MongoClient' (OnClassCondition)

   MongoReactiveAutoConfiguration:
      Did not match:
         - @ConditionalOnClass did not find required class 'com.mongodb.reactivestreams.client.MongoClient' (OnClassCondition)

   MongoReactiveDataAutoConfiguration:
      Did not match:
         - @ConditionalOnClass did not find required class 'com.mongodb.reactivestreams.client.MongoClient' (OnClassCondition)

   MongoReactiveRepositoriesAutoConfiguration:
      Did not match:
         - @ConditionalOnClass did not find required class 'com.mongodb.reactivestreams.client.MongoClient' (OnClassCondition)

   MongoRepositoriesAutoConfiguration:
      Did not match:
         - @ConditionalOnClass did not find required class 'com.mongodb.MongoClient' (OnClassCondition)

   MustacheAutoConfiguration:
      Did not match:
         - @ConditionalOnClass did not find required class 'com.samskivert.mustache.Mustache' (OnClassCondition)

   Neo4jDataAutoConfiguration:
      Did not match:
         - @ConditionalOnClass did not find required class 'org.neo4j.ogm.session.SessionFactory' (OnClassCondition)

   Neo4jRepositoriesAutoConfiguration:
      Did not match:
         - @ConditionalOnClass did not find required class 'org.neo4j.ogm.session.Neo4jSession' (OnClassCondition)

   OAuth2ClientAutoConfiguration:
      Did not match:
         - @ConditionalOnClass did not find required class 'org.springframework.security.config.annotation.web.configuration.EnableWebSecurity' (OnClassCondition)

   OAuth2ResourceServerAutoConfiguration:
      Did not match:
         - @ConditionalOnClass did not find required class 'org.springframework.security.oauth2.jwt.JwtDecoder' (OnClassCondition)

   ProjectInfoAutoConfiguration#buildProperties:
      Did not match:
         - @ConditionalOnResource did not find resource '${spring.info.build.location:classpath:META-INF/build-info.properties}' (OnResourceCondition)

   ProjectInfoAutoConfiguration#gitProperties:
      Did not match:
         - GitResource did not find git info at classpath:git.properties (ProjectInfoAutoConfiguration.GitResourceAvailableCondition)

   QuartzAutoConfiguration:
      Did not match:
         - @ConditionalOnClass did not find required class 'org.quartz.Scheduler' (OnClassCondition)

   RabbitAutoConfiguration:
      Did not match:
         - @ConditionalOnClass did not find required class 'com.rabbitmq.client.Channel' (OnClassCondition)

   ReactiveOAuth2ClientAutoConfiguration:
      Did not match:
         - @ConditionalOnClass did not find required class 'org.springframework.security.config.annotation.web.reactive.EnableWebFluxSecurity' (OnClassCondition)

   ReactiveOAuth2ResourceServerAutoConfiguration:
      Did not match:
         - @ConditionalOnClass did not find required class 'org.springframework.security.config.annotation.web.reactive.EnableWebFluxSecurity' (OnClassCondition)

   ReactiveSecurityAutoConfiguration:
      Did not match:
         - @ConditionalOnClass did not find required class 'org.springframework.security.config.annotation.web.reactive.EnableWebFluxSecurity' (OnClassCondition)

   ReactiveUserDetailsServiceAutoConfiguration:
      Did not match:
         - @ConditionalOnClass did not find required class 'org.springframework.security.authentication.ReactiveAuthenticationManager' (OnClassCondition)

   ReactiveWebServerFactoryAutoConfiguration:
      Did not match:
         - @ConditionalOnWebApplication did not find reactive web application classes (OnWebApplicationCondition)

   RepositoryRestMvcAutoConfiguration:
      Did not match:
         - @ConditionalOnClass did not find required class 'org.springframework.data.rest.webmvc.config.RepositoryRestMvcConfiguration' (OnClassCondition)

   RestClientAutoConfiguration:
      Did not match:
         - @ConditionalOnClass did not find required class 'org.elasticsearch.client.RestClient' (OnClassCondition)

   SecurityAutoConfiguration:
      Did not match:
         - @ConditionalOnClass did not find required class 'org.springframework.security.authentication.DefaultAuthenticationEventPublisher' (OnClassCondition)

   SecurityFilterAutoConfiguration:
      Did not match:
         - @ConditionalOnClass did not find required class 'org.springframework.security.config.http.SessionCreationPolicy' (OnClassCondition)

   SecurityRequestMatcherProviderAutoConfiguration:
      Did not match:
         - @ConditionalOnClass did not find required class 'org.springframework.security.web.util.matcher.RequestMatcher' (OnClassCondition)

   SendGridAutoConfiguration:
      Did not match:
         - @ConditionalOnClass did not find required class 'com.sendgrid.SendGrid' (OnClassCondition)

   ServletWebServerFactoryConfiguration.EmbeddedJetty:
      Did not match:
         - @ConditionalOnClass did not find required classes 'org.eclipse.jetty.server.Server', 'org.eclipse.jetty.util.Loader', 'org.eclipse.jetty.webapp.WebAppContext' (OnClassCondition)

   ServletWebServerFactoryConfiguration.EmbeddedUndertow:
      Did not match:
         - @ConditionalOnClass did not find required classes 'io.undertow.Undertow', 'org.xnio.SslClientAuthMode' (OnClassCondition)

   SessionAutoConfiguration:
      Did not match:
         - @ConditionalOnClass did not find required class 'org.springframework.session.Session' (OnClassCondition)

   SolrAutoConfiguration:
      Did not match:
         - @ConditionalOnClass did not find required class 'org.apache.solr.client.solrj.impl.CloudSolrClient' (OnClassCondition)

   SolrRepositoriesAutoConfiguration:
      Did not match:
         - @ConditionalOnClass did not find required class 'org.apache.solr.client.solrj.SolrClient' (OnClassCondition)

   TaskSchedulingAutoConfiguration#taskScheduler:
      Did not match:
         - @ConditionalOnBean (names: org.springframework.context.annotation.internalScheduledAnnotationProcessor; SearchStrategy: all) did not find any beans named org.springframework.context.annotation.internalScheduledAnnotationProcessor (OnBeanCondition)

   ThymeleafAutoConfiguration:
      Did not match:
         - @ConditionalOnClass did not find required class 'org.thymeleaf.spring5.SpringTemplateEngine' (OnClassCondition)

   TransactionAutoConfiguration.EnableTransactionManagementConfiguration.JdkDynamicAutoProxyConfiguration:
      Did not match:
         - @ConditionalOnProperty (spring.aop.proxy-target-class=false) did not find property 'proxy-target-class' (OnPropertyCondition)

   UserDetailsServiceAutoConfiguration:
      Did not match:
         - @ConditionalOnClass did not find required class 'org.springframework.security.authentication.AuthenticationManager' (OnClassCondition)

   WebClientAutoConfiguration:
      Did not match:
         - @ConditionalOnClass did not find required class 'org.springframework.web.reactive.function.client.WebClient' (OnClassCondition)

   WebFluxAutoConfiguration:
      Did not match:
         - @ConditionalOnClass did not find required class 'org.springframework.web.reactive.config.WebFluxConfigurer' (OnClassCondition)

   WebMvcAutoConfiguration.ResourceChainCustomizerConfiguration:
      Did not match:
         - @ConditionalOnEnabledResourceChain did not find class org.webjars.WebJarAssetLocator (OnEnabledResourceChainCondition)

   WebMvcAutoConfiguration.WebMvcAutoConfigurationAdapter#beanNameViewResolver:
      Did not match:
         - @ConditionalOnMissingBean (types: org.springframework.web.servlet.view.BeanNameViewResolver; SearchStrategy: all) found beans of type 'org.springframework.web.servlet.view.BeanNameViewResolver' beanNameViewResolver (OnBeanCondition)

   WebMvcAutoConfiguration.WebMvcAutoConfigurationAdapter#localeResolver:
      Did not match:
         - @ConditionalOnProperty (spring.mvc.locale) did not find property 'locale' (OnPropertyCondition)

   WebServiceTemplateAutoConfiguration:
      Did not match:
         - @ConditionalOnClass did not find required class 'org.springframework.ws.client.core.WebServiceTemplate' (OnClassCondition)

   WebServicesAutoConfiguration:
      Did not match:
         - @ConditionalOnClass did not find required class 'org.springframework.ws.transport.http.MessageDispatcherServlet' (OnClassCondition)

   WebSocketMessagingAutoConfiguration:
      Did not match:
         - @ConditionalOnClass did not find required class 'org.springframework.web.socket.config.annotation.WebSocketMessageBrokerConfigurer' (OnClassCondition)

   WebSocketReactiveAutoConfiguration:
      Did not match:
         - @ConditionalOnWebApplication did not find reactive web application classes (OnWebApplicationCondition)

   WebSocketServletAutoConfiguration.JettyWebSocketConfiguration:
      Did not match:
         - @ConditionalOnClass did not find required class 'org.eclipse.jetty.websocket.jsr356.server.deploy.WebSocketServerContainerInitializer' (OnClassCondition)

   WebSocketServletAutoConfiguration.UndertowWebSocketConfiguration:
      Did not match:
         - @ConditionalOnClass did not find required class 'io.undertow.websockets.jsr.Bootstrap' (OnClassCondition)

   XADataSourceAutoConfiguration:
      Did not match:
         - @ConditionalOnClass did not find required class 'javax.transaction.TransactionManager' (OnClassCondition)


Exclusions:
-----------

    None


Unconditional classes:
----------------------

    org.springframework.boot.autoconfigure.context.ConfigurationPropertiesAutoConfiguration

    org.springframework.boot.autoconfigure.context.PropertyPlaceholderAutoConfiguration

    org.springframework.boot.autoconfigure.info.ProjectInfoAutoConfiguration



2019-06-16 13:23:26.809  INFO 8904 --- [main] o.s.b.w.embedded.tomcat.TomcatWebServer  : Tomcat started on port(s): 8888 (http) with context path ''
2019-06-16 13:23:26.818  INFO 8904 --- [main] cn.niit.group5.Group5Application         : Started Group5Application in 8.016 seconds (JVM running for 9.959)
2019-06-16 13:23:56.991  INFO 8904 --- [http-nio-8888-exec-10] o.a.c.c.C.[Tomcat].[localhost].[/]       : Initializing Spring DispatcherServlet 'dispatcherServlet'
2019-06-16 13:23:56.992  INFO 8904 --- [http-nio-8888-exec-10] o.s.web.servlet.DispatcherServlet        : Initializing Servlet 'dispatcherServlet'
2019-06-16 13:23:56.992 DEBUG 8904 --- [http-nio-8888-exec-10] o.s.web.servlet.DispatcherServlet        : Detected StandardServletMultipartResolver
2019-06-16 13:23:57.004 DEBUG 8904 --- [http-nio-8888-exec-10] o.s.web.servlet.DispatcherServlet        : enableLoggingRequestDetails='false': request parameters and headers will be masked to prevent unsafe logging of potentially sensitive data
2019-06-16 13:23:57.004  INFO 8904 --- [http-nio-8888-exec-10] o.s.web.servlet.DispatcherServlet        : Completed initialization in 12 ms
2019-06-16 13:23:57.065 DEBUG 8904 --- [http-nio-8888-exec-10] o.s.web.servlet.DispatcherServlet        : GET "/swagger-ui.html?urls.primaryName=%E7%BA%B5%E6%A8%AA", parameters={masked}
2019-06-16 13:23:57.099 DEBUG 8904 --- [http-nio-8888-exec-10] o.s.w.s.handler.SimpleUrlHandlerMapping  : Mapped to ResourceHttpRequestHandler ["classpath:/META-INF/resources/", "classpath:/resources/", "classpath:/static/", "classpath:/public/", "/"]
2019-06-16 13:23:57.124 DEBUG 8904 --- [http-nio-8888-exec-10] o.s.web.servlet.DispatcherServlet        : Completed 304 NOT_MODIFIED
2019-06-16 13:23:57.344 DEBUG 8904 --- [http-nio-8888-exec-8] o.s.web.servlet.DispatcherServlet        : GET "/webjars/springfox-swagger-ui/springfox.css?v=2.9.2", parameters={masked}
2019-06-16 13:23:57.346 DEBUG 8904 --- [http-nio-8888-exec-7] o.s.web.servlet.DispatcherServlet        : GET "/webjars/springfox-swagger-ui/swagger-ui-bundle.js?v=2.9.2", parameters={masked}
2019-06-16 13:23:57.351 DEBUG 8904 --- [http-nio-8888-exec-9] o.s.web.servlet.DispatcherServlet        : GET "/webjars/springfox-swagger-ui/swagger-ui.css?v=2.9.2", parameters={masked}
2019-06-16 13:23:57.354 DEBUG 8904 --- [http-nio-8888-exec-7] o.s.w.s.handler.SimpleUrlHandlerMapping  : Mapped to ResourceHttpRequestHandler ["classpath:/META-INF/resources/webjars/"]
2019-06-16 13:23:57.354 DEBUG 8904 --- [http-nio-8888-exec-8] o.s.w.s.handler.SimpleUrlHandlerMapping  : Mapped to ResourceHttpRequestHandler ["classpath:/META-INF/resources/webjars/"]
2019-06-16 13:23:57.354 DEBUG 8904 --- [http-nio-8888-exec-7] o.s.web.servlet.DispatcherServlet        : Completed 304 NOT_MODIFIED
2019-06-16 13:23:57.358 DEBUG 8904 --- [http-nio-8888-exec-9] o.s.w.s.handler.SimpleUrlHandlerMapping  : Mapped to ResourceHttpRequestHandler ["classpath:/META-INF/resources/webjars/"]
2019-06-16 13:23:57.359 DEBUG 8904 --- [http-nio-8888-exec-7] o.s.web.servlet.DispatcherServlet        : GET "/webjars/springfox-swagger-ui/swagger-ui-standalone-preset.js?v=2.9.2", parameters={masked}
2019-06-16 13:23:57.360 DEBUG 8904 --- [http-nio-8888-exec-8] o.s.web.servlet.DispatcherServlet        : Completed 304 NOT_MODIFIED
2019-06-16 13:23:57.361 DEBUG 8904 --- [http-nio-8888-exec-9] o.s.web.servlet.DispatcherServlet        : Completed 304 NOT_MODIFIED
2019-06-16 13:23:57.367 DEBUG 8904 --- [http-nio-8888-exec-6] o.s.web.servlet.DispatcherServlet        : GET "/webjars/springfox-swagger-ui/springfox.js?v=2.9.2", parameters={masked}
2019-06-16 13:23:57.373 DEBUG 8904 --- [http-nio-8888-exec-7] o.s.w.s.handler.SimpleUrlHandlerMapping  : Mapped to ResourceHttpRequestHandler ["classpath:/META-INF/resources/webjars/"]
2019-06-16 13:23:57.375 DEBUG 8904 --- [http-nio-8888-exec-7] o.s.web.servlet.DispatcherServlet        : Completed 304 NOT_MODIFIED
2019-06-16 13:23:57.373 DEBUG 8904 --- [http-nio-8888-exec-6] o.s.w.s.handler.SimpleUrlHandlerMapping  : Mapped to ResourceHttpRequestHandler ["classpath:/META-INF/resources/webjars/"]
2019-06-16 13:23:57.378 DEBUG 8904 --- [http-nio-8888-exec-6] o.s.web.servlet.DispatcherServlet        : Completed 304 NOT_MODIFIED
2019-06-16 13:23:58.090 DEBUG 8904 --- [http-nio-8888-exec-4] o.s.web.servlet.DispatcherServlet        : GET "/swagger-resources/configuration/ui", parameters={}
2019-06-16 13:23:58.092 DEBUG 8904 --- [http-nio-8888-exec-2] o.s.web.servlet.DispatcherServlet        : GET "/webjars/springfox-swagger-ui/favicon-32x32.png?v=2.9.2", parameters={masked}
2019-06-16 13:23:58.093 DEBUG 8904 --- [http-nio-8888-exec-4] s.w.s.m.m.a.RequestMappingHandlerMapping : Mapped to public org.springframework.http.ResponseEntity<springfox.documentation.swagger.web.UiConfiguration> springfox.documentation.swagger.web.ApiResourceController.uiConfiguration()
2019-06-16 13:23:58.098 DEBUG 8904 --- [http-nio-8888-exec-2] o.s.w.s.handler.SimpleUrlHandlerMapping  : Mapped to ResourceHttpRequestHandler ["classpath:/META-INF/resources/webjars/"]
2019-06-16 13:23:58.143 DEBUG 8904 --- [http-nio-8888-exec-2] o.s.web.servlet.DispatcherServlet        : Completed 200 OK
2019-06-16 13:23:58.206 DEBUG 8904 --- [http-nio-8888-exec-4] o.s.w.s.m.m.a.HttpEntityMethodProcessor  : Using 'application/json', given [application/json] and supported [application/json, application/*+json, application/json, application/*+json]
2019-06-16 13:23:58.207 DEBUG 8904 --- [http-nio-8888-exec-4] o.s.w.s.m.m.a.HttpEntityMethodProcessor  : Writing [springfox.documentation.swagger.web.UiConfiguration@6a3e6226]
2019-06-16 13:23:58.224 DEBUG 8904 --- [http-nio-8888-exec-4] o.s.web.servlet.DispatcherServlet        : Completed 200 OK
2019-06-16 13:23:58.238 DEBUG 8904 --- [http-nio-8888-exec-3] o.s.web.servlet.DispatcherServlet        : GET "/swagger-resources/configuration/security", parameters={}
2019-06-16 13:23:58.239 DEBUG 8904 --- [http-nio-8888-exec-3] s.w.s.m.m.a.RequestMappingHandlerMapping : Mapped to public org.springframework.http.ResponseEntity<springfox.documentation.swagger.web.SecurityConfiguration> springfox.documentation.swagger.web.ApiResourceController.securityConfiguration()
2019-06-16 13:23:58.251 DEBUG 8904 --- [http-nio-8888-exec-3] o.s.w.s.m.m.a.HttpEntityMethodProcessor  : Using 'application/json', given [application/json] and supported [application/json, application/*+json, application/json, application/*+json]
2019-06-16 13:23:58.251 DEBUG 8904 --- [http-nio-8888-exec-3] o.s.w.s.m.m.a.HttpEntityMethodProcessor  : Writing [springfox.documentation.swagger.web.SecurityConfiguration@2139c1ad]
2019-06-16 13:23:58.254 DEBUG 8904 --- [http-nio-8888-exec-3] o.s.web.servlet.DispatcherServlet        : Completed 200 OK
2019-06-16 13:23:58.263 DEBUG 8904 --- [http-nio-8888-exec-1] o.s.web.servlet.DispatcherServlet        : GET "/swagger-resources", parameters={}
2019-06-16 13:23:58.264 DEBUG 8904 --- [http-nio-8888-exec-1] s.w.s.m.m.a.RequestMappingHandlerMapping : Mapped to public org.springframework.http.ResponseEntity<java.util.List<springfox.documentation.swagger.web.SwaggerResource>> springfox.documentation.swagger.web.ApiResourceController.swaggerResources()
2019-06-16 13:23:58.272 DEBUG 8904 --- [http-nio-8888-exec-1] o.s.w.s.m.m.a.HttpEntityMethodProcessor  : Using 'application/json', given [application/json] and supported [application/json, application/*+json, application/json, application/*+json]
2019-06-16 13:23:58.272 DEBUG 8904 --- [http-nio-8888-exec-1] o.s.w.s.m.m.a.HttpEntityMethodProcessor  : Writing [[springfox.documentation.swagger.web.SwaggerResource@70681ce4, springfox.documentation.swagger.web.S (truncated)...]
2019-06-16 13:23:58.277 DEBUG 8904 --- [http-nio-8888-exec-1] o.s.web.servlet.DispatcherServlet        : Completed 200 OK
2019-06-16 13:23:58.438 DEBUG 8904 --- [http-nio-8888-exec-6] o.s.web.servlet.DispatcherServlet        : GET "/v2/api-docs?group=%E7%BA%B5%E6%A8%AA", parameters={masked}
2019-06-16 13:23:58.438 DEBUG 8904 --- [http-nio-8888-exec-2] o.s.web.servlet.DispatcherServlet        : GET "/", parameters={}
2019-06-16 13:23:58.440 DEBUG 8904 --- [http-nio-8888-exec-2] o.s.w.s.handler.SimpleUrlHandlerMapping  : Mapped to ResourceHttpRequestHandler ["classpath:/META-INF/resources/", "classpath:/resources/", "classpath:/static/", "classpath:/public/", "/"]
2019-06-16 13:23:58.441 DEBUG 8904 --- [http-nio-8888-exec-2] o.s.w.s.r.ResourceHttpRequestHandler     : Resource not found
2019-06-16 13:23:58.441 DEBUG 8904 --- [http-nio-8888-exec-2] o.s.web.servlet.DispatcherServlet        : Completed 404 NOT_FOUND
2019-06-16 13:23:58.447 DEBUG 8904 --- [http-nio-8888-exec-2] o.s.web.servlet.DispatcherServlet        : "ERROR" dispatch for GET "/error", parameters={}
2019-06-16 13:23:58.448 DEBUG 8904 --- [http-nio-8888-exec-2] s.w.s.m.m.a.RequestMappingHandlerMapping : Mapped to public org.springframework.http.ResponseEntity<java.util.Map<java.lang.String, java.lang.Object>> org.springframework.boot.autoconfigure.web.servlet.error.BasicErrorController.error(javax.servlet.http.HttpServletRequest)
2019-06-16 13:23:58.460 DEBUG 8904 --- [http-nio-8888-exec-2] o.s.w.s.m.m.a.HttpEntityMethodProcessor  : Using 'application/json', given [*/*] and supported [application/json, application/*+json, application/json, application/*+json]
2019-06-16 13:23:58.460 DEBUG 8904 --- [http-nio-8888-exec-2] o.s.w.s.m.m.a.HttpEntityMethodProcessor  : Writing [{timestamp=Sun Jun 16 13:23:58 CST 2019, status=404, error=Not Found, message=No message available,  (truncated)...]
2019-06-16 13:23:58.469 DEBUG 8904 --- [http-nio-8888-exec-2] o.s.web.servlet.DispatcherServlet        : Exiting from "ERROR" dispatch, status 404
2019-06-16 13:23:58.598 DEBUG 8904 --- [http-nio-8888-exec-3] o.s.web.servlet.DispatcherServlet        : GET "/webjars/springfox-swagger-ui/fonts/open-sans-v15-latin-regular.woff2", parameters={}
2019-06-16 13:23:58.598 DEBUG 8904 --- [http-nio-8888-exec-4] o.s.web.servlet.DispatcherServlet        : GET "/webjars/springfox-swagger-ui/fonts/titillium-web-v6-latin-700.woff2", parameters={}
2019-06-16 13:23:58.602 DEBUG 8904 --- [http-nio-8888-exec-4] o.s.w.s.handler.SimpleUrlHandlerMapping  : Mapped to ResourceHttpRequestHandler ["classpath:/META-INF/resources/webjars/"]
2019-06-16 13:23:58.604 DEBUG 8904 --- [http-nio-8888-exec-3] o.s.w.s.handler.SimpleUrlHandlerMapping  : Mapped to ResourceHttpRequestHandler ["classpath:/META-INF/resources/webjars/"]
2019-06-16 13:23:58.605 DEBUG 8904 --- [http-nio-8888-exec-4] o.s.web.servlet.DispatcherServlet        : Completed 304 NOT_MODIFIED
2019-06-16 13:23:58.608 DEBUG 8904 --- [http-nio-8888-exec-3] o.s.web.servlet.DispatcherServlet        : Completed 304 NOT_MODIFIED
2019-06-16 13:23:58.656 DEBUG 8904 --- [http-nio-8888-exec-1] o.s.web.servlet.DispatcherServlet        : GET "/csrf", parameters={}
2019-06-16 13:23:58.657 DEBUG 8904 --- [http-nio-8888-exec-1] o.s.w.s.handler.SimpleUrlHandlerMapping  : Mapped to ResourceHttpRequestHandler ["classpath:/META-INF/resources/", "classpath:/resources/", "classpath:/static/", "classpath:/public/", "/"]
2019-06-16 13:23:58.660 DEBUG 8904 --- [http-nio-8888-exec-1] o.s.w.s.r.ResourceHttpRequestHandler     : Resource not found
2019-06-16 13:23:58.661 DEBUG 8904 --- [http-nio-8888-exec-1] o.s.web.servlet.DispatcherServlet        : Completed 404 NOT_FOUND
2019-06-16 13:23:58.662 DEBUG 8904 --- [http-nio-8888-exec-1] o.s.web.servlet.DispatcherServlet        : "ERROR" dispatch for GET "/error", parameters={}
2019-06-16 13:23:58.663 DEBUG 8904 --- [http-nio-8888-exec-1] s.w.s.m.m.a.RequestMappingHandlerMapping : Mapped to public org.springframework.http.ResponseEntity<java.util.Map<java.lang.String, java.lang.Object>> org.springframework.boot.autoconfigure.web.servlet.error.BasicErrorController.error(javax.servlet.http.HttpServletRequest)
2019-06-16 13:23:58.663 DEBUG 8904 --- [http-nio-8888-exec-1] o.s.w.s.m.m.a.HttpEntityMethodProcessor  : Using 'application/json', given [*/*] and supported [application/json, application/*+json, application/json, application/*+json]
2019-06-16 13:23:58.664 DEBUG 8904 --- [http-nio-8888-exec-1] o.s.w.s.m.m.a.HttpEntityMethodProcessor  : Writing [{timestamp=Sun Jun 16 13:23:58 CST 2019, status=404, error=Not Found, message=No message available,  (truncated)...]
2019-06-16 13:23:58.666 DEBUG 8904 --- [http-nio-8888-exec-1] o.s.web.servlet.DispatcherServlet        : Exiting from "ERROR" dispatch, status 404
2019-06-16 13:23:58.750 DEBUG 8904 --- [http-nio-8888-exec-6] o.s.w.s.m.m.a.HttpEntityMethodProcessor  : Using 'application/json', given [application/json, */*] and supported [application/json, application/*+json, application/json, application/*+json]
2019-06-16 13:23:58.750 DEBUG 8904 --- [http-nio-8888-exec-6] o.s.w.s.m.m.a.HttpEntityMethodProcessor  : Writing [springfox.documentation.spring.web.json.Json@2d8e9e62]
2019-06-16 13:23:58.764 DEBUG 8904 --- [http-nio-8888-exec-6] o.s.web.servlet.DispatcherServlet        : Completed 200 OK
2019-06-16 13:23:59.208 DEBUG 8904 --- [http-nio-8888-exec-7] o.s.web.servlet.DispatcherServlet        : GET "/webjars/springfox-swagger-ui/fonts/open-sans-v15-latin-700.woff2", parameters={}
2019-06-16 13:23:59.210 DEBUG 8904 --- [http-nio-8888-exec-10] o.s.web.servlet.DispatcherServlet        : GET "/webjars/springfox-swagger-ui/fonts/source-code-pro-v7-latin-300.woff2", parameters={}
2019-06-16 13:23:59.214 DEBUG 8904 --- [http-nio-8888-exec-10] o.s.w.s.handler.SimpleUrlHandlerMapping  : Mapped to ResourceHttpRequestHandler ["classpath:/META-INF/resources/webjars/"]
2019-06-16 13:23:59.216 DEBUG 8904 --- [http-nio-8888-exec-10] o.s.web.servlet.DispatcherServlet        : Completed 304 NOT_MODIFIED
2019-06-16 13:23:59.216 DEBUG 8904 --- [http-nio-8888-exec-7] o.s.w.s.handler.SimpleUrlHandlerMapping  : Mapped to ResourceHttpRequestHandler ["classpath:/META-INF/resources/webjars/"]
2019-06-16 13:23:59.219 DEBUG 8904 --- [http-nio-8888-exec-7] o.s.web.servlet.DispatcherServlet        : Completed 304 NOT_MODIFIED
2019-06-16 13:24:03.624 DEBUG 8904 --- [http-nio-8888-exec-8] o.s.web.servlet.DispatcherServlet        : GET "/webjars/springfox-swagger-ui/fonts/titillium-web-v6-latin-regular.woff2", parameters={}
2019-06-16 13:24:03.631 DEBUG 8904 --- [http-nio-8888-exec-8] o.s.w.s.handler.SimpleUrlHandlerMapping  : Mapped to ResourceHttpRequestHandler ["classpath:/META-INF/resources/webjars/"]
2019-06-16 13:24:03.633 DEBUG 8904 --- [http-nio-8888-exec-8] o.s.web.servlet.DispatcherServlet        : Completed 304 NOT_MODIFIED
2019-06-16 13:24:04.594 DEBUG 8904 --- [http-nio-8888-exec-9] o.s.web.servlet.DispatcherServlet        : GET "/v2/api-docs?group=%E6%B5%81%E6%B2%99-%E5%AE%A2%E6%88%B7%E7%AB%AF", parameters={masked}
2019-06-16 13:24:04.641 DEBUG 8904 --- [http-nio-8888-exec-9] o.s.w.s.m.m.a.HttpEntityMethodProcessor  : Using 'application/json', given [application/json, */*] and supported [application/json, application/*+json, application/json, application/*+json]
2019-06-16 13:24:04.642 DEBUG 8904 --- [http-nio-8888-exec-9] o.s.w.s.m.m.a.HttpEntityMethodProcessor  : Writing [springfox.documentation.spring.web.json.Json@390b55eb]
2019-06-16 13:24:04.651 DEBUG 8904 --- [http-nio-8888-exec-9] o.s.web.servlet.DispatcherServlet        : Completed 200 OK
2019-06-16 13:24:13.583 DEBUG 8904 --- [http-nio-8888-exec-3] o.s.web.servlet.DispatcherServlet        : GET "/webjars/springfox-swagger-ui/fonts/source-code-pro-v7-latin-600.woff2", parameters={}
2019-06-16 13:24:13.587 DEBUG 8904 --- [http-nio-8888-exec-3] o.s.w.s.handler.SimpleUrlHandlerMapping  : Mapped to ResourceHttpRequestHandler ["classpath:/META-INF/resources/webjars/"]
2019-06-16 13:24:13.589 DEBUG 8904 --- [http-nio-8888-exec-3] o.s.web.servlet.DispatcherServlet        : Completed 304 NOT_MODIFIED
2019-06-16 13:24:47.192 DEBUG 8904 --- [http-nio-8888-exec-6] o.s.web.servlet.DispatcherServlet        : GET "/api/news/collectNews?newsId=16&userId=1", parameters={masked}
2019-06-16 13:24:47.192 DEBUG 8904 --- [http-nio-8888-exec-6] s.w.s.m.m.a.RequestMappingHandlerMapping : Mapped to public cn.niit.group5.util.ResponseResult cn.niit.group5.controller.NewsController.collectNews(java.lang.Integer,java.lang.Integer)
2019-06-16 13:24:47.248  INFO 8904 --- [http-nio-8888-exec-6] com.zaxxer.hikari.HikariDataSource       : HikariPool-1 - Starting...
2019-06-16 13:24:47.508  INFO 8904 --- [http-nio-8888-exec-6] com.zaxxer.hikari.HikariDataSource       : HikariPool-1 - Start completed.
2019-06-16 13:24:47.520 DEBUG 8904 --- [http-nio-8888-exec-6] c.n.g.m.C.getCollectionById              : ==>  Preparing: select * from t_collection where user_id=? and news_id=? 
2019-06-16 13:24:47.554 DEBUG 8904 --- [http-nio-8888-exec-6] c.n.g.m.C.getCollectionById              : ==> Parameters: 1(Integer), 16(Integer)
2019-06-16 13:24:47.592 DEBUG 8904 --- [http-nio-8888-exec-6] c.n.g.m.C.getCollectionById              : <==      Total: 1
2019-06-16 13:24:47.602 DEBUG 8904 --- [http-nio-8888-exec-6] c.n.g.m.CollectionMapper.isNoCollect     : ==>  Preparing: update t_collection set status=0 where id=? 
2019-06-16 13:24:47.603 DEBUG 8904 --- [http-nio-8888-exec-6] c.n.g.m.CollectionMapper.isNoCollect     : ==> Parameters: 153(Integer)
2019-06-16 13:24:47.664 DEBUG 8904 --- [http-nio-8888-exec-6] c.n.g.m.CollectionMapper.isNoCollect     : <==    Updates: 1
2019-06-16 13:24:47.665 DEBUG 8904 --- [http-nio-8888-exec-6] c.n.g.m.C.getCollectionById              : ==>  Preparing: select * from t_collection where user_id=? and news_id=? 
2019-06-16 13:24:47.666 DEBUG 8904 --- [http-nio-8888-exec-6] c.n.g.m.C.getCollectionById              : ==> Parameters: 1(Integer), 16(Integer)
2019-06-16 13:24:47.680 DEBUG 8904 --- [http-nio-8888-exec-6] c.n.g.m.C.getCollectionById              : <==      Total: 1
2019-06-16 13:24:47.685 DEBUG 8904 --- [http-nio-8888-exec-6] m.m.a.RequestResponseBodyMethodProcessor : Using 'application/json', given [*/*] and supported [application/json, application/*+json, application/json, application/*+json]
2019-06-16 13:24:47.686 DEBUG 8904 --- [http-nio-8888-exec-6] m.m.a.RequestResponseBodyMethodProcessor : Writing [ResponseResult(code=0, msg=请求成功, data=CollectDTO(status=0, msg=已收藏), total=null)]
2019-06-16 13:24:47.688 DEBUG 8904 --- [http-nio-8888-exec-6] o.s.web.servlet.DispatcherServlet        : Completed 200 OK
2019-06-16 13:24:47.820 DEBUG 8904 --- [http-nio-8888-exec-10] o.s.web.servlet.DispatcherServlet        : GET "/webjars/springfox-swagger-ui/fonts/titillium-web-v6-latin-600.woff2", parameters={}
2019-06-16 13:24:47.824 DEBUG 8904 --- [http-nio-8888-exec-10] o.s.w.s.handler.SimpleUrlHandlerMapping  : Mapped to ResourceHttpRequestHandler ["classpath:/META-INF/resources/webjars/"]
2019-06-16 13:24:47.826 DEBUG 8904 --- [http-nio-8888-exec-10] o.s.web.servlet.DispatcherServlet        : Completed 304 NOT_MODIFIED
2019-06-16 13:25:00.987 DEBUG 8904 --- [http-nio-8888-exec-8] o.s.web.servlet.DispatcherServlet        : GET "/api/news/getNewsDetail?newsId=16&userId=1", parameters={masked}
2019-06-16 13:25:00.987 DEBUG 8904 --- [http-nio-8888-exec-8] s.w.s.m.m.a.RequestMappingHandlerMapping : Mapped to public cn.niit.group5.util.ResponseResult cn.niit.group5.controller.NewsController.getNewsDetail(java.lang.Integer,java.lang.Integer)
2019-06-16 13:25:01.001 DEBUG 8904 --- [http-nio-8888-exec-8] c.n.g.mapper.NewsMapper.addReadNumber    : ==>  Preparing: update t_news set read_number=read_number+1 where id=? 
2019-06-16 13:25:01.001 DEBUG 8904 --- [http-nio-8888-exec-8] c.n.g.mapper.NewsMapper.addReadNumber    : ==> Parameters: 16(Integer)
2019-06-16 13:25:01.045 DEBUG 8904 --- [http-nio-8888-exec-8] c.n.g.mapper.NewsMapper.addReadNumber    : <==    Updates: 1
2019-06-16 13:25:01.046 DEBUG 8904 --- [http-nio-8888-exec-8] c.n.g.m.NewsMapper.selectByPrimaryKey    : ==>  Preparing: select id, title, address_id, create_time, read_number, `source`, author, technology_id, news_sort_id, animal_sort_id, topic_id, `state`, review_status, is_top, is_delete, content, icon from t_news where id = ? 
2019-06-16 13:25:01.047 DEBUG 8904 --- [http-nio-8888-exec-8] c.n.g.m.NewsMapper.selectByPrimaryKey    : ==> Parameters: 16(Integer)
2019-06-16 13:25:01.063 DEBUG 8904 --- [http-nio-8888-exec-8] c.n.g.m.NewsMapper.selectByPrimaryKey    : <==      Total: 1
2019-06-16 13:25:01.065 DEBUG 8904 --- [http-nio-8888-exec-8] c.n.g.m.C.getCollectionById              : ==>  Preparing: select * from t_collection where user_id=? and news_id=? 
2019-06-16 13:25:01.066 DEBUG 8904 --- [http-nio-8888-exec-8] c.n.g.m.C.getCollectionById              : ==> Parameters: 1(Integer), 16(Integer)
2019-06-16 13:25:01.078 DEBUG 8904 --- [http-nio-8888-exec-8] c.n.g.m.C.getCollectionById              : <==      Total: 1
2019-06-16 13:25:01.079 DEBUG 8904 --- [http-nio-8888-exec-8] m.m.a.RequestResponseBodyMethodProcessor : Using 'application/json', given [*/*] and supported [application/json, application/*+json, application/json, application/*+json]
2019-06-16 13:25:01.079 DEBUG 8904 --- [http-nio-8888-exec-8] m.m.a.RequestResponseBodyMethodProcessor : Writing [ResponseResult(code=0, msg=请求成功, data=News [Hash = 1909821378, id=16, title=应用农事的资讯, addressId=null, (truncated)...]
2019-06-16 13:25:01.083 DEBUG 8904 --- [http-nio-8888-exec-8] o.s.web.servlet.DispatcherServlet        : Completed 200 OK
2019-06-16 13:25:08.368 DEBUG 8904 --- [http-nio-8888-exec-9] o.s.web.servlet.DispatcherServlet        : GET "/api/news/collectNews?newsId=16&userId=1", parameters={masked}
2019-06-16 13:25:08.369 DEBUG 8904 --- [http-nio-8888-exec-9] s.w.s.m.m.a.RequestMappingHandlerMapping : Mapped to public cn.niit.group5.util.ResponseResult cn.niit.group5.controller.NewsController.collectNews(java.lang.Integer,java.lang.Integer)
2019-06-16 13:25:08.381 DEBUG 8904 --- [http-nio-8888-exec-9] c.n.g.m.C.getCollectionById              : ==>  Preparing: select * from t_collection where user_id=? and news_id=? 
2019-06-16 13:25:08.382 DEBUG 8904 --- [http-nio-8888-exec-9] c.n.g.m.C.getCollectionById              : ==> Parameters: 1(Integer), 16(Integer)
2019-06-16 13:25:08.395 DEBUG 8904 --- [http-nio-8888-exec-9] c.n.g.m.C.getCollectionById              : <==      Total: 1
2019-06-16 13:25:08.396 DEBUG 8904 --- [http-nio-8888-exec-9] c.n.g.m.CollectionMapper.isNoCollect     : ==>  Preparing: update t_collection set status=1 where id=? 
2019-06-16 13:25:08.396 DEBUG 8904 --- [http-nio-8888-exec-9] c.n.g.m.CollectionMapper.isNoCollect     : ==> Parameters: 153(Integer)
2019-06-16 13:25:08.425 DEBUG 8904 --- [http-nio-8888-exec-9] c.n.g.m.CollectionMapper.isNoCollect     : <==    Updates: 1
2019-06-16 13:25:08.426 DEBUG 8904 --- [http-nio-8888-exec-9] c.n.g.m.C.getCollectionById              : ==>  Preparing: select * from t_collection where user_id=? and news_id=? 
2019-06-16 13:25:08.426 DEBUG 8904 --- [http-nio-8888-exec-9] c.n.g.m.C.getCollectionById              : ==> Parameters: 1(Integer), 16(Integer)
2019-06-16 13:25:08.439 DEBUG 8904 --- [http-nio-8888-exec-9] c.n.g.m.C.getCollectionById              : <==      Total: 1
2019-06-16 13:25:08.440 DEBUG 8904 --- [http-nio-8888-exec-9] m.m.a.RequestResponseBodyMethodProcessor : Using 'application/json', given [*/*] and supported [application/json, application/*+json, application/json, application/*+json]
2019-06-16 13:25:08.440 DEBUG 8904 --- [http-nio-8888-exec-9] m.m.a.RequestResponseBodyMethodProcessor : Writing [ResponseResult(code=0, msg=请求成功, data=CollectDTO(status=1, msg=未收藏), total=null)]
2019-06-16 13:25:08.441 DEBUG 8904 --- [http-nio-8888-exec-9] o.s.web.servlet.DispatcherServlet        : Completed 200 OK
2019-06-16 13:25:11.277 DEBUG 8904 --- [http-nio-8888-exec-4] o.s.web.servlet.DispatcherServlet        : GET "/api/news/getNewsDetail?newsId=16&userId=1", parameters={masked}
2019-06-16 13:25:11.277 DEBUG 8904 --- [http-nio-8888-exec-4] s.w.s.m.m.a.RequestMappingHandlerMapping : Mapped to public cn.niit.group5.util.ResponseResult cn.niit.group5.controller.NewsController.getNewsDetail(java.lang.Integer,java.lang.Integer)
2019-06-16 13:25:11.288 DEBUG 8904 --- [http-nio-8888-exec-4] c.n.g.mapper.NewsMapper.addReadNumber    : ==>  Preparing: update t_news set read_number=read_number+1 where id=? 
2019-06-16 13:25:11.289 DEBUG 8904 --- [http-nio-8888-exec-4] c.n.g.mapper.NewsMapper.addReadNumber    : ==> Parameters: 16(Integer)
2019-06-16 13:25:11.316 DEBUG 8904 --- [http-nio-8888-exec-4] c.n.g.mapper.NewsMapper.addReadNumber    : <==    Updates: 1
2019-06-16 13:25:11.317 DEBUG 8904 --- [http-nio-8888-exec-4] c.n.g.m.NewsMapper.selectByPrimaryKey    : ==>  Preparing: select id, title, address_id, create_time, read_number, `source`, author, technology_id, news_sort_id, animal_sort_id, topic_id, `state`, review_status, is_top, is_delete, content, icon from t_news where id = ? 
2019-06-16 13:25:11.317 DEBUG 8904 --- [http-nio-8888-exec-4] c.n.g.m.NewsMapper.selectByPrimaryKey    : ==> Parameters: 16(Integer)
2019-06-16 13:25:11.331 DEBUG 8904 --- [http-nio-8888-exec-4] c.n.g.m.NewsMapper.selectByPrimaryKey    : <==      Total: 1
2019-06-16 13:25:11.332 DEBUG 8904 --- [http-nio-8888-exec-4] c.n.g.m.C.getCollectionById              : ==>  Preparing: select * from t_collection where user_id=? and news_id=? 
2019-06-16 13:25:11.332 DEBUG 8904 --- [http-nio-8888-exec-4] c.n.g.m.C.getCollectionById              : ==> Parameters: 1(Integer), 16(Integer)
2019-06-16 13:25:11.346 DEBUG 8904 --- [http-nio-8888-exec-4] c.n.g.m.C.getCollectionById              : <==      Total: 1
2019-06-16 13:25:11.348 DEBUG 8904 --- [http-nio-8888-exec-4] m.m.a.RequestResponseBodyMethodProcessor : Using 'application/json', given [*/*] and supported [application/json, application/*+json, application/json, application/*+json]
2019-06-16 13:25:11.348 DEBUG 8904 --- [http-nio-8888-exec-4] m.m.a.RequestResponseBodyMethodProcessor : Writing [ResponseResult(code=0, msg=请求成功, data=News [Hash = 1741052629, id=16, title=应用农事的资讯, addressId=null, (truncated)...]
2019-06-16 13:25:11.350 DEBUG 8904 --- [http-nio-8888-exec-4] o.s.web.servlet.DispatcherServlet        : Completed 200 OK
