#
# There is insufficient memory for the Java Runtime Environment to continue.
# Native memory allocation (malloc) failed to allocate 708656 bytes for Chunk::new
# Possible reasons:
#   The system is out of physical RAM or swap space
#   The process is running with CompressedOops enabled, and the Java Heap may be blocking the growth of the native heap
# Possible solutions:
#   Reduce memory load on the system
#   Increase physical memory or swap space
#   Check if swap backing store is full
#   Decrease Java heap size (-Xmx/-Xms)
#   Decrease number of Java threads
#   Decrease Java thread stack sizes (-Xss)
#   Set larger code cache with -XX:ReservedCodeCacheSize=
#   JVM is running with Unscaled Compressed Oops mode in which the Java heap is
#     placed in the first 4GB address space. The Java Heap base address is the
#     maximum limit for the native heap growth. Please use -XX:HeapBaseMinAddress
#     to set the Java Heap base and to place the Java Heap above 4GB virtual address.
# This output file may be truncated or incomplete.
#
#  Out of Memory Error (allocation.cpp:389), pid=16092, tid=0x0000000000001ae4
#
# JRE version: Java(TM) SE Runtime Environment (8.0_231-b11) (build 1.8.0_231-b11)
# Java VM: Java HotSpot(TM) 64-Bit Server VM (25.231-b11 mixed mode windows-amd64 compressed oops)
# Failed to write core dump. Minidumps are not enabled by default on client versions of Windows
#

---------------  T H R E A D  ---------------

Current thread (0x0000000015bae000):  JavaThread "C2 CompilerThread1" daemon [_thread_in_native, id=6884, stack(0x00000000176c0000,0x00000000177c0000)]

Stack: [0x00000000176c0000,0x00000000177c0000]
[error occurred during error reporting (printing stack bounds), id 0xc0000005]

Native frames: (J=compiled Java code, j=interpreted, Vv=VM code, C=native code)


Current CompileTask:
C2:  14884 4741       4       org.springframework.core.annotation.AnnotationUtils::postProcessAnnotationAttributes (163 bytes)


---------------  P R O C E S S  ---------------

Java Threads: ( => current thread )
  0x0000000019f51800 JavaThread "mysql-cj-abandoned-connection-cleanup" daemon [_thread_blocked, id=1728, stack(0x000000001c600000,0x000000001c700000)]
  0x0000000016f8d000 JavaThread "Service Thread" daemon [_thread_blocked, id=7204, stack(0x00000000178c0000,0x00000000179c0000)]
  0x0000000015b99000 JavaThread "C1 CompilerThread2" daemon [_thread_in_native, id=6756, stack(0x00000000177c0000,0x00000000178c0000)]
=>0x0000000015bae000 JavaThread "C2 CompilerThread1" daemon [_thread_in_native, id=6884, stack(0x00000000176c0000,0x00000000177c0000)]
  0x0000000015b94800 JavaThread "C2 CompilerThread0" daemon [_thread_in_native, id=10320, stack(0x00000000175c0000,0x00000000176c0000)]
  0x0000000015b88800 JavaThread "Monitor Ctrl-Break" daemon [_thread_in_native, id=15228, stack(0x00000000174c0000,0x00000000175c0000)]
  0x0000000015b7b000 JavaThread "Attach Listener" daemon [_thread_blocked, id=6168, stack(0x00000000173c0000,0x00000000174c0000)]
  0x0000000016f03800 JavaThread "Signal Dispatcher" daemon [_thread_blocked, id=7852, stack(0x00000000172c0000,0x00000000173c0000)]
  0x000000000337b800 JavaThread "Finalizer" daemon [_thread_blocked, id=19736, stack(0x0000000016dc0000,0x0000000016ec0000)]
  0x0000000003378000 JavaThread "Reference Handler" daemon [_thread_blocked, id=5952, stack(0x0000000016cc0000,0x0000000016dc0000)]
  0x0000000003282800 JavaThread "main" [_thread_in_Java, id=18284, stack(0x0000000003180000,0x0000000003280000)]

Other Threads:
  0x0000000015b18000 VMThread [stack: 0x0000000016bc0000,0x0000000016cc0000] [id=4448]
  0x0000000016fc8800 WatcherThread [stack: 0x00000000179c0000,0x0000000017ac0000] [id=8740]

VM state:not at safepoint (normal execution)

VM Mutex/Monitor currently owned by a thread: None

heap address: 0x00000000c1c00000, size: 996 MB, Compressed Oops mode: 32-bit
Narrow klass base: 0x0000000000000000, Narrow klass shift: 3
Compressed class space size: 1073741824 Address: 0x0000000100000000

Heap:
 PSYoungGen      total 153600K, used 62487K [0x00000000eb400000, 0x00000000f7880000, 0x0000000100000000)
  eden space 141312K, 42% used [0x00000000eb400000,0x00000000eee88cf8,0x00000000f3e00000)
  from space 12288K, 20% used [0x00000000f3e00000,0x00000000f407d0e8,0x00000000f4a00000)
  to   space 12288K, 0% used [0x00000000f6c80000,0x00000000f6c80000,0x00000000f7880000)
 ParOldGen       total 36352K, used 19352K [0x00000000c1c00000, 0x00000000c3f80000, 0x00000000eb400000)
  object space 36352K, 53% used [0x00000000c1c00000,0x00000000c2ee6148,0x00000000c3f80000)
 Metaspace       used 36592K, capacity 37840K, committed 38104K, reserved 1083392K
  class space    used 4588K, capacity 4854K, committed 4864K, reserved 1048576K

Card table byte_map: [0x0000000012940000,0x0000000012b40000] byte_map_base: 0x0000000012332000

Marking Bits: (ParMarkBitMap*) 0x00000000779d6d90
 Begin Bits: [0x0000000013090000, 0x0000000014020000)
 End Bits:   [0x0000000014020000, 0x0000000014fb0000)

Polling page: 0x00000000011d0000

CodeCache: size=245760Kb used=16917Kb max_used=16917Kb free=228842Kb
 bounds [0x0000000003580000, 0x0000000004620000, 0x0000000012580000]
 total_blobs=4910 nmethods=4469 adapters=353
 compilation: enabled

Compilation events (10 events):
Event: 14.865 Thread 0x0000000015b99000 nmethod 4776 0x000000000460dfd0 code [0x000000000460e180, 0x000000000460e898]
Event: 14.865 Thread 0x0000000015b99000 4779       3       org.springframework.beans.factory.config.InstantiationAwareBeanPostProcessorAdapter::postProcessAfterInitialization (2 bytes)
Event: 14.865 Thread 0x0000000015b99000 nmethod 4779 0x000000000460ea90 code [0x000000000460ebe0, 0x000000000460ed30]
Event: 14.865 Thread 0x0000000015b99000 4777       1       org.springframework.beans.factory.config.DependencyDescriptor::resolveShortcut (2 bytes)
Event: 14.865 Thread 0x0000000015b99000 nmethod 4777 0x000000000460edd0 code [0x000000000460ef20, 0x000000000460f030]
Event: 14.865 Thread 0x0000000015b99000 4780   !   3       com.sun.proxy.$Proxy82::annotationType (29 bytes)
Event: 14.866 Thread 0x0000000015b99000 nmethod 4780 0x000000000460f090 code [0x000000000460f220, 0x000000000460f658]
Event: 14.870 Thread 0x0000000015b99000 4781       3       org.springframework.beans.factory.InjectionPoint::getAnnotations (39 bytes)
Event: 14.871 Thread 0x0000000015b99000 nmethod 4781 0x000000000460f810 code [0x000000000460fa00, 0x00000000046103a8]
Event: 14.875 Thread 0x0000000015b99000 4782       3       java.beans.Introspector::getTargetEventInfo (1082 bytes)

GC Heap History (10 events):
Event: 6.822 GC heap before
{Heap before GC invocations=9 (full 1):
 PSYoungGen      total 71168K, used 65024K [0x00000000eb400000, 0x00000000f4000000, 0x0000000100000000)
  eden space 65024K, 100% used [0x00000000eb400000,0x00000000ef380000,0x00000000ef380000)
  from space 6144K, 0% used [0x00000000ef380000,0x00000000ef380000,0x00000000ef980000)
  to   space 6656K, 0% used [0x00000000f3980000,0x00000000f3980000,0x00000000f4000000)
 ParOldGen       total 36352K, used 9640K [0x00000000c1c00000, 0x00000000c3f80000, 0x00000000eb400000)
  object space 36352K, 26% used [0x00000000c1c00000,0x00000000c256a338,0x00000000c3f80000)
 Metaspace       used 24259K, capacity 25052K, committed 25344K, reserved 1071104K
  class space    used 3090K, capacity 3270K, committed 3328K, reserved 1048576K
Event: 6.897 GC heap after
Heap after GC invocations=9 (full 1):
 PSYoungGen      total 112128K, used 6633K [0x00000000eb400000, 0x00000000f4000000, 0x0000000100000000)
  eden space 105472K, 0% used [0x00000000eb400000,0x00000000eb400000,0x00000000f1b00000)
  from space 6656K, 99% used [0x00000000f3980000,0x00000000f3ffa400,0x00000000f4000000)
  to   space 8192K, 0% used [0x00000000f3000000,0x00000000f3000000,0x00000000f3800000)
 ParOldGen       total 36352K, used 10944K [0x00000000c1c00000, 0x00000000c3f80000, 0x00000000eb400000)
  object space 36352K, 30% used [0x00000000c1c00000,0x00000000c26b0370,0x00000000c3f80000)
 Metaspace       used 24259K, capacity 25052K, committed 25344K, reserved 1071104K
  class space    used 3090K, capacity 3270K, committed 3328K, reserved 1048576K
}
Event: 9.767 GC heap before
{Heap before GC invocations=10 (full 1):
 PSYoungGen      total 112128K, used 112105K [0x00000000eb400000, 0x00000000f4000000, 0x0000000100000000)
  eden space 105472K, 100% used [0x00000000eb400000,0x00000000f1b00000,0x00000000f1b00000)
  from space 6656K, 99% used [0x00000000f3980000,0x00000000f3ffa400,0x00000000f4000000)
  to   space 8192K, 0% used [0x00000000f3000000,0x00000000f3000000,0x00000000f3800000)
 ParOldGen       total 36352K, used 10944K [0x00000000c1c00000, 0x00000000c3f80000, 0x00000000eb400000)
  object space 36352K, 30% used [0x00000000c1c00000,0x00000000c26b0370,0x00000000c3f80000)
 Metaspace       used 29276K, capacity 30284K, committed 30336K, reserved 1075200K
  class space    used 3742K, capacity 3968K, committed 3968K, reserved 1048576K
Event: 9.793 GC heap after
Heap after GC invocations=10 (full 1):
 PSYoungGen      total 135168K, used 8180K [0x00000000eb400000, 0x00000000f5500000, 0x0000000100000000)
  eden space 126976K, 0% used [0x00000000eb400000,0x00000000eb400000,0x00000000f3000000)
  from space 8192K, 99% used [0x00000000f3000000,0x00000000f37fd030,0x00000000f3800000)
  to   space 11264K, 0% used [0x00000000f4a00000,0x00000000f4a00000,0x00000000f5500000)
 ParOldGen       total 36352K, used 16012K [0x00000000c1c00000, 0x00000000c3f80000, 0x00000000eb400000)
  object space 36352K, 44% used [0x00000000c1c00000,0x00000000c2ba30e0,0x00000000c3f80000)
 Metaspace       used 29276K, capacity 30284K, committed 30336K, reserved 1075200K
  class space    used 3742K, capacity 3968K, committed 3968K, reserved 1048576K
}
Event: 12.491 GC heap before
{Heap before GC invocations=11 (full 1):
 PSYoungGen      total 135168K, used 95593K [0x00000000eb400000, 0x00000000f5500000, 0x0000000100000000)
  eden space 126976K, 68% used [0x00000000eb400000,0x00000000f095d6c8,0x00000000f3000000)
  from space 8192K, 99% used [0x00000000f3000000,0x00000000f37fd030,0x00000000f3800000)
  to   space 11264K, 0% used [0x00000000f4a00000,0x00000000f4a00000,0x00000000f5500000)
 ParOldGen       total 36352K, used 16012K [0x00000000c1c00000, 0x00000000c3f80000, 0x00000000eb400000)
  object space 36352K, 44% used [0x00000000c1c00000,0x00000000c2ba30e0,0x00000000c3f80000)
 Metaspace       used 34091K, capacity 35298K, committed 35416K, reserved 1079296K
  class space    used 4366K, capacity 4643K, committed 4736K, reserved 1048576K
Event: 12.555 GC heap after
Heap after GC invocations=11 (full 1):
 PSYoungGen      total 152576K, used 10787K [0x00000000eb400000, 0x00000000f7480000, 0x0000000100000000)
  eden space 141312K, 0% used [0x00000000eb400000,0x00000000eb400000,0x00000000f3e00000)
  from space 11264K, 95% used [0x00000000f4a00000,0x00000000f5488c78,0x00000000f5500000)
  to   space 12288K, 0% used [0x00000000f3e00000,0x00000000f3e00000,0x00000000f4a00000)
 ParOldGen       total 36352K, used 19160K [0x00000000c1c00000, 0x00000000c3f80000, 0x00000000eb400000)
  object space 36352K, 52% used [0x00000000c1c00000,0x00000000c2eb6110,0x00000000c3f80000)
 Metaspace       used 34091K, capacity 35298K, committed 35416K, reserved 1079296K
  class space    used 4366K, capacity 4643K, committed 4736K, reserved 1048576K
}
Event: 12.555 GC heap before
{Heap before GC invocations=12 (full 2):
 PSYoungGen      total 152576K, used 10787K [0x00000000eb400000, 0x00000000f7480000, 0x0000000100000000)
  eden space 141312K, 0% used [0x00000000eb400000,0x00000000eb400000,0x00000000f3e00000)
  from space 11264K, 95% used [0x00000000f4a00000,0x00000000f5488c78,0x00000000f5500000)
  to   space 12288K, 0% used [0x00000000f3e00000,0x00000000f3e00000,0x00000000f4a00000)
 ParOldGen       total 36352K, used 19160K [0x00000000c1c00000, 0x00000000c3f80000, 0x00000000eb400000)
  object space 36352K, 52% used [0x00000000c1c00000,0x00000000c2eb6110,0x00000000c3f80000)
 Metaspace       used 34091K, capacity 35298K, committed 35416K, reserved 1079296K
  class space    used 4366K, capacity 4643K, committed 4736K, reserved 1048576K
Event: 12.814 GC heap after
Heap after GC invocations=12 (full 2):
 PSYoungGen      total 152576K, used 0K [0x00000000eb400000, 0x00000000f7480000, 0x0000000100000000)
  eden space 141312K, 0% used [0x00000000eb400000,0x00000000eb400000,0x00000000f3e00000)
  from space 11264K, 0% used [0x00000000f4a00000,0x00000000f4a00000,0x00000000f5500000)
  to   space 12288K, 0% used [0x00000000f3e00000,0x00000000f3e00000,0x00000000f4a00000)
 ParOldGen       total 36352K, used 19344K [0x00000000c1c00000, 0x00000000c3f80000, 0x00000000eb400000)
  object space 36352K, 53% used [0x00000000c1c00000,0x00000000c2ee4148,0x00000000c3f80000)
 Metaspace       used 34091K, capacity 35298K, committed 35416K, reserved 1079296K
  class space    used 4366K, capacity 4643K, committed 4736K, reserved 1048576K
}
Event: 14.323 GC heap before
{Heap before GC invocations=13 (full 2):
 PSYoungGen      total 152576K, used 141312K [0x00000000eb400000, 0x00000000f7480000, 0x0000000100000000)
  eden space 141312K, 100% used [0x00000000eb400000,0x00000000f3e00000,0x00000000f3e00000)
  from space 11264K, 0% used [0x00000000f4a00000,0x00000000f4a00000,0x00000000f5500000)
  to   space 12288K, 0% used [0x00000000f3e00000,0x00000000f3e00000,0x00000000f4a00000)
 ParOldGen       total 36352K, used 19344K [0x00000000c1c00000, 0x00000000c3f80000, 0x00000000eb400000)
  object space 36352K, 53% used [0x00000000c1c00000,0x00000000c2ee4148,0x00000000c3f80000)
 Metaspace       used 36132K, capacity 37376K, committed 37592K, reserved 1081344K
  class space    used 4556K, capacity 4814K, committed 4864K, reserved 1048576K
Event: 14.330 GC heap after
Heap after GC invocations=13 (full 2):
 PSYoungGen      total 153600K, used 2548K [0x00000000eb400000, 0x00000000f7880000, 0x0000000100000000)
  eden space 141312K, 0% used [0x00000000eb400000,0x00000000eb400000,0x00000000f3e00000)
  from space 12288K, 20% used [0x00000000f3e00000,0x00000000f407d0e8,0x00000000f4a00000)
  to   space 12288K, 0% used [0x00000000f6c80000,0x00000000f6c80000,0x00000000f7880000)
 ParOldGen       total 36352K, used 19352K [0x00000000c1c00000, 0x00000000c3f80000, 0x00000000eb400000)
  object space 36352K, 53% used [0x00000000c1c00000,0x00000000c2ee6148,0x00000000c3f80000)
 Metaspace       used 36132K, capacity 37376K, committed 37592K, reserved 1081344K
  class space    used 4556K, capacity 4814K, committed 4864K, reserved 1048576K
}

Deoptimization events (10 events):
Event: 12.055 Thread 0x0000000003282800 Uncommon trap: reason=unstable_if action=reinterpret pc=0x0000000003794d00 method=java.lang.AbstractStringBuilder.append(Ljava/lang/String;)Ljava/lang/AbstractStringBuilder; @ 1
Event: 12.114 Thread 0x0000000003282800 Uncommon trap: reason=unstable_if action=reinterpret pc=0x0000000003e00804 method=com.sun.org.apache.xerces.internal.impl.XMLEntityScanner.skipSpaces()Z @ 72
Event: 13.869 Thread 0x0000000003282800 Uncommon trap: reason=unstable_if action=reinterpret pc=0x00000000043de73c method=com.sun.org.apache.xml.internal.dtm.ref.dom2dtm.DOM2DTM.nextNode()Z @ 230
Event: 14.586 Thread 0x0000000003282800 Uncommon trap: reason=unstable_if action=reinterpret pc=0x0000000003ac6af8 method=java.util.WeakHashMap.remove(Ljava/lang/Object;)Ljava/lang/Object; @ 94
Event: 14.591 Thread 0x0000000003282800 Uncommon trap: reason=unstable_if action=reinterpret pc=0x0000000004128d08 method=java.util.concurrent.ConcurrentHashMap.get(Ljava/lang/Object;)Ljava/lang/Object; @ 152
Event: 14.630 Thread 0x0000000003282800 Uncommon trap: reason=class_check action=maybe_recompile pc=0x0000000004236e98 method=org.springframework.beans.factory.support.AbstractBeanFactory.isTypeMatch(Ljava/lang/String;Lorg/springframework/core/ResolvableType;)Z @ 47
Event: 14.645 Thread 0x0000000003282800 Uncommon trap: reason=class_check action=maybe_recompile pc=0x0000000004236e98 method=org.springframework.beans.factory.support.AbstractBeanFactory.isTypeMatch(Ljava/lang/String;Lorg/springframework/core/ResolvableType;)Z @ 47
Event: 14.653 Thread 0x0000000003282800 Uncommon trap: reason=class_check action=maybe_recompile pc=0x0000000004236e98 method=org.springframework.beans.factory.support.AbstractBeanFactory.isTypeMatch(Ljava/lang/String;Lorg/springframework/core/ResolvableType;)Z @ 47
Event: 14.654 Thread 0x0000000003282800 Uncommon trap: reason=class_check action=maybe_recompile pc=0x0000000004236e98 method=org.springframework.beans.factory.support.AbstractBeanFactory.isTypeMatch(Ljava/lang/String;Lorg/springframework/core/ResolvableType;)Z @ 47
Event: 14.770 Thread 0x0000000003282800 Uncommon trap: reason=unstable_if action=reinterpret pc=0x00000000044e794c method=sun.misc.URLClassPath$FileLoader.getResource(Ljava/lang/String;Z)Lsun/misc/Resource; @ 44

Classes redefined (0 events):
No events

Internal exceptions (10 events):
Event: 14.834 Thread 0x0000000003282800 Exception <a 'java/lang/ClassNotFoundException': java/lang/ObjectCustomizer> (0x00000000eec159f8) thrown at [C:\re\workspace\8-2-build-windows-amd64-cygwin\jdk8u231\13620\hotspot\src\share\vm\classfile\systemDictionary.cpp, line 210]
Event: 14.835 Thread 0x0000000003282800 Exception <a 'java/lang/ClassNotFoundException': cn/niit/group5/serviceImp/VideoServiceImpCustomizer> (0x00000000eec38250) thrown at [C:\re\workspace\8-2-build-windows-amd64-cygwin\jdk8u231\13620\hotspot\src\share\vm\classfile\systemDictionary.cpp, line 2
Event: 14.862 Thread 0x0000000003282800 Exception <a 'java/lang/ClassNotFoundException': java/lang/ObjectCustomizer> (0x00000000eed0a258) thrown at [C:\re\workspace\8-2-build-windows-amd64-cygwin\jdk8u231\13620\hotspot\src\share\vm\classfile\systemDictionary.cpp, line 210]
Event: 14.862 Thread 0x0000000003282800 Exception <a 'java/lang/ClassNotFoundException': cn/niit/group5/serviceImp/NewsServiceImpCustomizer> (0x00000000eed2b2e8) thrown at [C:\re\workspace\8-2-build-windows-amd64-cygwin\jdk8u231\13620\hotspot\src\share\vm\classfile\systemDictionary.cpp, line 21
Event: 14.867 Thread 0x0000000003282800 Exception <a 'java/lang/ClassNotFoundException': java/lang/ObjectCustomizer> (0x00000000eed5de18) thrown at [C:\re\workspace\8-2-build-windows-amd64-cygwin\jdk8u231\13620\hotspot\src\share\vm\classfile\systemDictionary.cpp, line 210]
Event: 14.868 Thread 0x0000000003282800 Exception <a 'java/lang/ClassNotFoundException': cn/niit/group5/controller/PestControllerCustomizer> (0x00000000eed7e520) thrown at [C:\re\workspace\8-2-build-windows-amd64-cygwin\jdk8u231\13620\hotspot\src\share\vm\classfile\systemDictionary.cpp, line 21
Event: 14.874 Thread 0x0000000003282800 Exception <a 'java/lang/ClassNotFoundException': java/lang/ObjectCustomizer> (0x00000000eedc3fb8) thrown at [C:\re\workspace\8-2-build-windows-amd64-cygwin\jdk8u231\13620\hotspot\src\share\vm\classfile\systemDictionary.cpp, line 210]
Event: 14.875 Thread 0x0000000003282800 Exception <a 'java/lang/ClassNotFoundException': cn/niit/group5/controller/QuestionControllerCustomizer> (0x00000000eede66e8) thrown at [C:\re\workspace\8-2-build-windows-amd64-cygwin\jdk8u231\13620\hotspot\src\share\vm\classfile\systemDictionary.cpp, lin
Event: 14.880 Thread 0x0000000003282800 Exception <a 'java/lang/ClassNotFoundException': java/lang/ObjectCustomizer> (0x00000000eee0f2f0) thrown at [C:\re\workspace\8-2-build-windows-amd64-cygwin\jdk8u231\13620\hotspot\src\share\vm\classfile\systemDictionary.cpp, line 210]
Event: 14.881 Thread 0x0000000003282800 Exception <a 'java/lang/ClassNotFoundException': cn/niit/group5/controller/SeedControllerCustomizer> (0x00000000eee2f9f8) thrown at [C:\re\workspace\8-2-build-windows-amd64-cygwin\jdk8u231\13620\hotspot\src\share\vm\classfile\systemDictionary.cpp, line 21

Events (10 events):
Event: 14.879 loading class java/lang/ObjectCustomizer
Event: 14.879 loading class java/lang/ObjectCustomizer done
Event: 14.880 loading class java/lang/ObjectCustomizer
Event: 14.880 loading class java/lang/ObjectCustomizer done
Event: 14.880 loading class cn/niit/group5/controller/SeedControllerCustomizer
Event: 14.880 loading class cn/niit/group5/controller/SeedControllerCustomizer done
Event: 14.881 loading class cn/niit/group5/controller/SeedControllerCustomizer
Event: 14.881 loading class cn/niit/group5/controller/SeedControllerCustomizer done
Event: 14.881 loading class cn/niit/group5/controller/SeedControllerCustomizer
Event: 14.881 loading class cn/niit/group5/controller/SeedControllerCustomizer done


Dynamic libraries:
0x00007ff7debc0000 - 0x00007ff7debf7000 	C:\Program Files\Java\jdk1.8.0_231\bin\java.exe
0x00007ffe95b60000 - 0x00007ffe95d50000 	C:\Windows\SYSTEM32\ntdll.dll
0x00007ffe95660000 - 0x00007ffe95712000 	C:\Windows\System32\KERNEL32.DLL
0x00007ffe92af0000 - 0x00007ffe92d93000 	C:\Windows\System32\KERNELBASE.dll
0x00007ffe95320000 - 0x00007ffe953c3000 	C:\Windows\System32\ADVAPI32.dll
0x00007ffe94460000 - 0x00007ffe944fe000 	C:\Windows\System32\msvcrt.dll
0x00007ffe94540000 - 0x00007ffe945d7000 	C:\Windows\System32\sechost.dll
0x00007ffe945e0000 - 0x00007ffe94700000 	C:\Windows\System32\RPCRT4.dll
0x00007ffe93d80000 - 0x00007ffe93f14000 	C:\Windows\System32\USER32.dll
0x00007ffe93a40000 - 0x00007ffe93a61000 	C:\Windows\System32\win32u.dll
0x00007ffe95280000 - 0x00007ffe952a6000 	C:\Windows\System32\GDI32.dll
0x00007ffe93a70000 - 0x00007ffe93c04000 	C:\Windows\System32\gdi32full.dll
0x00007ffe937f0000 - 0x00007ffe9388e000 	C:\Windows\System32\msvcp_win.dll
0x00007ffe92e90000 - 0x00007ffe92f8a000 	C:\Windows\System32\ucrtbase.dll
0x00007ffe7b730000 - 0x00007ffe7b9b5000 	C:\Windows\WinSxS\amd64_microsoft.windows.common-controls_6595b64144ccf1df_6.0.18362.778_none_e6c6b761130d4fb8\COMCTL32.dll
0x00007ffe94ec0000 - 0x00007ffe951f6000 	C:\Windows\System32\combase.dll
0x00007ffe92da0000 - 0x00007ffe92e20000 	C:\Windows\System32\bcryptPrimitives.dll
0x00007ffe94510000 - 0x00007ffe9453e000 	C:\Windows\System32\IMM32.DLL
0x0000000050380000 - 0x0000000050452000 	C:\Program Files\Java\jdk1.8.0_231\jre\bin\msvcr100.dll
0x00000000771b0000 - 0x0000000077a56000 	C:\Program Files\Java\jdk1.8.0_231\jre\bin\server\jvm.dll
0x00007ffe94500000 - 0x00007ffe94508000 	C:\Windows\System32\PSAPI.DLL
0x00007ffe88330000 - 0x00007ffe88339000 	C:\Windows\SYSTEM32\WSOCK32.dll
0x00007ffe952b0000 - 0x00007ffe9531f000 	C:\Windows\System32\WS2_32.dll
0x00007ffe89e40000 - 0x00007ffe89e64000 	C:\Windows\SYSTEM32\WINMM.dll
0x00007ffe8b5f0000 - 0x00007ffe8b5fa000 	C:\Windows\SYSTEM32\VERSION.dll
0x00007ffe89e10000 - 0x00007ffe89e3d000 	C:\Windows\SYSTEM32\WINMMBASE.dll
0x00007ffe92e40000 - 0x00007ffe92e8a000 	C:\Windows\System32\cfgmgr32.dll
0x00007ffe8c480000 - 0x00007ffe8c48f000 	C:\Program Files\Java\jdk1.8.0_231\jre\bin\verify.dll
0x00007ffe84900000 - 0x00007ffe84929000 	C:\Program Files\Java\jdk1.8.0_231\jre\bin\java.dll
0x00007ffe72f70000 - 0x00007ffe72f93000 	C:\Program Files\Java\jdk1.8.0_231\jre\bin\instrument.dll
0x00007ffe8bb80000 - 0x00007ffe8bb96000 	C:\Program Files\Java\jdk1.8.0_231\jre\bin\zip.dll
0x00007ffe94700000 - 0x00007ffe94de5000 	C:\Windows\System32\SHELL32.dll
0x00007ffe93cd0000 - 0x00007ffe93d79000 	C:\Windows\System32\shcore.dll
0x00007ffe92f90000 - 0x00007ffe93710000 	C:\Windows\System32\windows.storage.dll
0x00007ffe92ac0000 - 0x00007ffe92ae3000 	C:\Windows\System32\profapi.dll
0x00007ffe92a50000 - 0x00007ffe92a9a000 	C:\Windows\System32\powrprof.dll
0x00007ffe92a20000 - 0x00007ffe92a30000 	C:\Windows\System32\UMPDC.dll
0x00007ffe95a30000 - 0x00007ffe95a82000 	C:\Windows\System32\shlwapi.dll
0x00007ffe92aa0000 - 0x00007ffe92ab1000 	C:\Windows\System32\kernel.appcore.dll
0x00007ffe92e20000 - 0x00007ffe92e37000 	C:\Windows\System32\cryptsp.dll
0x00007ffe848c0000 - 0x00007ffe848da000 	C:\Program Files\JetBrains\IntelliJ IDEA 2020.1.1\bin\breakgen64.dll
0x00007ffe74e90000 - 0x00007ffe74eaa000 	C:\Program Files\Java\jdk1.8.0_231\jre\bin\net.dll
0x00007ffe92230000 - 0x00007ffe92297000 	C:\Windows\system32\mswsock.dll
0x00007ffe72fc0000 - 0x00007ffe72fd2000 	C:\Program Files\Java\jdk1.8.0_231\jre\bin\nio.dll
0x00007ffe89290000 - 0x00007ffe8929d000 	C:\Program Files\Java\jdk1.8.0_231\jre\bin\management.dll
0x00007ffe69170000 - 0x00007ffe69186000 	C:\Windows\system32\napinsp.dll
0x00007ffe66d80000 - 0x00007ffe66d9a000 	C:\Windows\system32\pnrpnsp.dll
0x00007ffe91f80000 - 0x00007ffe9204a000 	C:\Windows\SYSTEM32\DNSAPI.dll
0x00007ffe95a90000 - 0x00007ffe95a98000 	C:\Windows\System32\NSI.dll
0x00007ffe91f40000 - 0x00007ffe91f7a000 	C:\Windows\SYSTEM32\IPHLPAPI.DLL
0x00007ffe892a0000 - 0x00007ffe892ae000 	C:\Windows\System32\winrnr.dll
0x00007ffe8ebb0000 - 0x00007ffe8ebcc000 	C:\Windows\system32\NLAapi.dll
0x00007ffe8e0d0000 - 0x00007ffe8e0e5000 	C:\Windows\system32\wshbth.dll
0x00007ffe8a0f0000 - 0x00007ffe8a0fa000 	C:\Windows\System32\rasadhlp.dll
0x00007ffe8ab00000 - 0x00007ffe8ab77000 	C:\Windows\System32\fwpuclnt.dll
0x00007ffe937c0000 - 0x00007ffe937e6000 	C:\Windows\System32\bcrypt.dll

VM Arguments:
jvm_args: -ea -Didea.test.cyclic.buffer.size=1048576 -javaagent:C:\Program Files\JetBrains\IntelliJ IDEA 2020.1.1\lib\idea_rt.jar=61588:C:\Program Files\JetBrains\IntelliJ IDEA 2020.1.1\bin -Dfile.encoding=UTF-8 
java_command: com.intellij.rt.junit.JUnitStarter -ideVersion5 -junit4 cn.niit.group5.controller.Change,updateUrl
java_class_path (initial): C:\Program Files\JetBrains\IntelliJ IDEA 2020.1.1\lib\idea_rt.jar;C:\Program Files\JetBrains\IntelliJ IDEA 2020.1.1\plugins\junit\lib\junit5-rt.jar;C:\Program Files\JetBrains\IntelliJ IDEA 2020.1.1\plugins\junit\lib\junit-rt.jar;C:\Program Files\Java\jdk1.8.0_231\jre\lib\charsets.jar;C:\Program Files\Java\jdk1.8.0_231\jre\lib\deploy.jar;C:\Program Files\Java\jdk1.8.0_231\jre\lib\ext\access-bridge-64.jar;C:\Program Files\Java\jdk1.8.0_231\jre\lib\ext\cldrdata.jar;C:\Program Files\Java\jdk1.8.0_231\jre\lib\ext\dnsns.jar;C:\Program Files\Java\jdk1.8.0_231\jre\lib\ext\jaccess.jar;C:\Program Files\Java\jdk1.8.0_231\jre\lib\ext\jfxrt.jar;C:\Program Files\Java\jdk1.8.0_231\jre\lib\ext\localedata.jar;C:\Program Files\Java\jdk1.8.0_231\jre\lib\ext\nashorn.jar;C:\Program Files\Java\jdk1.8.0_231\jre\lib\ext\sunec.jar;C:\Program Files\Java\jdk1.8.0_231\jre\lib\ext\sunjce_provider.jar;C:\Program Files\Java\jdk1.8.0_231\jre\lib\ext\sunmscapi.jar;C:\Program Files\Java\jdk1.8.0_231\jre\lib\ext\sunpkcs11.jar;C:\Program Files\Java\jdk1.8.0_231\jre\lib\ext\zipfs.jar;C:\Program Files\Java\jdk1.8.0_231\jre\lib\javaws.jar;C:\Program Files\Java\jdk1.8.0_231\jre\lib\jce.jar;C:\Program Files\Java\jdk1.8.0_231\jre\lib\jfr.jar;C:\Program Files\Java\jdk1.8.0_231\jre\lib\jfxswt.jar;C:\Program Files\Java\jdk1.8.0_231\jre\lib\jsse.jar;C:\Program Files\Java\jdk1.8.0_231\jre\lib\management-agent.jar;C:\Program Files\Java\jdk1.8.0_231\jre\lib\plugin.jar;C:\Program Files\Java\jdk1.8.0_231\jre\lib\resources.jar;C:\Program Files\Java\jdk1.8.0_231\jre\lib\rt.jar;D:\农技耘\group5-api\group5\target\test-classes;D:\农技耘\group5-api\group5\target\classes;C:\Users\PAN-B\.m2\repository\org\springframework\boot\spring-boot-starter-web\2.1.4.RELEASE\spring-boot-starter-web-2.1.4.RELEASE.jar;C:\Users\PAN-B\.m2\repository\org\springframework\boot\spring-boot-starter\2.1.4.RELEASE\spring-boot-starter-2.1.4.RELEASE.jar;C:\Users\PAN-B\.m2\repository\org\springframework\boot\spring-boot\
Launcher Type: SUN_STANDARD

Environment Variables:
JAVA_HOME=C:\Program Files\Java\jdk1.8.0_231
CLASSPATH=.;C:\Program Files\Java\jdk1.8.0_231\lib\dt.jar;C:\Program Files\Java\jdk1.8.0_231\lib\tools.jar;
PATH=C:\Program Files (x86)\Common Files\Oracle\Java\javapath;C:\Program Files (x86)\NetSarang\Xshell 6\;C:\Program Files (x86)\NetSarang\Xftp 6\;C:\Windows\system32;C:\Windows;C:\Windows\System32\Wbem;C:\Windows\System32\WindowsPowerShell\v1.0\;C:\Windows\System32\OpenSSH\;C:\Program Files\Java\jdk1.8.0_231\bin;C:\Program Files\Java\jdk1.8.0_231\jre\bin;D:\maven\apache-maven-3.6.3\bin;C:\Program Files\MySQL\MySQL Server 8.0\bin;C:\Program Files\Git\cmd;C:\Program Files\Redis\;C:\Program Files\nodejs\;C:\Users\PAN-B\AppData\Local\Microsoft\WindowsApps;C:\Program Files\JetBrains\IntelliJ IDEA 2020.1.1\bin;C:\Users\PAN-B\AppData\Roaming\npm
USERNAME=PAN-B
OS=Windows_NT
PROCESSOR_IDENTIFIER=Intel64 Family 6 Model 142 Stepping 9, GenuineIntel



---------------  S Y S T E M  ---------------

OS: Windows 10.0 , 64 bit Build 18362 (10.0.18362.778)

CPU:total 4 (initial active 4) (2 cores per cpu, 2 threads per core) family 6 model 142 stepping 9, cmov, cx8, fxsr, mmx, sse, sse2, sse3, ssse3, sse4.1, sse4.2, popcnt, avx, avx2, aes, clmul, erms, 3dnowpref, lzcnt, ht, tsc, tscinvbit, bmi1, bmi2, adx

Memory: 4k page, physical 4074596k(273660k free), swap 13959904k(2708k free)

vm_info: Java HotSpot(TM) 64-Bit Server VM (25.231-b11) for windows-amd64 JRE (1.8.0_231-b11), built on Oct  5 2019 03:11:30 by "java_re" with MS VC++ 10.0 (VS2010)

time: Tue May 12 23:15:10 2020
timezone: 中国标准时间
elapsed time: 14 seconds (0d 0h 0m 14s)

