#
# There is insufficient memory for the Java Runtime Environment to continue.
# Native memory allocation (malloc) failed to allocate 32744 bytes for ChunkPool::allocate
# Possible reasons:
#   The system is out of physical RAM or swap space
#   The process is running with CompressedOops enabled, and the Java Heap may be blocking the growth of the native heap
# Possible solutions:
#   Reduce memory load on the system
#   Increase physical memory or swap space
#   Check if swap backing store is full
#   Decrease Java heap size (-Xmx/-Xms)
#   Decrease number of Java threads
#   Decrease Java thread stack sizes (-Xss)
#   Set larger code cache with -XX:ReservedCodeCacheSize=
#   JVM is running with Unscaled Compressed Oops mode in which the Java heap is
#     placed in the first 4GB address space. The Java Heap base address is the
#     maximum limit for the native heap growth. Please use -XX:HeapBaseMinAddress
#     to set the Java Heap base and to place the Java Heap above 4GB virtual address.
# This output file may be truncated or incomplete.
#
#  Out of Memory Error (allocation.cpp:272), pid=1364, tid=0x0000000000002c98
#
# JRE version: Java(TM) SE Runtime Environment (8.0_231-b11) (build 1.8.0_231-b11)
# Java VM: Java HotSpot(TM) 64-Bit Server VM (25.231-b11 mixed mode windows-amd64 compressed oops)
# Failed to write core dump. Minidumps are not enabled by default on client versions of Windows
#

---------------  T H R E A D  ---------------

Current thread (0x0000000015b77000):  JavaThread "C2 CompilerThread1" daemon [_thread_in_native, id=11416, stack(0x00000000176f0000,0x00000000177f0000)]

Stack: [0x00000000176f0000,0x00000000177f0000]
[error occurred during error reporting (printing stack bounds), id 0xc0000005]

Native frames: (J=compiled Java code, j=interpreted, Vv=VM code, C=native code)


Current CompileTask:
C2:   7598 1813       4       org.springframework.core.annotation.AnnotationUtils::adaptValue (182 bytes)


---------------  P R O C E S S  ---------------

Java Threads: ( => current thread )
  0x0000000016f84000 JavaThread "Service Thread" daemon [_thread_blocked, id=3216, stack(0x00000000178f0000,0x00000000179f0000)]
  0x0000000016f6c000 JavaThread "C1 CompilerThread2" daemon [_thread_blocked, id=15096, stack(0x00000000177f0000,0x00000000178f0000)]
=>0x0000000015b77000 JavaThread "C2 CompilerThread1" daemon [_thread_in_native, id=11416, stack(0x00000000176f0000,0x00000000177f0000)]
  0x0000000015b74800 JavaThread "C2 CompilerThread0" daemon [_thread_in_native, id=6268, stack(0x00000000175f0000,0x00000000176f0000)]
  0x0000000015b73000 JavaThread "Monitor Ctrl-Break" daemon [_thread_in_native, id=12580, stack(0x00000000174f0000,0x00000000175f0000)]
  0x0000000015b59000 JavaThread "Attach Listener" daemon [_thread_blocked, id=19440, stack(0x00000000173f0000,0x00000000174f0000)]
  0x0000000015b2e800 JavaThread "Signal Dispatcher" daemon [_thread_blocked, id=7148, stack(0x00000000172f0000,0x00000000173f0000)]
  0x0000000015b1a000 JavaThread "Finalizer" daemon [_thread_blocked, id=12608, stack(0x0000000016d90000,0x0000000016e90000)]
  0x0000000003458000 JavaThread "Reference Handler" daemon [_thread_blocked, id=15172, stack(0x0000000016c90000,0x0000000016d90000)]
  0x0000000003362800 JavaThread "main" [_thread_in_native, id=1352, stack(0x0000000003260000,0x0000000003360000)]

Other Threads:
  0x0000000015af8000 VMThread [stack: 0x0000000016b90000,0x0000000016c90000] [id=11396]
  0x0000000016fd9800 WatcherThread [stack: 0x00000000179f0000,0x0000000017af0000] [id=6336]

VM state:not at safepoint (normal execution)

VM Mutex/Monitor currently owned by a thread: None

heap address: 0x00000000c1c00000, size: 996 MB, Compressed Oops mode: 32-bit
Narrow klass base: 0x0000000000000000, Narrow klass shift: 3
Compressed class space size: 1073741824 Address: 0x0000000100000000

Heap:
 PSYoungGen      total 113664K, used 20877K [0x00000000eb400000, 0x00000000f3f00000, 0x0000000100000000)
  eden space 107520K, 13% used [0x00000000eb400000,0x00000000ec268988,0x00000000f1d00000)
  from space 6144K, 99% used [0x00000000f3900000,0x00000000f3efaaf0,0x00000000f3f00000)
  to   space 7680K, 0% used [0x00000000f3000000,0x00000000f3000000,0x00000000f3780000)
 ParOldGen       total 34304K, used 11063K [0x00000000c1c00000, 0x00000000c3d80000, 0x00000000eb400000)
  object space 34304K, 32% used [0x00000000c1c00000,0x00000000c26cdf68,0x00000000c3d80000)
 Metaspace       used 24832K, capacity 25660K, committed 25984K, reserved 1071104K
  class space    used 3173K, capacity 3366K, committed 3456K, reserved 1048576K

Card table byte_map: [0x0000000012920000,0x0000000012b20000] byte_map_base: 0x0000000012312000

Marking Bits: (ParMarkBitMap*) 0x00000000779d6d90
 Begin Bits: [0x0000000013070000, 0x0000000014000000)
 End Bits:   [0x0000000014000000, 0x0000000014f90000)

Polling page: 0x0000000001570000

CodeCache: size=245760Kb used=8761Kb max_used=8761Kb free=236998Kb
 bounds [0x0000000003560000, 0x0000000003e00000, 0x0000000012560000]
 total_blobs=2820 nmethods=2421 adapters=311
 compilation: enabled

Compilation events (10 events):
Event: 7.110 Thread 0x0000000016f6c000 2432   !   2       sun.reflect.GeneratedMethodAccessor8::invoke (63 bytes)
Event: 7.111 Thread 0x0000000016f6c000 nmethod 2432 0x0000000003ded750 code [0x0000000003ded940, 0x0000000003dedfc8]
Event: 7.111 Thread 0x0000000016f6c000 2433   !   2       sun.reflect.GeneratedMethodAccessor9::invoke (63 bytes)
Event: 7.112 Thread 0x0000000016f6c000 nmethod 2433 0x0000000003dee5d0 code [0x0000000003dee7c0, 0x0000000003deee48]
Event: 7.112 Thread 0x0000000016f6c000 2434   !   2       sun.reflect.GeneratedMethodAccessor10::invoke (63 bytes)
Event: 7.113 Thread 0x0000000016f6c000 nmethod 2434 0x0000000003def450 code [0x0000000003def640, 0x0000000003defcc8]
Event: 7.113 Thread 0x0000000016f6c000 2435   !   2       sun.reflect.GeneratedMethodAccessor11::invoke (63 bytes)
Event: 7.114 Thread 0x0000000016f6c000 nmethod 2435 0x0000000003df02d0 code [0x0000000003df04c0, 0x0000000003df0b48]
Event: 7.114 Thread 0x0000000016f6c000 2436   !   2       sun.reflect.GeneratedMethodAccessor12::invoke (63 bytes)
Event: 7.114 Thread 0x0000000016f6c000 nmethod 2436 0x0000000003df1150 code [0x0000000003df1340, 0x0000000003df19c8]

GC Heap History (10 events):
Event: 3.923 GC heap before
{Heap before GC invocations=5 (full 0):
 PSYoungGen      total 35328K, used 35320K [0x00000000eb400000, 0x00000000ed900000, 0x0000000100000000)
  eden space 32768K, 100% used [0x00000000eb400000,0x00000000ed400000,0x00000000ed400000)
  from space 2560K, 99% used [0x00000000ed680000,0x00000000ed8fe030,0x00000000ed900000)
  to   space 2560K, 0% used [0x00000000ed400000,0x00000000ed400000,0x00000000ed680000)
 ParOldGen       total 44032K, used 3431K [0x00000000c1c00000, 0x00000000c4700000, 0x00000000eb400000)
  object space 44032K, 7% used [0x00000000c1c00000,0x00000000c1f59f80,0x00000000c4700000)
 Metaspace       used 15454K, capacity 16098K, committed 16256K, reserved 1062912K
  class space    used 1952K, capacity 2083K, committed 2176K, reserved 1048576K
Event: 3.934 GC heap after
Heap after GC invocations=5 (full 0):
 PSYoungGen      total 35328K, used 2528K [0x00000000eb400000, 0x00000000eff00000, 0x0000000100000000)
  eden space 32768K, 0% used [0x00000000eb400000,0x00000000eb400000,0x00000000ed400000)
  from space 2560K, 98% used [0x00000000ed400000,0x00000000ed6783e8,0x00000000ed680000)
  to   space 5632K, 0% used [0x00000000ef980000,0x00000000ef980000,0x00000000eff00000)
 ParOldGen       total 44032K, used 6451K [0x00000000c1c00000, 0x00000000c4700000, 0x00000000eb400000)
  object space 44032K, 14% used [0x00000000c1c00000,0x00000000c224ccd0,0x00000000c4700000)
 Metaspace       used 15454K, capacity 16098K, committed 16256K, reserved 1062912K
  class space    used 1952K, capacity 2083K, committed 2176K, reserved 1048576K
}
Event: 4.451 GC heap before
{Heap before GC invocations=6 (full 0):
 PSYoungGen      total 35328K, used 35296K [0x00000000eb400000, 0x00000000eff00000, 0x0000000100000000)
  eden space 32768K, 100% used [0x00000000eb400000,0x00000000ed400000,0x00000000ed400000)
  from space 2560K, 98% used [0x00000000ed400000,0x00000000ed6783e8,0x00000000ed680000)
  to   space 5632K, 0% used [0x00000000ef980000,0x00000000ef980000,0x00000000eff00000)
 ParOldGen       total 44032K, used 6451K [0x00000000c1c00000, 0x00000000c4700000, 0x00000000eb400000)
  object space 44032K, 14% used [0x00000000c1c00000,0x00000000c224ccd0,0x00000000c4700000)
 Metaspace       used 17889K, capacity 18544K, committed 18688K, reserved 1064960K
  class space    used 2341K, capacity 2486K, committed 2560K, reserved 1048576K
Event: 4.461 GC heap after
Heap after GC invocations=6 (full 0):
 PSYoungGen      total 70656K, used 5409K [0x00000000eb400000, 0x00000000f0000000, 0x0000000100000000)
  eden space 65024K, 0% used [0x00000000eb400000,0x00000000eb400000,0x00000000ef380000)
  from space 5632K, 96% used [0x00000000ef980000,0x00000000efec84b0,0x00000000eff00000)
  to   space 6144K, 0% used [0x00000000ef380000,0x00000000ef380000,0x00000000ef980000)
 ParOldGen       total 44032K, used 6459K [0x00000000c1c00000, 0x00000000c4700000, 0x00000000eb400000)
  object space 44032K, 14% used [0x00000000c1c00000,0x00000000c224ecd0,0x00000000c4700000)
 Metaspace       used 17889K, capacity 18544K, committed 18688K, reserved 1064960K
  class space    used 2341K, capacity 2486K, committed 2560K, reserved 1048576K
}
Event: 4.831 GC heap before
{Heap before GC invocations=7 (full 0):
 PSYoungGen      total 70656K, used 29017K [0x00000000eb400000, 0x00000000f0000000, 0x0000000100000000)
  eden space 65024K, 36% used [0x00000000eb400000,0x00000000ecb0e1a8,0x00000000ef380000)
  from space 5632K, 96% used [0x00000000ef980000,0x00000000efec84b0,0x00000000eff00000)
  to   space 6144K, 0% used [0x00000000ef380000,0x00000000ef380000,0x00000000ef980000)
 ParOldGen       total 44032K, used 6459K [0x00000000c1c00000, 0x00000000c4700000, 0x00000000eb400000)
  object space 44032K, 14% used [0x00000000c1c00000,0x00000000c224ecd0,0x00000000c4700000)
 Metaspace       used 20431K, capacity 21132K, committed 21248K, reserved 1067008K
  class space    used 2609K, capacity 2770K, committed 2816K, reserved 1048576K
Event: 4.855 GC heap after
Heap after GC invocations=7 (full 0):
 PSYoungGen      total 71168K, used 4589K [0x00000000eb400000, 0x00000000f3f00000, 0x0000000100000000)
  eden space 65024K, 0% used [0x00000000eb400000,0x00000000eb400000,0x00000000ef380000)
  from space 6144K, 74% used [0x00000000ef380000,0x00000000ef7fb548,0x00000000ef980000)
  to   space 6144K, 0% used [0x00000000f3900000,0x00000000f3900000,0x00000000f3f00000)
 ParOldGen       total 44032K, used 7894K [0x00000000c1c00000, 0x00000000c4700000, 0x00000000eb400000)
  object space 44032K, 17% used [0x00000000c1c00000,0x00000000c23b5bb8,0x00000000c4700000)
 Metaspace       used 20431K, capacity 21132K, committed 21248K, reserved 1067008K
  class space    used 2609K, capacity 2770K, committed 2816K, reserved 1048576K
}
Event: 4.855 GC heap before
{Heap before GC invocations=8 (full 1):
 PSYoungGen      total 71168K, used 4589K [0x00000000eb400000, 0x00000000f3f00000, 0x0000000100000000)
  eden space 65024K, 0% used [0x00000000eb400000,0x00000000eb400000,0x00000000ef380000)
  from space 6144K, 74% used [0x00000000ef380000,0x00000000ef7fb548,0x00000000ef980000)
  to   space 6144K, 0% used [0x00000000f3900000,0x00000000f3900000,0x00000000f3f00000)
 ParOldGen       total 44032K, used 7894K [0x00000000c1c00000, 0x00000000c4700000, 0x00000000eb400000)
  object space 44032K, 17% used [0x00000000c1c00000,0x00000000c23b5bb8,0x00000000c4700000)
 Metaspace       used 20431K, capacity 21132K, committed 21248K, reserved 1067008K
  class space    used 2609K, capacity 2770K, committed 2816K, reserved 1048576K
Event: 4.916 GC heap after
Heap after GC invocations=8 (full 1):
 PSYoungGen      total 71168K, used 0K [0x00000000eb400000, 0x00000000f3f00000, 0x0000000100000000)
  eden space 65024K, 0% used [0x00000000eb400000,0x00000000eb400000,0x00000000ef380000)
  from space 6144K, 0% used [0x00000000ef380000,0x00000000ef380000,0x00000000ef980000)
  to   space 6144K, 0% used [0x00000000f3900000,0x00000000f3900000,0x00000000f3f00000)
 ParOldGen       total 34304K, used 9341K [0x00000000c1c00000, 0x00000000c3d80000, 0x00000000eb400000)
  object space 34304K, 27% used [0x00000000c1c00000,0x00000000c251f7c8,0x00000000c3d80000)
 Metaspace       used 20431K, capacity 21132K, committed 21248K, reserved 1067008K
  class space    used 2609K, capacity 2770K, committed 2816K, reserved 1048576K
}
Event: 6.835 GC heap before
{Heap before GC invocations=9 (full 1):
 PSYoungGen      total 71168K, used 65024K [0x00000000eb400000, 0x00000000f3f00000, 0x0000000100000000)
  eden space 65024K, 100% used [0x00000000eb400000,0x00000000ef380000,0x00000000ef380000)
  from space 6144K, 0% used [0x00000000ef380000,0x00000000ef380000,0x00000000ef980000)
  to   space 6144K, 0% used [0x00000000f3900000,0x00000000f3900000,0x00000000f3f00000)
 ParOldGen       total 34304K, used 9341K [0x00000000c1c00000, 0x00000000c3d80000, 0x00000000eb400000)
  object space 34304K, 27% used [0x00000000c1c00000,0x00000000c251f7c8,0x00000000c3d80000)
 Metaspace       used 24362K, capacity 25148K, committed 25344K, reserved 1071104K
  class space    used 3106K, capacity 3302K, committed 3328K, reserved 1048576K
Event: 6.857 GC heap after
Heap after GC invocations=9 (full 1):
 PSYoungGen      total 113664K, used 6122K [0x00000000eb400000, 0x00000000f3f00000, 0x0000000100000000)
  eden space 107520K, 0% used [0x00000000eb400000,0x00000000eb400000,0x00000000f1d00000)
  from space 6144K, 99% used [0x00000000f3900000,0x00000000f3efaaf0,0x00000000f3f00000)
  to   space 7680K, 0% used [0x00000000f3000000,0x00000000f3000000,0x00000000f3780000)
 ParOldGen       total 34304K, used 11063K [0x00000000c1c00000, 0x00000000c3d80000, 0x00000000eb400000)
  object space 34304K, 32% used [0x00000000c1c00000,0x00000000c26cdf68,0x00000000c3d80000)
 Metaspace       used 24362K, capacity 25148K, committed 25344K, reserved 1071104K
  class space    used 3106K, capacity 3302K, committed 3328K, reserved 1048576K
}

Deoptimization events (10 events):
Event: 4.952 Thread 0x0000000003362800 Uncommon trap: reason=array_check action=maybe_recompile pc=0x0000000003b7879c method=sun.reflect.annotation.AnnotationParser.parseAnnotationArray(ILjava/lang/Class;Ljava/nio/ByteBuffer;Lsun/reflect/ConstantPool;Ljava/lang/Class;)Ljava/lang/Object; @ 53
Event: 5.349 Thread 0x00000000184c1800 Uncommon trap: reason=unstable_if action=reinterpret pc=0x0000000003a7dce4 method=jdk.internal.org.objectweb.asm.Type.getArgumentsAndReturnSizes(Ljava/lang/String;)I @ 47
Event: 5.442 Thread 0x00000000184c1800 Uncommon trap: reason=unstable_if action=reinterpret pc=0x0000000003b9ac08 method=java.util.LinkedHashMap.get(Ljava/lang/Object;)Ljava/lang/Object; @ 20
Event: 5.442 Thread 0x00000000184c1800 Uncommon trap: reason=unstable_if action=reinterpret pc=0x0000000003bac0d8 method=java.util.LinkedHashMap.afterNodeAccess(Ljava/util/HashMap$Node;)V @ 4
Event: 5.875 Thread 0x0000000003362800 Uncommon trap: reason=class_check action=maybe_recompile pc=0x0000000003c86228 method=org.springframework.asm.ClassReader.readCode(Lorg/springframework/asm/MethodVisitor;Lorg/springframework/asm/Context;I)V @ 3295
Event: 5.880 Thread 0x0000000003362800 Uncommon trap: reason=class_check action=maybe_recompile pc=0x0000000003c86228 method=org.springframework.asm.ClassReader.readCode(Lorg/springframework/asm/MethodVisitor;Lorg/springframework/asm/Context;I)V @ 3295
Event: 5.889 Thread 0x0000000003362800 Uncommon trap: reason=class_check action=maybe_recompile pc=0x0000000003c86228 method=org.springframework.asm.ClassReader.readCode(Lorg/springframework/asm/MethodVisitor;Lorg/springframework/asm/Context;I)V @ 3295
Event: 5.891 Thread 0x0000000003362800 Uncommon trap: reason=class_check action=maybe_recompile pc=0x0000000003c86228 method=org.springframework.asm.ClassReader.readCode(Lorg/springframework/asm/MethodVisitor;Lorg/springframework/asm/Context;I)V @ 3295
Event: 6.723 Thread 0x0000000003362800 Uncommon trap: reason=unstable_if action=reinterpret pc=0x0000000003994bf4 method=org.springframework.asm.ClassReader.readUtf(II[C)Ljava/lang/String; @ 69
Event: 6.723 Thread 0x0000000003362800 Uncommon trap: reason=unstable_if action=reinterpret pc=0x000000000392399c method=org.springframework.asm.ClassReader.readUtf(II[C)Ljava/lang/String; @ 69

Classes redefined (0 events):
No events

Internal exceptions (10 events):
Event: 4.589 Thread 0x0000000003362800 Exception <a 'java/lang/ClassNotFoundException': org/springframework/beans/factory/config/BeanFactoryPostProcessorCustomizer> (0x00000000ebd8dad8) thrown at [C:\re\workspace\8-2-build-windows-amd64-cygwin\jdk8u231\13620\hotspot\src\share\vm\classfile\syst
Event: 4.589 Thread 0x0000000003362800 Exception <a 'java/lang/ClassNotFoundException': org/springframework/core/PriorityOrderedCustomizer> (0x00000000ebdab718) thrown at [C:\re\workspace\8-2-build-windows-amd64-cygwin\jdk8u231\13620\hotspot\src\share\vm\classfile\systemDictionary.cpp, line 21
Event: 4.590 Thread 0x0000000003362800 Exception <a 'java/lang/ClassNotFoundException': org/springframework/core/OrderedCustomizer> (0x00000000ebdc5588) thrown at [C:\re\workspace\8-2-build-windows-amd64-cygwin\jdk8u231\13620\hotspot\src\share\vm\classfile\systemDictionary.cpp, line 210]
Event: 4.591 Thread 0x0000000003362800 Exception <a 'java/lang/ClassNotFoundException': org/springframework/context/ResourceLoaderAwareCustomizer> (0x00000000ebde61b8) thrown at [C:\re\workspace\8-2-build-windows-amd64-cygwin\jdk8u231\13620\hotspot\src\share\vm\classfile\systemDictionary.cpp, 
Event: 4.592 Thread 0x0000000003362800 Exception <a 'java/lang/ClassNotFoundException': org/springframework/beans/factory/AwareCustomizer> (0x00000000ebe04428) thrown at [C:\re\workspace\8-2-build-windows-amd64-cygwin\jdk8u231\13620\hotspot\src\share\vm\classfile\systemDictionary.cpp, line 210
Event: 4.593 Thread 0x0000000003362800 Exception <a 'java/lang/ClassNotFoundException': org/springframework/beans/factory/BeanClassLoaderAwareCustomizer> (0x00000000ebe27508) thrown at [C:\re\workspace\8-2-build-windows-amd64-cygwin\jdk8u231\13620\hotspot\src\share\vm\classfile\systemDictionar
Event: 4.594 Thread 0x0000000003362800 Exception <a 'java/lang/ClassNotFoundException': org/springframework/beans/factory/AwareCustomizer> (0x00000000ebe456f8) thrown at [C:\re\workspace\8-2-build-windows-amd64-cygwin\jdk8u231\13620\hotspot\src\share\vm\classfile\systemDictionary.cpp, line 210
Event: 4.597 Thread 0x0000000003362800 Exception <a 'java/lang/ClassNotFoundException': org/springframework/context/EnvironmentAwareCustomizer> (0x00000000ebe64518) thrown at [C:\re\workspace\8-2-build-windows-amd64-cygwin\jdk8u231\13620\hotspot\src\share\vm\classfile\systemDictionary.cpp, lin
Event: 4.598 Thread 0x0000000003362800 Exception <a 'java/lang/ClassNotFoundException': org/springframework/beans/factory/AwareCustomizer> (0x00000000ebe825e8) thrown at [C:\re\workspace\8-2-build-windows-amd64-cygwin\jdk8u231\13620\hotspot\src\share\vm\classfile\systemDictionary.cpp, line 210
Event: 5.355 Thread 0x00000000184c1800 Exception <a 'java/lang/IncompatibleClassChangeError': Found class java.lang.Object, but interface was expected> (0x00000000ecf48e38) thrown at [C:\re\workspace\8-2-build-windows-amd64-cygwin\jdk8u231\13620\hotspot\src\share\vm\interpreter\linkResolver.cp

Events (10 events):
Event: 6.974 loading class org/joda/time$LocalDate done
Event: 6.993 loading class org/springframework/boot/autoconfigure/BackgroundPreinitializer$CharsetInitializer
Event: 6.993 loading class org/springframework/boot/autoconfigure/BackgroundPreinitializer$CharsetInitializer done
Event: 6.993 loading class com/google/common/annotations/GwtCompatible
Event: 6.993 loading class com/google/common/annotations/GwtCompatible done
Event: 6.994 Thread 0x00000000184c1800 Thread exited: 0x00000000184c1800
Event: 6.994 loading class com/google/errorprone/annotations/CanIgnoreReturnValue
Event: 6.994 loading class com/google/errorprone/annotations/CanIgnoreReturnValue done
Event: 7.000 loading class javax/annotation/Nonnull
Event: 7.000 loading class javax/annotation/Nonnull done


Dynamic libraries:
0x00007ff7debc0000 - 0x00007ff7debf7000 	C:\Program Files\Java\jdk1.8.0_231\bin\java.exe
0x00007ffe95b60000 - 0x00007ffe95d50000 	C:\Windows\SYSTEM32\ntdll.dll
0x00007ffe95660000 - 0x00007ffe95712000 	C:\Windows\System32\KERNEL32.DLL
0x00007ffe92af0000 - 0x00007ffe92d93000 	C:\Windows\System32\KERNELBASE.dll
0x00007ffe95320000 - 0x00007ffe953c3000 	C:\Windows\System32\ADVAPI32.dll
0x00007ffe94460000 - 0x00007ffe944fe000 	C:\Windows\System32\msvcrt.dll
0x00007ffe94540000 - 0x00007ffe945d7000 	C:\Windows\System32\sechost.dll
0x00007ffe945e0000 - 0x00007ffe94700000 	C:\Windows\System32\RPCRT4.dll
0x00007ffe93d80000 - 0x00007ffe93f14000 	C:\Windows\System32\USER32.dll
0x00007ffe93a40000 - 0x00007ffe93a61000 	C:\Windows\System32\win32u.dll
0x00007ffe95280000 - 0x00007ffe952a6000 	C:\Windows\System32\GDI32.dll
0x00007ffe93a70000 - 0x00007ffe93c04000 	C:\Windows\System32\gdi32full.dll
0x00007ffe937f0000 - 0x00007ffe9388e000 	C:\Windows\System32\msvcp_win.dll
0x00007ffe92e90000 - 0x00007ffe92f8a000 	C:\Windows\System32\ucrtbase.dll
0x00007ffe7b730000 - 0x00007ffe7b9b5000 	C:\Windows\WinSxS\amd64_microsoft.windows.common-controls_6595b64144ccf1df_6.0.18362.778_none_e6c6b761130d4fb8\COMCTL32.dll
0x00007ffe94ec0000 - 0x00007ffe951f6000 	C:\Windows\System32\combase.dll
0x00007ffe92da0000 - 0x00007ffe92e20000 	C:\Windows\System32\bcryptPrimitives.dll
0x00007ffe94510000 - 0x00007ffe9453e000 	C:\Windows\System32\IMM32.DLL
0x0000000050380000 - 0x0000000050452000 	C:\Program Files\Java\jdk1.8.0_231\jre\bin\msvcr100.dll
0x00000000771b0000 - 0x0000000077a56000 	C:\Program Files\Java\jdk1.8.0_231\jre\bin\server\jvm.dll
0x00007ffe94500000 - 0x00007ffe94508000 	C:\Windows\System32\PSAPI.DLL
0x00007ffe88330000 - 0x00007ffe88339000 	C:\Windows\SYSTEM32\WSOCK32.dll
0x00007ffe952b0000 - 0x00007ffe9531f000 	C:\Windows\System32\WS2_32.dll
0x00007ffe89e40000 - 0x00007ffe89e64000 	C:\Windows\SYSTEM32\WINMM.dll
0x00007ffe8b5f0000 - 0x00007ffe8b5fa000 	C:\Windows\SYSTEM32\VERSION.dll
0x00007ffe89e10000 - 0x00007ffe89e3d000 	C:\Windows\SYSTEM32\WINMMBASE.dll
0x00007ffe92e40000 - 0x00007ffe92e8a000 	C:\Windows\System32\cfgmgr32.dll
0x00007ffe8c480000 - 0x00007ffe8c48f000 	C:\Program Files\Java\jdk1.8.0_231\jre\bin\verify.dll
0x00007ffe84900000 - 0x00007ffe84929000 	C:\Program Files\Java\jdk1.8.0_231\jre\bin\java.dll
0x00007ffe79410000 - 0x00007ffe79433000 	C:\Program Files\Java\jdk1.8.0_231\jre\bin\instrument.dll
0x00007ffe8bb80000 - 0x00007ffe8bb96000 	C:\Program Files\Java\jdk1.8.0_231\jre\bin\zip.dll
0x00007ffe94700000 - 0x00007ffe94de5000 	C:\Windows\System32\SHELL32.dll
0x00007ffe93cd0000 - 0x00007ffe93d79000 	C:\Windows\System32\shcore.dll
0x00007ffe92f90000 - 0x00007ffe93710000 	C:\Windows\System32\windows.storage.dll
0x00007ffe92ac0000 - 0x00007ffe92ae3000 	C:\Windows\System32\profapi.dll
0x00007ffe92a50000 - 0x00007ffe92a9a000 	C:\Windows\System32\powrprof.dll
0x00007ffe92a20000 - 0x00007ffe92a30000 	C:\Windows\System32\UMPDC.dll
0x00007ffe95a30000 - 0x00007ffe95a82000 	C:\Windows\System32\shlwapi.dll
0x00007ffe92aa0000 - 0x00007ffe92ab1000 	C:\Windows\System32\kernel.appcore.dll
0x00007ffe92e20000 - 0x00007ffe92e37000 	C:\Windows\System32\cryptsp.dll
0x00007ffe84b40000 - 0x00007ffe84b5a000 	C:\Program Files\JetBrains\IntelliJ IDEA 2020.1.1\bin\breakgen64.dll
0x00007ffe7de00000 - 0x00007ffe7de1a000 	C:\Program Files\Java\jdk1.8.0_231\jre\bin\net.dll
0x00007ffe92230000 - 0x00007ffe92297000 	C:\Windows\system32\mswsock.dll
0x00007ffe7ce40000 - 0x00007ffe7ce52000 	C:\Program Files\Java\jdk1.8.0_231\jre\bin\nio.dll
0x00007ffe89f40000 - 0x00007ffe89f4d000 	C:\Program Files\Java\jdk1.8.0_231\jre\bin\management.dll
0x00007ffe69170000 - 0x00007ffe69186000 	C:\Windows\system32\napinsp.dll
0x00007ffe66d80000 - 0x00007ffe66d9a000 	C:\Windows\system32\pnrpnsp.dll
0x00007ffe91f80000 - 0x00007ffe9204a000 	C:\Windows\SYSTEM32\DNSAPI.dll
0x00007ffe95a90000 - 0x00007ffe95a98000 	C:\Windows\System32\NSI.dll
0x00007ffe91f40000 - 0x00007ffe91f7a000 	C:\Windows\SYSTEM32\IPHLPAPI.DLL
0x00007ffe892a0000 - 0x00007ffe892ae000 	C:\Windows\System32\winrnr.dll
0x00007ffe8ebb0000 - 0x00007ffe8ebcc000 	C:\Windows\system32\NLAapi.dll
0x00007ffe8e0d0000 - 0x00007ffe8e0e5000 	C:\Windows\system32\wshbth.dll
0x00007ffe8a0f0000 - 0x00007ffe8a0fa000 	C:\Windows\System32\rasadhlp.dll
0x00007ffe8ab00000 - 0x00007ffe8ab77000 	C:\Windows\System32\fwpuclnt.dll
0x00007ffe937c0000 - 0x00007ffe937e6000 	C:\Windows\System32\bcrypt.dll

VM Arguments:
jvm_args: -ea -Didea.test.cyclic.buffer.size=1048576 -javaagent:C:\Program Files\JetBrains\IntelliJ IDEA 2020.1.1\lib\idea_rt.jar=61027:C:\Program Files\JetBrains\IntelliJ IDEA 2020.1.1\bin -Dfile.encoding=UTF-8 
java_command: com.intellij.rt.junit.JUnitStarter -ideVersion5 -junit4 cn.niit.group5.controller.Change,updateUrl
java_class_path (initial): C:\Program Files\JetBrains\IntelliJ IDEA 2020.1.1\lib\idea_rt.jar;C:\Program Files\JetBrains\IntelliJ IDEA 2020.1.1\plugins\junit\lib\junit5-rt.jar;C:\Program Files\JetBrains\IntelliJ IDEA 2020.1.1\plugins\junit\lib\junit-rt.jar;C:\Program Files\Java\jdk1.8.0_231\jre\lib\charsets.jar;C:\Program Files\Java\jdk1.8.0_231\jre\lib\deploy.jar;C:\Program Files\Java\jdk1.8.0_231\jre\lib\ext\access-bridge-64.jar;C:\Program Files\Java\jdk1.8.0_231\jre\lib\ext\cldrdata.jar;C:\Program Files\Java\jdk1.8.0_231\jre\lib\ext\dnsns.jar;C:\Program Files\Java\jdk1.8.0_231\jre\lib\ext\jaccess.jar;C:\Program Files\Java\jdk1.8.0_231\jre\lib\ext\jfxrt.jar;C:\Program Files\Java\jdk1.8.0_231\jre\lib\ext\localedata.jar;C:\Program Files\Java\jdk1.8.0_231\jre\lib\ext\nashorn.jar;C:\Program Files\Java\jdk1.8.0_231\jre\lib\ext\sunec.jar;C:\Program Files\Java\jdk1.8.0_231\jre\lib\ext\sunjce_provider.jar;C:\Program Files\Java\jdk1.8.0_231\jre\lib\ext\sunmscapi.jar;C:\Program Files\Java\jdk1.8.0_231\jre\lib\ext\sunpkcs11.jar;C:\Program Files\Java\jdk1.8.0_231\jre\lib\ext\zipfs.jar;C:\Program Files\Java\jdk1.8.0_231\jre\lib\javaws.jar;C:\Program Files\Java\jdk1.8.0_231\jre\lib\jce.jar;C:\Program Files\Java\jdk1.8.0_231\jre\lib\jfr.jar;C:\Program Files\Java\jdk1.8.0_231\jre\lib\jfxswt.jar;C:\Program Files\Java\jdk1.8.0_231\jre\lib\jsse.jar;C:\Program Files\Java\jdk1.8.0_231\jre\lib\management-agent.jar;C:\Program Files\Java\jdk1.8.0_231\jre\lib\plugin.jar;C:\Program Files\Java\jdk1.8.0_231\jre\lib\resources.jar;C:\Program Files\Java\jdk1.8.0_231\jre\lib\rt.jar;D:\农技耘\group5-api\group5\target\test-classes;D:\农技耘\group5-api\group5\target\classes;C:\Users\PAN-B\.m2\repository\org\springframework\boot\spring-boot-starter-web\2.1.4.RELEASE\spring-boot-starter-web-2.1.4.RELEASE.jar;C:\Users\PAN-B\.m2\repository\org\springframework\boot\spring-boot-starter\2.1.4.RELEASE\spring-boot-starter-2.1.4.RELEASE.jar;C:\Users\PAN-B\.m2\repository\org\springframework\boot\spring-boot\
Launcher Type: SUN_STANDARD

Environment Variables:
JAVA_HOME=C:\Program Files\Java\jdk1.8.0_231
CLASSPATH=.;C:\Program Files\Java\jdk1.8.0_231\lib\dt.jar;C:\Program Files\Java\jdk1.8.0_231\lib\tools.jar;
PATH=C:\Program Files (x86)\Common Files\Oracle\Java\javapath;C:\Program Files (x86)\NetSarang\Xshell 6\;C:\Program Files (x86)\NetSarang\Xftp 6\;C:\Windows\system32;C:\Windows;C:\Windows\System32\Wbem;C:\Windows\System32\WindowsPowerShell\v1.0\;C:\Windows\System32\OpenSSH\;C:\Program Files\Java\jdk1.8.0_231\bin;C:\Program Files\Java\jdk1.8.0_231\jre\bin;D:\maven\apache-maven-3.6.3\bin;C:\Program Files\MySQL\MySQL Server 8.0\bin;C:\Program Files\Git\cmd;C:\Program Files\Redis\;C:\Program Files\nodejs\;C:\Users\PAN-B\AppData\Local\Microsoft\WindowsApps;C:\Program Files\JetBrains\IntelliJ IDEA 2020.1.1\bin;C:\Users\PAN-B\AppData\Roaming\npm
USERNAME=PAN-B
OS=Windows_NT
PROCESSOR_IDENTIFIER=Intel64 Family 6 Model 142 Stepping 9, GenuineIntel



---------------  S Y S T E M  ---------------

OS: Windows 10.0 , 64 bit Build 18362 (10.0.18362.778)

CPU:total 4 (initial active 4) (2 cores per cpu, 2 threads per core) family 6 model 142 stepping 9, cmov, cx8, fxsr, mmx, sse, sse2, sse3, ssse3, sse4.1, sse4.2, popcnt, avx, avx2, aes, clmul, erms, 3dnowpref, lzcnt, ht, tsc, tscinvbit, bmi1, bmi2, adx

Memory: 4k page, physical 4074596k(300292k free), swap 13959904k(3188k free)

vm_info: Java HotSpot(TM) 64-Bit Server VM (25.231-b11) for windows-amd64 JRE (1.8.0_231-b11), built on Oct  5 2019 03:11:30 by "java_re" with MS VC++ 10.0 (VS2010)

time: Tue May 12 23:03:24 2020
timezone: 中国标准时间
elapsed time: 7 seconds (0d 0h 0m 7s)

