#
# There is insufficient memory for the Java Runtime Environment to continue.
# Native memory allocation (malloc) failed to allocate 1302256 bytes for Chunk::new
# Possible reasons:
#   The system is out of physical RAM or swap space
#   The process is running with CompressedOops enabled, and the Java Heap may be blocking the growth of the native heap
# Possible solutions:
#   Reduce memory load on the system
#   Increase physical memory or swap space
#   Check if swap backing store is full
#   Decrease Java heap size (-Xmx/-Xms)
#   Decrease number of Java threads
#   Decrease Java thread stack sizes (-Xss)
#   Set larger code cache with -XX:ReservedCodeCacheSize=
#   JVM is running with Unscaled Compressed Oops mode in which the Java heap is
#     placed in the first 4GB address space. The Java Heap base address is the
#     maximum limit for the native heap growth. Please use -XX:HeapBaseMinAddress
#     to set the Java Heap base and to place the Java Heap above 4GB virtual address.
# This output file may be truncated or incomplete.
#
#  Out of Memory Error (allocation.cpp:389), pid=3720, tid=0x0000000000004908
#
# JRE version: Java(TM) SE Runtime Environment (8.0_231-b11) (build 1.8.0_231-b11)
# Java VM: Java HotSpot(TM) 64-Bit Server VM (25.231-b11 mixed mode windows-amd64 compressed oops)
# Failed to write core dump. Minidumps are not enabled by default on client versions of Windows
#

---------------  T H R E A D  ---------------

Current thread (0x00000000158f5800):  JavaThread "C2 CompilerThread0" daemon [_thread_in_native, id=18696, stack(0x0000000017370000,0x0000000017470000)]

Stack: [0x0000000017370000,0x0000000017470000]
[error occurred during error reporting (printing stack bounds), id 0xc0000005]

Native frames: (J=compiled Java code, j=interpreted, Vv=VM code, C=native code)


Current CompileTask:
C2:  22113 5601   !   4       org.springframework.core.annotation.AnnotationUtils::findAnnotation (171 bytes)


---------------  P R O C E S S  ---------------

Java Threads: ( => current thread )
  0x0000000017995800 JavaThread "mysql-cj-abandoned-connection-cleanup" daemon [_thread_blocked, id=11772, stack(0x000000001e690000,0x000000001e790000)]
  0x0000000016d1b000 JavaThread "Service Thread" daemon [_thread_blocked, id=8656, stack(0x0000000017670000,0x0000000017770000)]
  0x000000001590e800 JavaThread "C1 CompilerThread2" daemon [_thread_blocked, id=6512, stack(0x0000000017570000,0x0000000017670000)]
  0x00000000158f8800 JavaThread "C2 CompilerThread1" daemon [_thread_in_native, id=12236, stack(0x0000000017470000,0x0000000017570000)]
=>0x00000000158f5800 JavaThread "C2 CompilerThread0" daemon [_thread_in_native, id=18696, stack(0x0000000017370000,0x0000000017470000)]
  0x00000000158e9800 JavaThread "Monitor Ctrl-Break" daemon [_thread_in_native, id=2856, stack(0x0000000017270000,0x0000000017370000)]
  0x00000000158dc000 JavaThread "Attach Listener" daemon [_thread_blocked, id=6792, stack(0x0000000017170000,0x0000000017270000)]
  0x0000000016cb3800 JavaThread "Signal Dispatcher" daemon [_thread_blocked, id=18304, stack(0x0000000017070000,0x0000000017170000)]
  0x000000001589f800 JavaThread "Finalizer" daemon [_thread_blocked, id=13804, stack(0x0000000016b10000,0x0000000016c10000)]
  0x00000000031d8000 JavaThread "Reference Handler" daemon [_thread_blocked, id=5640, stack(0x0000000016a10000,0x0000000016b10000)]
  0x00000000030e2800 JavaThread "main" [_thread_in_Java, id=5284, stack(0x0000000002fe0000,0x00000000030e0000)]

Other Threads:
  0x0000000015878000 VMThread [stack: 0x0000000016910000,0x0000000016a10000] [id=1208]
  0x0000000016d1f800 WatcherThread [stack: 0x0000000017770000,0x0000000017870000] [id=18192]

VM state:not at safepoint (normal execution)

VM Mutex/Monitor currently owned by a thread: None

heap address: 0x00000000c1c00000, size: 996 MB, Compressed Oops mode: 32-bit
Narrow klass base: 0x0000000000000000, Narrow klass shift: 3
Compressed class space size: 1073741824 Address: 0x0000000100000000

Heap:
 PSYoungGen      total 184832K, used 114033K [0x00000000eb400000, 0x00000000f7500000, 0x0000000100000000)
  eden space 172032K, 58% used [0x00000000eb400000,0x00000000f16e1a50,0x00000000f5c00000)
  from space 12800K, 99% used [0x00000000f5c00000,0x00000000f687aad8,0x00000000f6880000)
  to   space 12800K, 0% used [0x00000000f6880000,0x00000000f6880000,0x00000000f7500000)
 ParOldGen       total 57856K, used 20329K [0x00000000c1c00000, 0x00000000c5480000, 0x00000000eb400000)
  object space 57856K, 35% used [0x00000000c1c00000,0x00000000c2fda620,0x00000000c5480000)
 Metaspace       used 46466K, capacity 48538K, committed 48600K, reserved 1091584K
  class space    used 6010K, capacity 6383K, committed 6400K, reserved 1048576K

Card table byte_map: [0x00000000126a0000,0x00000000128a0000] byte_map_base: 0x0000000012092000

Marking Bits: (ParMarkBitMap*) 0x00000000779d6d90
 Begin Bits: [0x0000000012df0000, 0x0000000013d80000)
 End Bits:   [0x0000000013d80000, 0x0000000014d10000)

Polling page: 0x0000000000ff0000

CodeCache: size=245760Kb used=19501Kb max_used=19501Kb free=226258Kb
 bounds [0x00000000032e0000, 0x0000000004600000, 0x00000000122e0000]
 total_blobs=5432 nmethods=4944 adapters=400
 compilation: enabled

Compilation events (10 events):
Event: 22.090 Thread 0x000000001590e800 5670       3       com.sun.beans.TypeResolver::prepare (237 bytes)
Event: 22.092 Thread 0x000000001590e800 nmethod 5670 0x00000000045e5390 code [0x00000000045e5700, 0x00000000045e7388]
Event: 22.095 Thread 0x000000001590e800 5671       3       sun.reflect.generics.scope.MethodScope::computeEnclosingScope (8 bytes)
Event: 22.096 Thread 0x000000001590e800 nmethod 5671 0x00000000045f9a50 code [0x00000000045f9be0, 0x00000000045fa190]
Event: 22.096 Thread 0x000000001590e800 5672       3       sun.reflect.generics.scope.MethodScope::getEnclosingClass (11 bytes)
Event: 22.096 Thread 0x000000001590e800 nmethod 5672 0x00000000045fa390 code [0x00000000045fa500, 0x00000000045fa870]
Event: 22.098 Thread 0x000000001590e800 5673   !   3       java.util.regex.Pattern::<init> (98 bytes)
Event: 22.099 Thread 0x000000001590e800 nmethod 5673 0x00000000045fa950 code [0x00000000045fab40, 0x00000000045fb548]
Event: 22.099 Thread 0x000000001590e800 5674   !   3       org.springframework.core.annotation.AnnotationUtils::findAnnotation (101 bytes)
Event: 22.100 Thread 0x000000001590e800 nmethod 5674 0x00000000045fba50 code [0x00000000045fbc80, 0x00000000045fc878]

GC Heap History (10 events):
Event: 14.829 GC heap before
{Heap before GC invocations=11 (full 1):
 PSYoungGen      total 136704K, used 92610K [0x00000000eb400000, 0x00000000f4f80000, 0x0000000100000000)
  eden space 128000K, 65% used [0x00000000eb400000,0x00000000f05f7f38,0x00000000f3100000)
  from space 8704K, 99% used [0x00000000f3100000,0x00000000f3978a60,0x00000000f3980000)
  to   space 11264K, 0% used [0x00000000f4480000,0x00000000f4480000,0x00000000f4f80000)
 ParOldGen       total 36352K, used 14787K [0x00000000c1c00000, 0x00000000c3f80000, 0x00000000eb400000)
  object space 36352K, 40% used [0x00000000c1c00000,0x00000000c2a70c90,0x00000000c3f80000)
 Metaspace       used 34086K, capacity 35242K, committed 35416K, reserved 1079296K
  class space    used 4360K, capacity 4611K, committed 4736K, reserved 1048576K
Event: 14.847 GC heap after
Heap after GC invocations=11 (full 1):
 PSYoungGen      total 146432K, used 10375K [0x00000000eb400000, 0x00000000f6e80000, 0x0000000100000000)
  eden space 135168K, 0% used [0x00000000eb400000,0x00000000eb400000,0x00000000f3800000)
  from space 11264K, 92% used [0x00000000f4480000,0x00000000f4ea1d18,0x00000000f4f80000)
  to   space 12800K, 0% used [0x00000000f3800000,0x00000000f3800000,0x00000000f4480000)
 ParOldGen       total 36352K, used 17229K [0x00000000c1c00000, 0x00000000c3f80000, 0x00000000eb400000)
  object space 36352K, 47% used [0x00000000c1c00000,0x00000000c2cd34f0,0x00000000c3f80000)
 Metaspace       used 34086K, capacity 35242K, committed 35416K, reserved 1079296K
  class space    used 4360K, capacity 4611K, committed 4736K, reserved 1048576K
}
Event: 14.847 GC heap before
{Heap before GC invocations=12 (full 2):
 PSYoungGen      total 146432K, used 10375K [0x00000000eb400000, 0x00000000f6e80000, 0x0000000100000000)
  eden space 135168K, 0% used [0x00000000eb400000,0x00000000eb400000,0x00000000f3800000)
  from space 11264K, 92% used [0x00000000f4480000,0x00000000f4ea1d18,0x00000000f4f80000)
  to   space 12800K, 0% used [0x00000000f3800000,0x00000000f3800000,0x00000000f4480000)
 ParOldGen       total 36352K, used 17229K [0x00000000c1c00000, 0x00000000c3f80000, 0x00000000eb400000)
  object space 36352K, 47% used [0x00000000c1c00000,0x00000000c2cd34f0,0x00000000c3f80000)
 Metaspace       used 34086K, capacity 35242K, committed 35416K, reserved 1079296K
  class space    used 4360K, capacity 4611K, committed 4736K, reserved 1048576K
Event: 14.996 GC heap after
Heap after GC invocations=12 (full 2):
 PSYoungGen      total 146432K, used 0K [0x00000000eb400000, 0x00000000f6e80000, 0x0000000100000000)
  eden space 135168K, 0% used [0x00000000eb400000,0x00000000eb400000,0x00000000f3800000)
  from space 11264K, 0% used [0x00000000f4480000,0x00000000f4480000,0x00000000f4f80000)
  to   space 12800K, 0% used [0x00000000f3800000,0x00000000f3800000,0x00000000f4480000)
 ParOldGen       total 57856K, used 19104K [0x00000000c1c00000, 0x00000000c5480000, 0x00000000eb400000)
  object space 57856K, 33% used [0x00000000c1c00000,0x00000000c2ea8070,0x00000000c5480000)
 Metaspace       used 34086K, capacity 35242K, committed 35416K, reserved 1079296K
  class space    used 4360K, capacity 4611K, committed 4736K, reserved 1048576K
}
Event: 15.861 GC heap before
{Heap before GC invocations=13 (full 2):
 PSYoungGen      total 146432K, used 135168K [0x00000000eb400000, 0x00000000f6e80000, 0x0000000100000000)
  eden space 135168K, 100% used [0x00000000eb400000,0x00000000f3800000,0x00000000f3800000)
  from space 11264K, 0% used [0x00000000f4480000,0x00000000f4480000,0x00000000f4f80000)
  to   space 12800K, 0% used [0x00000000f3800000,0x00000000f3800000,0x00000000f4480000)
 ParOldGen       total 57856K, used 19104K [0x00000000c1c00000, 0x00000000c5480000, 0x00000000eb400000)
  object space 57856K, 33% used [0x00000000c1c00000,0x00000000c2ea8070,0x00000000c5480000)
 Metaspace       used 36079K, capacity 37288K, committed 37592K, reserved 1081344K
  class space    used 4557K, capacity 4814K, committed 4864K, reserved 1048576K
Event: 15.866 GC heap after
Heap after GC invocations=13 (full 2):
 PSYoungGen      total 147968K, used 2404K [0x00000000eb400000, 0x00000000f7500000, 0x0000000100000000)
  eden space 135168K, 0% used [0x00000000eb400000,0x00000000eb400000,0x00000000f3800000)
  from space 12800K, 18% used [0x00000000f3800000,0x00000000f3a590d8,0x00000000f4480000)
  to   space 12800K, 0% used [0x00000000f6880000,0x00000000f6880000,0x00000000f7500000)
 ParOldGen       total 57856K, used 19112K [0x00000000c1c00000, 0x00000000c5480000, 0x00000000eb400000)
  object space 57856K, 33% used [0x00000000c1c00000,0x00000000c2eaa070,0x00000000c5480000)
 Metaspace       used 36079K, capacity 37288K, committed 37592K, reserved 1081344K
  class space    used 4557K, capacity 4814K, committed 4864K, reserved 1048576K
}
Event: 17.174 GC heap before
{Heap before GC invocations=14 (full 2):
 PSYoungGen      total 147968K, used 137572K [0x00000000eb400000, 0x00000000f7500000, 0x0000000100000000)
  eden space 135168K, 100% used [0x00000000eb400000,0x00000000f3800000,0x00000000f3800000)
  from space 12800K, 18% used [0x00000000f3800000,0x00000000f3a590d8,0x00000000f4480000)
  to   space 12800K, 0% used [0x00000000f6880000,0x00000000f6880000,0x00000000f7500000)
 ParOldGen       total 57856K, used 19112K [0x00000000c1c00000, 0x00000000c5480000, 0x00000000eb400000)
  object space 57856K, 33% used [0x00000000c1c00000,0x00000000c2eaa070,0x00000000c5480000)
 Metaspace       used 40709K, capacity 42082K, committed 42328K, reserved 1085440K
  class space    used 5198K, capacity 5501K, committed 5504K, reserved 1048576K
Event: 17.190 GC heap after
Heap after GC invocations=14 (full 2):
 PSYoungGen      total 184832K, used 8283K [0x00000000eb400000, 0x00000000f7500000, 0x0000000100000000)
  eden space 172032K, 0% used [0x00000000eb400000,0x00000000eb400000,0x00000000f5c00000)
  from space 12800K, 64% used [0x00000000f6880000,0x00000000f7096c38,0x00000000f7500000)
  to   space 12800K, 0% used [0x00000000f5c00000,0x00000000f5c00000,0x00000000f6880000)
 ParOldGen       total 57856K, used 19120K [0x00000000c1c00000, 0x00000000c5480000, 0x00000000eb400000)
  object space 57856K, 33% used [0x00000000c1c00000,0x00000000c2eac070,0x00000000c5480000)
 Metaspace       used 40709K, capacity 42082K, committed 42328K, reserved 1085440K
  class space    used 5198K, capacity 5501K, committed 5504K, reserved 1048576K
}
Event: 20.145 GC heap before
{Heap before GC invocations=15 (full 2):
 PSYoungGen      total 184832K, used 180315K [0x00000000eb400000, 0x00000000f7500000, 0x0000000100000000)
  eden space 172032K, 100% used [0x00000000eb400000,0x00000000f5c00000,0x00000000f5c00000)
  from space 12800K, 64% used [0x00000000f6880000,0x00000000f7096c38,0x00000000f7500000)
  to   space 12800K, 0% used [0x00000000f5c00000,0x00000000f5c00000,0x00000000f6880000)
 ParOldGen       total 57856K, used 19120K [0x00000000c1c00000, 0x00000000c5480000, 0x00000000eb400000)
  object space 57856K, 33% used [0x00000000c1c00000,0x00000000c2eac070,0x00000000c5480000)
 Metaspace       used 44497K, capacity 46442K, committed 46552K, reserved 1089536K
  class space    used 5682K, capacity 6037K, committed 6144K, reserved 1048576K
Event: 20.192 GC heap after
Heap after GC invocations=15 (full 2):
 PSYoungGen      total 184832K, used 12778K [0x00000000eb400000, 0x00000000f7500000, 0x0000000100000000)
  eden space 172032K, 0% used [0x00000000eb400000,0x00000000eb400000,0x00000000f5c00000)
  from space 12800K, 99% used [0x00000000f5c00000,0x00000000f687aad8,0x00000000f6880000)
  to   space 12800K, 0% used [0x00000000f6880000,0x00000000f6880000,0x00000000f7500000)
 ParOldGen       total 57856K, used 20329K [0x00000000c1c00000, 0x00000000c5480000, 0x00000000eb400000)
  object space 57856K, 35% used [0x00000000c1c00000,0x00000000c2fda620,0x00000000c5480000)
 Metaspace       used 44497K, capacity 46442K, committed 46552K, reserved 1089536K
  class space    used 5682K, capacity 6037K, committed 6144K, reserved 1048576K
}

Deoptimization events (10 events):
Event: 18.578 Thread 0x00000000030e2800 Uncommon trap: reason=unstable_if action=reinterpret pc=0x000000000402b04c method=java.util.concurrent.ConcurrentHashMap.putVal(Ljava/lang/Object;Ljava/lang/Object;Z)Ljava/lang/Object; @ 331
Event: 18.763 Thread 0x00000000030e2800 Uncommon trap: reason=class_check action=maybe_recompile pc=0x0000000003ffa26c method=java.lang.reflect.Method.equals(Ljava/lang/Object;)Z @ 5
Event: 18.763 Thread 0x00000000030e2800 Uncommon trap: reason=class_check action=maybe_recompile pc=0x0000000003ffa26c method=java.lang.reflect.Method.equals(Ljava/lang/Object;)Z @ 5
Event: 18.869 Thread 0x00000000030e2800 Uncommon trap: reason=unstable_if action=reinterpret pc=0x000000000387a01c method=java.io.WinNTFileSystem.isLetter(C)Z @ 3
Event: 18.901 Thread 0x00000000030e2800 Uncommon trap: reason=unstable_if action=reinterpret pc=0x0000000003bd90a8 method=java.util.Properties.loadConvert([CII[C)Ljava/lang/String; @ 57
Event: 19.457 Thread 0x00000000030e2800 Uncommon trap: reason=unstable_if action=reinterpret pc=0x00000000038ed8e4 method=java.util.concurrent.ConcurrentHashMap.transfer([Ljava/util/concurrent/ConcurrentHashMap$Node;[Ljava/util/concurrent/ConcurrentHashMap$Node;)V @ 356
Event: 19.614 Thread 0x00000000030e2800 Uncommon trap: reason=bimorphic action=maybe_recompile pc=0x00000000044160dc method=java.util.concurrent.ConcurrentHashMap.computeIfAbsent(Ljava/lang/Object;Ljava/util/function/Function;)Ljava/lang/Object; @ 17
Event: 19.968 Thread 0x00000000030e2800 Uncommon trap: reason=unstable_if action=reinterpret pc=0x00000000043f1ac8 method=org.springframework.util.CollectionUtils.isEmpty(Ljava/util/Collection;)Z @ 10
Event: 20.575 Thread 0x00000000030e2800 Uncommon trap: reason=unstable_if action=reinterpret pc=0x0000000003eeccac method=java.util.concurrent.ConcurrentHashMap.get(Ljava/lang/Object;)Ljava/lang/Object; @ 86
Event: 21.334 Thread 0x00000000030e2800 Uncommon trap: reason=unstable_if action=reinterpret pc=0x000000000396a334 method=org.springframework.beans.factory.support.AbstractBeanFactory.isTypeMatch(Ljava/lang/String;Lorg/springframework/core/ResolvableType;)Z @ 26

Classes redefined (0 events):
No events

Internal exceptions (10 events):
Event: 22.024 Thread 0x00000000030e2800 Exception <a 'java/lang/ClassNotFoundException': org/springframework/beans/factory/BeanFactoryAwareCustomizer> (0x00000000f0fe5db8) thrown at [C:\re\workspace\8-2-build-windows-amd64-cygwin\jdk8u231\13620\hotspot\src\share\vm\classfile\systemDictionary.cp
Event: 22.025 Thread 0x00000000030e2800 Exception <a 'java/lang/ClassNotFoundException': org/springframework/beans/factory/AwareCustomizer> (0x00000000f10041e8) thrown at [C:\re\workspace\8-2-build-windows-amd64-cygwin\jdk8u231\13620\hotspot\src\share\vm\classfile\systemDictionary.cpp, line 210
Event: 22.090 Thread 0x00000000030e2800 Exception <a 'java/lang/ClassNotFoundException': java/lang/ObjectCustomizer> (0x00000000f1296890) thrown at [C:\re\workspace\8-2-build-windows-amd64-cygwin\jdk8u231\13620\hotspot\src\share\vm\classfile\systemDictionary.cpp, line 210]
Event: 22.090 Thread 0x00000000030e2800 Exception <a 'java/lang/ClassNotFoundException': org/springframework/data/redis/core/ReactiveRedisTemplateCustomizer> (0x00000000f12be9e0) thrown at [C:\re\workspace\8-2-build-windows-amd64-cygwin\jdk8u231\13620\hotspot\src\share\vm\classfile\systemDictio
Event: 22.097 Thread 0x00000000030e2800 Exception <a 'java/lang/ClassNotFoundException': org/springframework/data/redis/core/ReactiveRedisOperationsCustomizer> (0x00000000f1392860) thrown at [C:\re\workspace\8-2-build-windows-amd64-cygwin\jdk8u231\13620\hotspot\src\share\vm\classfile\systemDict
Event: 22.106 Thread 0x00000000030e2800 Exception <a 'java/lang/ClassNotFoundException': java/lang/ObjectCustomizer> (0x00000000f1449fa8) thrown at [C:\re\workspace\8-2-build-windows-amd64-cygwin\jdk8u231\13620\hotspot\src\share\vm\classfile\systemDictionary.cpp, line 210]
Event: 22.107 Thread 0x00000000030e2800 Exception <a 'java/lang/ClassNotFoundException': org/springframework/boot/autoconfigure/data/redis/RedisRepositoriesAutoConfigurationCustomizer> (0x00000000f147bfc8) thrown at [C:\re\workspace\8-2-build-windows-amd64-cygwin\jdk8u231\13620\hotspot\src\shar
Event: 22.107 Thread 0x00000000030e2800 Exception <a 'java/lang/ClassNotFoundException': org/springframework/boot/autoconfigure/data/redis/RedisRepositoriesAutoConfiguration$$EnhancerBySpringCGLIB$$a2b5c5a2Customizer> (0x00000000f14b8768) thrown at [C:\re\workspace\8-2-build-windows-amd64-cygwi
Event: 22.108 Thread 0x00000000030e2800 Exception <a 'java/lang/ClassNotFoundException': org/springframework/context/annotation/ConfigurationClassEnhancer$EnhancedConfigurationCustomizer> (0x00000000f14edea8) thrown at [C:\re\workspace\8-2-build-windows-amd64-cygwin\jdk8u231\13620\hotspot\src\s
Event: 22.109 Thread 0x00000000030e2800 Exception <a 'java/lang/ClassNotFoundException': org/springframework/beans/factory/BeanFactoryAwareCustomizer> (0x00000000f150f748) thrown at [C:\re\workspace\8-2-build-windows-amd64-cygwin\jdk8u231\13620\hotspot\src\share\vm\classfile\systemDictionary.cp

Events (10 events):
Event: 22.108 loading class org/springframework/beans/factory/BeanFactoryAwareCustomizer
Event: 22.108 loading class org/springframework/beans/factory/BeanFactoryAwareCustomizer done
Event: 22.108 loading class org/springframework/beans/factory/BeanFactoryAwareCustomizer
Event: 22.108 loading class org/springframework/beans/factory/BeanFactoryAwareCustomizer done
Event: 22.109 loading class org/springframework/beans/factory/BeanFactoryAwareCustomizer
Event: 22.109 loading class org/springframework/beans/factory/BeanFactoryAwareCustomizer done
Event: 22.109 loading class org/springframework/beans/factory/AwareCustomizer
Event: 22.109 loading class org/springframework/beans/factory/AwareCustomizer done
Event: 22.110 loading class org/springframework/beans/factory/AwareCustomizer
Event: 22.110 loading class org/springframework/beans/factory/AwareCustomizer done


Dynamic libraries:
0x00007ff7debc0000 - 0x00007ff7debf7000 	C:\Program Files\Java\jdk1.8.0_231\bin\java.exe
0x00007ffe95b60000 - 0x00007ffe95d50000 	C:\Windows\SYSTEM32\ntdll.dll
0x00007ffe95660000 - 0x00007ffe95712000 	C:\Windows\System32\KERNEL32.DLL
0x00007ffe92af0000 - 0x00007ffe92d93000 	C:\Windows\System32\KERNELBASE.dll
0x00007ffe95320000 - 0x00007ffe953c3000 	C:\Windows\System32\ADVAPI32.dll
0x00007ffe94460000 - 0x00007ffe944fe000 	C:\Windows\System32\msvcrt.dll
0x00007ffe94540000 - 0x00007ffe945d7000 	C:\Windows\System32\sechost.dll
0x00007ffe945e0000 - 0x00007ffe94700000 	C:\Windows\System32\RPCRT4.dll
0x00007ffe93d80000 - 0x00007ffe93f14000 	C:\Windows\System32\USER32.dll
0x00007ffe93a40000 - 0x00007ffe93a61000 	C:\Windows\System32\win32u.dll
0x00007ffe95280000 - 0x00007ffe952a6000 	C:\Windows\System32\GDI32.dll
0x00007ffe93a70000 - 0x00007ffe93c04000 	C:\Windows\System32\gdi32full.dll
0x00007ffe937f0000 - 0x00007ffe9388e000 	C:\Windows\System32\msvcp_win.dll
0x00007ffe92e90000 - 0x00007ffe92f8a000 	C:\Windows\System32\ucrtbase.dll
0x00007ffe7b730000 - 0x00007ffe7b9b5000 	C:\Windows\WinSxS\amd64_microsoft.windows.common-controls_6595b64144ccf1df_6.0.18362.778_none_e6c6b761130d4fb8\COMCTL32.dll
0x00007ffe94ec0000 - 0x00007ffe951f6000 	C:\Windows\System32\combase.dll
0x00007ffe92da0000 - 0x00007ffe92e20000 	C:\Windows\System32\bcryptPrimitives.dll
0x00007ffe94510000 - 0x00007ffe9453e000 	C:\Windows\System32\IMM32.DLL
0x0000000050380000 - 0x0000000050452000 	C:\Program Files\Java\jdk1.8.0_231\jre\bin\msvcr100.dll
0x00000000771b0000 - 0x0000000077a56000 	C:\Program Files\Java\jdk1.8.0_231\jre\bin\server\jvm.dll
0x00007ffe94500000 - 0x00007ffe94508000 	C:\Windows\System32\PSAPI.DLL
0x00007ffe88330000 - 0x00007ffe88339000 	C:\Windows\SYSTEM32\WSOCK32.dll
0x00007ffe952b0000 - 0x00007ffe9531f000 	C:\Windows\System32\WS2_32.dll
0x00007ffe89e40000 - 0x00007ffe89e64000 	C:\Windows\SYSTEM32\WINMM.dll
0x00007ffe8b5f0000 - 0x00007ffe8b5fa000 	C:\Windows\SYSTEM32\VERSION.dll
0x00007ffe89e10000 - 0x00007ffe89e3d000 	C:\Windows\SYSTEM32\WINMMBASE.dll
0x00007ffe92e40000 - 0x00007ffe92e8a000 	C:\Windows\System32\cfgmgr32.dll
0x00007ffe8c480000 - 0x00007ffe8c48f000 	C:\Program Files\Java\jdk1.8.0_231\jre\bin\verify.dll
0x00007ffe84900000 - 0x00007ffe84929000 	C:\Program Files\Java\jdk1.8.0_231\jre\bin\java.dll
0x00007ffe72f70000 - 0x00007ffe72f93000 	C:\Program Files\Java\jdk1.8.0_231\jre\bin\instrument.dll
0x00007ffe8bb80000 - 0x00007ffe8bb96000 	C:\Program Files\Java\jdk1.8.0_231\jre\bin\zip.dll
0x00007ffe94700000 - 0x00007ffe94de5000 	C:\Windows\System32\SHELL32.dll
0x00007ffe93cd0000 - 0x00007ffe93d79000 	C:\Windows\System32\shcore.dll
0x00007ffe92f90000 - 0x00007ffe93710000 	C:\Windows\System32\windows.storage.dll
0x00007ffe92ac0000 - 0x00007ffe92ae3000 	C:\Windows\System32\profapi.dll
0x00007ffe92a50000 - 0x00007ffe92a9a000 	C:\Windows\System32\powrprof.dll
0x00007ffe92a20000 - 0x00007ffe92a30000 	C:\Windows\System32\UMPDC.dll
0x00007ffe95a30000 - 0x00007ffe95a82000 	C:\Windows\System32\shlwapi.dll
0x00007ffe92aa0000 - 0x00007ffe92ab1000 	C:\Windows\System32\kernel.appcore.dll
0x00007ffe92e20000 - 0x00007ffe92e37000 	C:\Windows\System32\cryptsp.dll
0x00007ffe84b40000 - 0x00007ffe84b5a000 	C:\Program Files\JetBrains\IntelliJ IDEA 2020.1.1\bin\breakgen64.dll
0x00007ffe848c0000 - 0x00007ffe848da000 	C:\Program Files\Java\jdk1.8.0_231\jre\bin\net.dll
0x00007ffe92230000 - 0x00007ffe92297000 	C:\Windows\system32\mswsock.dll
0x00007ffe74e90000 - 0x00007ffe74ea2000 	C:\Program Files\Java\jdk1.8.0_231\jre\bin\nio.dll
0x00007ffe89290000 - 0x00007ffe8929d000 	C:\Program Files\Java\jdk1.8.0_231\jre\bin\management.dll
0x00007ffe69170000 - 0x00007ffe69186000 	C:\Windows\system32\napinsp.dll
0x00007ffe66d80000 - 0x00007ffe66d9a000 	C:\Windows\system32\pnrpnsp.dll
0x00007ffe91f80000 - 0x00007ffe9204a000 	C:\Windows\SYSTEM32\DNSAPI.dll
0x00007ffe95a90000 - 0x00007ffe95a98000 	C:\Windows\System32\NSI.dll
0x00007ffe91f40000 - 0x00007ffe91f7a000 	C:\Windows\SYSTEM32\IPHLPAPI.DLL
0x00007ffe892a0000 - 0x00007ffe892ae000 	C:\Windows\System32\winrnr.dll
0x00007ffe8ebb0000 - 0x00007ffe8ebcc000 	C:\Windows\system32\NLAapi.dll
0x00007ffe8e0d0000 - 0x00007ffe8e0e5000 	C:\Windows\system32\wshbth.dll
0x00007ffe8a0f0000 - 0x00007ffe8a0fa000 	C:\Windows\System32\rasadhlp.dll
0x00007ffe8ab00000 - 0x00007ffe8ab77000 	C:\Windows\System32\fwpuclnt.dll
0x00007ffe937c0000 - 0x00007ffe937e6000 	C:\Windows\System32\bcrypt.dll

VM Arguments:
jvm_args: -ea -Didea.test.cyclic.buffer.size=1048576 -javaagent:C:\Program Files\JetBrains\IntelliJ IDEA 2020.1.1\lib\idea_rt.jar=61551:C:\Program Files\JetBrains\IntelliJ IDEA 2020.1.1\bin -Dfile.encoding=UTF-8 
java_command: com.intellij.rt.junit.JUnitStarter -ideVersion5 -junit4 cn.niit.group5.controller.Change,updateHttp
java_class_path (initial): C:\Program Files\JetBrains\IntelliJ IDEA 2020.1.1\lib\idea_rt.jar;C:\Program Files\JetBrains\IntelliJ IDEA 2020.1.1\plugins\junit\lib\junit5-rt.jar;C:\Program Files\JetBrains\IntelliJ IDEA 2020.1.1\plugins\junit\lib\junit-rt.jar;C:\Program Files\Java\jdk1.8.0_231\jre\lib\charsets.jar;C:\Program Files\Java\jdk1.8.0_231\jre\lib\deploy.jar;C:\Program Files\Java\jdk1.8.0_231\jre\lib\ext\access-bridge-64.jar;C:\Program Files\Java\jdk1.8.0_231\jre\lib\ext\cldrdata.jar;C:\Program Files\Java\jdk1.8.0_231\jre\lib\ext\dnsns.jar;C:\Program Files\Java\jdk1.8.0_231\jre\lib\ext\jaccess.jar;C:\Program Files\Java\jdk1.8.0_231\jre\lib\ext\jfxrt.jar;C:\Program Files\Java\jdk1.8.0_231\jre\lib\ext\localedata.jar;C:\Program Files\Java\jdk1.8.0_231\jre\lib\ext\nashorn.jar;C:\Program Files\Java\jdk1.8.0_231\jre\lib\ext\sunec.jar;C:\Program Files\Java\jdk1.8.0_231\jre\lib\ext\sunjce_provider.jar;C:\Program Files\Java\jdk1.8.0_231\jre\lib\ext\sunmscapi.jar;C:\Program Files\Java\jdk1.8.0_231\jre\lib\ext\sunpkcs11.jar;C:\Program Files\Java\jdk1.8.0_231\jre\lib\ext\zipfs.jar;C:\Program Files\Java\jdk1.8.0_231\jre\lib\javaws.jar;C:\Program Files\Java\jdk1.8.0_231\jre\lib\jce.jar;C:\Program Files\Java\jdk1.8.0_231\jre\lib\jfr.jar;C:\Program Files\Java\jdk1.8.0_231\jre\lib\jfxswt.jar;C:\Program Files\Java\jdk1.8.0_231\jre\lib\jsse.jar;C:\Program Files\Java\jdk1.8.0_231\jre\lib\management-agent.jar;C:\Program Files\Java\jdk1.8.0_231\jre\lib\plugin.jar;C:\Program Files\Java\jdk1.8.0_231\jre\lib\resources.jar;C:\Program Files\Java\jdk1.8.0_231\jre\lib\rt.jar;D:\农技耘\group5-api\group5\target\test-classes;D:\农技耘\group5-api\group5\target\classes;C:\Users\PAN-B\.m2\repository\org\springframework\boot\spring-boot-starter-web\2.1.4.RELEASE\spring-boot-starter-web-2.1.4.RELEASE.jar;C:\Users\PAN-B\.m2\repository\org\springframework\boot\spring-boot-starter\2.1.4.RELEASE\spring-boot-starter-2.1.4.RELEASE.jar;C:\Users\PAN-B\.m2\repository\org\springframework\boot\spring-boot\
Launcher Type: SUN_STANDARD

Environment Variables:
JAVA_HOME=C:\Program Files\Java\jdk1.8.0_231
CLASSPATH=.;C:\Program Files\Java\jdk1.8.0_231\lib\dt.jar;C:\Program Files\Java\jdk1.8.0_231\lib\tools.jar;
PATH=C:\Program Files (x86)\Common Files\Oracle\Java\javapath;C:\Program Files (x86)\NetSarang\Xshell 6\;C:\Program Files (x86)\NetSarang\Xftp 6\;C:\Windows\system32;C:\Windows;C:\Windows\System32\Wbem;C:\Windows\System32\WindowsPowerShell\v1.0\;C:\Windows\System32\OpenSSH\;C:\Program Files\Java\jdk1.8.0_231\bin;C:\Program Files\Java\jdk1.8.0_231\jre\bin;D:\maven\apache-maven-3.6.3\bin;C:\Program Files\MySQL\MySQL Server 8.0\bin;C:\Program Files\Git\cmd;C:\Program Files\Redis\;C:\Program Files\nodejs\;C:\Users\PAN-B\AppData\Local\Microsoft\WindowsApps;C:\Program Files\JetBrains\IntelliJ IDEA 2020.1.1\bin;C:\Users\PAN-B\AppData\Roaming\npm
USERNAME=PAN-B
OS=Windows_NT
PROCESSOR_IDENTIFIER=Intel64 Family 6 Model 142 Stepping 9, GenuineIntel



---------------  S Y S T E M  ---------------

OS: Windows 10.0 , 64 bit Build 18362 (10.0.18362.778)

CPU:total 4 (initial active 4) (2 cores per cpu, 2 threads per core) family 6 model 142 stepping 9, cmov, cx8, fxsr, mmx, sse, sse2, sse3, ssse3, sse4.1, sse4.2, popcnt, avx, avx2, aes, clmul, erms, 3dnowpref, lzcnt, ht, tsc, tscinvbit, bmi1, bmi2, adx

Memory: 4k page, physical 4074596k(284560k free), swap 13959904k(5812k free)

vm_info: Java HotSpot(TM) 64-Bit Server VM (25.231-b11) for windows-amd64 JRE (1.8.0_231-b11), built on Oct  5 2019 03:11:30 by "java_re" with MS VC++ 10.0 (VS2010)

time: Tue May 12 23:14:37 2020
timezone: 中国标准时间
elapsed time: 22 seconds (0d 0h 0m 22s)

