#
# There is insufficient memory for the Java Runtime Environment to continue.
# Native memory allocation (malloc) failed to allocate 2234192 bytes for Chunk::new
# Possible reasons:
#   The system is out of physical RAM or swap space
#   The process is running with CompressedOops enabled, and the Java Heap may be blocking the growth of the native heap
# Possible solutions:
#   Reduce memory load on the system
#   Increase physical memory or swap space
#   Check if swap backing store is full
#   Decrease Java heap size (-Xmx/-Xms)
#   Decrease number of Java threads
#   Decrease Java thread stack sizes (-Xss)
#   Set larger code cache with -XX:ReservedCodeCacheSize=
#   JVM is running with Unscaled Compressed Oops mode in which the Java heap is
#     placed in the first 4GB address space. The Java Heap base address is the
#     maximum limit for the native heap growth. Please use -XX:HeapBaseMinAddress
#     to set the Java Heap base and to place the Java Heap above 4GB virtual address.
# This output file may be truncated or incomplete.
#
#  Out of Memory Error (allocation.cpp:389), pid=5540, tid=0x0000000000002ea4
#
# JRE version: Java(TM) SE Runtime Environment (8.0_231-b11) (build 1.8.0_231-b11)
# Java VM: Java HotSpot(TM) 64-Bit Server VM (25.231-b11 mixed mode windows-amd64 compressed oops)
# Failed to write core dump. Minidumps are not enabled by default on client versions of Windows
#

---------------  T H R E A D  ---------------

Current thread (0x0000000015c1f000):  JavaThread "C2 CompilerThread1" daemon [_thread_in_native, id=11940, stack(0x0000000017720000,0x0000000017820000)]

Stack: [0x0000000017720000,0x0000000017820000]
[error occurred during error reporting (printing stack bounds), id 0xc0000005]

Native frames: (J=compiled Java code, j=interpreted, Vv=VM code, C=native code)


Current CompileTask:
C2:   6194 1807       4       org.springframework.core.annotation.AnnotationUtils::adaptValue (182 bytes)


---------------  P R O C E S S  ---------------

Java Threads: ( => current thread )
  0x00000000188ea800 JavaThread "background-preinit" [_thread_blocked, id=19092, stack(0x00000000196f0000,0x00000000197f0000)]
  0x0000000016ff6000 JavaThread "Service Thread" daemon [_thread_blocked, id=18764, stack(0x0000000017920000,0x0000000017a20000)]
  0x0000000015c22000 JavaThread "C1 CompilerThread2" daemon [_thread_blocked, id=16984, stack(0x0000000017820000,0x0000000017920000)]
=>0x0000000015c1f000 JavaThread "C2 CompilerThread1" daemon [_thread_in_native, id=11940, stack(0x0000000017720000,0x0000000017820000)]
  0x0000000015c1c000 JavaThread "C2 CompilerThread0" daemon [_thread_in_native, id=16748, stack(0x0000000017620000,0x0000000017720000)]
  0x0000000015c0f000 JavaThread "Monitor Ctrl-Break" daemon [_thread_in_native, id=19460, stack(0x0000000017520000,0x0000000017620000)]
  0x0000000015bf9000 JavaThread "Attach Listener" daemon [_thread_blocked, id=11872, stack(0x0000000017420000,0x0000000017520000)]
  0x0000000015bce800 JavaThread "Signal Dispatcher" daemon [_thread_blocked, id=18784, stack(0x0000000017320000,0x0000000017420000)]
  0x000000000349b800 JavaThread "Finalizer" daemon [_thread_blocked, id=19760, stack(0x0000000016e20000,0x0000000016f20000)]
  0x0000000003498000 JavaThread "Reference Handler" daemon [_thread_blocked, id=10904, stack(0x0000000016d20000,0x0000000016e20000)]
  0x00000000033a2800 JavaThread "main" [_thread_in_Java, id=1644, stack(0x00000000031b0000,0x00000000032b0000)]

Other Threads:
  0x0000000015b98000 VMThread [stack: 0x0000000016c20000,0x0000000016d20000] [id=19240]
  0x000000001704c000 WatcherThread [stack: 0x0000000017a20000,0x0000000017b20000] [id=16680]

VM state:not at safepoint (normal execution)

VM Mutex/Monitor currently owned by a thread: None

heap address: 0x00000000c1c00000, size: 996 MB, Compressed Oops mode: 32-bit
Narrow klass base: 0x0000000000000000, Narrow klass shift: 3
Compressed class space size: 1073741824 Address: 0x0000000100000000

Heap:
 PSYoungGen      total 110592K, used 8989K [0x00000000eb400000, 0x00000000f4000000, 0x0000000100000000)
  eden space 103936K, 2% used [0x00000000eb400000,0x00000000eb649e90,0x00000000f1980000)
  from space 6656K, 99% used [0x00000000f3980000,0x00000000f3ffd708,0x00000000f4000000)
  to   space 7680K, 0% used [0x00000000f3100000,0x00000000f3100000,0x00000000f3880000)
 ParOldGen       total 33280K, used 8670K [0x00000000c1c00000, 0x00000000c3c80000, 0x00000000eb400000)
  object space 33280K, 26% used [0x00000000c1c00000,0x00000000c2477ae8,0x00000000c3c80000)
 Metaspace       used 24577K, capacity 25356K, committed 25728K, reserved 1071104K
  class space    used 3134K, capacity 3334K, committed 3456K, reserved 1048576K

Card table byte_map: [0x00000000129c0000,0x0000000012bc0000] byte_map_base: 0x00000000123b2000

Marking Bits: (ParMarkBitMap*) 0x00000000779d6d90
 Begin Bits: [0x0000000013110000, 0x00000000140a0000)
 End Bits:   [0x00000000140a0000, 0x0000000015030000)

Polling page: 0x0000000001470000

CodeCache: size=245760Kb used=8746Kb max_used=8746Kb free=237013Kb
 bounds [0x0000000003600000, 0x0000000003e90000, 0x0000000012600000]
 total_blobs=2739 nmethods=2346 adapters=305
 compilation: enabled

Compilation events (10 events):
Event: 6.183 Thread 0x0000000015c22000 nmethod 2355 0x0000000003e89a50 code [0x0000000003e89ba0, 0x0000000003e89d30]
Event: 6.183 Thread 0x0000000015c22000 2356       2       java.util.TreeMap$PrivateEntryIterator::nextEntry (54 bytes)
Event: 6.184 Thread 0x0000000015c22000 nmethod 2356 0x0000000003e89e10 code [0x0000000003e89fa0, 0x0000000003e8a288]
Event: 6.185 Thread 0x0000000015c22000 2357       2       java.util.TreeMap::containsKey (14 bytes)
Event: 6.185 Thread 0x0000000015c22000 nmethod 2357 0x0000000003e8a410 code [0x0000000003e8a580, 0x0000000003e8a708]
Event: 6.189 Thread 0x0000000015c22000 2358       2       org.springframework.core.type.classreading.AnnotationMetadataReadingVisitor::visitInnerClass (10 bytes)
Event: 6.189 Thread 0x0000000015c22000 nmethod 2358 0x0000000003e8a790 code [0x0000000003e8a900, 0x0000000003e8aa68]
Event: 6.190 Thread 0x0000000015c22000 2359       2       org.springframework.core.type.classreading.ClassMetadataReadingVisitor::visitInnerClass (79 bytes)
Event: 6.190 Thread 0x0000000015c22000 nmethod 2359 0x0000000003e8ab10 code [0x0000000003e8ace0, 0x0000000003e8b148]
Event: 6.191 Thread 0x0000000015c22000 2360   !   2       org.springframework.core.type.classreading.AnnotationReadingVisitorUtils::convertClassValues (398 bytes)

GC Heap History (10 events):
Event: 3.636 GC heap before
{Heap before GC invocations=5 (full 0):
 PSYoungGen      total 35328K, used 35296K [0x00000000eb400000, 0x00000000ed900000, 0x0000000100000000)
  eden space 32768K, 100% used [0x00000000eb400000,0x00000000ed400000,0x00000000ed400000)
  from space 2560K, 98% used [0x00000000ed680000,0x00000000ed8f83e8,0x00000000ed900000)
  to   space 2560K, 0% used [0x00000000ed400000,0x00000000ed400000,0x00000000ed680000)
 ParOldGen       total 44032K, used 3457K [0x00000000c1c00000, 0x00000000c4700000, 0x00000000eb400000)
  object space 44032K, 7% used [0x00000000c1c00000,0x00000000c1f60590,0x00000000c4700000)
 Metaspace       used 15426K, capacity 15986K, committed 16256K, reserved 1062912K
  class space    used 1953K, capacity 2075K, committed 2176K, reserved 1048576K
Event: 3.653 GC heap after
Heap after GC invocations=5 (full 0):
 PSYoungGen      total 35328K, used 2544K [0x00000000eb400000, 0x00000000eff00000, 0x0000000100000000)
  eden space 32768K, 0% used [0x00000000eb400000,0x00000000eb400000,0x00000000ed400000)
  from space 2560K, 99% used [0x00000000ed400000,0x00000000ed67c3d8,0x00000000ed680000)
  to   space 5632K, 0% used [0x00000000ef980000,0x00000000ef980000,0x00000000eff00000)
 ParOldGen       total 44032K, used 6451K [0x00000000c1c00000, 0x00000000c4700000, 0x00000000eb400000)
  object space 44032K, 14% used [0x00000000c1c00000,0x00000000c224cea8,0x00000000c4700000)
 Metaspace       used 15426K, capacity 15986K, committed 16256K, reserved 1062912K
  class space    used 1953K, capacity 2075K, committed 2176K, reserved 1048576K
}
Event: 4.180 GC heap before
{Heap before GC invocations=6 (full 0):
 PSYoungGen      total 35328K, used 35312K [0x00000000eb400000, 0x00000000eff00000, 0x0000000100000000)
  eden space 32768K, 100% used [0x00000000eb400000,0x00000000ed400000,0x00000000ed400000)
  from space 2560K, 99% used [0x00000000ed400000,0x00000000ed67c3d8,0x00000000ed680000)
  to   space 5632K, 0% used [0x00000000ef980000,0x00000000ef980000,0x00000000eff00000)
 ParOldGen       total 44032K, used 6451K [0x00000000c1c00000, 0x00000000c4700000, 0x00000000eb400000)
  object space 44032K, 14% used [0x00000000c1c00000,0x00000000c224cf58,0x00000000c4700000)
 Metaspace       used 17922K, capacity 18592K, committed 18688K, reserved 1064960K
  class space    used 2335K, capacity 2486K, committed 2560K, reserved 1048576K
Event: 4.187 GC heap after
Heap after GC invocations=6 (full 0):
 PSYoungGen      total 70656K, used 5498K [0x00000000eb400000, 0x00000000f0000000, 0x0000000100000000)
  eden space 65024K, 0% used [0x00000000eb400000,0x00000000eb400000,0x00000000ef380000)
  from space 5632K, 97% used [0x00000000ef980000,0x00000000efedeac0,0x00000000eff00000)
  to   space 6144K, 0% used [0x00000000ef380000,0x00000000ef380000,0x00000000ef980000)
 ParOldGen       total 44032K, used 6459K [0x00000000c1c00000, 0x00000000c4700000, 0x00000000eb400000)
  object space 44032K, 14% used [0x00000000c1c00000,0x00000000c224ef58,0x00000000c4700000)
 Metaspace       used 17922K, capacity 18592K, committed 18688K, reserved 1064960K
  class space    used 2335K, capacity 2486K, committed 2560K, reserved 1048576K
}
Event: 4.500 GC heap before
{Heap before GC invocations=7 (full 0):
 PSYoungGen      total 70656K, used 28873K [0x00000000eb400000, 0x00000000f0000000, 0x0000000100000000)
  eden space 65024K, 35% used [0x00000000eb400000,0x00000000ecad3c00,0x00000000ef380000)
  from space 5632K, 97% used [0x00000000ef980000,0x00000000efedeac0,0x00000000eff00000)
  to   space 6144K, 0% used [0x00000000ef380000,0x00000000ef380000,0x00000000ef980000)
 ParOldGen       total 44032K, used 6459K [0x00000000c1c00000, 0x00000000c4700000, 0x00000000eb400000)
  object space 44032K, 14% used [0x00000000c1c00000,0x00000000c224ef58,0x00000000c4700000)
 Metaspace       used 20498K, capacity 21206K, committed 21248K, reserved 1067008K
  class space    used 2619K, capacity 2801K, committed 2816K, reserved 1048576K
Event: 4.509 GC heap after
Heap after GC invocations=7 (full 0):
 PSYoungGen      total 71168K, used 4952K [0x00000000eb400000, 0x00000000f4000000, 0x0000000100000000)
  eden space 65024K, 0% used [0x00000000eb400000,0x00000000eb400000,0x00000000ef380000)
  from space 6144K, 80% used [0x00000000ef380000,0x00000000ef8562f0,0x00000000ef980000)
  to   space 6656K, 0% used [0x00000000f3980000,0x00000000f3980000,0x00000000f4000000)
 ParOldGen       total 44032K, used 7598K [0x00000000c1c00000, 0x00000000c4700000, 0x00000000eb400000)
  object space 44032K, 17% used [0x00000000c1c00000,0x00000000c236bb98,0x00000000c4700000)
 Metaspace       used 20498K, capacity 21206K, committed 21248K, reserved 1067008K
  class space    used 2619K, capacity 2801K, committed 2816K, reserved 1048576K
}
Event: 4.509 GC heap before
{Heap before GC invocations=8 (full 1):
 PSYoungGen      total 71168K, used 4952K [0x00000000eb400000, 0x00000000f4000000, 0x0000000100000000)
  eden space 65024K, 0% used [0x00000000eb400000,0x00000000eb400000,0x00000000ef380000)
  from space 6144K, 80% used [0x00000000ef380000,0x00000000ef8562f0,0x00000000ef980000)
  to   space 6656K, 0% used [0x00000000f3980000,0x00000000f3980000,0x00000000f4000000)
 ParOldGen       total 44032K, used 7598K [0x00000000c1c00000, 0x00000000c4700000, 0x00000000eb400000)
  object space 44032K, 17% used [0x00000000c1c00000,0x00000000c236bb98,0x00000000c4700000)
 Metaspace       used 20498K, capacity 21206K, committed 21248K, reserved 1067008K
  class space    used 2619K, capacity 2801K, committed 2816K, reserved 1048576K
Event: 4.563 GC heap after
Heap after GC invocations=8 (full 1):
 PSYoungGen      total 71168K, used 0K [0x00000000eb400000, 0x00000000f4000000, 0x0000000100000000)
  eden space 65024K, 0% used [0x00000000eb400000,0x00000000eb400000,0x00000000ef380000)
  from space 6144K, 0% used [0x00000000ef380000,0x00000000ef380000,0x00000000ef980000)
  to   space 6656K, 0% used [0x00000000f3980000,0x00000000f3980000,0x00000000f4000000)
 ParOldGen       total 33280K, used 7358K [0x00000000c1c00000, 0x00000000c3c80000, 0x00000000eb400000)
  object space 33280K, 22% used [0x00000000c1c00000,0x00000000c232fb50,0x00000000c3c80000)
 Metaspace       used 20498K, capacity 21206K, committed 21248K, reserved 1067008K
  class space    used 2619K, capacity 2801K, committed 2816K, reserved 1048576K
}
Event: 6.157 GC heap before
{Heap before GC invocations=9 (full 1):
 PSYoungGen      total 71168K, used 65024K [0x00000000eb400000, 0x00000000f4000000, 0x0000000100000000)
  eden space 65024K, 100% used [0x00000000eb400000,0x00000000ef380000,0x00000000ef380000)
  from space 6144K, 0% used [0x00000000ef380000,0x00000000ef380000,0x00000000ef980000)
  to   space 6656K, 0% used [0x00000000f3980000,0x00000000f3980000,0x00000000f4000000)
 ParOldGen       total 33280K, used 7362K [0x00000000c1c00000, 0x00000000c3c80000, 0x00000000eb400000)
  object space 33280K, 22% used [0x00000000c1c00000,0x00000000c2330a38,0x00000000c3c80000)
 Metaspace       used 24557K, capacity 25356K, committed 25728K, reserved 1071104K
  class space    used 3131K, capacity 3334K, committed 3456K, reserved 1048576K
Event: 6.179 GC heap after
Heap after GC invocations=9 (full 1):
 PSYoungGen      total 110592K, used 6645K [0x00000000eb400000, 0x00000000f4000000, 0x0000000100000000)
  eden space 103936K, 0% used [0x00000000eb400000,0x00000000eb400000,0x00000000f1980000)
  from space 6656K, 99% used [0x00000000f3980000,0x00000000f3ffd708,0x00000000f4000000)
  to   space 7680K, 0% used [0x00000000f3100000,0x00000000f3100000,0x00000000f3880000)
 ParOldGen       total 33280K, used 8670K [0x00000000c1c00000, 0x00000000c3c80000, 0x00000000eb400000)
  object space 33280K, 26% used [0x00000000c1c00000,0x00000000c2477ae8,0x00000000c3c80000)
 Metaspace       used 24557K, capacity 25356K, committed 25728K, reserved 1071104K
  class space    used 3131K, capacity 3334K, committed 3456K, reserved 1048576K
}

Deoptimization events (10 events):
Event: 4.673 Thread 0x00000000033a2800 Uncommon trap: reason=array_check action=maybe_recompile pc=0x0000000003c180dc method=sun.reflect.annotation.AnnotationParser.parseAnnotationArray(ILjava/lang/Class;Ljava/nio/ByteBuffer;Lsun/reflect/ConstantPool;Ljava/lang/Class;)Ljava/lang/Object; @ 53
Event: 4.922 Thread 0x00000000188ea800 Uncommon trap: reason=unstable_if action=reinterpret pc=0x0000000003b636a4 method=jdk.internal.org.objectweb.asm.Type.getArgumentsAndReturnSizes(Ljava/lang/String;)I @ 47
Event: 5.441 Thread 0x00000000033a2800 Uncommon trap: reason=class_check action=maybe_recompile pc=0x0000000003da1f90 method=org.springframework.asm.ClassReader.readCode(Lorg/springframework/asm/MethodVisitor;Lorg/springframework/asm/Context;I)V @ 3295
Event: 5.459 Thread 0x00000000033a2800 Uncommon trap: reason=class_check action=maybe_recompile pc=0x0000000003da1f90 method=org.springframework.asm.ClassReader.readCode(Lorg/springframework/asm/MethodVisitor;Lorg/springframework/asm/Context;I)V @ 3295
Event: 5.459 Thread 0x00000000033a2800 Uncommon trap: reason=class_check action=maybe_recompile pc=0x0000000003da1f90 method=org.springframework.asm.ClassReader.readCode(Lorg/springframework/asm/MethodVisitor;Lorg/springframework/asm/Context;I)V @ 3295
Event: 5.461 Thread 0x00000000033a2800 Uncommon trap: reason=class_check action=maybe_recompile pc=0x0000000003da1f90 method=org.springframework.asm.ClassReader.readCode(Lorg/springframework/asm/MethodVisitor;Lorg/springframework/asm/Context;I)V @ 3295
Event: 5.493 Thread 0x00000000188ea800 Uncommon trap: reason=unstable_if action=reinterpret pc=0x0000000003dc821c method=com.sun.org.apache.xerces.internal.impl.XMLEntityScanner.scanLiteral(ILcom/sun/org/apache/xerces/internal/xni/XMLString;Z)I @ 570
Event: 5.506 Thread 0x00000000188ea800 Uncommon trap: reason=unstable_if action=reinterpret pc=0x0000000003d945b4 method=com.sun.org.apache.xerces.internal.impl.XMLEntityScanner.checkBeforeLoad(Lcom/sun/xml/internal/stream/Entity$ScannedEntity;II)I @ 18
Event: 6.112 Thread 0x00000000033a2800 Uncommon trap: reason=unstable_if action=reinterpret pc=0x0000000003a13f6c method=org.springframework.asm.ClassReader.readUtf(II[C)Ljava/lang/String; @ 69
Event: 6.112 Thread 0x00000000033a2800 Uncommon trap: reason=unstable_if action=reinterpret pc=0x00000000039d6208 method=org.springframework.asm.ClassReader.readUtf(II[C)Ljava/lang/String; @ 69

Classes redefined (0 events):
No events

Internal exceptions (10 events):
Event: 4.374 Thread 0x00000000033a2800 Exception <a 'java/lang/ClassNotFoundException': org/springframework/beans/factory/config/BeanFactoryPostProcessorCustomizer> (0x00000000ebf5d760) thrown at [C:\re\workspace\8-2-build-windows-amd64-cygwin\jdk8u231\13620\hotspot\src\share\vm\classfile\syst
Event: 4.375 Thread 0x00000000033a2800 Exception <a 'java/lang/ClassNotFoundException': org/springframework/core/PriorityOrderedCustomizer> (0x00000000ec0dd360) thrown at [C:\re\workspace\8-2-build-windows-amd64-cygwin\jdk8u231\13620\hotspot\src\share\vm\classfile\systemDictionary.cpp, line 21
Event: 4.376 Thread 0x00000000033a2800 Exception <a 'java/lang/ClassNotFoundException': org/springframework/core/OrderedCustomizer> (0x00000000ec0f71d0) thrown at [C:\re\workspace\8-2-build-windows-amd64-cygwin\jdk8u231\13620\hotspot\src\share\vm\classfile\systemDictionary.cpp, line 210]
Event: 4.377 Thread 0x00000000033a2800 Exception <a 'java/lang/ClassNotFoundException': org/springframework/context/ResourceLoaderAwareCustomizer> (0x00000000ec117e00) thrown at [C:\re\workspace\8-2-build-windows-amd64-cygwin\jdk8u231\13620\hotspot\src\share\vm\classfile\systemDictionary.cpp, 
Event: 4.378 Thread 0x00000000033a2800 Exception <a 'java/lang/ClassNotFoundException': org/springframework/beans/factory/AwareCustomizer> (0x00000000ec135fd8) thrown at [C:\re\workspace\8-2-build-windows-amd64-cygwin\jdk8u231\13620\hotspot\src\share\vm\classfile\systemDictionary.cpp, line 210
Event: 4.379 Thread 0x00000000033a2800 Exception <a 'java/lang/ClassNotFoundException': org/springframework/beans/factory/BeanClassLoaderAwareCustomizer> (0x00000000ec1590b8) thrown at [C:\re\workspace\8-2-build-windows-amd64-cygwin\jdk8u231\13620\hotspot\src\share\vm\classfile\systemDictionar
Event: 4.380 Thread 0x00000000033a2800 Exception <a 'java/lang/ClassNotFoundException': org/springframework/beans/factory/AwareCustomizer> (0x00000000ec1772a8) thrown at [C:\re\workspace\8-2-build-windows-amd64-cygwin\jdk8u231\13620\hotspot\src\share\vm\classfile\systemDictionary.cpp, line 210
Event: 4.380 Thread 0x00000000033a2800 Exception <a 'java/lang/ClassNotFoundException': org/springframework/context/EnvironmentAwareCustomizer> (0x00000000ec1960c8) thrown at [C:\re\workspace\8-2-build-windows-amd64-cygwin\jdk8u231\13620\hotspot\src\share\vm\classfile\systemDictionary.cpp, lin
Event: 4.381 Thread 0x00000000033a2800 Exception <a 'java/lang/ClassNotFoundException': org/springframework/beans/factory/AwareCustomizer> (0x00000000ec1b41e8) thrown at [C:\re\workspace\8-2-build-windows-amd64-cygwin\jdk8u231\13620\hotspot\src\share\vm\classfile\systemDictionary.cpp, line 210
Event: 4.941 Thread 0x00000000188ea800 Exception <a 'java/lang/IncompatibleClassChangeError': Found class java.lang.Object, but interface was expected> (0x00000000ec933cc8) thrown at [C:\re\workspace\8-2-build-windows-amd64-cygwin\jdk8u231\13620\hotspot\src\share\vm\interpreter\linkResolver.cp

Events (10 events):
Event: 6.187 Executing VM operation: RevokeBias
Event: 6.187 Executing VM operation: RevokeBias done
Event: 6.187 Executing VM operation: RevokeBias
Event: 6.187 Executing VM operation: RevokeBias done
Event: 6.187 Executing VM operation: RevokeBias
Event: 6.187 Executing VM operation: RevokeBias done
Event: 6.188 Executing VM operation: RevokeBias
Event: 6.189 Executing VM operation: RevokeBias done
Event: 6.189 Executing VM operation: RevokeBias
Event: 6.189 Executing VM operation: RevokeBias done


Dynamic libraries:
0x00007ff7debc0000 - 0x00007ff7debf7000 	C:\Program Files\Java\jdk1.8.0_231\bin\java.exe
0x00007ffe95b60000 - 0x00007ffe95d50000 	C:\Windows\SYSTEM32\ntdll.dll
0x00007ffe95660000 - 0x00007ffe95712000 	C:\Windows\System32\KERNEL32.DLL
0x00007ffe92af0000 - 0x00007ffe92d93000 	C:\Windows\System32\KERNELBASE.dll
0x00007ffe95320000 - 0x00007ffe953c3000 	C:\Windows\System32\ADVAPI32.dll
0x00007ffe94460000 - 0x00007ffe944fe000 	C:\Windows\System32\msvcrt.dll
0x00007ffe94540000 - 0x00007ffe945d7000 	C:\Windows\System32\sechost.dll
0x00007ffe945e0000 - 0x00007ffe94700000 	C:\Windows\System32\RPCRT4.dll
0x00007ffe93d80000 - 0x00007ffe93f14000 	C:\Windows\System32\USER32.dll
0x00007ffe93a40000 - 0x00007ffe93a61000 	C:\Windows\System32\win32u.dll
0x00007ffe95280000 - 0x00007ffe952a6000 	C:\Windows\System32\GDI32.dll
0x00007ffe93a70000 - 0x00007ffe93c04000 	C:\Windows\System32\gdi32full.dll
0x00007ffe937f0000 - 0x00007ffe9388e000 	C:\Windows\System32\msvcp_win.dll
0x00007ffe92e90000 - 0x00007ffe92f8a000 	C:\Windows\System32\ucrtbase.dll
0x00007ffe7b730000 - 0x00007ffe7b9b5000 	C:\Windows\WinSxS\amd64_microsoft.windows.common-controls_6595b64144ccf1df_6.0.18362.778_none_e6c6b761130d4fb8\COMCTL32.dll
0x00007ffe94ec0000 - 0x00007ffe951f6000 	C:\Windows\System32\combase.dll
0x00007ffe92da0000 - 0x00007ffe92e20000 	C:\Windows\System32\bcryptPrimitives.dll
0x00007ffe94510000 - 0x00007ffe9453e000 	C:\Windows\System32\IMM32.DLL
0x0000000050380000 - 0x0000000050452000 	C:\Program Files\Java\jdk1.8.0_231\jre\bin\msvcr100.dll
0x00000000771b0000 - 0x0000000077a56000 	C:\Program Files\Java\jdk1.8.0_231\jre\bin\server\jvm.dll
0x00007ffe94500000 - 0x00007ffe94508000 	C:\Windows\System32\PSAPI.DLL
0x00007ffe88330000 - 0x00007ffe88339000 	C:\Windows\SYSTEM32\WSOCK32.dll
0x00007ffe952b0000 - 0x00007ffe9531f000 	C:\Windows\System32\WS2_32.dll
0x00007ffe89e40000 - 0x00007ffe89e64000 	C:\Windows\SYSTEM32\WINMM.dll
0x00007ffe8b5f0000 - 0x00007ffe8b5fa000 	C:\Windows\SYSTEM32\VERSION.dll
0x00007ffe89e10000 - 0x00007ffe89e3d000 	C:\Windows\SYSTEM32\WINMMBASE.dll
0x00007ffe92e40000 - 0x00007ffe92e8a000 	C:\Windows\System32\cfgmgr32.dll
0x00007ffe8c480000 - 0x00007ffe8c48f000 	C:\Program Files\Java\jdk1.8.0_231\jre\bin\verify.dll
0x00007ffe84900000 - 0x00007ffe84929000 	C:\Program Files\Java\jdk1.8.0_231\jre\bin\java.dll
0x00007ffe79410000 - 0x00007ffe79433000 	C:\Program Files\Java\jdk1.8.0_231\jre\bin\instrument.dll
0x00007ffe8bb80000 - 0x00007ffe8bb96000 	C:\Program Files\Java\jdk1.8.0_231\jre\bin\zip.dll
0x00007ffe94700000 - 0x00007ffe94de5000 	C:\Windows\System32\SHELL32.dll
0x00007ffe93cd0000 - 0x00007ffe93d79000 	C:\Windows\System32\shcore.dll
0x00007ffe92f90000 - 0x00007ffe93710000 	C:\Windows\System32\windows.storage.dll
0x00007ffe92ac0000 - 0x00007ffe92ae3000 	C:\Windows\System32\profapi.dll
0x00007ffe92a50000 - 0x00007ffe92a9a000 	C:\Windows\System32\powrprof.dll
0x00007ffe92a20000 - 0x00007ffe92a30000 	C:\Windows\System32\UMPDC.dll
0x00007ffe95a30000 - 0x00007ffe95a82000 	C:\Windows\System32\shlwapi.dll
0x00007ffe92aa0000 - 0x00007ffe92ab1000 	C:\Windows\System32\kernel.appcore.dll
0x00007ffe92e20000 - 0x00007ffe92e37000 	C:\Windows\System32\cryptsp.dll
0x00007ffe848c0000 - 0x00007ffe848da000 	C:\Program Files\JetBrains\IntelliJ IDEA 2020.1.1\bin\breakgen64.dll
0x00007ffe79de0000 - 0x00007ffe79dfa000 	C:\Program Files\Java\jdk1.8.0_231\jre\bin\net.dll
0x00007ffe92230000 - 0x00007ffe92297000 	C:\Windows\system32\mswsock.dll
0x00007ffe74e90000 - 0x00007ffe74ea2000 	C:\Program Files\Java\jdk1.8.0_231\jre\bin\nio.dll
0x00007ffe89f40000 - 0x00007ffe89f4d000 	C:\Program Files\Java\jdk1.8.0_231\jre\bin\management.dll
0x00007ffe69170000 - 0x00007ffe69186000 	C:\Windows\system32\napinsp.dll
0x00007ffe66d80000 - 0x00007ffe66d9a000 	C:\Windows\system32\pnrpnsp.dll
0x00007ffe91f80000 - 0x00007ffe9204a000 	C:\Windows\SYSTEM32\DNSAPI.dll
0x00007ffe95a90000 - 0x00007ffe95a98000 	C:\Windows\System32\NSI.dll
0x00007ffe91f40000 - 0x00007ffe91f7a000 	C:\Windows\SYSTEM32\IPHLPAPI.DLL
0x00007ffe892a0000 - 0x00007ffe892ae000 	C:\Windows\System32\winrnr.dll
0x00007ffe8ebb0000 - 0x00007ffe8ebcc000 	C:\Windows\system32\NLAapi.dll
0x00007ffe8e0d0000 - 0x00007ffe8e0e5000 	C:\Windows\system32\wshbth.dll
0x00007ffe8a0f0000 - 0x00007ffe8a0fa000 	C:\Windows\System32\rasadhlp.dll
0x00007ffe8ab00000 - 0x00007ffe8ab77000 	C:\Windows\System32\fwpuclnt.dll
0x00007ffe937c0000 - 0x00007ffe937e6000 	C:\Windows\System32\bcrypt.dll

VM Arguments:
jvm_args: -ea -Didea.test.cyclic.buffer.size=1048576 -javaagent:C:\Program Files\JetBrains\IntelliJ IDEA 2020.1.1\lib\idea_rt.jar=61865:C:\Program Files\JetBrains\IntelliJ IDEA 2020.1.1\bin -Dfile.encoding=UTF-8 
java_command: com.intellij.rt.junit.JUnitStarter -ideVersion5 -junit4 cn.niit.group5.controller.Change,updateHttp
java_class_path (initial): C:\Program Files\JetBrains\IntelliJ IDEA 2020.1.1\lib\idea_rt.jar;C:\Program Files\JetBrains\IntelliJ IDEA 2020.1.1\plugins\junit\lib\junit5-rt.jar;C:\Program Files\JetBrains\IntelliJ IDEA 2020.1.1\plugins\junit\lib\junit-rt.jar;C:\Program Files\Java\jdk1.8.0_231\jre\lib\charsets.jar;C:\Program Files\Java\jdk1.8.0_231\jre\lib\deploy.jar;C:\Program Files\Java\jdk1.8.0_231\jre\lib\ext\access-bridge-64.jar;C:\Program Files\Java\jdk1.8.0_231\jre\lib\ext\cldrdata.jar;C:\Program Files\Java\jdk1.8.0_231\jre\lib\ext\dnsns.jar;C:\Program Files\Java\jdk1.8.0_231\jre\lib\ext\jaccess.jar;C:\Program Files\Java\jdk1.8.0_231\jre\lib\ext\jfxrt.jar;C:\Program Files\Java\jdk1.8.0_231\jre\lib\ext\localedata.jar;C:\Program Files\Java\jdk1.8.0_231\jre\lib\ext\nashorn.jar;C:\Program Files\Java\jdk1.8.0_231\jre\lib\ext\sunec.jar;C:\Program Files\Java\jdk1.8.0_231\jre\lib\ext\sunjce_provider.jar;C:\Program Files\Java\jdk1.8.0_231\jre\lib\ext\sunmscapi.jar;C:\Program Files\Java\jdk1.8.0_231\jre\lib\ext\sunpkcs11.jar;C:\Program Files\Java\jdk1.8.0_231\jre\lib\ext\zipfs.jar;C:\Program Files\Java\jdk1.8.0_231\jre\lib\javaws.jar;C:\Program Files\Java\jdk1.8.0_231\jre\lib\jce.jar;C:\Program Files\Java\jdk1.8.0_231\jre\lib\jfr.jar;C:\Program Files\Java\jdk1.8.0_231\jre\lib\jfxswt.jar;C:\Program Files\Java\jdk1.8.0_231\jre\lib\jsse.jar;C:\Program Files\Java\jdk1.8.0_231\jre\lib\management-agent.jar;C:\Program Files\Java\jdk1.8.0_231\jre\lib\plugin.jar;C:\Program Files\Java\jdk1.8.0_231\jre\lib\resources.jar;C:\Program Files\Java\jdk1.8.0_231\jre\lib\rt.jar;D:\农技耘\group5-api\group5\target\test-classes;D:\农技耘\group5-api\group5\target\classes;C:\Users\PAN-B\.m2\repository\org\springframework\boot\spring-boot-starter-web\2.1.4.RELEASE\spring-boot-starter-web-2.1.4.RELEASE.jar;C:\Users\PAN-B\.m2\repository\org\springframework\boot\spring-boot-starter\2.1.4.RELEASE\spring-boot-starter-2.1.4.RELEASE.jar;C:\Users\PAN-B\.m2\repository\org\springframework\boot\spring-boot\
Launcher Type: SUN_STANDARD

Environment Variables:
JAVA_HOME=C:\Program Files\Java\jdk1.8.0_231
CLASSPATH=.;C:\Program Files\Java\jdk1.8.0_231\lib\dt.jar;C:\Program Files\Java\jdk1.8.0_231\lib\tools.jar;
PATH=C:\Program Files (x86)\Common Files\Oracle\Java\javapath;C:\Program Files (x86)\NetSarang\Xshell 6\;C:\Program Files (x86)\NetSarang\Xftp 6\;C:\Windows\system32;C:\Windows;C:\Windows\System32\Wbem;C:\Windows\System32\WindowsPowerShell\v1.0\;C:\Windows\System32\OpenSSH\;C:\Program Files\Java\jdk1.8.0_231\bin;C:\Program Files\Java\jdk1.8.0_231\jre\bin;D:\maven\apache-maven-3.6.3\bin;C:\Program Files\MySQL\MySQL Server 8.0\bin;C:\Program Files\Git\cmd;C:\Program Files\Redis\;C:\Program Files\nodejs\;C:\Users\PAN-B\AppData\Local\Microsoft\WindowsApps;C:\Program Files\JetBrains\IntelliJ IDEA 2020.1.1\bin;C:\Users\PAN-B\AppData\Roaming\npm
USERNAME=PAN-B
OS=Windows_NT
PROCESSOR_IDENTIFIER=Intel64 Family 6 Model 142 Stepping 9, GenuineIntel



---------------  S Y S T E M  ---------------

OS: Windows 10.0 , 64 bit Build 18362 (10.0.18362.778)

CPU:total 4 (initial active 4) (2 cores per cpu, 2 threads per core) family 6 model 142 stepping 9, cmov, cx8, fxsr, mmx, sse, sse2, sse3, ssse3, sse4.1, sse4.2, popcnt, avx, avx2, aes, clmul, erms, 3dnowpref, lzcnt, ht, tsc, tscinvbit, bmi1, bmi2, adx

Memory: 4k page, physical 4074596k(234024k free), swap 13959904k(6928k free)

vm_info: Java HotSpot(TM) 64-Bit Server VM (25.231-b11) for windows-amd64 JRE (1.8.0_231-b11), built on Oct  5 2019 03:11:30 by "java_re" with MS VC++ 10.0 (VS2010)

time: Tue May 12 23:19:54 2020
timezone: 中国标准时间
elapsed time: 6 seconds (0d 0h 0m 6s)

