#
# There is insufficient memory for the Java Runtime Environment to continue.
# Native memory allocation (malloc) failed to allocate 1052096 bytes for Chunk::new
# Possible reasons:
#   The system is out of physical RAM or swap space
#   The process is running with CompressedOops enabled, and the Java Heap may be blocking the growth of the native heap
# Possible solutions:
#   Reduce memory load on the system
#   Increase physical memory or swap space
#   Check if swap backing store is full
#   Decrease Java heap size (-Xmx/-Xms)
#   Decrease number of Java threads
#   Decrease Java thread stack sizes (-Xss)
#   Set larger code cache with -XX:ReservedCodeCacheSize=
#   JVM is running with Unscaled Compressed Oops mode in which the Java heap is
#     placed in the first 4GB address space. The Java Heap base address is the
#     maximum limit for the native heap growth. Please use -XX:HeapBaseMinAddress
#     to set the Java Heap base and to place the Java Heap above 4GB virtual address.
# This output file may be truncated or incomplete.
#
#  Out of Memory Error (allocation.cpp:389), pid=14012, tid=0x000000000000536c
#
# JRE version: Java(TM) SE Runtime Environment (8.0_231-b11) (build 1.8.0_231-b11)
# Java VM: Java HotSpot(TM) 64-Bit Server VM (25.231-b11 mixed mode windows-amd64 compressed oops)
# Failed to write core dump. Minidumps are not enabled by default on client versions of Windows
#

---------------  T H R E A D  ---------------

Current thread (0x0000000015e47800):  JavaThread "C2 CompilerThread1" daemon [_thread_in_native, id=21356, stack(0x00000000179d0000,0x0000000017ad0000)]

Stack: [0x00000000179d0000,0x0000000017ad0000]
[error occurred during error reporting (printing stack bounds), id 0xc0000005]

Native frames: (J=compiled Java code, j=interpreted, Vv=VM code, C=native code)


Current CompileTask:
C2:  15303 4867   !   4       org.springframework.core.annotation.AnnotatedElementUtils::searchWithFindSemantics (774 bytes)


---------------  P R O C E S S  ---------------

Java Threads: ( => current thread )
  0x000000001a8b9800 JavaThread "mysql-cj-abandoned-connection-cleanup" daemon [_thread_blocked, id=15272, stack(0x000000001da30000,0x000000001db30000)]
  0x00000000172dd000 JavaThread "Service Thread" daemon [_thread_blocked, id=9940, stack(0x0000000017bd0000,0x0000000017cd0000)]
  0x0000000017266800 JavaThread "C1 CompilerThread2" daemon [_thread_blocked, id=10052, stack(0x0000000017ad0000,0x0000000017bd0000)]
=>0x0000000015e47800 JavaThread "C2 CompilerThread1" daemon [_thread_in_native, id=21356, stack(0x00000000179d0000,0x0000000017ad0000)]
  0x0000000015e44800 JavaThread "C2 CompilerThread0" daemon [_thread_in_native, id=20840, stack(0x00000000178d0000,0x00000000179d0000)]
  0x0000000015e4a800 JavaThread "Monitor Ctrl-Break" daemon [_thread_in_native, id=14924, stack(0x00000000177d0000,0x00000000178d0000)]
  0x0000000015e2a000 JavaThread "Attach Listener" daemon [_thread_blocked, id=15788, stack(0x00000000176d0000,0x00000000177d0000)]
  0x0000000015e15800 JavaThread "Signal Dispatcher" daemon [_thread_blocked, id=6304, stack(0x00000000175d0000,0x00000000176d0000)]
  0x00000000036bb800 JavaThread "Finalizer" daemon [_thread_blocked, id=16916, stack(0x0000000017070000,0x0000000017170000)]
  0x00000000036b8000 JavaThread "Reference Handler" daemon [_thread_blocked, id=16616, stack(0x0000000016f70000,0x0000000017070000)]
  0x00000000035c2800 JavaThread "main" [_thread_in_vm, id=11644, stack(0x0000000003120000,0x0000000003220000)]

Other Threads:
  0x0000000015dc8000 VMThread [stack: 0x0000000016e70000,0x0000000016f70000] [id=19888]
  0x00000000172ec800 WatcherThread [stack: 0x0000000017cd0000,0x0000000017dd0000] [id=8216]

VM state:not at safepoint (normal execution)

VM Mutex/Monitor currently owned by a thread: None

heap address: 0x00000000c1c00000, size: 996 MB, Compressed Oops mode: 32-bit
Narrow klass base: 0x0000000000000000, Narrow klass shift: 3
Compressed class space size: 1073741824 Address: 0x0000000100000000

Heap:
 PSYoungGen      total 138752K, used 33068K [0x00000000eb400000, 0x00000000f5580000, 0x0000000100000000)
  eden space 128000K, 20% used [0x00000000eb400000,0x00000000ecd60398,0x00000000f3100000)
  from space 10752K, 65% used [0x00000000f4b00000,0x00000000f51eafa8,0x00000000f5580000)
  to   space 8192K, 0% used [0x00000000f3100000,0x00000000f3100000,0x00000000f3900000)
 ParOldGen       total 36352K, used 19425K [0x00000000c1c00000, 0x00000000c3f80000, 0x00000000eb400000)
  object space 36352K, 53% used [0x00000000c1c00000,0x00000000c2ef8450,0x00000000c3f80000)
 Metaspace       used 41188K, capacity 42548K, committed 42712K, reserved 1087488K
  class space    used 5252K, capacity 5566K, committed 5632K, reserved 1048576K

Card table byte_map: [0x0000000012bf0000,0x0000000012df0000] byte_map_base: 0x00000000125e2000

Marking Bits: (ParMarkBitMap*) 0x00000000779d6d90
 Begin Bits: [0x0000000013340000, 0x00000000142d0000)
 End Bits:   [0x00000000142d0000, 0x0000000015260000)

Polling page: 0x0000000000ff0000

CodeCache: size=245760Kb used=17787Kb max_used=17787Kb free=227972Kb
 bounds [0x0000000003830000, 0x00000000049a0000, 0x0000000012830000]
 total_blobs=5120 nmethods=4636 adapters=395
 compilation: enabled

Compilation events (10 events):
Event: 15.273 Thread 0x0000000017266800 4956   !   3       org.springframework.beans.factory.support.AbstractBeanDefinition::prepareMethodOverrides (68 bytes)
Event: 15.274 Thread 0x0000000017266800 nmethod 4956 0x0000000004999490 code [0x00000000049996a0, 0x000000000499a2e8]
Event: 15.274 Thread 0x0000000017266800 4957       3       org.springframework.asm.Label::addLineNumber (89 bytes)
Event: 15.275 Thread 0x0000000017266800 nmethod 4957 0x000000000499a790 code [0x000000000499a920, 0x000000000499adc8]
Event: 15.275 Thread 0x0000000017266800 4958       3       org.springframework.asm.MethodVisitor::visitLineNumber (17 bytes)
Event: 15.275 Thread 0x0000000017266800 nmethod 4958 0x000000000499af90 code [0x000000000499b100, 0x000000000499b368]
Event: 15.283 Thread 0x0000000017266800 4959       3       org.springframework.beans.factory.support.AbstractAutowireCapableBeanFactory::applyMergedBeanDefinitionPostProcessors (62 bytes)
Event: 15.284 Thread 0x0000000017266800 nmethod 4959 0x000000000499b450 code [0x000000000499b620, 0x000000000499bf18]
Event: 15.284 Thread 0x0000000017266800 4960       1       org.springframework.beans.factory.annotation.InjectionMetadata$InjectedElement::getMember (5 bytes)
Event: 15.284 Thread 0x0000000017266800 nmethod 4960 0x000000000499c190 code [0x000000000499c2e0, 0x000000000499c3f0]

GC Heap History (10 events):
Event: 10.401 GC heap before
{Heap before GC invocations=10 (full 1):
 PSYoungGen      total 113152K, used 113126K [0x00000000eb400000, 0x00000000f4100000, 0x0000000100000000)
  eden space 105984K, 100% used [0x00000000eb400000,0x00000000f1b80000,0x00000000f1b80000)
  from space 7168K, 99% used [0x00000000f3a00000,0x00000000f40f98a8,0x00000000f4100000)
  to   space 8192K, 0% used [0x00000000f3100000,0x00000000f3100000,0x00000000f3900000)
 ParOldGen       total 36352K, used 10910K [0x00000000c1c00000, 0x00000000c3f80000, 0x00000000eb400000)
  object space 36352K, 30% used [0x00000000c1c00000,0x00000000c26a7930,0x00000000c3f80000)
 Metaspace       used 29317K, capacity 30298K, committed 30464K, reserved 1075200K
  class space    used 3746K, capacity 3971K, committed 4096K, reserved 1048576K
Event: 10.421 GC heap after
Heap after GC invocations=10 (full 1):
 PSYoungGen      total 136192K, used 8173K [0x00000000eb400000, 0x00000000f5580000, 0x0000000100000000)
  eden space 128000K, 0% used [0x00000000eb400000,0x00000000eb400000,0x00000000f3100000)
  from space 8192K, 99% used [0x00000000f3100000,0x00000000f38fb7a8,0x00000000f3900000)
  to   space 10752K, 0% used [0x00000000f4b00000,0x00000000f4b00000,0x00000000f5580000)
 ParOldGen       total 36352K, used 15303K [0x00000000c1c00000, 0x00000000c3f80000, 0x00000000eb400000)
  object space 36352K, 42% used [0x00000000c1c00000,0x00000000c2af1fc0,0x00000000c3f80000)
 Metaspace       used 29317K, capacity 30298K, committed 30464K, reserved 1075200K
  class space    used 3746K, capacity 3971K, committed 4096K, reserved 1048576K
}
Event: 12.252 GC heap before
{Heap before GC invocations=11 (full 1):
 PSYoungGen      total 136192K, used 93637K [0x00000000eb400000, 0x00000000f5580000, 0x0000000100000000)
  eden space 128000K, 66% used [0x00000000eb400000,0x00000000f0775ed0,0x00000000f3100000)
  from space 8192K, 99% used [0x00000000f3100000,0x00000000f38fb7a8,0x00000000f3900000)
  to   space 10752K, 0% used [0x00000000f4b00000,0x00000000f4b00000,0x00000000f5580000)
 ParOldGen       total 36352K, used 15303K [0x00000000c1c00000, 0x00000000c3f80000, 0x00000000eb400000)
  object space 36352K, 42% used [0x00000000c1c00000,0x00000000c2af1fc0,0x00000000c3f80000)
 Metaspace       used 34109K, capacity 35294K, committed 35416K, reserved 1079296K
  class space    used 4366K, capacity 4643K, committed 4736K, reserved 1048576K
Event: 12.295 GC heap after
Heap after GC invocations=11 (full 1):
 PSYoungGen      total 138752K, used 10608K [0x00000000eb400000, 0x00000000f5580000, 0x0000000100000000)
  eden space 128000K, 0% used [0x00000000eb400000,0x00000000eb400000,0x00000000f3100000)
  from space 10752K, 98% used [0x00000000f4b00000,0x00000000f555c268,0x00000000f5580000)
  to   space 8192K, 0% used [0x00000000f3100000,0x00000000f3100000,0x00000000f3900000)
 ParOldGen       total 36352K, used 17952K [0x00000000c1c00000, 0x00000000c3f80000, 0x00000000eb400000)
  object space 36352K, 49% used [0x00000000c1c00000,0x00000000c2d88100,0x00000000c3f80000)
 Metaspace       used 34109K, capacity 35294K, committed 35416K, reserved 1079296K
  class space    used 4366K, capacity 4643K, committed 4736K, reserved 1048576K
}
Event: 12.295 GC heap before
{Heap before GC invocations=12 (full 2):
 PSYoungGen      total 138752K, used 10608K [0x00000000eb400000, 0x00000000f5580000, 0x0000000100000000)
  eden space 128000K, 0% used [0x00000000eb400000,0x00000000eb400000,0x00000000f3100000)
  from space 10752K, 98% used [0x00000000f4b00000,0x00000000f555c268,0x00000000f5580000)
  to   space 8192K, 0% used [0x00000000f3100000,0x00000000f3100000,0x00000000f3900000)
 ParOldGen       total 36352K, used 17952K [0x00000000c1c00000, 0x00000000c3f80000, 0x00000000eb400000)
  object space 36352K, 49% used [0x00000000c1c00000,0x00000000c2d88100,0x00000000c3f80000)
 Metaspace       used 34109K, capacity 35294K, committed 35416K, reserved 1079296K
  class space    used 4366K, capacity 4643K, committed 4736K, reserved 1048576K
Event: 12.597 GC heap after
Heap after GC invocations=12 (full 2):
 PSYoungGen      total 138752K, used 0K [0x00000000eb400000, 0x00000000f5580000, 0x0000000100000000)
  eden space 128000K, 0% used [0x00000000eb400000,0x00000000eb400000,0x00000000f3100000)
  from space 10752K, 0% used [0x00000000f4b00000,0x00000000f4b00000,0x00000000f5580000)
  to   space 8192K, 0% used [0x00000000f3100000,0x00000000f3100000,0x00000000f3900000)
 ParOldGen       total 36352K, used 19417K [0x00000000c1c00000, 0x00000000c3f80000, 0x00000000eb400000)
  object space 36352K, 53% used [0x00000000c1c00000,0x00000000c2ef6450,0x00000000c3f80000)
 Metaspace       used 34109K, capacity 35294K, committed 35416K, reserved 1079296K
  class space    used 4366K, capacity 4643K, committed 4736K, reserved 1048576K
}
Event: 13.502 GC heap before
{Heap before GC invocations=13 (full 2):
 PSYoungGen      total 138752K, used 128000K [0x00000000eb400000, 0x00000000f5580000, 0x0000000100000000)
  eden space 128000K, 100% used [0x00000000eb400000,0x00000000f3100000,0x00000000f3100000)
  from space 10752K, 0% used [0x00000000f4b00000,0x00000000f4b00000,0x00000000f5580000)
  to   space 8192K, 0% used [0x00000000f3100000,0x00000000f3100000,0x00000000f3900000)
 ParOldGen       total 36352K, used 19417K [0x00000000c1c00000, 0x00000000c3f80000, 0x00000000eb400000)
  object space 36352K, 53% used [0x00000000c1c00000,0x00000000c2ef6450,0x00000000c3f80000)
 Metaspace       used 36093K, capacity 37308K, committed 37592K, reserved 1081344K
  class space    used 4556K, capacity 4814K, committed 4864K, reserved 1048576K
Event: 13.511 GC heap after
Heap after GC invocations=13 (full 2):
 PSYoungGen      total 136192K, used 2484K [0x00000000eb400000, 0x00000000f5580000, 0x0000000100000000)
  eden space 128000K, 0% used [0x00000000eb400000,0x00000000eb400000,0x00000000f3100000)
  from space 8192K, 30% used [0x00000000f3100000,0x00000000f336d0f8,0x00000000f3900000)
  to   space 10752K, 0% used [0x00000000f4b00000,0x00000000f4b00000,0x00000000f5580000)
 ParOldGen       total 36352K, used 19417K [0x00000000c1c00000, 0x00000000c3f80000, 0x00000000eb400000)
  object space 36352K, 53% used [0x00000000c1c00000,0x00000000c2ef6450,0x00000000c3f80000)
 Metaspace       used 36093K, capacity 37308K, committed 37592K, reserved 1081344K
  class space    used 4556K, capacity 4814K, committed 4864K, reserved 1048576K
}
Event: 14.956 GC heap before
{Heap before GC invocations=14 (full 2):
 PSYoungGen      total 136192K, used 130484K [0x00000000eb400000, 0x00000000f5580000, 0x0000000100000000)
  eden space 128000K, 100% used [0x00000000eb400000,0x00000000f3100000,0x00000000f3100000)
  from space 8192K, 30% used [0x00000000f3100000,0x00000000f336d0f8,0x00000000f3900000)
  to   space 10752K, 0% used [0x00000000f4b00000,0x00000000f4b00000,0x00000000f5580000)
 ParOldGen       total 36352K, used 19417K [0x00000000c1c00000, 0x00000000c3f80000, 0x00000000eb400000)
  object space 36352K, 53% used [0x00000000c1c00000,0x00000000c2ef6450,0x00000000c3f80000)
 Metaspace       used 40335K, capacity 41730K, committed 41816K, reserved 1085440K
  class space    used 5158K, capacity 5467K, committed 5504K, reserved 1048576K
Event: 14.974 GC heap after
Heap after GC invocations=14 (full 2):
 PSYoungGen      total 138752K, used 7083K [0x00000000eb400000, 0x00000000f5580000, 0x0000000100000000)
  eden space 128000K, 0% used [0x00000000eb400000,0x00000000eb400000,0x00000000f3100000)
  from space 10752K, 65% used [0x00000000f4b00000,0x00000000f51eafa8,0x00000000f5580000)
  to   space 8192K, 0% used [0x00000000f3100000,0x00000000f3100000,0x00000000f3900000)
 ParOldGen       total 36352K, used 19425K [0x00000000c1c00000, 0x00000000c3f80000, 0x00000000eb400000)
  object space 36352K, 53% used [0x00000000c1c00000,0x00000000c2ef8450,0x00000000c3f80000)
 Metaspace       used 40335K, capacity 41730K, committed 41816K, reserved 1085440K
  class space    used 5158K, capacity 5467K, committed 5504K, reserved 1048576K
}

Deoptimization events (10 events):
Event: 13.572 Thread 0x00000000035c2800 Uncommon trap: reason=unstable_if action=reinterpret pc=0x00000000046a6084 method=com.sun.org.apache.xerces.internal.dom.NamedNodeMapImpl.getLength()I @ 4
Event: 13.773 Thread 0x00000000035c2800 Uncommon trap: reason=unstable_if action=reinterpret pc=0x0000000004422fc8 method=java.util.concurrent.ConcurrentHashMap.get(Ljava/lang/Object;)Ljava/lang/Object; @ 152
Event: 13.953 Thread 0x00000000035c2800 Uncommon trap: reason=unstable_if action=reinterpret pc=0x0000000004736fe0 method=java.util.concurrent.ConcurrentHashMap.putVal(Ljava/lang/Object;Ljava/lang/Object;Z)Ljava/lang/Object; @ 331
Event: 14.016 Thread 0x00000000035c2800 Uncommon trap: reason=unstable_if action=reinterpret pc=0x000000000479b784 method=sun.misc.URLClassPath$FileLoader.getResource(Ljava/lang/String;Z)Lsun/misc/Resource; @ 44
Event: 14.220 Thread 0x00000000035c2800 Uncommon trap: reason=unstable_if action=reinterpret pc=0x00000000048d9c64 method=org.springframework.beans.factory.support.AbstractBeanFactory.isTypeMatch(Ljava/lang/String;Lorg/springframework/core/ResolvableType;)Z @ 508
Event: 14.231 Thread 0x00000000035c2800 Uncommon trap: reason=bimorphic action=maybe_recompile pc=0x000000000441b270 method=java.util.Collections$SetFromMap.contains(Ljava/lang/Object;)Z @ 5
Event: 14.698 Thread 0x00000000035c2800 Uncommon trap: reason=unstable_if action=reinterpret pc=0x0000000004698a74 method=java.lang.Class.searchMethods([Ljava/lang/reflect/Method;Ljava/lang/String;[Ljava/lang/Class;)Ljava/lang/reflect/Method; @ 47
Event: 14.699 Thread 0x00000000035c2800 Uncommon trap: reason=null_check action=make_not_entrant pc=0x0000000004915468 method=org.springframework.core.annotation.AnnotatedElementUtils.searchWithFindSemantics(Ljava/lang/reflect/AnnotatedElement;Ljava/util/Set;Ljava/lang/String;Ljava/lang/Class;L
Event: 15.040 Thread 0x00000000035c2800 Uncommon trap: reason=unstable_if action=reinterpret pc=0x0000000004890500 method=java.util.concurrent.ConcurrentHashMap.get(Ljava/lang/Object;)Ljava/lang/Object; @ 86
Event: 15.297 Thread 0x00000000035c2800 Uncommon trap: reason=unstable_if action=reinterpret pc=0x0000000004105118 method=org.springframework.util.ConcurrentReferenceHashMap$Segment.findInChain(Lorg/springframework/util/ConcurrentReferenceHashMap$Reference;Ljava/lang/Object;I)Lorg/springframewo

Classes redefined (0 events):
No events

Internal exceptions (10 events):
Event: 15.246 Thread 0x00000000035c2800 Exception <a 'java/lang/ClassNotFoundException': java/lang/ObjectCustomizer> (0x00000000ec76f420) thrown at [C:\re\workspace\8-2-build-windows-amd64-cygwin\jdk8u231\13620\hotspot\src\share\vm\classfile\systemDictionary.cpp, line 210]
Event: 15.247 Thread 0x00000000035c2800 Exception <a 'java/lang/ClassNotFoundException': springfox/documentation/swagger2/mappers/VendorExtensionsMapperCustomizer> (0x00000000ec7999a8) thrown at [C:\re\workspace\8-2-build-windows-amd64-cygwin\jdk8u231\13620\hotspot\src\share\vm\classfile\system
Event: 15.248 Thread 0x00000000035c2800 Exception <a 'java/lang/ClassNotFoundException': springfox/documentation/swagger2/mappers/VendorExtensionsMapperImplCustomizer> (0x00000000ec7c5978) thrown at [C:\re\workspace\8-2-build-windows-amd64-cygwin\jdk8u231\13620\hotspot\src\share\vm\classfile\sy
Event: 15.251 Thread 0x00000000035c2800 Exception <a 'java/lang/ClassNotFoundException': java/lang/ObjectCustomizer> (0x00000000ec7f9f28) thrown at [C:\re\workspace\8-2-build-windows-amd64-cygwin\jdk8u231\13620\hotspot\src\share\vm\classfile\systemDictionary.cpp, line 210]
Event: 15.252 Thread 0x00000000035c2800 Exception <a 'java/lang/ClassNotFoundException': springfox/documentation/spring/web/scanners/ApiListingReferenceScannerCustomizer> (0x00000000ec826c58) thrown at [C:\re\workspace\8-2-build-windows-amd64-cygwin\jdk8u231\13620\hotspot\src\share\vm\classfile
Event: 15.284 Thread 0x00000000035c2800 Exception <a 'java/lang/ClassNotFoundException': java/lang/ObjectCustomizer> (0x00000000ec9eb450) thrown at [C:\re\workspace\8-2-build-windows-amd64-cygwin\jdk8u231\13620\hotspot\src\share\vm\classfile\systemDictionary.cpp, line 210]
Event: 15.285 Thread 0x00000000035c2800 Exception <a 'java/lang/ClassNotFoundException': springfox/documentation/spring/web/plugins/DocumentationPluginsManagerCustomizer> (0x00000000eca19c30) thrown at [C:\re\workspace\8-2-build-windows-amd64-cygwin\jdk8u231\13620\hotspot\src\share\vm\classfile
Event: 15.293 Thread 0x00000000035c2800 Exception <a 'java/lang/ClassNotFoundException': java/lang/ObjectCustomizer> (0x00000000eca7ab48) thrown at [C:\re\workspace\8-2-build-windows-amd64-cygwin\jdk8u231\13620\hotspot\src\share\vm\classfile\systemDictionary.cpp, line 210]
Event: 15.294 Thread 0x00000000035c2800 Exception <a 'java/lang/ClassNotFoundException': org/springframework/plugin/core/support/AbstractTypeAwareSupportCustomizer> (0x00000000ecaa64d0) thrown at [C:\re\workspace\8-2-build-windows-amd64-cygwin\jdk8u231\13620\hotspot\src\share\vm\classfile\syste
Event: 15.296 Thread 0x00000000035c2800 Exception <a 'java/lang/ClassNotFoundException': org/springframework/plugin/core/support/PluginRegistryFactoryBeanCustomizer> (0x00000000ecad8e60) thrown at [C:\re\workspace\8-2-build-windows-amd64-cygwin\jdk8u231\13620\hotspot\src\share\vm\classfile\syst

Events (10 events):
Event: 15.295 loading class org/springframework/plugin/core/support/PluginRegistryFactoryBeanCustomizer done
Event: 15.296 loading class org/springframework/plugin/core/support/PluginRegistryFactoryBeanCustomizer
Event: 15.296 loading class org/springframework/plugin/core/support/PluginRegistryFactoryBeanCustomizer done
Event: 15.297 Thread 0x00000000035c2800 Uncommon trap: trap_request=0xffffff65 fr.pc=0x0000000004105118
Event: 15.297 Thread 0x00000000035c2800 DEOPT PACKING pc=0x0000000004105118 sp=0x0000000003219300
Event: 15.297 Thread 0x00000000035c2800 DEOPT UNPACKING pc=0x000000000387583b sp=0x0000000003219208 mode 2
Event: 15.300 loading class org/springframework/beans/factory/FactoryBeanCustomizer
Event: 15.300 loading class org/springframework/beans/factory/FactoryBeanCustomizer done
Event: 15.300 loading class org/springframework/beans/factory/FactoryBeanCustomizer
Event: 15.300 loading class org/springframework/beans/factory/FactoryBeanCustomizer done


Dynamic libraries:
0x00007ff7debc0000 - 0x00007ff7debf7000 	C:\Program Files\Java\jdk1.8.0_231\bin\java.exe
0x00007ffe95b60000 - 0x00007ffe95d50000 	C:\Windows\SYSTEM32\ntdll.dll
0x00007ffe95660000 - 0x00007ffe95712000 	C:\Windows\System32\KERNEL32.DLL
0x00007ffe92af0000 - 0x00007ffe92d93000 	C:\Windows\System32\KERNELBASE.dll
0x00007ffe95320000 - 0x00007ffe953c3000 	C:\Windows\System32\ADVAPI32.dll
0x00007ffe94460000 - 0x00007ffe944fe000 	C:\Windows\System32\msvcrt.dll
0x00007ffe94540000 - 0x00007ffe945d7000 	C:\Windows\System32\sechost.dll
0x00007ffe945e0000 - 0x00007ffe94700000 	C:\Windows\System32\RPCRT4.dll
0x00007ffe93d80000 - 0x00007ffe93f14000 	C:\Windows\System32\USER32.dll
0x00007ffe93a40000 - 0x00007ffe93a61000 	C:\Windows\System32\win32u.dll
0x00007ffe95280000 - 0x00007ffe952a6000 	C:\Windows\System32\GDI32.dll
0x00007ffe93a70000 - 0x00007ffe93c04000 	C:\Windows\System32\gdi32full.dll
0x00007ffe937f0000 - 0x00007ffe9388e000 	C:\Windows\System32\msvcp_win.dll
0x00007ffe92e90000 - 0x00007ffe92f8a000 	C:\Windows\System32\ucrtbase.dll
0x00007ffe7b730000 - 0x00007ffe7b9b5000 	C:\Windows\WinSxS\amd64_microsoft.windows.common-controls_6595b64144ccf1df_6.0.18362.778_none_e6c6b761130d4fb8\COMCTL32.dll
0x00007ffe94ec0000 - 0x00007ffe951f6000 	C:\Windows\System32\combase.dll
0x00007ffe92da0000 - 0x00007ffe92e20000 	C:\Windows\System32\bcryptPrimitives.dll
0x00007ffe94510000 - 0x00007ffe9453e000 	C:\Windows\System32\IMM32.DLL
0x0000000050380000 - 0x0000000050452000 	C:\Program Files\Java\jdk1.8.0_231\jre\bin\msvcr100.dll
0x00000000771b0000 - 0x0000000077a56000 	C:\Program Files\Java\jdk1.8.0_231\jre\bin\server\jvm.dll
0x00007ffe94500000 - 0x00007ffe94508000 	C:\Windows\System32\PSAPI.DLL
0x00007ffe88330000 - 0x00007ffe88339000 	C:\Windows\SYSTEM32\WSOCK32.dll
0x00007ffe952b0000 - 0x00007ffe9531f000 	C:\Windows\System32\WS2_32.dll
0x00007ffe89e40000 - 0x00007ffe89e64000 	C:\Windows\SYSTEM32\WINMM.dll
0x00007ffe8b5f0000 - 0x00007ffe8b5fa000 	C:\Windows\SYSTEM32\VERSION.dll
0x00007ffe89e10000 - 0x00007ffe89e3d000 	C:\Windows\SYSTEM32\WINMMBASE.dll
0x00007ffe92e40000 - 0x00007ffe92e8a000 	C:\Windows\System32\cfgmgr32.dll
0x00007ffe8c480000 - 0x00007ffe8c48f000 	C:\Program Files\Java\jdk1.8.0_231\jre\bin\verify.dll
0x00007ffe84900000 - 0x00007ffe84929000 	C:\Program Files\Java\jdk1.8.0_231\jre\bin\java.dll
0x00007ffe79410000 - 0x00007ffe79433000 	C:\Program Files\Java\jdk1.8.0_231\jre\bin\instrument.dll
0x00007ffe8bb80000 - 0x00007ffe8bb96000 	C:\Program Files\Java\jdk1.8.0_231\jre\bin\zip.dll
0x00007ffe94700000 - 0x00007ffe94de5000 	C:\Windows\System32\SHELL32.dll
0x00007ffe93cd0000 - 0x00007ffe93d79000 	C:\Windows\System32\shcore.dll
0x00007ffe92f90000 - 0x00007ffe93710000 	C:\Windows\System32\windows.storage.dll
0x00007ffe92ac0000 - 0x00007ffe92ae3000 	C:\Windows\System32\profapi.dll
0x00007ffe92a50000 - 0x00007ffe92a9a000 	C:\Windows\System32\powrprof.dll
0x00007ffe92a20000 - 0x00007ffe92a30000 	C:\Windows\System32\UMPDC.dll
0x00007ffe95a30000 - 0x00007ffe95a82000 	C:\Windows\System32\shlwapi.dll
0x00007ffe92aa0000 - 0x00007ffe92ab1000 	C:\Windows\System32\kernel.appcore.dll
0x00007ffe92e20000 - 0x00007ffe92e37000 	C:\Windows\System32\cryptsp.dll
0x00007ffe89f40000 - 0x00007ffe89f5a000 	C:\Program Files\JetBrains\IntelliJ IDEA 2020.1.1\bin\breakgen64.dll
0x00007ffe84b40000 - 0x00007ffe84b5a000 	C:\Program Files\Java\jdk1.8.0_231\jre\bin\net.dll
0x00007ffe92230000 - 0x00007ffe92297000 	C:\Windows\system32\mswsock.dll
0x00007ffe7de00000 - 0x00007ffe7de12000 	C:\Program Files\Java\jdk1.8.0_231\jre\bin\nio.dll
0x00007ffe89950000 - 0x00007ffe8995d000 	C:\Program Files\Java\jdk1.8.0_231\jre\bin\management.dll
0x00007ffe69170000 - 0x00007ffe69186000 	C:\Windows\system32\napinsp.dll
0x00007ffe66d80000 - 0x00007ffe66d9a000 	C:\Windows\system32\pnrpnsp.dll
0x00007ffe91f80000 - 0x00007ffe9204a000 	C:\Windows\SYSTEM32\DNSAPI.dll
0x00007ffe95a90000 - 0x00007ffe95a98000 	C:\Windows\System32\NSI.dll
0x00007ffe91f40000 - 0x00007ffe91f7a000 	C:\Windows\SYSTEM32\IPHLPAPI.DLL
0x00007ffe892a0000 - 0x00007ffe892ae000 	C:\Windows\System32\winrnr.dll
0x00007ffe8ebb0000 - 0x00007ffe8ebcc000 	C:\Windows\system32\NLAapi.dll
0x00007ffe8e0d0000 - 0x00007ffe8e0e5000 	C:\Windows\system32\wshbth.dll
0x00007ffe8a0f0000 - 0x00007ffe8a0fa000 	C:\Windows\System32\rasadhlp.dll
0x00007ffe8ab00000 - 0x00007ffe8ab77000 	C:\Windows\System32\fwpuclnt.dll
0x00007ffe937c0000 - 0x00007ffe937e6000 	C:\Windows\System32\bcrypt.dll

VM Arguments:
jvm_args: -ea -Didea.test.cyclic.buffer.size=1048576 -javaagent:C:\Program Files\JetBrains\IntelliJ IDEA 2020.1.1\lib\idea_rt.jar=61140:C:\Program Files\JetBrains\IntelliJ IDEA 2020.1.1\bin -Dfile.encoding=UTF-8 
java_command: com.intellij.rt.junit.JUnitStarter -ideVersion5 -junit4 cn.niit.group5.controller.Change,updateUrl
java_class_path (initial): C:\Program Files\JetBrains\IntelliJ IDEA 2020.1.1\lib\idea_rt.jar;C:\Program Files\JetBrains\IntelliJ IDEA 2020.1.1\plugins\junit\lib\junit5-rt.jar;C:\Program Files\JetBrains\IntelliJ IDEA 2020.1.1\plugins\junit\lib\junit-rt.jar;C:\Program Files\Java\jdk1.8.0_231\jre\lib\charsets.jar;C:\Program Files\Java\jdk1.8.0_231\jre\lib\deploy.jar;C:\Program Files\Java\jdk1.8.0_231\jre\lib\ext\access-bridge-64.jar;C:\Program Files\Java\jdk1.8.0_231\jre\lib\ext\cldrdata.jar;C:\Program Files\Java\jdk1.8.0_231\jre\lib\ext\dnsns.jar;C:\Program Files\Java\jdk1.8.0_231\jre\lib\ext\jaccess.jar;C:\Program Files\Java\jdk1.8.0_231\jre\lib\ext\jfxrt.jar;C:\Program Files\Java\jdk1.8.0_231\jre\lib\ext\localedata.jar;C:\Program Files\Java\jdk1.8.0_231\jre\lib\ext\nashorn.jar;C:\Program Files\Java\jdk1.8.0_231\jre\lib\ext\sunec.jar;C:\Program Files\Java\jdk1.8.0_231\jre\lib\ext\sunjce_provider.jar;C:\Program Files\Java\jdk1.8.0_231\jre\lib\ext\sunmscapi.jar;C:\Program Files\Java\jdk1.8.0_231\jre\lib\ext\sunpkcs11.jar;C:\Program Files\Java\jdk1.8.0_231\jre\lib\ext\zipfs.jar;C:\Program Files\Java\jdk1.8.0_231\jre\lib\javaws.jar;C:\Program Files\Java\jdk1.8.0_231\jre\lib\jce.jar;C:\Program Files\Java\jdk1.8.0_231\jre\lib\jfr.jar;C:\Program Files\Java\jdk1.8.0_231\jre\lib\jfxswt.jar;C:\Program Files\Java\jdk1.8.0_231\jre\lib\jsse.jar;C:\Program Files\Java\jdk1.8.0_231\jre\lib\management-agent.jar;C:\Program Files\Java\jdk1.8.0_231\jre\lib\plugin.jar;C:\Program Files\Java\jdk1.8.0_231\jre\lib\resources.jar;C:\Program Files\Java\jdk1.8.0_231\jre\lib\rt.jar;D:\农技耘\group5-api\group5\target\test-classes;D:\农技耘\group5-api\group5\target\classes;C:\Users\PAN-B\.m2\repository\org\springframework\boot\spring-boot-starter-web\2.1.4.RELEASE\spring-boot-starter-web-2.1.4.RELEASE.jar;C:\Users\PAN-B\.m2\repository\org\springframework\boot\spring-boot-starter\2.1.4.RELEASE\spring-boot-starter-2.1.4.RELEASE.jar;C:\Users\PAN-B\.m2\repository\org\springframework\boot\spring-boot\
Launcher Type: SUN_STANDARD

Environment Variables:
JAVA_HOME=C:\Program Files\Java\jdk1.8.0_231
CLASSPATH=.;C:\Program Files\Java\jdk1.8.0_231\lib\dt.jar;C:\Program Files\Java\jdk1.8.0_231\lib\tools.jar;
PATH=C:\Program Files (x86)\Common Files\Oracle\Java\javapath;C:\Program Files (x86)\NetSarang\Xshell 6\;C:\Program Files (x86)\NetSarang\Xftp 6\;C:\Windows\system32;C:\Windows;C:\Windows\System32\Wbem;C:\Windows\System32\WindowsPowerShell\v1.0\;C:\Windows\System32\OpenSSH\;C:\Program Files\Java\jdk1.8.0_231\bin;C:\Program Files\Java\jdk1.8.0_231\jre\bin;D:\maven\apache-maven-3.6.3\bin;C:\Program Files\MySQL\MySQL Server 8.0\bin;C:\Program Files\Git\cmd;C:\Program Files\Redis\;C:\Program Files\nodejs\;C:\Users\PAN-B\AppData\Local\Microsoft\WindowsApps;C:\Program Files\JetBrains\IntelliJ IDEA 2020.1.1\bin;C:\Users\PAN-B\AppData\Roaming\npm
USERNAME=PAN-B
OS=Windows_NT
PROCESSOR_IDENTIFIER=Intel64 Family 6 Model 142 Stepping 9, GenuineIntel



---------------  S Y S T E M  ---------------

OS: Windows 10.0 , 64 bit Build 18362 (10.0.18362.778)

CPU:total 4 (initial active 4) (2 cores per cpu, 2 threads per core) family 6 model 142 stepping 9, cmov, cx8, fxsr, mmx, sse, sse2, sse3, ssse3, sse4.1, sse4.2, popcnt, avx, avx2, aes, clmul, erms, 3dnowpref, lzcnt, ht, tsc, tscinvbit, bmi1, bmi2, adx

Memory: 4k page, physical 4074596k(332492k free), swap 13959904k(5252k free)

vm_info: Java HotSpot(TM) 64-Bit Server VM (25.231-b11) for windows-amd64 JRE (1.8.0_231-b11), built on Oct  5 2019 03:11:30 by "java_re" with MS VC++ 10.0 (VS2010)

time: Tue May 12 23:05:31 2020
timezone: 中国标准时间
elapsed time: 15 seconds (0d 0h 0m 15s)

