#
# There is insufficient memory for the Java Runtime Environment to continue.
# Native memory allocation (malloc) failed to allocate 1065616 bytes for Chunk::new
# Possible reasons:
#   The system is out of physical RAM or swap space
#   The process is running with CompressedOops enabled, and the Java Heap may be blocking the growth of the native heap
# Possible solutions:
#   Reduce memory load on the system
#   Increase physical memory or swap space
#   Check if swap backing store is full
#   Decrease Java heap size (-Xmx/-Xms)
#   Decrease number of Java threads
#   Decrease Java thread stack sizes (-Xss)
#   Set larger code cache with -XX:ReservedCodeCacheSize=
#   JVM is running with Unscaled Compressed Oops mode in which the Java heap is
#     placed in the first 4GB address space. The Java Heap base address is the
#     maximum limit for the native heap growth. Please use -XX:HeapBaseMinAddress
#     to set the Java Heap base and to place the Java Heap above 4GB virtual address.
# This output file may be truncated or incomplete.
#
#  Out of Memory Error (allocation.cpp:389), pid=16796, tid=0x0000000000004ba4
#
# JRE version: Java(TM) SE Runtime Environment (8.0_231-b11) (build 1.8.0_231-b11)
# Java VM: Java HotSpot(TM) 64-Bit Server VM (25.231-b11 mixed mode windows-amd64 compressed oops)
# Failed to write core dump. Minidumps are not enabled by default on client versions of Windows
#

---------------  T H R E A D  ---------------

Current thread (0x0000000014ff3800):  JavaThread "C2 CompilerThread0" daemon [_thread_in_native, id=19364, stack(0x0000000016a20000,0x0000000016b20000)]

Stack: [0x0000000016a20000,0x0000000016b20000]
[error occurred during error reporting (printing stack bounds), id 0xc0000005]

Native frames: (J=compiled Java code, j=interpreted, Vv=VM code, C=native code)


Current CompileTask:
C2:   7132 1895   !   4       org.springframework.core.type.classreading.AnnotationAttributesReadingVisitor::recursivelyCollectMetaAnnotations (155 bytes)


---------------  P R O C E S S  ---------------

Java Threads: ( => current thread )
  0x000000001821b800 JavaThread "background-preinit" [_thread_in_vm, id=21412, stack(0x0000000018ba0000,0x0000000018ca0000)]
  0x00000000163f2000 JavaThread "Service Thread" daemon [_thread_blocked, id=11104, stack(0x0000000016d20000,0x0000000016e20000)]
  0x00000000163ac000 JavaThread "C1 CompilerThread2" daemon [_thread_blocked, id=16712, stack(0x0000000016c20000,0x0000000016d20000)]
  0x0000000014ff6800 JavaThread "C2 CompilerThread1" daemon [_thread_in_native, id=1524, stack(0x0000000016b20000,0x0000000016c20000)]
=>0x0000000014ff3800 JavaThread "C2 CompilerThread0" daemon [_thread_in_native, id=19364, stack(0x0000000016a20000,0x0000000016b20000)]
  0x0000000014fe6800 JavaThread "Monitor Ctrl-Break" daemon [_thread_in_native, id=3620, stack(0x0000000016920000,0x0000000016a20000)]
  0x0000000014fd9000 JavaThread "Attach Listener" daemon [_thread_blocked, id=12256, stack(0x0000000016820000,0x0000000016920000)]
  0x0000000014fae800 JavaThread "Signal Dispatcher" daemon [_thread_blocked, id=6044, stack(0x0000000016720000,0x0000000016820000)]
  0x00000000028cb800 JavaThread "Finalizer" daemon [_thread_blocked, id=16348, stack(0x0000000016220000,0x0000000016320000)]
  0x00000000028c8000 JavaThread "Reference Handler" daemon [_thread_blocked, id=18712, stack(0x0000000016120000,0x0000000016220000)]
  0x00000000027d2800 JavaThread "main" [_thread_in_vm, id=15496, stack(0x00000000026d0000,0x00000000027d0000)]

Other Threads:
  0x0000000014f78000 VMThread [stack: 0x0000000016020000,0x0000000016120000] [id=7600]
  0x0000000016465000 WatcherThread [stack: 0x0000000016e20000,0x0000000016f20000] [id=16280]

VM state:not at safepoint (normal execution)

VM Mutex/Monitor currently owned by a thread: None

heap address: 0x00000000c1c00000, size: 996 MB, Compressed Oops mode: 32-bit
Narrow klass base: 0x0000000000000000, Narrow klass shift: 3
Compressed class space size: 1073741824 Address: 0x0000000100000000

Heap:
 PSYoungGen      total 71168K, used 25674K [0x00000000eb400000, 0x00000000f4100000, 0x0000000100000000)
  eden space 65024K, 39% used [0x00000000eb400000,0x00000000ecd12bc8,0x00000000ef380000)
  from space 6144K, 0% used [0x00000000ef380000,0x00000000ef380000,0x00000000ef980000)
  to   space 7168K, 0% used [0x00000000f3a00000,0x00000000f3a00000,0x00000000f4100000)
 ParOldGen       total 35840K, used 8731K [0x00000000c1c00000, 0x00000000c3f00000, 0x00000000eb400000)
  object space 35840K, 24% used [0x00000000c1c00000,0x00000000c2486e08,0x00000000c3f00000)
 Metaspace       used 22203K, capacity 22882K, committed 23040K, reserved 1069056K
  class space    used 2858K, capacity 3033K, committed 3072K, reserved 1048576K

Card table byte_map: [0x0000000011da0000,0x0000000011fa0000] byte_map_base: 0x0000000011792000

Marking Bits: (ParMarkBitMap*) 0x00000000779d6d90
 Begin Bits: [0x00000000124f0000, 0x0000000013480000)
 End Bits:   [0x0000000013480000, 0x0000000014410000)

Polling page: 0x00000000009b0000

CodeCache: size=245760Kb used=7231Kb max_used=7231Kb free=238528Kb
 bounds [0x00000000029e0000, 0x0000000003100000, 0x00000000119e0000]
 total_blobs=2363 nmethods=1986 adapters=289
 compilation: enabled

Compilation events (10 events):
Event: 7.113 Thread 0x00000000163ac000 nmethod 1996 0x00000000030da510 code [0x00000000030da660, 0x00000000030da790]
Event: 7.114 Thread 0x00000000163ac000 1997       1       java.lang.invoke.InnerClassLambdaMetafactory::access$500 (5 bytes)
Event: 7.114 Thread 0x00000000163ac000 nmethod 1997 0x00000000030da810 code [0x00000000030da960, 0x00000000030daa50]
Event: 7.114 Thread 0x00000000163ac000 1998       1       java.lang.invoke.InnerClassLambdaMetafactory::access$600 (5 bytes)
Event: 7.114 Thread 0x00000000163ac000 nmethod 1998 0x00000000030daad0 code [0x00000000030dac20, 0x00000000030dad10]
Event: 7.114 Thread 0x00000000163ac000 1999       1       java.lang.invoke.InnerClassLambdaMetafactory::access$700 (5 bytes)
Event: 7.114 Thread 0x00000000163ac000 nmethod 1999 0x00000000030dad90 code [0x00000000030daee0, 0x00000000030dafd0]
Event: 7.114 Thread 0x00000000163ac000 2000       3       java.lang.invoke.ConstantCallSite::getTarget (20 bytes)
Event: 7.115 Thread 0x00000000163ac000 nmethod 2000 0x00000000030db050 code [0x00000000030db1c0, 0x00000000030db408]
Event: 7.115 Thread 0x00000000163ac000 2001       3       java.lang.invoke.TypeConvertingMethodAdapter::convertType (299 bytes)

GC Heap History (10 events):
Event: 3.529 GC heap before
{Heap before GC invocations=4 (full 0):
 PSYoungGen      total 18944K, used 18928K [0x00000000eb400000, 0x00000000ed900000, 0x0000000100000000)
  eden space 16384K, 100% used [0x00000000eb400000,0x00000000ec400000,0x00000000ec400000)
  from space 2560K, 99% used [0x00000000ec400000,0x00000000ec67c3d8,0x00000000ec680000)
  to   space 2560K, 0% used [0x00000000ed680000,0x00000000ed680000,0x00000000ed900000)
 ParOldGen       total 44032K, used 2171K [0x00000000c1c00000, 0x00000000c4700000, 0x00000000eb400000)
  object space 44032K, 4% used [0x00000000c1c00000,0x00000000c1e1edc8,0x00000000c4700000)
 Metaspace       used 11798K, capacity 12166K, committed 12288K, reserved 1060864K
  class space    used 1377K, capacity 1481K, committed 1536K, reserved 1048576K
Event: 3.592 GC heap after
Heap after GC invocations=4 (full 0):
 PSYoungGen      total 35328K, used 2544K [0x00000000eb400000, 0x00000000ed900000, 0x0000000100000000)
  eden space 32768K, 0% used [0x00000000eb400000,0x00000000eb400000,0x00000000ed400000)
  from space 2560K, 99% used [0x00000000ed680000,0x00000000ed8fc3d8,0x00000000ed900000)
  to   space 2560K, 0% used [0x00000000ed400000,0x00000000ed400000,0x00000000ed680000)
 ParOldGen       total 44032K, used 3511K [0x00000000c1c00000, 0x00000000c4700000, 0x00000000eb400000)
  object space 44032K, 7% used [0x00000000c1c00000,0x00000000c1f6def8,0x00000000c4700000)
 Metaspace       used 11798K, capacity 12166K, committed 12288K, reserved 1060864K
  class space    used 1377K, capacity 1481K, committed 1536K, reserved 1048576K
}
Event: 4.710 GC heap before
{Heap before GC invocations=5 (full 0):
 PSYoungGen      total 35328K, used 35312K [0x00000000eb400000, 0x00000000ed900000, 0x0000000100000000)
  eden space 32768K, 100% used [0x00000000eb400000,0x00000000ed400000,0x00000000ed400000)
  from space 2560K, 99% used [0x00000000ed680000,0x00000000ed8fc3d8,0x00000000ed900000)
  to   space 2560K, 0% used [0x00000000ed400000,0x00000000ed400000,0x00000000ed680000)
 ParOldGen       total 44032K, used 3511K [0x00000000c1c00000, 0x00000000c4700000, 0x00000000eb400000)
  object space 44032K, 7% used [0x00000000c1c00000,0x00000000c1f6def8,0x00000000c4700000)
 Metaspace       used 15610K, capacity 16220K, committed 16512K, reserved 1062912K
  class space    used 1958K, capacity 2082K, committed 2176K, reserved 1048576K
Event: 4.720 GC heap after
Heap after GC invocations=5 (full 0):
 PSYoungGen      total 35328K, used 2544K [0x00000000eb400000, 0x00000000eff00000, 0x0000000100000000)
  eden space 32768K, 0% used [0x00000000eb400000,0x00000000eb400000,0x00000000ed400000)
  from space 2560K, 99% used [0x00000000ed400000,0x00000000ed67c3f8,0x00000000ed680000)
  to   space 5632K, 0% used [0x00000000ef980000,0x00000000ef980000,0x00000000eff00000)
 ParOldGen       total 44032K, used 6645K [0x00000000c1c00000, 0x00000000c4700000, 0x00000000eb400000)
  object space 44032K, 15% used [0x00000000c1c00000,0x00000000c227d408,0x00000000c4700000)
 Metaspace       used 15610K, capacity 16220K, committed 16512K, reserved 1062912K
  class space    used 1958K, capacity 2082K, committed 2176K, reserved 1048576K
}
Event: 5.132 GC heap before
{Heap before GC invocations=6 (full 0):
 PSYoungGen      total 35328K, used 35312K [0x00000000eb400000, 0x00000000eff00000, 0x0000000100000000)
  eden space 32768K, 100% used [0x00000000eb400000,0x00000000ed400000,0x00000000ed400000)
  from space 2560K, 99% used [0x00000000ed400000,0x00000000ed67c3f8,0x00000000ed680000)
  to   space 5632K, 0% used [0x00000000ef980000,0x00000000ef980000,0x00000000eff00000)
 ParOldGen       total 44032K, used 6645K [0x00000000c1c00000, 0x00000000c4700000, 0x00000000eb400000)
  object space 44032K, 15% used [0x00000000c1c00000,0x00000000c227d408,0x00000000c4700000)
 Metaspace       used 18040K, capacity 18740K, committed 18944K, reserved 1064960K
  class space    used 2378K, capacity 2550K, committed 2560K, reserved 1048576K
Event: 5.144 GC heap after
Heap after GC invocations=6 (full 0):
 PSYoungGen      total 70656K, used 5285K [0x00000000eb400000, 0x00000000f0000000, 0x0000000100000000)
  eden space 65024K, 0% used [0x00000000eb400000,0x00000000eb400000,0x00000000ef380000)
  from space 5632K, 93% used [0x00000000ef980000,0x00000000efea97e0,0x00000000eff00000)
  to   space 6144K, 0% used [0x00000000ef380000,0x00000000ef380000,0x00000000ef980000)
 ParOldGen       total 44032K, used 6653K [0x00000000c1c00000, 0x00000000c4700000, 0x00000000eb400000)
  object space 44032K, 15% used [0x00000000c1c00000,0x00000000c227f408,0x00000000c4700000)
 Metaspace       used 18040K, capacity 18740K, committed 18944K, reserved 1064960K
  class space    used 2378K, capacity 2550K, committed 2560K, reserved 1048576K
}
Event: 5.750 GC heap before
{Heap before GC invocations=7 (full 0):
 PSYoungGen      total 70656K, used 36858K [0x00000000eb400000, 0x00000000f0000000, 0x0000000100000000)
  eden space 65024K, 48% used [0x00000000eb400000,0x00000000ed2d5200,0x00000000ef380000)
  from space 5632K, 93% used [0x00000000ef980000,0x00000000efea97e0,0x00000000eff00000)
  to   space 6144K, 0% used [0x00000000ef380000,0x00000000ef380000,0x00000000ef980000)
 ParOldGen       total 44032K, used 6653K [0x00000000c1c00000, 0x00000000c4700000, 0x00000000eb400000)
  object space 44032K, 15% used [0x00000000c1c00000,0x00000000c227f408,0x00000000c4700000)
 Metaspace       used 20448K, capacity 21138K, committed 21248K, reserved 1067008K
  class space    used 2613K, capacity 2771K, committed 2816K, reserved 1048576K
Event: 5.782 GC heap after
Heap after GC invocations=7 (full 0):
 PSYoungGen      total 71168K, used 5969K [0x00000000eb400000, 0x00000000f4100000, 0x0000000100000000)
  eden space 65024K, 0% used [0x00000000eb400000,0x00000000eb400000,0x00000000ef380000)
  from space 6144K, 97% used [0x00000000ef380000,0x00000000ef9547f0,0x00000000ef980000)
  to   space 7168K, 0% used [0x00000000f3a00000,0x00000000f3a00000,0x00000000f4100000)
 ParOldGen       total 44032K, used 8000K [0x00000000c1c00000, 0x00000000c4700000, 0x00000000eb400000)
  object space 44032K, 18% used [0x00000000c1c00000,0x00000000c23d0048,0x00000000c4700000)
 Metaspace       used 20448K, capacity 21138K, committed 21248K, reserved 1067008K
  class space    used 2613K, capacity 2771K, committed 2816K, reserved 1048576K
}
Event: 5.782 GC heap before
{Heap before GC invocations=8 (full 1):
 PSYoungGen      total 71168K, used 5969K [0x00000000eb400000, 0x00000000f4100000, 0x0000000100000000)
  eden space 65024K, 0% used [0x00000000eb400000,0x00000000eb400000,0x00000000ef380000)
  from space 6144K, 97% used [0x00000000ef380000,0x00000000ef9547f0,0x00000000ef980000)
  to   space 7168K, 0% used [0x00000000f3a00000,0x00000000f3a00000,0x00000000f4100000)
 ParOldGen       total 44032K, used 8000K [0x00000000c1c00000, 0x00000000c4700000, 0x00000000eb400000)
  object space 44032K, 18% used [0x00000000c1c00000,0x00000000c23d0048,0x00000000c4700000)
 Metaspace       used 20448K, capacity 21138K, committed 21248K, reserved 1067008K
  class space    used 2613K, capacity 2771K, committed 2816K, reserved 1048576K
Event: 5.941 GC heap after
Heap after GC invocations=8 (full 1):
 PSYoungGen      total 71168K, used 0K [0x00000000eb400000, 0x00000000f4100000, 0x0000000100000000)
  eden space 65024K, 0% used [0x00000000eb400000,0x00000000eb400000,0x00000000ef380000)
  from space 6144K, 0% used [0x00000000ef380000,0x00000000ef380000,0x00000000ef980000)
  to   space 7168K, 0% used [0x00000000f3a00000,0x00000000f3a00000,0x00000000f4100000)
 ParOldGen       total 35840K, used 8731K [0x00000000c1c00000, 0x00000000c3f00000, 0x00000000eb400000)
  object space 35840K, 24% used [0x00000000c1c00000,0x00000000c2486e08,0x00000000c3f00000)
 Metaspace       used 20448K, capacity 21138K, committed 21248K, reserved 1067008K
  class space    used 2613K, capacity 2771K, committed 2816K, reserved 1048576K
}

Deoptimization events (10 events):
Event: 5.323 Thread 0x000000001821b800 Uncommon trap: reason=unstable_if action=reinterpret pc=0x0000000002e89d38 method=java.util.jar.Manifest$FastInputStream.readLine([BII)I @ 87
Event: 5.560 Thread 0x00000000027d2800 Uncommon trap: reason=array_check action=maybe_recompile pc=0x0000000002ffb38c method=sun.reflect.annotation.AnnotationParser.parseAnnotationArray(ILjava/lang/Class;Ljava/nio/ByteBuffer;Lsun/reflect/ConstantPool;Ljava/lang/Class;)Ljava/lang/Object; @ 53
Event: 5.560 Thread 0x00000000027d2800 Uncommon trap: reason=array_check action=maybe_recompile pc=0x0000000002ffb38c method=sun.reflect.annotation.AnnotationParser.parseAnnotationArray(ILjava/lang/Class;Ljava/nio/ByteBuffer;Lsun/reflect/ConstantPool;Ljava/lang/Class;)Ljava/lang/Object; @ 53
Event: 5.560 Thread 0x00000000027d2800 Uncommon trap: reason=array_check action=maybe_recompile pc=0x0000000002ffb38c method=sun.reflect.annotation.AnnotationParser.parseAnnotationArray(ILjava/lang/Class;Ljava/nio/ByteBuffer;Lsun/reflect/ConstantPool;Ljava/lang/Class;)Ljava/lang/Object; @ 53
Event: 5.560 Thread 0x00000000027d2800 Uncommon trap: reason=array_check action=maybe_recompile pc=0x0000000002ffb38c method=sun.reflect.annotation.AnnotationParser.parseAnnotationArray(ILjava/lang/Class;Ljava/nio/ByteBuffer;Lsun/reflect/ConstantPool;Ljava/lang/Class;)Ljava/lang/Object; @ 53
Event: 5.572 Thread 0x00000000027d2800 Uncommon trap: reason=array_check action=maybe_recompile pc=0x000000000300539c method=sun.reflect.annotation.AnnotationParser.parseAnnotationArray(ILjava/lang/Class;Ljava/nio/ByteBuffer;Lsun/reflect/ConstantPool;Ljava/lang/Class;)Ljava/lang/Object; @ 53
Event: 6.988 Thread 0x00000000027d2800 Uncommon trap: reason=class_check action=maybe_recompile pc=0x000000000307da74 method=org.springframework.asm.ClassReader.readCode(Lorg/springframework/asm/MethodVisitor;Lorg/springframework/asm/Context;I)V @ 3295
Event: 6.996 Thread 0x00000000027d2800 Uncommon trap: reason=class_check action=maybe_recompile pc=0x000000000307da74 method=org.springframework.asm.ClassReader.readCode(Lorg/springframework/asm/MethodVisitor;Lorg/springframework/asm/Context;I)V @ 3295
Event: 6.997 Thread 0x00000000027d2800 Uncommon trap: reason=class_check action=maybe_recompile pc=0x000000000307da74 method=org.springframework.asm.ClassReader.readCode(Lorg/springframework/asm/MethodVisitor;Lorg/springframework/asm/Context;I)V @ 3295
Event: 6.997 Thread 0x00000000027d2800 Uncommon trap: reason=class_check action=maybe_recompile pc=0x000000000307da74 method=org.springframework.asm.ClassReader.readCode(Lorg/springframework/asm/MethodVisitor;Lorg/springframework/asm/Context;I)V @ 3295

Classes redefined (0 events):
No events

Internal exceptions (10 events):
Event: 5.173 Thread 0x00000000027d2800 Exception <a 'java/lang/ClassNotFoundException': org/springframework/beans/factory/support/BeanDefinitionRegistryPostProcessorCustomizer> (0x00000000eb4d05b8) thrown at [C:\re\workspace\8-2-build-windows-amd64-cygwin\jdk8u231\13620\hotspot\src\share\vm\cl
Event: 5.175 Thread 0x00000000027d2800 Exception <a 'java/lang/ClassNotFoundException': org/springframework/beans/factory/config/BeanFactoryPostProcessorCustomizer> (0x00000000eb63b438) thrown at [C:\re\workspace\8-2-build-windows-amd64-cygwin\jdk8u231\13620\hotspot\src\share\vm\classfile\syst
Event: 5.176 Thread 0x00000000027d2800 Exception <a 'java/lang/ClassNotFoundException': org/springframework/core/PriorityOrderedCustomizer> (0x00000000eb659078) thrown at [C:\re\workspace\8-2-build-windows-amd64-cygwin\jdk8u231\13620\hotspot\src\share\vm\classfile\systemDictionary.cpp, line 21
Event: 5.177 Thread 0x00000000027d2800 Exception <a 'java/lang/ClassNotFoundException': org/springframework/core/OrderedCustomizer> (0x00000000eb672ee8) thrown at [C:\re\workspace\8-2-build-windows-amd64-cygwin\jdk8u231\13620\hotspot\src\share\vm\classfile\systemDictionary.cpp, line 210]
Event: 5.178 Thread 0x00000000027d2800 Exception <a 'java/lang/ClassNotFoundException': org/springframework/context/ResourceLoaderAwareCustomizer> (0x00000000eb693b18) thrown at [C:\re\workspace\8-2-build-windows-amd64-cygwin\jdk8u231\13620\hotspot\src\share\vm\classfile\systemDictionary.cpp, 
Event: 5.180 Thread 0x00000000027d2800 Exception <a 'java/lang/ClassNotFoundException': org/springframework/beans/factory/AwareCustomizer> (0x00000000eb6b1cf0) thrown at [C:\re\workspace\8-2-build-windows-amd64-cygwin\jdk8u231\13620\hotspot\src\share\vm\classfile\systemDictionary.cpp, line 210
Event: 5.181 Thread 0x00000000027d2800 Exception <a 'java/lang/ClassNotFoundException': org/springframework/beans/factory/BeanClassLoaderAwareCustomizer> (0x00000000eb6d4dd0) thrown at [C:\re\workspace\8-2-build-windows-amd64-cygwin\jdk8u231\13620\hotspot\src\share\vm\classfile\systemDictionar
Event: 5.182 Thread 0x00000000027d2800 Exception <a 'java/lang/ClassNotFoundException': org/springframework/beans/factory/AwareCustomizer> (0x00000000eb6f2fc0) thrown at [C:\re\workspace\8-2-build-windows-amd64-cygwin\jdk8u231\13620\hotspot\src\share\vm\classfile\systemDictionary.cpp, line 210
Event: 5.183 Thread 0x00000000027d2800 Exception <a 'java/lang/ClassNotFoundException': org/springframework/context/EnvironmentAwareCustomizer> (0x00000000eb7b2e80) thrown at [C:\re\workspace\8-2-build-windows-amd64-cygwin\jdk8u231\13620\hotspot\src\share\vm\classfile\systemDictionary.cpp, lin
Event: 5.184 Thread 0x00000000027d2800 Exception <a 'java/lang/ClassNotFoundException': org/springframework/beans/factory/AwareCustomizer> (0x00000000eb7d0f50) thrown at [C:\re\workspace\8-2-build-windows-amd64-cygwin\jdk8u231\13620\hotspot\src\share\vm\classfile\systemDictionary.cpp, line 210

Events (10 events):
Event: 7.102 loading class javax/inject$Named
Event: 7.102 loading class javax/inject$Named done
Event: 7.104 loading class com/fasterxml/jackson/datatype/jsr310/deser/InstantDeserializer$FromDecimalArguments
Event: 7.104 loading class com/fasterxml/jackson/datatype/jsr310/deser/InstantDeserializer$FromDecimalArguments done
Event: 7.104 loading class com/fasterxml/jackson/datatype/jsr310/deser/InstantDeserializer$FromDecimalArguments
Event: 7.104 loading class com/fasterxml/jackson/datatype/jsr310/deser/InstantDeserializer$FromDecimalArguments done
Event: 7.105 loading class com/fasterxml/jackson/datatype/jsr310/deser/InstantDeserializer$FromDecimalArguments
Event: 7.105 loading class com/fasterxml/jackson/datatype/jsr310/deser/InstantDeserializer$FromDecimalArguments done
Event: 7.125 loading class springfox/documentation/annotations/Incubating
Event: 7.125 loading class springfox/documentation/annotations/Incubating done


Dynamic libraries:
0x00007ff7debc0000 - 0x00007ff7debf7000 	C:\Program Files\Java\jdk1.8.0_231\bin\java.exe
0x00007ffe95b60000 - 0x00007ffe95d50000 	C:\Windows\SYSTEM32\ntdll.dll
0x00007ffe95660000 - 0x00007ffe95712000 	C:\Windows\System32\KERNEL32.DLL
0x00007ffe92af0000 - 0x00007ffe92d93000 	C:\Windows\System32\KERNELBASE.dll
0x00007ffe95320000 - 0x00007ffe953c3000 	C:\Windows\System32\ADVAPI32.dll
0x00007ffe94460000 - 0x00007ffe944fe000 	C:\Windows\System32\msvcrt.dll
0x00007ffe94540000 - 0x00007ffe945d7000 	C:\Windows\System32\sechost.dll
0x00007ffe945e0000 - 0x00007ffe94700000 	C:\Windows\System32\RPCRT4.dll
0x00007ffe93d80000 - 0x00007ffe93f14000 	C:\Windows\System32\USER32.dll
0x00007ffe93a40000 - 0x00007ffe93a61000 	C:\Windows\System32\win32u.dll
0x00007ffe95280000 - 0x00007ffe952a6000 	C:\Windows\System32\GDI32.dll
0x00007ffe93a70000 - 0x00007ffe93c04000 	C:\Windows\System32\gdi32full.dll
0x00007ffe937f0000 - 0x00007ffe9388e000 	C:\Windows\System32\msvcp_win.dll
0x00007ffe92e90000 - 0x00007ffe92f8a000 	C:\Windows\System32\ucrtbase.dll
0x00007ffe7b730000 - 0x00007ffe7b9b5000 	C:\Windows\WinSxS\amd64_microsoft.windows.common-controls_6595b64144ccf1df_6.0.18362.778_none_e6c6b761130d4fb8\COMCTL32.dll
0x00007ffe94ec0000 - 0x00007ffe951f6000 	C:\Windows\System32\combase.dll
0x00007ffe92da0000 - 0x00007ffe92e20000 	C:\Windows\System32\bcryptPrimitives.dll
0x00007ffe94510000 - 0x00007ffe9453e000 	C:\Windows\System32\IMM32.DLL
0x0000000050380000 - 0x0000000050452000 	C:\Program Files\Java\jdk1.8.0_231\jre\bin\msvcr100.dll
0x00000000771b0000 - 0x0000000077a56000 	C:\Program Files\Java\jdk1.8.0_231\jre\bin\server\jvm.dll
0x00007ffe94500000 - 0x00007ffe94508000 	C:\Windows\System32\PSAPI.DLL
0x00007ffe88330000 - 0x00007ffe88339000 	C:\Windows\SYSTEM32\WSOCK32.dll
0x00007ffe952b0000 - 0x00007ffe9531f000 	C:\Windows\System32\WS2_32.dll
0x00007ffe8b5f0000 - 0x00007ffe8b5fa000 	C:\Windows\SYSTEM32\VERSION.dll
0x00007ffe89e40000 - 0x00007ffe89e64000 	C:\Windows\SYSTEM32\WINMM.dll
0x00007ffe89e10000 - 0x00007ffe89e3d000 	C:\Windows\SYSTEM32\WINMMBASE.dll
0x00007ffe92e40000 - 0x00007ffe92e8a000 	C:\Windows\System32\cfgmgr32.dll
0x00007ffe8c480000 - 0x00007ffe8c48f000 	C:\Program Files\Java\jdk1.8.0_231\jre\bin\verify.dll
0x00007ffe84900000 - 0x00007ffe84929000 	C:\Program Files\Java\jdk1.8.0_231\jre\bin\java.dll
0x00007ffe754a0000 - 0x00007ffe754c3000 	C:\Program Files\Java\jdk1.8.0_231\jre\bin\instrument.dll
0x00007ffe8bb80000 - 0x00007ffe8bb96000 	C:\Program Files\Java\jdk1.8.0_231\jre\bin\zip.dll
0x00007ffe94700000 - 0x00007ffe94de5000 	C:\Windows\System32\SHELL32.dll
0x00007ffe93cd0000 - 0x00007ffe93d79000 	C:\Windows\System32\shcore.dll
0x00007ffe92f90000 - 0x00007ffe93710000 	C:\Windows\System32\windows.storage.dll
0x00007ffe92ac0000 - 0x00007ffe92ae3000 	C:\Windows\System32\profapi.dll
0x00007ffe92a50000 - 0x00007ffe92a9a000 	C:\Windows\System32\powrprof.dll
0x00007ffe92a20000 - 0x00007ffe92a30000 	C:\Windows\System32\UMPDC.dll
0x00007ffe95a30000 - 0x00007ffe95a82000 	C:\Windows\System32\shlwapi.dll
0x00007ffe92aa0000 - 0x00007ffe92ab1000 	C:\Windows\System32\kernel.appcore.dll
0x00007ffe92e20000 - 0x00007ffe92e37000 	C:\Windows\System32\cryptsp.dll
0x00007ffe89f40000 - 0x00007ffe89f5a000 	C:\Program Files\JetBrains\IntelliJ IDEA 2020.1.1\bin\breakgen64.dll
0x00007ffe84b40000 - 0x00007ffe84b5a000 	C:\Program Files\Java\jdk1.8.0_231\jre\bin\net.dll
0x00007ffe92230000 - 0x00007ffe92297000 	C:\Windows\system32\mswsock.dll
0x00007ffe7de00000 - 0x00007ffe7de12000 	C:\Program Files\Java\jdk1.8.0_231\jre\bin\nio.dll
0x00007ffe89950000 - 0x00007ffe8995d000 	C:\Program Files\Java\jdk1.8.0_231\jre\bin\management.dll
0x00007ffe69170000 - 0x00007ffe69186000 	C:\Windows\system32\napinsp.dll
0x00007ffe66d80000 - 0x00007ffe66d9a000 	C:\Windows\system32\pnrpnsp.dll
0x00007ffe91f80000 - 0x00007ffe9204a000 	C:\Windows\SYSTEM32\DNSAPI.dll
0x00007ffe95a90000 - 0x00007ffe95a98000 	C:\Windows\System32\NSI.dll
0x00007ffe91f40000 - 0x00007ffe91f7a000 	C:\Windows\SYSTEM32\IPHLPAPI.DLL
0x00007ffe892a0000 - 0x00007ffe892ae000 	C:\Windows\System32\winrnr.dll
0x00007ffe8ebb0000 - 0x00007ffe8ebcc000 	C:\Windows\system32\NLAapi.dll
0x00007ffe8e0d0000 - 0x00007ffe8e0e5000 	C:\Windows\system32\wshbth.dll
0x00007ffe8a0f0000 - 0x00007ffe8a0fa000 	C:\Windows\System32\rasadhlp.dll
0x00007ffe8ab00000 - 0x00007ffe8ab77000 	C:\Windows\System32\fwpuclnt.dll
0x00007ffe937c0000 - 0x00007ffe937e6000 	C:\Windows\System32\bcrypt.dll

VM Arguments:
jvm_args: -ea -Didea.test.cyclic.buffer.size=1048576 -javaagent:C:\Program Files\JetBrains\IntelliJ IDEA 2020.1.1\lib\idea_rt.jar=60310:C:\Program Files\JetBrains\IntelliJ IDEA 2020.1.1\bin -Dfile.encoding=UTF-8 
java_command: com.intellij.rt.junit.JUnitStarter -ideVersion5 -junit4 cn.niit.group5.controller.Change,updateHttp
java_class_path (initial): C:\Program Files\JetBrains\IntelliJ IDEA 2020.1.1\lib\idea_rt.jar;C:\Program Files\JetBrains\IntelliJ IDEA 2020.1.1\plugins\junit\lib\junit5-rt.jar;C:\Program Files\JetBrains\IntelliJ IDEA 2020.1.1\plugins\junit\lib\junit-rt.jar;C:\Program Files\Java\jdk1.8.0_231\jre\lib\charsets.jar;C:\Program Files\Java\jdk1.8.0_231\jre\lib\deploy.jar;C:\Program Files\Java\jdk1.8.0_231\jre\lib\ext\access-bridge-64.jar;C:\Program Files\Java\jdk1.8.0_231\jre\lib\ext\cldrdata.jar;C:\Program Files\Java\jdk1.8.0_231\jre\lib\ext\dnsns.jar;C:\Program Files\Java\jdk1.8.0_231\jre\lib\ext\jaccess.jar;C:\Program Files\Java\jdk1.8.0_231\jre\lib\ext\jfxrt.jar;C:\Program Files\Java\jdk1.8.0_231\jre\lib\ext\localedata.jar;C:\Program Files\Java\jdk1.8.0_231\jre\lib\ext\nashorn.jar;C:\Program Files\Java\jdk1.8.0_231\jre\lib\ext\sunec.jar;C:\Program Files\Java\jdk1.8.0_231\jre\lib\ext\sunjce_provider.jar;C:\Program Files\Java\jdk1.8.0_231\jre\lib\ext\sunmscapi.jar;C:\Program Files\Java\jdk1.8.0_231\jre\lib\ext\sunpkcs11.jar;C:\Program Files\Java\jdk1.8.0_231\jre\lib\ext\zipfs.jar;C:\Program Files\Java\jdk1.8.0_231\jre\lib\javaws.jar;C:\Program Files\Java\jdk1.8.0_231\jre\lib\jce.jar;C:\Program Files\Java\jdk1.8.0_231\jre\lib\jfr.jar;C:\Program Files\Java\jdk1.8.0_231\jre\lib\jfxswt.jar;C:\Program Files\Java\jdk1.8.0_231\jre\lib\jsse.jar;C:\Program Files\Java\jdk1.8.0_231\jre\lib\management-agent.jar;C:\Program Files\Java\jdk1.8.0_231\jre\lib\plugin.jar;C:\Program Files\Java\jdk1.8.0_231\jre\lib\resources.jar;C:\Program Files\Java\jdk1.8.0_231\jre\lib\rt.jar;D:\农技耘\group5-api\group5\target\test-classes;D:\农技耘\group5-api\group5\target\classes;C:\Users\PAN-B\.m2\repository\org\springframework\boot\spring-boot-starter-web\2.1.4.RELEASE\spring-boot-starter-web-2.1.4.RELEASE.jar;C:\Users\PAN-B\.m2\repository\org\springframework\boot\spring-boot-starter\2.1.4.RELEASE\spring-boot-starter-2.1.4.RELEASE.jar;C:\Users\PAN-B\.m2\repository\org\springframework\boot\spring-boot\
Launcher Type: SUN_STANDARD

Environment Variables:
JAVA_HOME=C:\Program Files\Java\jdk1.8.0_231
CLASSPATH=.;C:\Program Files\Java\jdk1.8.0_231\lib\dt.jar;C:\Program Files\Java\jdk1.8.0_231\lib\tools.jar;
PATH=C:\Program Files (x86)\Common Files\Oracle\Java\javapath;C:\Program Files (x86)\NetSarang\Xshell 6\;C:\Program Files (x86)\NetSarang\Xftp 6\;C:\Windows\system32;C:\Windows;C:\Windows\System32\Wbem;C:\Windows\System32\WindowsPowerShell\v1.0\;C:\Windows\System32\OpenSSH\;C:\Program Files\Java\jdk1.8.0_231\bin;C:\Program Files\Java\jdk1.8.0_231\jre\bin;D:\maven\apache-maven-3.6.3\bin;C:\Program Files\MySQL\MySQL Server 8.0\bin;C:\Program Files\Git\cmd;C:\Program Files\Redis\;C:\Program Files\nodejs\;C:\Users\PAN-B\AppData\Local\Microsoft\WindowsApps;C:\Program Files\JetBrains\IntelliJ IDEA 2020.1.1\bin;C:\Users\PAN-B\AppData\Roaming\npm
USERNAME=PAN-B
OS=Windows_NT
PROCESSOR_IDENTIFIER=Intel64 Family 6 Model 142 Stepping 9, GenuineIntel



---------------  S Y S T E M  ---------------

OS: Windows 10.0 , 64 bit Build 18362 (10.0.18362.778)

CPU:total 4 (initial active 4) (2 cores per cpu, 2 threads per core) family 6 model 142 stepping 9, cmov, cx8, fxsr, mmx, sse, sse2, sse3, ssse3, sse4.1, sse4.2, popcnt, avx, avx2, aes, clmul, erms, 3dnowpref, lzcnt, ht, tsc, tscinvbit, bmi1, bmi2, adx

Memory: 4k page, physical 4074596k(288584k free), swap 13959904k(5596k free)

vm_info: Java HotSpot(TM) 64-Bit Server VM (25.231-b11) for windows-amd64 JRE (1.8.0_231-b11), built on Oct  5 2019 03:11:30 by "java_re" with MS VC++ 10.0 (VS2010)

time: Tue May 12 22:52:37 2020
timezone: 中国标准时间
elapsed time: 7 seconds (0d 0h 0m 7s)

