#
# There is insufficient memory for the Java Runtime Environment to continue.
# Native memory allocation (malloc) failed to allocate 1577776 bytes for Chunk::new
# Possible reasons:
#   The system is out of physical RAM or swap space
#   The process is running with CompressedOops enabled, and the Java Heap may be blocking the growth of the native heap
# Possible solutions:
#   Reduce memory load on the system
#   Increase physical memory or swap space
#   Check if swap backing store is full
#   Decrease Java heap size (-Xmx/-Xms)
#   Decrease number of Java threads
#   Decrease Java thread stack sizes (-Xss)
#   Set larger code cache with -XX:ReservedCodeCacheSize=
#   JVM is running with Unscaled Compressed Oops mode in which the Java heap is
#     placed in the first 4GB address space. The Java Heap base address is the
#     maximum limit for the native heap growth. Please use -XX:HeapBaseMinAddress
#     to set the Java Heap base and to place the Java Heap above 4GB virtual address.
# This output file may be truncated or incomplete.
#
#  Out of Memory Error (allocation.cpp:389), pid=19396, tid=0x0000000000003148
#
# JRE version: Java(TM) SE Runtime Environment (8.0_231-b11) (build 1.8.0_231-b11)
# Java VM: Java HotSpot(TM) 64-Bit Server VM (25.231-b11 mixed mode windows-amd64 compressed oops)
# Failed to write core dump. Minidumps are not enabled by default on client versions of Windows
#

---------------  T H R E A D  ---------------

Current thread (0x0000000015ab3800):  JavaThread "C2 CompilerThread0" daemon [_thread_in_native, id=12616, stack(0x0000000017530000,0x0000000017630000)]

Stack: [0x0000000017530000,0x0000000017630000]
[error occurred during error reporting (printing stack bounds), id 0xc0000005]

Native frames: (J=compiled Java code, j=interpreted, Vv=VM code, C=native code)


Current CompileTask:
C2:  17118 5460       4       org.springframework.util.ReflectionUtils::findMethod (111 bytes)


---------------  P R O C E S S  ---------------

Java Threads: ( => current thread )
  0x0000000019bc7000 JavaThread "mysql-cj-abandoned-connection-cleanup" daemon [_thread_blocked, id=2856, stack(0x000000001c290000,0x000000001c390000)]
  0x0000000016ebf800 JavaThread "Service Thread" daemon [_thread_blocked, id=9476, stack(0x0000000017830000,0x0000000017930000)]
  0x0000000016eb5800 JavaThread "C1 CompilerThread2" daemon [_thread_blocked, id=18856, stack(0x0000000017730000,0x0000000017830000)]
  0x0000000016eb4000 JavaThread "C2 CompilerThread1" daemon [_thread_in_native, id=16196, stack(0x0000000017630000,0x0000000017730000)]
=>0x0000000015ab3800 JavaThread "C2 CompilerThread0" daemon [_thread_in_native, id=12616, stack(0x0000000017530000,0x0000000017630000)]
  0x0000000015aa7000 JavaThread "Monitor Ctrl-Break" daemon [_thread_in_native, id=13948, stack(0x0000000017430000,0x0000000017530000)]
  0x0000000015a99000 JavaThread "Attach Listener" daemon [_thread_blocked, id=16592, stack(0x0000000017330000,0x0000000017430000)]
  0x0000000015a6e800 JavaThread "Signal Dispatcher" daemon [_thread_blocked, id=10104, stack(0x0000000017230000,0x0000000017330000)]
  0x0000000015a5a000 JavaThread "Finalizer" daemon [_thread_blocked, id=11400, stack(0x0000000016cd0000,0x0000000016dd0000)]
  0x0000000003318000 JavaThread "Reference Handler" daemon [_thread_blocked, id=13360, stack(0x0000000016bd0000,0x0000000016cd0000)]
  0x0000000003222800 JavaThread "main" [_thread_in_vm, id=11496, stack(0x0000000003120000,0x0000000003220000)]

Other Threads:
  0x0000000015a38000 VMThread [stack: 0x0000000016ad0000,0x0000000016bd0000] [id=2900]
  0x0000000016f0f000 WatcherThread [stack: 0x0000000017930000,0x0000000017a30000] [id=17024]

VM state:not at safepoint (normal execution)

VM Mutex/Monitor currently owned by a thread: None

heap address: 0x00000000c1c00000, size: 996 MB, Compressed Oops mode: 32-bit
Narrow klass base: 0x0000000000000000, Narrow klass shift: 3
Compressed class space size: 1073741824 Address: 0x0000000100000000

Heap:
 PSYoungGen      total 282112K, used 57624K [0x00000000eb400000, 0x0000000100000000, 0x0000000100000000)
  eden space 268288K, 16% used [0x00000000eb400000,0x00000000edeca448,0x00000000fba00000)
  from space 13824K, 99% used [0x00000000fba00000,0x00000000fc77be30,0x00000000fc780000)
  to   space 17920K, 0% used [0x00000000fee80000,0x00000000fee80000,0x0000000100000000)
 ParOldGen       total 50688K, used 21272K [0x00000000c1c00000, 0x00000000c4d80000, 0x00000000eb400000)
  object space 50688K, 41% used [0x00000000c1c00000,0x00000000c30c63a8,0x00000000c4d80000)
 Metaspace       used 45778K, capacity 47736K, committed 48000K, reserved 1091584K
  class space    used 5904K, capacity 6260K, committed 6272K, reserved 1048576K

Card table byte_map: [0x0000000012860000,0x0000000012a60000] byte_map_base: 0x0000000012252000

Marking Bits: (ParMarkBitMap*) 0x00000000779d6d90
 Begin Bits: [0x0000000012fb0000, 0x0000000013f40000)
 End Bits:   [0x0000000013f40000, 0x0000000014ed0000)

Polling page: 0x0000000001670000

CodeCache: size=245760Kb used=19553Kb max_used=20442Kb free=226206Kb
 bounds [0x00000000034a0000, 0x00000000048b0000, 0x00000000124a0000]
 total_blobs=5526 nmethods=5038 adapters=400
 compilation: enabled

Compilation events (10 events):
Event: 16.936 Thread 0x0000000016eb5800 5596       3       org.springframework.cglib.core.AbstractClassGenerator::getClassLoader (53 bytes)
Event: 16.938 Thread 0x0000000016eb5800 nmethod 5596 0x000000000383a710 code [0x000000000383a9c0, 0x000000000383bfd8]
Event: 17.006 Thread 0x0000000016eb5800 5598       3       jdk.internal.org.objectweb.asm.FieldWriter::<init> (97 bytes)
Event: 17.007 Thread 0x0000000016eb5800 nmethod 5598 0x0000000003ab3b50 code [0x0000000003ab3d00, 0x0000000003ab41c8]
Event: 17.065 Thread 0x0000000016eb5800 5599       3       org.springframework.util.ConcurrentReferenceHashMap::<init> (14 bytes)
Event: 17.066 Thread 0x0000000016eb5800 nmethod 5599 0x00000000035e7450 code [0x00000000035e75e0, 0x00000000035e7788]
Event: 17.112 Thread 0x0000000016eb5800 5600       3       org.springframework.core.ResolvableType::isAssignableFrom (407 bytes)
Event: 17.115 Thread 0x0000000016eb5800 nmethod 5600 0x000000000385d510 code [0x000000000385d8a0, 0x000000000385fa68]
Event: 17.115 Thread 0x0000000016eb5800 5601       3       org.springframework.core.ResolvableType::isAssignableFrom (7 bytes)
Event: 17.115 Thread 0x0000000016eb5800 nmethod 5601 0x000000000385d110 code [0x000000000385d280, 0x000000000385d408]

GC Heap History (10 events):
Event: 11.475 GC heap before
{Heap before GC invocations=11 (full 1):
 PSYoungGen      total 136192K, used 136160K [0x00000000eb400000, 0x00000000f7e00000, 0x0000000100000000)
  eden space 129536K, 100% used [0x00000000eb400000,0x00000000f3280000,0x00000000f3280000)
  from space 6656K, 99% used [0x00000000f3280000,0x00000000f38f8020,0x00000000f3900000)
  to   space 10752K, 0% used [0x00000000f7380000,0x00000000f7380000,0x00000000f7e00000)
 ParOldGen       total 30720K, used 15498K [0x00000000c1c00000, 0x00000000c3a00000, 0x00000000eb400000)
  object space 30720K, 50% used [0x00000000c1c00000,0x00000000c2b22b98,0x00000000c3a00000)
 Metaspace       used 34543K, capacity 35784K, committed 35968K, reserved 1081344K
  class space    used 4430K, capacity 4676K, committed 4736K, reserved 1048576K
Event: 11.497 GC heap after
Heap after GC invocations=11 (full 1):
 PSYoungGen      total 193024K, used 10720K [0x00000000eb400000, 0x00000000f8100000, 0x0000000100000000)
  eden space 182272K, 0% used [0x00000000eb400000,0x00000000eb400000,0x00000000f6600000)
  from space 10752K, 99% used [0x00000000f7380000,0x00000000f7df8020,0x00000000f7e00000)
  to   space 13824K, 0% used [0x00000000f6600000,0x00000000f6600000,0x00000000f7380000)
 ParOldGen       total 30720K, used 20818K [0x00000000c1c00000, 0x00000000c3a00000, 0x00000000eb400000)
  object space 30720K, 67% used [0x00000000c1c00000,0x00000000c3054860,0x00000000c3a00000)
 Metaspace       used 34543K, capacity 35784K, committed 35968K, reserved 1081344K
  class space    used 4430K, capacity 4676K, committed 4736K, reserved 1048576K
}
Event: 11.543 GC heap before
{Heap before GC invocations=12 (full 1):
 PSYoungGen      total 193024K, used 13599K [0x00000000eb400000, 0x00000000f8100000, 0x0000000100000000)
  eden space 182272K, 1% used [0x00000000eb400000,0x00000000eb6cfec8,0x00000000f6600000)
  from space 10752K, 99% used [0x00000000f7380000,0x00000000f7df8020,0x00000000f7e00000)
  to   space 13824K, 0% used [0x00000000f6600000,0x00000000f6600000,0x00000000f7380000)
 ParOldGen       total 30720K, used 20818K [0x00000000c1c00000, 0x00000000c3a00000, 0x00000000eb400000)
  object space 30720K, 67% used [0x00000000c1c00000,0x00000000c3054860,0x00000000c3a00000)
 Metaspace       used 34745K, capacity 35946K, committed 36048K, reserved 1081344K
  class space    used 4451K, capacity 4709K, committed 4736K, reserved 1048576K
Event: 11.558 GC heap after
Heap after GC invocations=12 (full 1):
 PSYoungGen      total 196096K, used 288K [0x00000000eb400000, 0x00000000fde80000, 0x0000000100000000)
  eden space 182272K, 0% used [0x00000000eb400000,0x00000000eb400000,0x00000000f6600000)
  from space 13824K, 2% used [0x00000000f6600000,0x00000000f6648000,0x00000000f7380000)
  to   space 14336K, 0% used [0x00000000fd080000,0x00000000fd080000,0x00000000fde80000)
 ParOldGen       total 32256K, used 31524K [0x00000000c1c00000, 0x00000000c3b80000, 0x00000000eb400000)
  object space 32256K, 97% used [0x00000000c1c00000,0x00000000c3ac9130,0x00000000c3b80000)
 Metaspace       used 34745K, capacity 35946K, committed 36048K, reserved 1081344K
  class space    used 4451K, capacity 4709K, committed 4736K, reserved 1048576K
}
Event: 11.558 GC heap before
{Heap before GC invocations=13 (full 2):
 PSYoungGen      total 196096K, used 288K [0x00000000eb400000, 0x00000000fde80000, 0x0000000100000000)
  eden space 182272K, 0% used [0x00000000eb400000,0x00000000eb400000,0x00000000f6600000)
  from space 13824K, 2% used [0x00000000f6600000,0x00000000f6648000,0x00000000f7380000)
  to   space 14336K, 0% used [0x00000000fd080000,0x00000000fd080000,0x00000000fde80000)
 ParOldGen       total 32256K, used 31524K [0x00000000c1c00000, 0x00000000c3b80000, 0x00000000eb400000)
  object space 32256K, 97% used [0x00000000c1c00000,0x00000000c3ac9130,0x00000000c3b80000)
 Metaspace       used 34745K, capacity 35946K, committed 36048K, reserved 1081344K
  class space    used 4451K, capacity 4709K, committed 4736K, reserved 1048576K
Event: 11.694 GC heap after
Heap after GC invocations=13 (full 2):
 PSYoungGen      total 196096K, used 0K [0x00000000eb400000, 0x00000000fde80000, 0x0000000100000000)
  eden space 182272K, 0% used [0x00000000eb400000,0x00000000eb400000,0x00000000f6600000)
  from space 13824K, 0% used [0x00000000f6600000,0x00000000f6600000,0x00000000f7380000)
  to   space 14336K, 0% used [0x00000000fd080000,0x00000000fd080000,0x00000000fde80000)
 ParOldGen       total 50688K, used 17314K [0x00000000c1c00000, 0x00000000c4d80000, 0x00000000eb400000)
  object space 50688K, 34% used [0x00000000c1c00000,0x00000000c2ce8810,0x00000000c4d80000)
 Metaspace       used 34745K, capacity 35946K, committed 36048K, reserved 1081344K
  class space    used 4451K, capacity 4709K, committed 4736K, reserved 1048576K
}
Event: 12.436 GC heap before
{Heap before GC invocations=14 (full 2):
 PSYoungGen      total 196096K, used 182272K [0x00000000eb400000, 0x00000000fde80000, 0x0000000100000000)
  eden space 182272K, 100% used [0x00000000eb400000,0x00000000f6600000,0x00000000f6600000)
  from space 13824K, 0% used [0x00000000f6600000,0x00000000f6600000,0x00000000f7380000)
  to   space 14336K, 0% used [0x00000000fd080000,0x00000000fd080000,0x00000000fde80000)
 ParOldGen       total 50688K, used 17314K [0x00000000c1c00000, 0x00000000c4d80000, 0x00000000eb400000)
  object space 50688K, 34% used [0x00000000c1c00000,0x00000000c2ce8810,0x00000000c4d80000)
 Metaspace       used 36199K, capacity 37476K, committed 37632K, reserved 1081344K
  class space    used 4560K, capacity 4846K, committed 4864K, reserved 1048576K
Event: 12.442 GC heap after
Heap after GC invocations=14 (full 2):
 PSYoungGen      total 272896K, used 2619K [0x00000000eb400000, 0x00000000fd500000, 0x0000000100000000)
  eden space 268288K, 0% used [0x00000000eb400000,0x00000000eb400000,0x00000000fba00000)
  from space 4608K, 56% used [0x00000000fd080000,0x00000000fd30ef08,0x00000000fd500000)
  to   space 13824K, 0% used [0x00000000fba00000,0x00000000fba00000,0x00000000fc780000)
 ParOldGen       total 50688K, used 17322K [0x00000000c1c00000, 0x00000000c4d80000, 0x00000000eb400000)
  object space 50688K, 34% used [0x00000000c1c00000,0x00000000c2cea810,0x00000000c4d80000)
 Metaspace       used 36199K, capacity 37476K, committed 37632K, reserved 1081344K
  class space    used 4560K, capacity 4846K, committed 4864K, reserved 1048576K
}
Event: 16.522 GC heap before
{Heap before GC invocations=15 (full 2):
 PSYoungGen      total 272896K, used 270907K [0x00000000eb400000, 0x00000000fd500000, 0x0000000100000000)
  eden space 268288K, 100% used [0x00000000eb400000,0x00000000fba00000,0x00000000fba00000)
  from space 4608K, 56% used [0x00000000fd080000,0x00000000fd30ef08,0x00000000fd500000)
  to   space 13824K, 0% used [0x00000000fba00000,0x00000000fba00000,0x00000000fc780000)
 ParOldGen       total 50688K, used 17322K [0x00000000c1c00000, 0x00000000c4d80000, 0x00000000eb400000)
  object space 50688K, 34% used [0x00000000c1c00000,0x00000000c2cea810,0x00000000c4d80000)
 Metaspace       used 44864K, capacity 46752K, committed 46848K, reserved 1089536K
  class space    used 5763K, capacity 6116K, committed 6144K, reserved 1048576K
Event: 16.563 GC heap after
Heap after GC invocations=15 (full 2):
 PSYoungGen      total 282112K, used 13807K [0x00000000eb400000, 0x0000000100000000, 0x0000000100000000)
  eden space 268288K, 0% used [0x00000000eb400000,0x00000000eb400000,0x00000000fba00000)
  from space 13824K, 99% used [0x00000000fba00000,0x00000000fc77be30,0x00000000fc780000)
  to   space 17920K, 0% used [0x00000000fee80000,0x00000000fee80000,0x0000000100000000)
 ParOldGen       total 50688K, used 21272K [0x00000000c1c00000, 0x00000000c4d80000, 0x00000000eb400000)
  object space 50688K, 41% used [0x00000000c1c00000,0x00000000c30c63a8,0x00000000c4d80000)
 Metaspace       used 44864K, capacity 46752K, committed 46848K, reserved 1089536K
  class space    used 5763K, capacity 6116K, committed 6144K, reserved 1048576K
}

Deoptimization events (10 events):
Event: 15.125 Thread 0x0000000003222800 Uncommon trap: reason=class_check action=maybe_recompile pc=0x00000000044b332c method=java.lang.reflect.Method.equals(Ljava/lang/Object;)Z @ 5
Event: 15.125 Thread 0x0000000003222800 Uncommon trap: reason=class_check action=maybe_recompile pc=0x00000000044b332c method=java.lang.reflect.Method.equals(Ljava/lang/Object;)Z @ 5
Event: 15.273 Thread 0x0000000003222800 Uncommon trap: reason=unstable_if action=reinterpret pc=0x0000000003a36c1c method=java.io.WinNTFileSystem.isLetter(C)Z @ 3
Event: 15.321 Thread 0x0000000003222800 Uncommon trap: reason=unstable_if action=reinterpret pc=0x00000000047d6328 method=java.util.Properties.loadConvert([CII[C)Ljava/lang/String; @ 57
Event: 15.700 Thread 0x0000000003222800 Uncommon trap: reason=unstable_if action=reinterpret pc=0x00000000043cbb08 method=java.util.concurrent.ConcurrentHashMap.putVal(Ljava/lang/Object;Ljava/lang/Object;Z)Ljava/lang/Object; @ 331
Event: 15.756 Thread 0x0000000003222800 Uncommon trap: reason=unstable_if action=reinterpret pc=0x0000000003a24e84 method=java.util.concurrent.ConcurrentHashMap.transfer([Ljava/util/concurrent/ConcurrentHashMap$Node;[Ljava/util/concurrent/ConcurrentHashMap$Node;)V @ 356
Event: 16.215 Thread 0x0000000003222800 Uncommon trap: reason=bimorphic action=maybe_recompile pc=0x000000000453f0a0 method=java.util.concurrent.ConcurrentHashMap.computeIfAbsent(Ljava/lang/Object;Ljava/util/function/Function;)Ljava/lang/Object; @ 17
Event: 16.300 Thread 0x0000000003222800 Uncommon trap: reason=unstable_if action=reinterpret pc=0x0000000004276d10 method=org.springframework.util.CollectionUtils.isEmpty(Ljava/util/Collection;)Z @ 10
Event: 16.301 Thread 0x0000000003222800 Uncommon trap: reason=unstable_if action=reinterpret pc=0x0000000004594348 method=org.springframework.util.CollectionUtils.isEmpty(Ljava/util/Collection;)Z @ 10
Event: 16.718 Thread 0x0000000003222800 Uncommon trap: reason=unstable_if action=reinterpret pc=0x00000000044e3fc4 method=java.util.concurrent.ConcurrentHashMap.get(Ljava/lang/Object;)Ljava/lang/Object; @ 86

Classes redefined (0 events):
No events

Internal exceptions (10 events):
Event: 17.056 Thread 0x0000000003222800 Exception <a 'java/lang/ClassNotFoundException': org/springframework/web/servlet/mvc/method/annotation/RequestMappingHandlerAdapterCustomizer> (0x00000000ed7472c0) thrown at [C:\re\workspace\8-2-build-windows-amd64-cygwin\jdk8u231\13620\hotspot\src\share\
Event: 17.060 Thread 0x0000000003222800 Exception <a 'java/lang/ClassNotFoundException': org/springframework/beans/factory/BeanFactoryAwareCustomizer> (0x00000000ed7ee8b8) thrown at [C:\re\workspace\8-2-build-windows-amd64-cygwin\jdk8u231\13620\hotspot\src\share\vm\classfile\systemDictionary.cp
Event: 17.061 Thread 0x0000000003222800 Exception <a 'java/lang/ClassNotFoundException': org/springframework/beans/factory/AwareCustomizer> (0x00000000ed80cce8) thrown at [C:\re\workspace\8-2-build-windows-amd64-cygwin\jdk8u231\13620\hotspot\src\share\vm\classfile\systemDictionary.cpp, line 210
Event: 17.062 Thread 0x0000000003222800 Exception <a 'java/lang/ClassNotFoundException': org/springframework/beans/factory/InitializingBeanCustomizer> (0x00000000ed82e3f8) thrown at [C:\re\workspace\8-2-build-windows-amd64-cygwin\jdk8u231\13620\hotspot\src\share\vm\classfile\systemDictionary.cp
Event: 17.063 Thread 0x0000000003222800 Exception <a 'java/lang/ClassNotFoundException': org/springframework/web/servlet/HandlerAdapterCustomizer> (0x00000000ed84ec18) thrown at [C:\re\workspace\8-2-build-windows-amd64-cygwin\jdk8u231\13620\hotspot\src\share\vm\classfile\systemDictionary.cpp, l
Event: 17.063 Thread 0x0000000003222800 Exception <a 'java/lang/ClassNotFoundException': org/springframework/core/OrderedCustomizer> (0x00000000ed86a288) thrown at [C:\re\workspace\8-2-build-windows-amd64-cygwin\jdk8u231\13620\hotspot\src\share\vm\classfile\systemDictionary.cpp, line 210]
Event: 17.064 Thread 0x0000000003222800 Exception <a 'java/lang/ClassNotFoundException': org/springframework/web/context/ServletContextAwareCustomizer> (0x00000000ed88cdb0) thrown at [C:\re\workspace\8-2-build-windows-amd64-cygwin\jdk8u231\13620\hotspot\src\share\vm\classfile\systemDictionary.c
Event: 17.064 Thread 0x0000000003222800 Exception <a 'java/lang/ClassNotFoundException': org/springframework/beans/factory/AwareCustomizer> (0x00000000ed8aad50) thrown at [C:\re\workspace\8-2-build-windows-amd64-cygwin\jdk8u231\13620\hotspot\src\share\vm\classfile\systemDictionary.cpp, line 210
Event: 17.065 Thread 0x0000000003222800 Exception <a 'java/lang/ClassNotFoundException': org/springframework/context/ApplicationContextAwareCustomizer> (0x00000000ed8ccba0) thrown at [C:\re\workspace\8-2-build-windows-amd64-cygwin\jdk8u231\13620\hotspot\src\share\vm\classfile\systemDictionary.c
Event: 17.065 Thread 0x0000000003222800 Exception <a 'java/lang/ClassNotFoundException': org/springframework/beans/factory/AwareCustomizer> (0x00000000ed8eafb8) thrown at [C:\re\workspace\8-2-build-windows-amd64-cygwin\jdk8u231\13620\hotspot\src\share\vm\classfile\systemDictionary.cpp, line 210

Events (10 events):
Event: 17.105 loading class com/google/common/collect/AbstractIterator$1
Event: 17.105 loading class com/google/common/collect/AbstractIterator$1 done
Event: 17.105 loading class com/google/common/collect/ImmutableList$Builder
Event: 17.105 loading class com/google/common/collect/ImmutableList$Builder done
Event: 17.105 loading class com/google/common/collect/ImmutableCollection$ArrayBasedBuilder
Event: 17.105 loading class com/google/common/collect/ImmutableCollection$ArrayBasedBuilder done
Event: 17.106 loading class com/google/common/collect/ImmutableCollection$Builder
Event: 17.106 loading class com/google/common/collect/ImmutableCollection$Builder done
Event: 17.108 loading class com/google/common/collect/Platform
Event: 17.108 loading class com/google/common/collect/Platform done


Dynamic libraries:
0x00007ff7debc0000 - 0x00007ff7debf7000 	C:\Program Files\Java\jdk1.8.0_231\bin\java.exe
0x00007ffe95b60000 - 0x00007ffe95d50000 	C:\Windows\SYSTEM32\ntdll.dll
0x00007ffe95660000 - 0x00007ffe95712000 	C:\Windows\System32\KERNEL32.DLL
0x00007ffe92af0000 - 0x00007ffe92d93000 	C:\Windows\System32\KERNELBASE.dll
0x00007ffe95320000 - 0x00007ffe953c3000 	C:\Windows\System32\ADVAPI32.dll
0x00007ffe94460000 - 0x00007ffe944fe000 	C:\Windows\System32\msvcrt.dll
0x00007ffe94540000 - 0x00007ffe945d7000 	C:\Windows\System32\sechost.dll
0x00007ffe945e0000 - 0x00007ffe94700000 	C:\Windows\System32\RPCRT4.dll
0x00007ffe93d80000 - 0x00007ffe93f14000 	C:\Windows\System32\USER32.dll
0x00007ffe93a40000 - 0x00007ffe93a61000 	C:\Windows\System32\win32u.dll
0x00007ffe95280000 - 0x00007ffe952a6000 	C:\Windows\System32\GDI32.dll
0x00007ffe93a70000 - 0x00007ffe93c04000 	C:\Windows\System32\gdi32full.dll
0x00007ffe937f0000 - 0x00007ffe9388e000 	C:\Windows\System32\msvcp_win.dll
0x00007ffe92e90000 - 0x00007ffe92f8a000 	C:\Windows\System32\ucrtbase.dll
0x00007ffe7b730000 - 0x00007ffe7b9b5000 	C:\Windows\WinSxS\amd64_microsoft.windows.common-controls_6595b64144ccf1df_6.0.18362.778_none_e6c6b761130d4fb8\COMCTL32.dll
0x00007ffe94ec0000 - 0x00007ffe951f6000 	C:\Windows\System32\combase.dll
0x00007ffe92da0000 - 0x00007ffe92e20000 	C:\Windows\System32\bcryptPrimitives.dll
0x00007ffe94510000 - 0x00007ffe9453e000 	C:\Windows\System32\IMM32.DLL
0x0000000050380000 - 0x0000000050452000 	C:\Program Files\Java\jdk1.8.0_231\jre\bin\msvcr100.dll
0x00000000771b0000 - 0x0000000077a56000 	C:\Program Files\Java\jdk1.8.0_231\jre\bin\server\jvm.dll
0x00007ffe94500000 - 0x00007ffe94508000 	C:\Windows\System32\PSAPI.DLL
0x00007ffe88330000 - 0x00007ffe88339000 	C:\Windows\SYSTEM32\WSOCK32.dll
0x00007ffe952b0000 - 0x00007ffe9531f000 	C:\Windows\System32\WS2_32.dll
0x00007ffe89e40000 - 0x00007ffe89e64000 	C:\Windows\SYSTEM32\WINMM.dll
0x00007ffe8b5f0000 - 0x00007ffe8b5fa000 	C:\Windows\SYSTEM32\VERSION.dll
0x00007ffe89e10000 - 0x00007ffe89e3d000 	C:\Windows\SYSTEM32\WINMMBASE.dll
0x00007ffe92e40000 - 0x00007ffe92e8a000 	C:\Windows\System32\cfgmgr32.dll
0x00007ffe8c480000 - 0x00007ffe8c48f000 	C:\Program Files\Java\jdk1.8.0_231\jre\bin\verify.dll
0x00007ffe84900000 - 0x00007ffe84929000 	C:\Program Files\Java\jdk1.8.0_231\jre\bin\java.dll
0x00007ffe79410000 - 0x00007ffe79433000 	C:\Program Files\Java\jdk1.8.0_231\jre\bin\instrument.dll
0x00007ffe8bb80000 - 0x00007ffe8bb96000 	C:\Program Files\Java\jdk1.8.0_231\jre\bin\zip.dll
0x00007ffe94700000 - 0x00007ffe94de5000 	C:\Windows\System32\SHELL32.dll
0x00007ffe93cd0000 - 0x00007ffe93d79000 	C:\Windows\System32\shcore.dll
0x00007ffe92f90000 - 0x00007ffe93710000 	C:\Windows\System32\windows.storage.dll
0x00007ffe92ac0000 - 0x00007ffe92ae3000 	C:\Windows\System32\profapi.dll
0x00007ffe92a50000 - 0x00007ffe92a9a000 	C:\Windows\System32\powrprof.dll
0x00007ffe92a20000 - 0x00007ffe92a30000 	C:\Windows\System32\UMPDC.dll
0x00007ffe95a30000 - 0x00007ffe95a82000 	C:\Windows\System32\shlwapi.dll
0x00007ffe92aa0000 - 0x00007ffe92ab1000 	C:\Windows\System32\kernel.appcore.dll
0x00007ffe92e20000 - 0x00007ffe92e37000 	C:\Windows\System32\cryptsp.dll
0x00007ffe84b40000 - 0x00007ffe84b5a000 	C:\Program Files\JetBrains\IntelliJ IDEA 2020.1.1\bin\breakgen64.dll
0x00007ffe7de00000 - 0x00007ffe7de1a000 	C:\Program Files\Java\jdk1.8.0_231\jre\bin\net.dll
0x00007ffe92230000 - 0x00007ffe92297000 	C:\Windows\system32\mswsock.dll
0x00007ffe7ce40000 - 0x00007ffe7ce52000 	C:\Program Files\Java\jdk1.8.0_231\jre\bin\nio.dll
0x00007ffe89f40000 - 0x00007ffe89f4d000 	C:\Program Files\Java\jdk1.8.0_231\jre\bin\management.dll
0x00007ffe69170000 - 0x00007ffe69186000 	C:\Windows\system32\napinsp.dll
0x00007ffe66d80000 - 0x00007ffe66d9a000 	C:\Windows\system32\pnrpnsp.dll
0x00007ffe91f80000 - 0x00007ffe9204a000 	C:\Windows\SYSTEM32\DNSAPI.dll
0x00007ffe95a90000 - 0x00007ffe95a98000 	C:\Windows\System32\NSI.dll
0x00007ffe91f40000 - 0x00007ffe91f7a000 	C:\Windows\SYSTEM32\IPHLPAPI.DLL
0x00007ffe892a0000 - 0x00007ffe892ae000 	C:\Windows\System32\winrnr.dll
0x00007ffe8ebb0000 - 0x00007ffe8ebcc000 	C:\Windows\system32\NLAapi.dll
0x00007ffe8e0d0000 - 0x00007ffe8e0e5000 	C:\Windows\system32\wshbth.dll
0x00007ffe8a0f0000 - 0x00007ffe8a0fa000 	C:\Windows\System32\rasadhlp.dll
0x00007ffe8ab00000 - 0x00007ffe8ab77000 	C:\Windows\System32\fwpuclnt.dll
0x00007ffe937c0000 - 0x00007ffe937e6000 	C:\Windows\System32\bcrypt.dll

VM Arguments:
jvm_args: -ea -Didea.test.cyclic.buffer.size=1048576 -javaagent:C:\Program Files\JetBrains\IntelliJ IDEA 2020.1.1\lib\idea_rt.jar=61000:C:\Program Files\JetBrains\IntelliJ IDEA 2020.1.1\bin -Dfile.encoding=UTF-8 
java_command: com.intellij.rt.junit.JUnitStarter -ideVersion5 -junit4 cn.niit.group5.controller.Change,updateHttp
java_class_path (initial): C:\Program Files\JetBrains\IntelliJ IDEA 2020.1.1\lib\idea_rt.jar;C:\Program Files\JetBrains\IntelliJ IDEA 2020.1.1\plugins\junit\lib\junit5-rt.jar;C:\Program Files\JetBrains\IntelliJ IDEA 2020.1.1\plugins\junit\lib\junit-rt.jar;C:\Program Files\Java\jdk1.8.0_231\jre\lib\charsets.jar;C:\Program Files\Java\jdk1.8.0_231\jre\lib\deploy.jar;C:\Program Files\Java\jdk1.8.0_231\jre\lib\ext\access-bridge-64.jar;C:\Program Files\Java\jdk1.8.0_231\jre\lib\ext\cldrdata.jar;C:\Program Files\Java\jdk1.8.0_231\jre\lib\ext\dnsns.jar;C:\Program Files\Java\jdk1.8.0_231\jre\lib\ext\jaccess.jar;C:\Program Files\Java\jdk1.8.0_231\jre\lib\ext\jfxrt.jar;C:\Program Files\Java\jdk1.8.0_231\jre\lib\ext\localedata.jar;C:\Program Files\Java\jdk1.8.0_231\jre\lib\ext\nashorn.jar;C:\Program Files\Java\jdk1.8.0_231\jre\lib\ext\sunec.jar;C:\Program Files\Java\jdk1.8.0_231\jre\lib\ext\sunjce_provider.jar;C:\Program Files\Java\jdk1.8.0_231\jre\lib\ext\sunmscapi.jar;C:\Program Files\Java\jdk1.8.0_231\jre\lib\ext\sunpkcs11.jar;C:\Program Files\Java\jdk1.8.0_231\jre\lib\ext\zipfs.jar;C:\Program Files\Java\jdk1.8.0_231\jre\lib\javaws.jar;C:\Program Files\Java\jdk1.8.0_231\jre\lib\jce.jar;C:\Program Files\Java\jdk1.8.0_231\jre\lib\jfr.jar;C:\Program Files\Java\jdk1.8.0_231\jre\lib\jfxswt.jar;C:\Program Files\Java\jdk1.8.0_231\jre\lib\jsse.jar;C:\Program Files\Java\jdk1.8.0_231\jre\lib\management-agent.jar;C:\Program Files\Java\jdk1.8.0_231\jre\lib\plugin.jar;C:\Program Files\Java\jdk1.8.0_231\jre\lib\resources.jar;C:\Program Files\Java\jdk1.8.0_231\jre\lib\rt.jar;D:\农技耘\group5-api\group5\target\test-classes;D:\农技耘\group5-api\group5\target\classes;C:\Users\PAN-B\.m2\repository\org\springframework\boot\spring-boot-starter-web\2.1.4.RELEASE\spring-boot-starter-web-2.1.4.RELEASE.jar;C:\Users\PAN-B\.m2\repository\org\springframework\boot\spring-boot-starter\2.1.4.RELEASE\spring-boot-starter-2.1.4.RELEASE.jar;C:\Users\PAN-B\.m2\repository\org\springframework\boot\spring-boot\
Launcher Type: SUN_STANDARD

Environment Variables:
JAVA_HOME=C:\Program Files\Java\jdk1.8.0_231
CLASSPATH=.;C:\Program Files\Java\jdk1.8.0_231\lib\dt.jar;C:\Program Files\Java\jdk1.8.0_231\lib\tools.jar;
PATH=C:\Program Files (x86)\Common Files\Oracle\Java\javapath;C:\Program Files (x86)\NetSarang\Xshell 6\;C:\Program Files (x86)\NetSarang\Xftp 6\;C:\Windows\system32;C:\Windows;C:\Windows\System32\Wbem;C:\Windows\System32\WindowsPowerShell\v1.0\;C:\Windows\System32\OpenSSH\;C:\Program Files\Java\jdk1.8.0_231\bin;C:\Program Files\Java\jdk1.8.0_231\jre\bin;D:\maven\apache-maven-3.6.3\bin;C:\Program Files\MySQL\MySQL Server 8.0\bin;C:\Program Files\Git\cmd;C:\Program Files\Redis\;C:\Program Files\nodejs\;C:\Users\PAN-B\AppData\Local\Microsoft\WindowsApps;C:\Program Files\JetBrains\IntelliJ IDEA 2020.1.1\bin;C:\Users\PAN-B\AppData\Roaming\npm
USERNAME=PAN-B
OS=Windows_NT
PROCESSOR_IDENTIFIER=Intel64 Family 6 Model 142 Stepping 9, GenuineIntel



---------------  S Y S T E M  ---------------

OS: Windows 10.0 , 64 bit Build 18362 (10.0.18362.778)

CPU:total 4 (initial active 4) (2 cores per cpu, 2 threads per core) family 6 model 142 stepping 9, cmov, cx8, fxsr, mmx, sse, sse2, sse3, ssse3, sse4.1, sse4.2, popcnt, avx, avx2, aes, clmul, erms, 3dnowpref, lzcnt, ht, tsc, tscinvbit, bmi1, bmi2, adx

Memory: 4k page, physical 4074596k(315832k free), swap 13959904k(6336k free)

vm_info: Java HotSpot(TM) 64-Bit Server VM (25.231-b11) for windows-amd64 JRE (1.8.0_231-b11), built on Oct  5 2019 03:11:30 by "java_re" with MS VC++ 10.0 (VS2010)

time: Tue May 12 23:02:59 2020
timezone: 中国标准时间
elapsed time: 17 seconds (0d 0h 0m 17s)

