#
# There is insufficient memory for the Java Runtime Environment to continue.
# Native memory allocation (malloc) failed to allocate 1027536 bytes for Chunk::new
# Possible reasons:
#   The system is out of physical RAM or swap space
#   The process is running with CompressedOops enabled, and the Java Heap may be blocking the growth of the native heap
# Possible solutions:
#   Reduce memory load on the system
#   Increase physical memory or swap space
#   Check if swap backing store is full
#   Decrease Java heap size (-Xmx/-Xms)
#   Decrease number of Java threads
#   Decrease Java thread stack sizes (-Xss)
#   Set larger code cache with -XX:ReservedCodeCacheSize=
#   JVM is running with Unscaled Compressed Oops mode in which the Java heap is
#     placed in the first 4GB address space. The Java Heap base address is the
#     maximum limit for the native heap growth. Please use -XX:HeapBaseMinAddress
#     to set the Java Heap base and to place the Java Heap above 4GB virtual address.
# This output file may be truncated or incomplete.
#
#  Out of Memory Error (allocation.cpp:389), pid=14396, tid=0x000000000000150c
#
# JRE version: Java(TM) SE Runtime Environment (8.0_231-b11) (build 1.8.0_231-b11)
# Java VM: Java HotSpot(TM) 64-Bit Server VM (25.231-b11 mixed mode windows-amd64 compressed oops)
# Failed to write core dump. Minidumps are not enabled by default on client versions of Windows
#

---------------  T H R E A D  ---------------

Current thread (0x0000000014efa000):  JavaThread "C2 CompilerThread0" daemon [_thread_in_native, id=5388, stack(0x0000000016920000,0x0000000016a20000)]

Stack: [0x0000000016920000,0x0000000016a20000]
[error occurred during error reporting (printing stack bounds), id 0xc0000005]

Native frames: (J=compiled Java code, j=interpreted, Vv=VM code, C=native code)


Current CompileTask:
C2:  21608 5298   !   4       com.sun.beans.TypeResolver::resolve (274 bytes)


---------------  P R O C E S S  ---------------

Java Threads: ( => current thread )
  0x0000000019770000 JavaThread "mysql-cj-abandoned-connection-cleanup" daemon [_thread_blocked, id=18056, stack(0x0000000018aa0000,0x0000000018ba0000)]
  0x00000000162b1800 JavaThread "Service Thread" daemon [_thread_blocked, id=6332, stack(0x0000000016c20000,0x0000000016d20000)]
  0x0000000014f0d800 JavaThread "C1 CompilerThread2" daemon [_thread_blocked, id=5724, stack(0x0000000016b20000,0x0000000016c20000)]
  0x0000000014efd000 JavaThread "C2 CompilerThread1" daemon [_thread_in_native, id=3152, stack(0x0000000016a20000,0x0000000016b20000)]
=>0x0000000014efa000 JavaThread "C2 CompilerThread0" daemon [_thread_in_native, id=5388, stack(0x0000000016920000,0x0000000016a20000)]
  0x0000000014eec800 JavaThread "Monitor Ctrl-Break" daemon [_thread_in_native, id=3820, stack(0x0000000016820000,0x0000000016920000)]
  0x0000000014ed9000 JavaThread "Attach Listener" daemon [_thread_blocked, id=7908, stack(0x0000000016720000,0x0000000016820000)]
  0x0000000014eae800 JavaThread "Signal Dispatcher" daemon [_thread_blocked, id=9716, stack(0x0000000016620000,0x0000000016720000)]
  0x00000000026db800 JavaThread "Finalizer" daemon [_thread_blocked, id=14844, stack(0x0000000016120000,0x0000000016220000)]
  0x00000000026d8000 JavaThread "Reference Handler" daemon [_thread_blocked, id=17400, stack(0x0000000016020000,0x0000000016120000)]
  0x00000000025e2800 JavaThread "main" [_thread_in_vm, id=4212, stack(0x0000000002490000,0x0000000002590000)]

Other Threads:
  0x0000000014e78000 VMThread [stack: 0x0000000015f20000,0x0000000016020000] [id=20796]
  0x0000000016332000 WatcherThread [stack: 0x0000000016d20000,0x0000000016e20000] [id=12504]

VM state:not at safepoint (normal execution)

VM Mutex/Monitor currently owned by a thread: None

heap address: 0x00000000c1c00000, size: 996 MB, Compressed Oops mode: 32-bit
Narrow klass base: 0x0000000000000000, Narrow klass shift: 3
Compressed class space size: 1073741824 Address: 0x0000000100000000

Heap:
 PSYoungGen      total 121344K, used 29453K [0x00000000eb400000, 0x00000000f3980000, 0x0000000100000000)
  eden space 111616K, 17% used [0x00000000eb400000,0x00000000ec745760,0x00000000f2100000)
  from space 9728K, 99% used [0x00000000f2c80000,0x00000000f35fe070,0x00000000f3600000)
  to   space 11776K, 0% used [0x00000000f2100000,0x00000000f2100000,0x00000000f2c80000)
 ParOldGen       total 58368K, used 23031K [0x00000000c1c00000, 0x00000000c5500000, 0x00000000eb400000)
  object space 58368K, 39% used [0x00000000c1c00000,0x00000000c327dfb0,0x00000000c5500000)
 Metaspace       used 44523K, capacity 46390K, committed 46552K, reserved 1089536K
  class space    used 5690K, capacity 6039K, committed 6144K, reserved 1048576K

Card table byte_map: [0x0000000011ca0000,0x0000000011ea0000] byte_map_base: 0x0000000011692000

Marking Bits: (ParMarkBitMap*) 0x00000000779d6d90
 Begin Bits: [0x00000000123f0000, 0x0000000013380000)
 End Bits:   [0x0000000013380000, 0x0000000014310000)

Polling page: 0x0000000000480000

CodeCache: size=245760Kb used=19225Kb max_used=19241Kb free=226534Kb
 bounds [0x00000000028e0000, 0x0000000003bc0000, 0x00000000118e0000]
 total_blobs=5459 nmethods=4972 adapters=399
 compilation: enabled

Compilation events (10 events):
Event: 21.511 Thread 0x0000000014f0d800 5502       3       java.beans.PropertyDescriptor::setPropertyEditorClass (9 bytes)
Event: 21.512 Thread 0x0000000014f0d800 nmethod 5502 0x0000000003ba3290 code [0x0000000003ba3420, 0x0000000003ba37a8]
Event: 21.539 Thread 0x0000000014f0d800 5504       3       org.springframework.beans.CachedIntrospectionResults::getPropertyDescriptors (84 bytes)
Event: 21.541 Thread 0x0000000014f0d800 nmethod 5504 0x0000000003ba7390 code [0x0000000003ba75a0, 0x0000000003ba8218]
Event: 21.541 Thread 0x0000000014f0d800 5505       3       java.util.ArrayList::removeIf (236 bytes)
Event: 21.543 Thread 0x0000000014f0d800 nmethod 5505 0x0000000003bb07d0 code [0x0000000003bb0a20, 0x0000000003bb1708]
Event: 21.543 Thread 0x0000000014f0d800 5507       3       org.springframework.boot.test.autoconfigure.properties.PropertyMappingContextCustomizer$PropertyMappingCheckBeanPostProcessor::postProcessBeforeInitialization (198 bytes)
Event: 21.547 Thread 0x0000000014f0d800 nmethod 5507 0x0000000003bb1e90 code [0x0000000003bb2300, 0x0000000003bb49e8]
Event: 21.569 Thread 0x0000000014efd000 nmethod 5500 0x0000000003bba2d0 code [0x0000000003bba520, 0x0000000003bbb8f0]
Event: 21.569 Thread 0x0000000014efd000 5508       4       com.sun.beans.TypeResolver::resolve (37 bytes)

GC Heap History (10 events):
Event: 17.005 GC heap before
{Heap before GC invocations=18 (full 2):
 PSYoungGen      total 73216K, used 65536K [0x00000000eb400000, 0x00000000f1300000, 0x0000000100000000)
  eden space 65536K, 100% used [0x00000000eb400000,0x00000000ef400000,0x00000000ef400000)
  from space 7680K, 0% used [0x00000000ef400000,0x00000000ef400000,0x00000000efb80000)
  to   space 7168K, 0% used [0x00000000f0c00000,0x00000000f0c00000,0x00000000f1300000)
 ParOldGen       total 58368K, used 18000K [0x00000000c1c00000, 0x00000000c5500000, 0x00000000eb400000)
  object space 58368K, 30% used [0x00000000c1c00000,0x00000000c2d941a8,0x00000000c5500000)
 Metaspace       used 35810K, capacity 37096K, committed 37336K, reserved 1081344K
  class space    used 4550K, capacity 4812K, committed 4864K, reserved 1048576K
Event: 17.010 GC heap after
Heap after GC invocations=18 (full 2):
 PSYoungGen      total 90112K, used 1931K [0x00000000eb400000, 0x00000000f1380000, 0x0000000100000000)
  eden space 82944K, 0% used [0x00000000eb400000,0x00000000eb400000,0x00000000f0500000)
  from space 7168K, 26% used [0x00000000f0c00000,0x00000000f0de2f18,0x00000000f1300000)
  to   space 7168K, 0% used [0x00000000f0500000,0x00000000f0500000,0x00000000f0c00000)
 ParOldGen       total 58368K, used 18008K [0x00000000c1c00000, 0x00000000c5500000, 0x00000000eb400000)
  object space 58368K, 30% used [0x00000000c1c00000,0x00000000c2d961a8,0x00000000c5500000)
 Metaspace       used 35810K, capacity 37096K, committed 37336K, reserved 1081344K
  class space    used 4550K, capacity 4812K, committed 4864K, reserved 1048576K
}
Event: 17.310 GC heap before
{Heap before GC invocations=19 (full 2):
 PSYoungGen      total 90112K, used 84875K [0x00000000eb400000, 0x00000000f1380000, 0x0000000100000000)
  eden space 82944K, 100% used [0x00000000eb400000,0x00000000f0500000,0x00000000f0500000)
  from space 7168K, 26% used [0x00000000f0c00000,0x00000000f0de2f18,0x00000000f1300000)
  to   space 7168K, 0% used [0x00000000f0500000,0x00000000f0500000,0x00000000f0c00000)
 ParOldGen       total 58368K, used 18008K [0x00000000c1c00000, 0x00000000c5500000, 0x00000000eb400000)
  object space 58368K, 30% used [0x00000000c1c00000,0x00000000c2d961a8,0x00000000c5500000)
 Metaspace       used 36091K, capacity 37332K, committed 37592K, reserved 1081344K
  class space    used 4557K, capacity 4846K, committed 4864K, reserved 1048576K
Event: 17.314 GC heap after
Heap after GC invocations=19 (full 2):
 PSYoungGen      total 90112K, used 1840K [0x00000000eb400000, 0x00000000f2200000, 0x0000000100000000)
  eden space 82944K, 0% used [0x00000000eb400000,0x00000000eb400000,0x00000000f0500000)
  from space 7168K, 25% used [0x00000000f0500000,0x00000000f06cc040,0x00000000f0c00000)
  to   space 7680K, 0% used [0x00000000f1a80000,0x00000000f1a80000,0x00000000f2200000)
 ParOldGen       total 58368K, used 18016K [0x00000000c1c00000, 0x00000000c5500000, 0x00000000eb400000)
  object space 58368K, 30% used [0x00000000c1c00000,0x00000000c2d981a8,0x00000000c5500000)
 Metaspace       used 36091K, capacity 37332K, committed 37592K, reserved 1081344K
  class space    used 4557K, capacity 4846K, committed 4864K, reserved 1048576K
}
Event: 18.231 GC heap before
{Heap before GC invocations=20 (full 2):
 PSYoungGen      total 90112K, used 84784K [0x00000000eb400000, 0x00000000f2200000, 0x0000000100000000)
  eden space 82944K, 100% used [0x00000000eb400000,0x00000000f0500000,0x00000000f0500000)
  from space 7168K, 25% used [0x00000000f0500000,0x00000000f06cc040,0x00000000f0c00000)
  to   space 7680K, 0% used [0x00000000f1a80000,0x00000000f1a80000,0x00000000f2200000)
 ParOldGen       total 58368K, used 18016K [0x00000000c1c00000, 0x00000000c5500000, 0x00000000eb400000)
  object space 58368K, 30% used [0x00000000c1c00000,0x00000000c2d981a8,0x00000000c5500000)
 Metaspace       used 38151K, capacity 39380K, committed 39512K, reserved 1083392K
  class space    used 4887K, capacity 5158K, committed 5248K, reserved 1048576K
Event: 18.242 GC heap after
Heap after GC invocations=20 (full 2):
 PSYoungGen      total 103936K, used 4953K [0x00000000eb400000, 0x00000000f2180000, 0x0000000100000000)
  eden space 96768K, 0% used [0x00000000eb400000,0x00000000eb400000,0x00000000f1280000)
  from space 7168K, 69% used [0x00000000f1a80000,0x00000000f1f565e8,0x00000000f2180000)
  to   space 7680K, 0% used [0x00000000f1280000,0x00000000f1280000,0x00000000f1a00000)
 ParOldGen       total 58368K, used 18024K [0x00000000c1c00000, 0x00000000c5500000, 0x00000000eb400000)
  object space 58368K, 30% used [0x00000000c1c00000,0x00000000c2d9a1a8,0x00000000c5500000)
 Metaspace       used 38151K, capacity 39380K, committed 39512K, reserved 1083392K
  class space    used 4887K, capacity 5158K, committed 5248K, reserved 1048576K
}
Event: 19.619 GC heap before
{Heap before GC invocations=21 (full 2):
 PSYoungGen      total 103936K, used 101721K [0x00000000eb400000, 0x00000000f2180000, 0x0000000100000000)
  eden space 96768K, 100% used [0x00000000eb400000,0x00000000f1280000,0x00000000f1280000)
  from space 7168K, 69% used [0x00000000f1a80000,0x00000000f1f565e8,0x00000000f2180000)
  to   space 7680K, 0% used [0x00000000f1280000,0x00000000f1280000,0x00000000f1a00000)
 ParOldGen       total 58368K, used 18024K [0x00000000c1c00000, 0x00000000c5500000, 0x00000000eb400000)
  object space 58368K, 30% used [0x00000000c1c00000,0x00000000c2d9a1a8,0x00000000c5500000)
 Metaspace       used 42039K, capacity 43404K, committed 43608K, reserved 1087488K
  class space    used 5359K, capacity 5672K, committed 5760K, reserved 1048576K
Event: 19.649 GC heap after
Heap after GC invocations=21 (full 2):
 PSYoungGen      total 104448K, used 7671K [0x00000000eb400000, 0x00000000f3600000, 0x0000000100000000)
  eden space 96768K, 0% used [0x00000000eb400000,0x00000000eb400000,0x00000000f1280000)
  from space 7680K, 99% used [0x00000000f1280000,0x00000000f19fdcf0,0x00000000f1a00000)
  to   space 9728K, 0% used [0x00000000f2c80000,0x00000000f2c80000,0x00000000f3600000)
 ParOldGen       total 58368K, used 20585K [0x00000000c1c00000, 0x00000000c5500000, 0x00000000eb400000)
  object space 58368K, 35% used [0x00000000c1c00000,0x00000000c301a568,0x00000000c5500000)
 Metaspace       used 42039K, capacity 43404K, committed 43608K, reserved 1087488K
  class space    used 5359K, capacity 5672K, committed 5760K, reserved 1048576K
}
Event: 21.314 GC heap before
{Heap before GC invocations=22 (full 2):
 PSYoungGen      total 104448K, used 104439K [0x00000000eb400000, 0x00000000f3600000, 0x0000000100000000)
  eden space 96768K, 100% used [0x00000000eb400000,0x00000000f1280000,0x00000000f1280000)
  from space 7680K, 99% used [0x00000000f1280000,0x00000000f19fdcf0,0x00000000f1a00000)
  to   space 9728K, 0% used [0x00000000f2c80000,0x00000000f2c80000,0x00000000f3600000)
 ParOldGen       total 58368K, used 20585K [0x00000000c1c00000, 0x00000000c5500000, 0x00000000eb400000)
  object space 58368K, 35% used [0x00000000c1c00000,0x00000000c301a568,0x00000000c5500000)
 Metaspace       used 44319K, capacity 46226K, committed 46552K, reserved 1089536K
  class space    used 5666K, capacity 6031K, committed 6144K, reserved 1048576K
Event: 21.340 GC heap after
Heap after GC invocations=22 (full 2):
 PSYoungGen      total 121344K, used 9720K [0x00000000eb400000, 0x00000000f3980000, 0x0000000100000000)
  eden space 111616K, 0% used [0x00000000eb400000,0x00000000eb400000,0x00000000f2100000)
  from space 9728K, 99% used [0x00000000f2c80000,0x00000000f35fe070,0x00000000f3600000)
  to   space 11776K, 0% used [0x00000000f2100000,0x00000000f2100000,0x00000000f2c80000)
 ParOldGen       total 58368K, used 23031K [0x00000000c1c00000, 0x00000000c5500000, 0x00000000eb400000)
  object space 58368K, 39% used [0x00000000c1c00000,0x00000000c327dfb0,0x00000000c5500000)
 Metaspace       used 44319K, capacity 46226K, committed 46552K, reserved 1089536K
  class space    used 5666K, capacity 6031K, committed 6144K, reserved 1048576K
}

Deoptimization events (10 events):
Event: 19.924 Thread 0x00000000025e2800 Uncommon trap: reason=class_check action=maybe_recompile pc=0x0000000003b0b85c method=org.springframework.core.annotation.AnnotatedElementUtils.searchWithFindSemantics(Ljava/lang/reflect/AnnotatedElement;Ljava/util/Set;Ljava/lang/String;Ljava/lang/Class;L
Event: 19.925 Thread 0x00000000025e2800 Uncommon trap: reason=unstable_if action=reinterpret pc=0x0000000003b0c2cc method=org.springframework.core.annotation.AnnotatedElementUtils.searchWithFindSemantics(Ljava/lang/reflect/AnnotatedElement;Ljava/util/Set;Ljava/lang/String;Ljava/lang/Class;Lorg/
Event: 20.075 Thread 0x00000000025e2800 Uncommon trap: reason=unstable_if action=reinterpret pc=0x0000000003800cd8 method=java.util.concurrent.ConcurrentHashMap.putVal(Ljava/lang/Object;Ljava/lang/Object;Z)Ljava/lang/Object; @ 331
Event: 20.339 Thread 0x00000000025e2800 Uncommon trap: reason=class_check action=maybe_recompile pc=0x000000000359472c method=java.lang.reflect.Method.equals(Ljava/lang/Object;)Z @ 5
Event: 20.339 Thread 0x00000000025e2800 Uncommon trap: reason=class_check action=maybe_recompile pc=0x000000000359472c method=java.lang.reflect.Method.equals(Ljava/lang/Object;)Z @ 5
Event: 20.493 Thread 0x00000000025e2800 Uncommon trap: reason=unstable_if action=reinterpret pc=0x0000000002e4d51c method=java.io.WinNTFileSystem.isLetter(C)Z @ 3
Event: 21.022 Thread 0x00000000025e2800 Uncommon trap: reason=unstable_if action=reinterpret pc=0x0000000003939658 method=java.lang.ThreadLocal$ThreadLocalMap.nextIndex(II)I @ 4
Event: 21.250 Thread 0x00000000025e2800 Uncommon trap: reason=unstable_if action=reinterpret pc=0x0000000002e00e24 method=java.util.concurrent.ConcurrentHashMap.transfer([Ljava/util/concurrent/ConcurrentHashMap$Node;[Ljava/util/concurrent/ConcurrentHashMap$Node;)V @ 356
Event: 21.414 Thread 0x00000000025e2800 Uncommon trap: reason=bimorphic action=maybe_recompile pc=0x000000000393d3a0 method=java.util.concurrent.ConcurrentHashMap.computeIfAbsent(Ljava/lang/Object;Ljava/util/function/Function;)Ljava/lang/Object; @ 17
Event: 21.495 Thread 0x00000000025e2800 Uncommon trap: reason=unstable_if action=reinterpret pc=0x00000000039da4c8 method=org.springframework.util.CollectionUtils.isEmpty(Ljava/util/Collection;)Z @ 10

Classes redefined (0 events):
No events

Internal exceptions (10 events):
Event: 21.566 Thread 0x00000000025e2800 Exception <a 'java/lang/ClassNotFoundException': org/springframework/web/servlet/handler/MatchableHandlerMappingCustomizer> (0x00000000ec34b5c8) thrown at [C:\re\workspace\8-2-build-windows-amd64-cygwin\jdk8u231\13620\hotspot\src\share\vm\classfile\system
Event: 21.567 Thread 0x00000000025e2800 Exception <a 'java/lang/ClassNotFoundException': org/springframework/web/servlet/HandlerMappingCustomizer> (0x00000000ec36c1d8) thrown at [C:\re\workspace\8-2-build-windows-amd64-cygwin\jdk8u231\13620\hotspot\src\share\vm\classfile\systemDictionary.cpp, l
Event: 21.568 Thread 0x00000000025e2800 Exception <a 'java/lang/ClassNotFoundException': org/springframework/web/servlet/HandlerMappingCustomizer> (0x00000000ec38cc40) thrown at [C:\re\workspace\8-2-build-windows-amd64-cygwin\jdk8u231\13620\hotspot\src\share\vm\classfile\systemDictionary.cpp, l
Event: 21.569 Thread 0x00000000025e2800 Exception <a 'java/lang/ClassNotFoundException': org/springframework/core/OrderedCustomizer> (0x00000000ec3a7308) thrown at [C:\re\workspace\8-2-build-windows-amd64-cygwin\jdk8u231\13620\hotspot\src\share\vm\classfile\systemDictionary.cpp, line 210]
Event: 21.570 Thread 0x00000000025e2800 Exception <a 'java/lang/ClassNotFoundException': org/springframework/beans/factory/BeanNameAwareCustomizer> (0x00000000ec3c7e70) thrown at [C:\re\workspace\8-2-build-windows-amd64-cygwin\jdk8u231\13620\hotspot\src\share\vm\classfile\systemDictionary.cpp, 
Event: 21.571 Thread 0x00000000025e2800 Exception <a 'java/lang/ClassNotFoundException': org/springframework/beans/factory/AwareCustomizer> (0x00000000ec3e5d88) thrown at [C:\re\workspace\8-2-build-windows-amd64-cygwin\jdk8u231\13620\hotspot\src\share\vm\classfile\systemDictionary.cpp, line 210
Event: 21.573 Thread 0x00000000025e2800 Exception <a 'java/lang/ClassNotFoundException': org/springframework/web/context/ServletContextAwareCustomizer> (0x00000000ec407c68) thrown at [C:\re\workspace\8-2-build-windows-amd64-cygwin\jdk8u231\13620\hotspot\src\share\vm\classfile\systemDictionary.c
Event: 21.575 Thread 0x00000000025e2800 Exception <a 'java/lang/ClassNotFoundException': org/springframework/beans/factory/AwareCustomizer> (0x00000000ec425ae8) thrown at [C:\re\workspace\8-2-build-windows-amd64-cygwin\jdk8u231\13620\hotspot\src\share\vm\classfile\systemDictionary.cpp, line 210
Event: 21.578 Thread 0x00000000025e2800 Exception <a 'java/lang/ClassNotFoundException': org/springframework/context/ApplicationContextAwareCustomizer> (0x00000000ec447938) thrown at [C:\re\workspace\8-2-build-windows-amd64-cygwin\jdk8u231\13620\hotspot\src\share\vm\classfile\systemDictionary.c
Event: 21.582 Thread 0x00000000025e2800 Exception <a 'java/lang/ClassNotFoundException': org/springframework/beans/factory/AwareCustomizer> (0x00000000ec465d50) thrown at [C:\re\workspace\8-2-build-windows-amd64-cygwin\jdk8u231\13620\hotspot\src\share\vm\classfile\systemDictionary.cpp, line 210

Events (10 events):
Event: 21.600 loading class org/springframework/web/bind/support/DefaultDataBinderFactory
Event: 21.600 loading class org/springframework/web/bind/support/DefaultDataBinderFactory done
Event: 21.601 loading class org/springframework/web/servlet/mvc/method/annotation/ServletRequestDataBinderFactory
Event: 21.601 loading class org/springframework/web/servlet/mvc/method/annotation/ServletRequestDataBinderFactory done
Event: 21.602 loading class org/springframework/util/ReflectionUtils$MethodFilter
Event: 21.602 loading class org/springframework/util/ReflectionUtils$MethodFilter done
Event: 21.603 loading class org/springframework/util/ReflectionUtils$MethodFilter
Event: 21.603 loading class org/springframework/util/ReflectionUtils$MethodFilter done
Event: 21.603 loading class org/springframework/core/task/SimpleAsyncTaskExecutor
Event: 21.603 loading class org/springframework/core/task/SimpleAsyncTaskExecutor done


Dynamic libraries:
0x00007ff7debc0000 - 0x00007ff7debf7000 	C:\Program Files\Java\jdk1.8.0_231\bin\java.exe
0x00007ffe95b60000 - 0x00007ffe95d50000 	C:\Windows\SYSTEM32\ntdll.dll
0x00007ffe95660000 - 0x00007ffe95712000 	C:\Windows\System32\KERNEL32.DLL
0x00007ffe92af0000 - 0x00007ffe92d93000 	C:\Windows\System32\KERNELBASE.dll
0x00007ffe95320000 - 0x00007ffe953c3000 	C:\Windows\System32\ADVAPI32.dll
0x00007ffe94460000 - 0x00007ffe944fe000 	C:\Windows\System32\msvcrt.dll
0x00007ffe94540000 - 0x00007ffe945d7000 	C:\Windows\System32\sechost.dll
0x00007ffe945e0000 - 0x00007ffe94700000 	C:\Windows\System32\RPCRT4.dll
0x00007ffe93d80000 - 0x00007ffe93f14000 	C:\Windows\System32\USER32.dll
0x00007ffe93a40000 - 0x00007ffe93a61000 	C:\Windows\System32\win32u.dll
0x00007ffe95280000 - 0x00007ffe952a6000 	C:\Windows\System32\GDI32.dll
0x00007ffe93a70000 - 0x00007ffe93c04000 	C:\Windows\System32\gdi32full.dll
0x00007ffe937f0000 - 0x00007ffe9388e000 	C:\Windows\System32\msvcp_win.dll
0x00007ffe92e90000 - 0x00007ffe92f8a000 	C:\Windows\System32\ucrtbase.dll
0x00007ffe7b730000 - 0x00007ffe7b9b5000 	C:\Windows\WinSxS\amd64_microsoft.windows.common-controls_6595b64144ccf1df_6.0.18362.778_none_e6c6b761130d4fb8\COMCTL32.dll
0x00007ffe94ec0000 - 0x00007ffe951f6000 	C:\Windows\System32\combase.dll
0x00007ffe92da0000 - 0x00007ffe92e20000 	C:\Windows\System32\bcryptPrimitives.dll
0x00007ffe94510000 - 0x00007ffe9453e000 	C:\Windows\System32\IMM32.DLL
0x0000000050380000 - 0x0000000050452000 	C:\Program Files\Java\jdk1.8.0_231\jre\bin\msvcr100.dll
0x00000000771b0000 - 0x0000000077a56000 	C:\Program Files\Java\jdk1.8.0_231\jre\bin\server\jvm.dll
0x00007ffe94500000 - 0x00007ffe94508000 	C:\Windows\System32\PSAPI.DLL
0x00007ffe88330000 - 0x00007ffe88339000 	C:\Windows\SYSTEM32\WSOCK32.dll
0x00007ffe952b0000 - 0x00007ffe9531f000 	C:\Windows\System32\WS2_32.dll
0x00007ffe89e40000 - 0x00007ffe89e64000 	C:\Windows\SYSTEM32\WINMM.dll
0x00007ffe8b5f0000 - 0x00007ffe8b5fa000 	C:\Windows\SYSTEM32\VERSION.dll
0x00007ffe89e10000 - 0x00007ffe89e3d000 	C:\Windows\SYSTEM32\WINMMBASE.dll
0x00007ffe92e40000 - 0x00007ffe92e8a000 	C:\Windows\System32\cfgmgr32.dll
0x00007ffe8c480000 - 0x00007ffe8c48f000 	C:\Program Files\Java\jdk1.8.0_231\jre\bin\verify.dll
0x00007ffe84900000 - 0x00007ffe84929000 	C:\Program Files\Java\jdk1.8.0_231\jre\bin\java.dll
0x00007ffe79410000 - 0x00007ffe79433000 	C:\Program Files\Java\jdk1.8.0_231\jre\bin\instrument.dll
0x00007ffe8bb80000 - 0x00007ffe8bb96000 	C:\Program Files\Java\jdk1.8.0_231\jre\bin\zip.dll
0x00007ffe94700000 - 0x00007ffe94de5000 	C:\Windows\System32\SHELL32.dll
0x00007ffe93cd0000 - 0x00007ffe93d79000 	C:\Windows\System32\shcore.dll
0x00007ffe92f90000 - 0x00007ffe93710000 	C:\Windows\System32\windows.storage.dll
0x00007ffe92ac0000 - 0x00007ffe92ae3000 	C:\Windows\System32\profapi.dll
0x00007ffe92a50000 - 0x00007ffe92a9a000 	C:\Windows\System32\powrprof.dll
0x00007ffe92a20000 - 0x00007ffe92a30000 	C:\Windows\System32\UMPDC.dll
0x00007ffe95a30000 - 0x00007ffe95a82000 	C:\Windows\System32\shlwapi.dll
0x00007ffe92aa0000 - 0x00007ffe92ab1000 	C:\Windows\System32\kernel.appcore.dll
0x00007ffe92e20000 - 0x00007ffe92e37000 	C:\Windows\System32\cryptsp.dll
0x00007ffe84b40000 - 0x00007ffe84b5a000 	C:\Program Files\JetBrains\IntelliJ IDEA 2020.1.1\bin\breakgen64.dll
0x00007ffe7de00000 - 0x00007ffe7de1a000 	C:\Program Files\Java\jdk1.8.0_231\jre\bin\net.dll
0x00007ffe92230000 - 0x00007ffe92297000 	C:\Windows\system32\mswsock.dll
0x00007ffe7ce40000 - 0x00007ffe7ce52000 	C:\Program Files\Java\jdk1.8.0_231\jre\bin\nio.dll
0x00007ffe89950000 - 0x00007ffe8995d000 	C:\Program Files\Java\jdk1.8.0_231\jre\bin\management.dll
0x00007ffe69170000 - 0x00007ffe69186000 	C:\Windows\system32\napinsp.dll
0x00007ffe66d80000 - 0x00007ffe66d9a000 	C:\Windows\system32\pnrpnsp.dll
0x00007ffe91f80000 - 0x00007ffe9204a000 	C:\Windows\SYSTEM32\DNSAPI.dll
0x00007ffe95a90000 - 0x00007ffe95a98000 	C:\Windows\System32\NSI.dll
0x00007ffe91f40000 - 0x00007ffe91f7a000 	C:\Windows\SYSTEM32\IPHLPAPI.DLL
0x00007ffe892a0000 - 0x00007ffe892ae000 	C:\Windows\System32\winrnr.dll
0x00007ffe8ebb0000 - 0x00007ffe8ebcc000 	C:\Windows\system32\NLAapi.dll
0x00007ffe8e0d0000 - 0x00007ffe8e0e5000 	C:\Windows\system32\wshbth.dll
0x00007ffe8a0f0000 - 0x00007ffe8a0fa000 	C:\Windows\System32\rasadhlp.dll
0x00007ffe8ab00000 - 0x00007ffe8ab77000 	C:\Windows\System32\fwpuclnt.dll
0x00007ffe937c0000 - 0x00007ffe937e6000 	C:\Windows\System32\bcrypt.dll

VM Arguments:
jvm_args: -ea -Didea.test.cyclic.buffer.size=1048576 -javaagent:C:\Program Files\JetBrains\IntelliJ IDEA 2020.1.1\lib\idea_rt.jar=61278:C:\Program Files\JetBrains\IntelliJ IDEA 2020.1.1\bin -Dfile.encoding=UTF-8 
java_command: com.intellij.rt.junit.JUnitStarter -ideVersion5 -junit4 cn.niit.group5.controller.Change,updateUrl
java_class_path (initial): C:\Program Files\JetBrains\IntelliJ IDEA 2020.1.1\lib\idea_rt.jar;C:\Program Files\JetBrains\IntelliJ IDEA 2020.1.1\plugins\junit\lib\junit5-rt.jar;C:\Program Files\JetBrains\IntelliJ IDEA 2020.1.1\plugins\junit\lib\junit-rt.jar;C:\Program Files\Java\jdk1.8.0_231\jre\lib\charsets.jar;C:\Program Files\Java\jdk1.8.0_231\jre\lib\deploy.jar;C:\Program Files\Java\jdk1.8.0_231\jre\lib\ext\access-bridge-64.jar;C:\Program Files\Java\jdk1.8.0_231\jre\lib\ext\cldrdata.jar;C:\Program Files\Java\jdk1.8.0_231\jre\lib\ext\dnsns.jar;C:\Program Files\Java\jdk1.8.0_231\jre\lib\ext\jaccess.jar;C:\Program Files\Java\jdk1.8.0_231\jre\lib\ext\jfxrt.jar;C:\Program Files\Java\jdk1.8.0_231\jre\lib\ext\localedata.jar;C:\Program Files\Java\jdk1.8.0_231\jre\lib\ext\nashorn.jar;C:\Program Files\Java\jdk1.8.0_231\jre\lib\ext\sunec.jar;C:\Program Files\Java\jdk1.8.0_231\jre\lib\ext\sunjce_provider.jar;C:\Program Files\Java\jdk1.8.0_231\jre\lib\ext\sunmscapi.jar;C:\Program Files\Java\jdk1.8.0_231\jre\lib\ext\sunpkcs11.jar;C:\Program Files\Java\jdk1.8.0_231\jre\lib\ext\zipfs.jar;C:\Program Files\Java\jdk1.8.0_231\jre\lib\javaws.jar;C:\Program Files\Java\jdk1.8.0_231\jre\lib\jce.jar;C:\Program Files\Java\jdk1.8.0_231\jre\lib\jfr.jar;C:\Program Files\Java\jdk1.8.0_231\jre\lib\jfxswt.jar;C:\Program Files\Java\jdk1.8.0_231\jre\lib\jsse.jar;C:\Program Files\Java\jdk1.8.0_231\jre\lib\management-agent.jar;C:\Program Files\Java\jdk1.8.0_231\jre\lib\plugin.jar;C:\Program Files\Java\jdk1.8.0_231\jre\lib\resources.jar;C:\Program Files\Java\jdk1.8.0_231\jre\lib\rt.jar;D:\农技耘\group5-api\group5\target\test-classes;D:\农技耘\group5-api\group5\target\classes;C:\Users\PAN-B\.m2\repository\org\springframework\boot\spring-boot-starter-web\2.1.4.RELEASE\spring-boot-starter-web-2.1.4.RELEASE.jar;C:\Users\PAN-B\.m2\repository\org\springframework\boot\spring-boot-starter\2.1.4.RELEASE\spring-boot-starter-2.1.4.RELEASE.jar;C:\Users\PAN-B\.m2\repository\org\springframework\boot\spring-boot\
Launcher Type: SUN_STANDARD

Environment Variables:
JAVA_HOME=C:\Program Files\Java\jdk1.8.0_231
CLASSPATH=.;C:\Program Files\Java\jdk1.8.0_231\lib\dt.jar;C:\Program Files\Java\jdk1.8.0_231\lib\tools.jar;
PATH=C:\Program Files (x86)\Common Files\Oracle\Java\javapath;C:\Program Files (x86)\NetSarang\Xshell 6\;C:\Program Files (x86)\NetSarang\Xftp 6\;C:\Windows\system32;C:\Windows;C:\Windows\System32\Wbem;C:\Windows\System32\WindowsPowerShell\v1.0\;C:\Windows\System32\OpenSSH\;C:\Program Files\Java\jdk1.8.0_231\bin;C:\Program Files\Java\jdk1.8.0_231\jre\bin;D:\maven\apache-maven-3.6.3\bin;C:\Program Files\MySQL\MySQL Server 8.0\bin;C:\Program Files\Git\cmd;C:\Program Files\Redis\;C:\Program Files\nodejs\;C:\Users\PAN-B\AppData\Local\Microsoft\WindowsApps;C:\Program Files\JetBrains\IntelliJ IDEA 2020.1.1\bin;C:\Users\PAN-B\AppData\Roaming\npm
USERNAME=PAN-B
OS=Windows_NT
PROCESSOR_IDENTIFIER=Intel64 Family 6 Model 142 Stepping 9, GenuineIntel



---------------  S Y S T E M  ---------------

OS: Windows 10.0 , 64 bit Build 18362 (10.0.18362.778)

CPU:total 4 (initial active 4) (2 cores per cpu, 2 threads per core) family 6 model 142 stepping 9, cmov, cx8, fxsr, mmx, sse, sse2, sse3, ssse3, sse4.1, sse4.2, popcnt, avx, avx2, aes, clmul, erms, 3dnowpref, lzcnt, ht, tsc, tscinvbit, bmi1, bmi2, adx

Memory: 4k page, physical 4074596k(334916k free), swap 13959904k(5600k free)

vm_info: Java HotSpot(TM) 64-Bit Server VM (25.231-b11) for windows-amd64 JRE (1.8.0_231-b11), built on Oct  5 2019 03:11:30 by "java_re" with MS VC++ 10.0 (VS2010)

time: Tue May 12 23:06:28 2020
timezone: 中国标准时间
elapsed time: 21 seconds (0d 0h 0m 21s)

