#
# There is insufficient memory for the Java Runtime Environment to continue.
# Native memory allocation (malloc) failed to allocate 1553232 bytes for Chunk::new
# Possible reasons:
#   The system is out of physical RAM or swap space
#   The process is running with CompressedOops enabled, and the Java Heap may be blocking the growth of the native heap
# Possible solutions:
#   Reduce memory load on the system
#   Increase physical memory or swap space
#   Check if swap backing store is full
#   Decrease Java heap size (-Xmx/-Xms)
#   Decrease number of Java threads
#   Decrease Java thread stack sizes (-Xss)
#   Set larger code cache with -XX:ReservedCodeCacheSize=
#   JVM is running with Unscaled Compressed Oops mode in which the Java heap is
#     placed in the first 4GB address space. The Java Heap base address is the
#     maximum limit for the native heap growth. Please use -XX:HeapBaseMinAddress
#     to set the Java Heap base and to place the Java Heap above 4GB virtual address.
# This output file may be truncated or incomplete.
#
#  Out of Memory Error (allocation.cpp:389), pid=7492, tid=0x00000000000028c4
#
# JRE version: Java(TM) SE Runtime Environment (8.0_231-b11) (build 1.8.0_231-b11)
# Java VM: Java HotSpot(TM) 64-Bit Server VM (25.231-b11 mixed mode windows-amd64 compressed oops)
# Failed to write core dump. Minidumps are not enabled by default on client versions of Windows
#

---------------  T H R E A D  ---------------

Current thread (0x000000001519a000):  JavaThread "C2 CompilerThread1" daemon [_thread_in_native, id=10436, stack(0x0000000016cc0000,0x0000000016dc0000)]

Stack: [0x0000000016cc0000,0x0000000016dc0000]
[error occurred during error reporting (printing stack bounds), id 0xc0000005]

Native frames: (J=compiled Java code, j=interpreted, Vv=VM code, C=native code)


Current CompileTask:
C2:  24766 5491       4       org.springframework.transaction.interceptor.TransactionAttributeSourcePointcut::matches (55 bytes)


---------------  P R O C E S S  ---------------

Java Threads: ( => current thread )
  0x000000001748c800 JavaThread "mysql-cj-abandoned-connection-cleanup" daemon [_thread_blocked, id=14876, stack(0x0000000018d40000,0x0000000018e40000)]
  0x0000000016558000 JavaThread "Service Thread" daemon [_thread_blocked, id=3844, stack(0x0000000016ec0000,0x0000000016fc0000)]
  0x0000000016557800 JavaThread "C1 CompilerThread2" daemon [_thread_blocked, id=10584, stack(0x0000000016dc0000,0x0000000016ec0000)]
=>0x000000001519a000 JavaThread "C2 CompilerThread1" daemon [_thread_in_native, id=10436, stack(0x0000000016cc0000,0x0000000016dc0000)]
  0x000000001519e800 JavaThread "C2 CompilerThread0" daemon [_thread_in_native, id=11828, stack(0x0000000016bc0000,0x0000000016cc0000)]
  0x0000000015196000 JavaThread "Monitor Ctrl-Break" daemon [_thread_in_native, id=17056, stack(0x0000000016ac0000,0x0000000016bc0000)]
  0x000000001517e000 JavaThread "Attach Listener" daemon [_thread_blocked, id=6764, stack(0x00000000169c0000,0x0000000016ac0000)]
  0x0000000015165800 JavaThread "Signal Dispatcher" daemon [_thread_blocked, id=15936, stack(0x00000000168c0000,0x00000000169c0000)]
  0x000000001513f800 JavaThread "Finalizer" daemon [_thread_blocked, id=8296, stack(0x00000000163c0000,0x00000000164c0000)]
  0x0000000002a58000 JavaThread "Reference Handler" daemon [_thread_blocked, id=19072, stack(0x00000000162c0000,0x00000000163c0000)]
  0x0000000002962800 JavaThread "main" [_thread_in_vm, id=9120, stack(0x0000000002860000,0x0000000002960000)]

Other Threads:
  0x0000000015118000 VMThread [stack: 0x00000000161c0000,0x00000000162c0000] [id=19392]
  0x000000001655c800 WatcherThread [stack: 0x0000000016fc0000,0x00000000170c0000] [id=8308]

VM state:not at safepoint (normal execution)

VM Mutex/Monitor currently owned by a thread: None

heap address: 0x00000000c1c00000, size: 996 MB, Compressed Oops mode: 32-bit
Narrow klass base: 0x0000000000000000, Narrow klass shift: 3
Compressed class space size: 1073741824 Address: 0x0000000100000000

Heap:
 PSYoungGen      total 161280K, used 59429K [0x00000000eb400000, 0x00000000f8e00000, 0x0000000100000000)
  eden space 152064K, 33% used [0x00000000eb400000,0x00000000ee50b640,0x00000000f4880000)
  from space 9216K, 99% used [0x00000000f4880000,0x00000000f517e090,0x00000000f5180000)
  to   space 12288K, 0% used [0x00000000f8200000,0x00000000f8200000,0x00000000f8e00000)
 ParOldGen       total 54784K, used 22462K [0x00000000c1c00000, 0x00000000c5180000, 0x00000000eb400000)
  object space 54784K, 41% used [0x00000000c1c00000,0x00000000c31ef8a8,0x00000000c5180000)
 Metaspace       used 44589K, capacity 46522K, committed 46808K, reserved 1089536K
  class space    used 5694K, capacity 6039K, committed 6144K, reserved 1048576K

Card table byte_map: [0x0000000011f40000,0x0000000012140000] byte_map_base: 0x0000000011932000

Marking Bits: (ParMarkBitMap*) 0x00000000779d6d90
 Begin Bits: [0x0000000012690000, 0x0000000013620000)
 End Bits:   [0x0000000013620000, 0x00000000145b0000)

Polling page: 0x0000000000800000

CodeCache: size=245760Kb used=19468Kb max_used=19825Kb free=226291Kb
 bounds [0x0000000002b80000, 0x0000000003f00000, 0x0000000011b80000]
 total_blobs=5521 nmethods=5034 adapters=399
 compilation: enabled

Compilation events (10 events):
Event: 24.624 Thread 0x0000000016557800 5545       3       java.beans.PropertyDescriptor::setPropertyEditorClass (9 bytes)
Event: 24.624 Thread 0x0000000016557800 nmethod 5545 0x00000000034edd50 code [0x00000000034edee0, 0x00000000034ee268]
Event: 24.630 Thread 0x0000000016557800 5546   !   3       org.springframework.beans.CachedIntrospectionResults::<init> (433 bytes)
Event: 24.637 Thread 0x0000000016557800 nmethod 5546 0x00000000030a3950 code [0x00000000030a4080, 0x00000000030a8e48]
Event: 24.647 Thread 0x0000000016557800 5547       3       org.springframework.beans.CachedIntrospectionResults::getPropertyDescriptors (84 bytes)
Event: 24.648 Thread 0x0000000016557800 nmethod 5547 0x0000000003156910 code [0x0000000003156b20, 0x0000000003157798]
Event: 24.648 Thread 0x0000000016557800 5548       3       java.util.ArrayList::removeIf (236 bytes)
Event: 24.650 Thread 0x0000000016557800 nmethod 5548 0x0000000002e93290 code [0x0000000002e934e0, 0x0000000002e941c8]
Event: 24.651 Thread 0x0000000016557800 5549       3       org.springframework.boot.test.autoconfigure.properties.PropertyMappingContextCustomizer$PropertyMappingCheckBeanPostProcessor::postProcessBeforeInitialization (198 bytes)
Event: 24.654 Thread 0x0000000016557800 nmethod 5549 0x00000000033f7450 code [0x00000000033f78c0, 0x00000000033f9fa8]

GC Heap History (10 events):
Event: 19.046 GC heap before
{Heap before GC invocations=13 (full 1):
 PSYoungGen      total 96768K, used 40679K [0x00000000eb400000, 0x00000000f3e00000, 0x0000000100000000)
  eden space 88064K, 38% used [0x00000000eb400000,0x00000000ed4c2e80,0x00000000f0a00000)
  from space 8704K, 81% used [0x00000000f0a00000,0x00000000f10f6e68,0x00000000f1280000)
  to   space 9216K, 0% used [0x00000000f3500000,0x00000000f3500000,0x00000000f3e00000)
 ParOldGen       total 33280K, used 19108K [0x00000000c1c00000, 0x00000000c3c80000, 0x00000000eb400000)
  object space 33280K, 57% used [0x00000000c1c00000,0x00000000c2ea9040,0x00000000c3c80000)
 Metaspace       used 34090K, capacity 35298K, committed 35416K, reserved 1079296K
  class space    used 4365K, capacity 4643K, committed 4736K, reserved 1048576K
Event: 19.064 GC heap after
Heap after GC invocations=13 (full 1):
 PSYoungGen      total 131072K, used 2224K [0x00000000eb400000, 0x00000000f3d80000, 0x0000000100000000)
  eden space 122368K, 0% used [0x00000000eb400000,0x00000000eb400000,0x00000000f2b80000)
  from space 8704K, 25% used [0x00000000f3500000,0x00000000f372c2c0,0x00000000f3d80000)
  to   space 9216K, 0% used [0x00000000f2b80000,0x00000000f2b80000,0x00000000f3480000)
 ParOldGen       total 33280K, used 22560K [0x00000000c1c00000, 0x00000000c3c80000, 0x00000000eb400000)
  object space 33280K, 67% used [0x00000000c1c00000,0x00000000c3208050,0x00000000c3c80000)
 Metaspace       used 34090K, capacity 35298K, committed 35416K, reserved 1079296K
  class space    used 4365K, capacity 4643K, committed 4736K, reserved 1048576K
}
Event: 19.064 GC heap before
{Heap before GC invocations=14 (full 2):
 PSYoungGen      total 131072K, used 2224K [0x00000000eb400000, 0x00000000f3d80000, 0x0000000100000000)
  eden space 122368K, 0% used [0x00000000eb400000,0x00000000eb400000,0x00000000f2b80000)
  from space 8704K, 25% used [0x00000000f3500000,0x00000000f372c2c0,0x00000000f3d80000)
  to   space 9216K, 0% used [0x00000000f2b80000,0x00000000f2b80000,0x00000000f3480000)
 ParOldGen       total 33280K, used 22560K [0x00000000c1c00000, 0x00000000c3c80000, 0x00000000eb400000)
  object space 33280K, 67% used [0x00000000c1c00000,0x00000000c3208050,0x00000000c3c80000)
 Metaspace       used 34090K, capacity 35298K, committed 35416K, reserved 1079296K
  class space    used 4365K, capacity 4643K, committed 4736K, reserved 1048576K
Event: 19.276 GC heap after
Heap after GC invocations=14 (full 2):
 PSYoungGen      total 131072K, used 0K [0x00000000eb400000, 0x00000000f3d80000, 0x0000000100000000)
  eden space 122368K, 0% used [0x00000000eb400000,0x00000000eb400000,0x00000000f2b80000)
  from space 8704K, 0% used [0x00000000f3500000,0x00000000f3500000,0x00000000f3d80000)
  to   space 9216K, 0% used [0x00000000f2b80000,0x00000000f2b80000,0x00000000f3480000)
 ParOldGen       total 54784K, used 17977K [0x00000000c1c00000, 0x00000000c5180000, 0x00000000eb400000)
  object space 54784K, 32% used [0x00000000c1c00000,0x00000000c2d8e658,0x00000000c5180000)
 Metaspace       used 34090K, capacity 35298K, committed 35416K, reserved 1079296K
  class space    used 4365K, capacity 4643K, committed 4736K, reserved 1048576K
}
Event: 20.042 GC heap before
{Heap before GC invocations=15 (full 2):
 PSYoungGen      total 131072K, used 122368K [0x00000000eb400000, 0x00000000f3d80000, 0x0000000100000000)
  eden space 122368K, 100% used [0x00000000eb400000,0x00000000f2b80000,0x00000000f2b80000)
  from space 8704K, 0% used [0x00000000f3500000,0x00000000f3500000,0x00000000f3d80000)
  to   space 9216K, 0% used [0x00000000f2b80000,0x00000000f2b80000,0x00000000f3480000)
 ParOldGen       total 54784K, used 17977K [0x00000000c1c00000, 0x00000000c5180000, 0x00000000eb400000)
  object space 54784K, 32% used [0x00000000c1c00000,0x00000000c2d8e658,0x00000000c5180000)
 Metaspace       used 36055K, capacity 37312K, committed 37592K, reserved 1081344K
  class space    used 4556K, capacity 4814K, committed 4864K, reserved 1048576K
Event: 20.049 GC heap after
Heap after GC invocations=15 (full 2):
 PSYoungGen      total 131584K, used 2443K [0x00000000eb400000, 0x00000000f5d80000, 0x0000000100000000)
  eden space 122368K, 0% used [0x00000000eb400000,0x00000000eb400000,0x00000000f2b80000)
  from space 9216K, 26% used [0x00000000f2b80000,0x00000000f2de2f48,0x00000000f3480000)
  to   space 9216K, 0% used [0x00000000f5480000,0x00000000f5480000,0x00000000f5d80000)
 ParOldGen       total 54784K, used 17985K [0x00000000c1c00000, 0x00000000c5180000, 0x00000000eb400000)
  object space 54784K, 32% used [0x00000000c1c00000,0x00000000c2d90658,0x00000000c5180000)
 Metaspace       used 36055K, capacity 37312K, committed 37592K, reserved 1081344K
  class space    used 4556K, capacity 4814K, committed 4864K, reserved 1048576K
}
Event: 21.230 GC heap before
{Heap before GC invocations=16 (full 2):
 PSYoungGen      total 131584K, used 124811K [0x00000000eb400000, 0x00000000f5d80000, 0x0000000100000000)
  eden space 122368K, 100% used [0x00000000eb400000,0x00000000f2b80000,0x00000000f2b80000)
  from space 9216K, 26% used [0x00000000f2b80000,0x00000000f2de2f48,0x00000000f3480000)
  to   space 9216K, 0% used [0x00000000f5480000,0x00000000f5480000,0x00000000f5d80000)
 ParOldGen       total 54784K, used 17985K [0x00000000c1c00000, 0x00000000c5180000, 0x00000000eb400000)
  object space 54784K, 32% used [0x00000000c1c00000,0x00000000c2d90658,0x00000000c5180000)
 Metaspace       used 38990K, capacity 40302K, committed 40664K, reserved 1085440K
  class space    used 5014K, capacity 5297K, committed 5376K, reserved 1048576K
Event: 21.241 GC heap after
Heap after GC invocations=16 (full 2):
 PSYoungGen      total 158208K, used 5988K [0x00000000eb400000, 0x00000000f5a80000, 0x0000000100000000)
  eden space 152064K, 0% used [0x00000000eb400000,0x00000000eb400000,0x00000000f4880000)
  from space 6144K, 97% used [0x00000000f5480000,0x00000000f5a591c8,0x00000000f5a80000)
  to   space 9216K, 0% used [0x00000000f4880000,0x00000000f4880000,0x00000000f5180000)
 ParOldGen       total 54784K, used 17993K [0x00000000c1c00000, 0x00000000c5180000, 0x00000000eb400000)
  object space 54784K, 32% used [0x00000000c1c00000,0x00000000c2d92658,0x00000000c5180000)
 Metaspace       used 38990K, capacity 40302K, committed 40664K, reserved 1085440K
  class space    used 5014K, capacity 5297K, committed 5376K, reserved 1048576K
}
Event: 23.719 GC heap before
{Heap before GC invocations=17 (full 2):
 PSYoungGen      total 158208K, used 158052K [0x00000000eb400000, 0x00000000f5a80000, 0x0000000100000000)
  eden space 152064K, 100% used [0x00000000eb400000,0x00000000f4880000,0x00000000f4880000)
  from space 6144K, 97% used [0x00000000f5480000,0x00000000f5a591c8,0x00000000f5a80000)
  to   space 9216K, 0% used [0x00000000f4880000,0x00000000f4880000,0x00000000f5180000)
 ParOldGen       total 54784K, used 17993K [0x00000000c1c00000, 0x00000000c5180000, 0x00000000eb400000)
  object space 54784K, 32% used [0x00000000c1c00000,0x00000000c2d92658,0x00000000c5180000)
 Metaspace       used 43909K, capacity 45504K, committed 45528K, reserved 1089536K
  class space    used 5574K, capacity 5878K, committed 5888K, reserved 1048576K
Event: 23.860 GC heap after
Heap after GC invocations=17 (full 2):
 PSYoungGen      total 161280K, used 9208K [0x00000000eb400000, 0x00000000f8e00000, 0x0000000100000000)
  eden space 152064K, 0% used [0x00000000eb400000,0x00000000eb400000,0x00000000f4880000)
  from space 9216K, 99% used [0x00000000f4880000,0x00000000f517e090,0x00000000f5180000)
  to   space 12288K, 0% used [0x00000000f8200000,0x00000000f8200000,0x00000000f8e00000)
 ParOldGen       total 54784K, used 22462K [0x00000000c1c00000, 0x00000000c5180000, 0x00000000eb400000)
  object space 54784K, 41% used [0x00000000c1c00000,0x00000000c31ef8a8,0x00000000c5180000)
 Metaspace       used 43909K, capacity 45504K, committed 45528K, reserved 1089536K
  class space    used 5574K, capacity 5878K, committed 5888K, reserved 1048576K
}

Deoptimization events (10 events):
Event: 22.562 Thread 0x0000000002962800 Uncommon trap: reason=unstable_if action=reinterpret pc=0x000000000349e37c method=org.springframework.util.AntPathMatcher.skipSegment(Ljava/lang/String;ILjava/lang/String;)I @ 60
Event: 22.671 Thread 0x0000000002962800 Uncommon trap: reason=null_check action=make_not_entrant pc=0x0000000003e26a64 method=org.springframework.core.annotation.AnnotatedElementUtils.searchWithFindSemantics(Ljava/lang/reflect/AnnotatedElement;Ljava/util/Set;Ljava/lang/String;Ljava/lang/Class;L
Event: 23.051 Thread 0x0000000002962800 Uncommon trap: reason=class_check action=maybe_recompile pc=0x0000000003684a90 method=java.lang.reflect.Method.equals(Ljava/lang/Object;)Z @ 5
Event: 23.051 Thread 0x0000000002962800 Uncommon trap: reason=class_check action=maybe_recompile pc=0x0000000003684a90 method=java.lang.reflect.Method.equals(Ljava/lang/Object;)Z @ 5
Event: 23.297 Thread 0x0000000002962800 Uncommon trap: reason=unstable_if action=reinterpret pc=0x000000000313b95c method=java.io.WinNTFileSystem.isLetter(C)Z @ 3
Event: 23.359 Thread 0x0000000002962800 Uncommon trap: reason=unstable_if action=reinterpret pc=0x0000000003ebc6e8 method=java.util.Properties.loadConvert([CII[C)Ljava/lang/String; @ 57
Event: 24.212 Thread 0x0000000002962800 Uncommon trap: reason=unstable_if action=reinterpret pc=0x0000000003b44258 method=java.lang.ThreadLocal$ThreadLocalMap.nextIndex(II)I @ 4
Event: 24.324 Thread 0x0000000002962800 Uncommon trap: reason=unstable_if action=reinterpret pc=0x00000000030b01b0 method=java.util.concurrent.ConcurrentHashMap.transfer([Ljava/util/concurrent/ConcurrentHashMap$Node;[Ljava/util/concurrent/ConcurrentHashMap$Node;)V @ 356
Event: 24.596 Thread 0x0000000002962800 Uncommon trap: reason=unstable_if action=reinterpret pc=0x00000000037e1e34 method=org.springframework.util.CollectionUtils.isEmpty(Ljava/util/Collection;)Z @ 10
Event: 24.596 Thread 0x0000000002962800 Uncommon trap: reason=unstable_if action=reinterpret pc=0x0000000003d6af08 method=org.springframework.util.CollectionUtils.isEmpty(Ljava/util/Collection;)Z @ 10

Classes redefined (0 events):
No events

Internal exceptions (10 events):
Event: 24.690 Thread 0x0000000002962800 Exception <a 'java/lang/ClassNotFoundException': org/springframework/web/servlet/handler/MatchableHandlerMappingCustomizer> (0x00000000edff0430) thrown at [C:\re\workspace\8-2-build-windows-amd64-cygwin\jdk8u231\13620\hotspot\src\share\vm\classfile\system
Event: 24.692 Thread 0x0000000002962800 Exception <a 'java/lang/ClassNotFoundException': org/springframework/web/servlet/HandlerMappingCustomizer> (0x00000000ee011040) thrown at [C:\re\workspace\8-2-build-windows-amd64-cygwin\jdk8u231\13620\hotspot\src\share\vm\classfile\systemDictionary.cpp, l
Event: 24.694 Thread 0x0000000002962800 Exception <a 'java/lang/ClassNotFoundException': org/springframework/web/servlet/HandlerMappingCustomizer> (0x00000000ee031aa8) thrown at [C:\re\workspace\8-2-build-windows-amd64-cygwin\jdk8u231\13620\hotspot\src\share\vm\classfile\systemDictionary.cpp, l
Event: 24.697 Thread 0x0000000002962800 Exception <a 'java/lang/ClassNotFoundException': org/springframework/core/OrderedCustomizer> (0x00000000ee04c170) thrown at [C:\re\workspace\8-2-build-windows-amd64-cygwin\jdk8u231\13620\hotspot\src\share\vm\classfile\systemDictionary.cpp, line 210]
Event: 24.705 Thread 0x0000000002962800 Exception <a 'java/lang/ClassNotFoundException': org/springframework/beans/factory/BeanNameAwareCustomizer> (0x00000000ee06ccd8) thrown at [C:\re\workspace\8-2-build-windows-amd64-cygwin\jdk8u231\13620\hotspot\src\share\vm\classfile\systemDictionary.cpp, 
Event: 24.706 Thread 0x0000000002962800 Exception <a 'java/lang/ClassNotFoundException': org/springframework/beans/factory/AwareCustomizer> (0x00000000ee08abf0) thrown at [C:\re\workspace\8-2-build-windows-amd64-cygwin\jdk8u231\13620\hotspot\src\share\vm\classfile\systemDictionary.cpp, line 210
Event: 24.707 Thread 0x0000000002962800 Exception <a 'java/lang/ClassNotFoundException': org/springframework/web/context/ServletContextAwareCustomizer> (0x00000000ee0acad0) thrown at [C:\re\workspace\8-2-build-windows-amd64-cygwin\jdk8u231\13620\hotspot\src\share\vm\classfile\systemDictionary.c
Event: 24.708 Thread 0x0000000002962800 Exception <a 'java/lang/ClassNotFoundException': org/springframework/beans/factory/AwareCustomizer> (0x00000000ee0ca950) thrown at [C:\re\workspace\8-2-build-windows-amd64-cygwin\jdk8u231\13620\hotspot\src\share\vm\classfile\systemDictionary.cpp, line 210
Event: 24.708 Thread 0x0000000002962800 Exception <a 'java/lang/ClassNotFoundException': org/springframework/context/ApplicationContextAwareCustomizer> (0x00000000ee0ec7a0) thrown at [C:\re\workspace\8-2-build-windows-amd64-cygwin\jdk8u231\13620\hotspot\src\share\vm\classfile\systemDictionary.c
Event: 24.709 Thread 0x0000000002962800 Exception <a 'java/lang/ClassNotFoundException': org/springframework/beans/factory/AwareCustomizer> (0x00000000ee10abb8) thrown at [C:\re\workspace\8-2-build-windows-amd64-cygwin\jdk8u231\13620\hotspot\src\share\vm\classfile\systemDictionary.cpp, line 210

Events (10 events):
Event: 24.756 loading class org/springframework/web/context/request/async/DeferredResultProcessingInterceptor
Event: 24.756 loading class org/springframework/web/context/request/async/DeferredResultProcessingInterceptor done
Event: 24.757 loading class org/springframework/core/ReactiveAdapterRegistry
Event: 24.757 loading class org/springframework/core/ReactiveAdapterRegistry done
Event: 24.758 loading class org/springframework/core/ReactiveAdapterRegistry$ReactorRegistrar
Event: 24.758 loading class org/springframework/core/ReactiveAdapterRegistry$ReactorRegistrar done
Event: 24.759 loading class reactor/core/publisher/Mono
Event: 24.759 loading class reactor/core/publisher/Mono done
Event: 24.759 loading class reactor/core/publisher/MonoError
Event: 24.759 loading class reactor/core/publisher/MonoError done


Dynamic libraries:
0x00007ff7debc0000 - 0x00007ff7debf7000 	C:\Program Files\Java\jdk1.8.0_231\bin\java.exe
0x00007ffe95b60000 - 0x00007ffe95d50000 	C:\Windows\SYSTEM32\ntdll.dll
0x00007ffe95660000 - 0x00007ffe95712000 	C:\Windows\System32\KERNEL32.DLL
0x00007ffe92af0000 - 0x00007ffe92d93000 	C:\Windows\System32\KERNELBASE.dll
0x00007ffe95320000 - 0x00007ffe953c3000 	C:\Windows\System32\ADVAPI32.dll
0x00007ffe94460000 - 0x00007ffe944fe000 	C:\Windows\System32\msvcrt.dll
0x00007ffe94540000 - 0x00007ffe945d7000 	C:\Windows\System32\sechost.dll
0x00007ffe945e0000 - 0x00007ffe94700000 	C:\Windows\System32\RPCRT4.dll
0x00007ffe93d80000 - 0x00007ffe93f14000 	C:\Windows\System32\USER32.dll
0x00007ffe93a40000 - 0x00007ffe93a61000 	C:\Windows\System32\win32u.dll
0x00007ffe95280000 - 0x00007ffe952a6000 	C:\Windows\System32\GDI32.dll
0x00007ffe93a70000 - 0x00007ffe93c04000 	C:\Windows\System32\gdi32full.dll
0x00007ffe937f0000 - 0x00007ffe9388e000 	C:\Windows\System32\msvcp_win.dll
0x00007ffe92e90000 - 0x00007ffe92f8a000 	C:\Windows\System32\ucrtbase.dll
0x00007ffe7b730000 - 0x00007ffe7b9b5000 	C:\Windows\WinSxS\amd64_microsoft.windows.common-controls_6595b64144ccf1df_6.0.18362.778_none_e6c6b761130d4fb8\COMCTL32.dll
0x00007ffe94ec0000 - 0x00007ffe951f6000 	C:\Windows\System32\combase.dll
0x00007ffe92da0000 - 0x00007ffe92e20000 	C:\Windows\System32\bcryptPrimitives.dll
0x00007ffe94510000 - 0x00007ffe9453e000 	C:\Windows\System32\IMM32.DLL
0x0000000050380000 - 0x0000000050452000 	C:\Program Files\Java\jdk1.8.0_231\jre\bin\msvcr100.dll
0x00000000771b0000 - 0x0000000077a56000 	C:\Program Files\Java\jdk1.8.0_231\jre\bin\server\jvm.dll
0x00007ffe94500000 - 0x00007ffe94508000 	C:\Windows\System32\PSAPI.DLL
0x00007ffe88330000 - 0x00007ffe88339000 	C:\Windows\SYSTEM32\WSOCK32.dll
0x00007ffe952b0000 - 0x00007ffe9531f000 	C:\Windows\System32\WS2_32.dll
0x00007ffe89e40000 - 0x00007ffe89e64000 	C:\Windows\SYSTEM32\WINMM.dll
0x00007ffe8b5f0000 - 0x00007ffe8b5fa000 	C:\Windows\SYSTEM32\VERSION.dll
0x00007ffe89e10000 - 0x00007ffe89e3d000 	C:\Windows\SYSTEM32\WINMMBASE.dll
0x00007ffe92e40000 - 0x00007ffe92e8a000 	C:\Windows\System32\cfgmgr32.dll
0x00007ffe8c480000 - 0x00007ffe8c48f000 	C:\Program Files\Java\jdk1.8.0_231\jre\bin\verify.dll
0x00007ffe84900000 - 0x00007ffe84929000 	C:\Program Files\Java\jdk1.8.0_231\jre\bin\java.dll
0x00007ffe79410000 - 0x00007ffe79433000 	C:\Program Files\Java\jdk1.8.0_231\jre\bin\instrument.dll
0x00007ffe8bb80000 - 0x00007ffe8bb96000 	C:\Program Files\Java\jdk1.8.0_231\jre\bin\zip.dll
0x00007ffe94700000 - 0x00007ffe94de5000 	C:\Windows\System32\SHELL32.dll
0x00007ffe93cd0000 - 0x00007ffe93d79000 	C:\Windows\System32\shcore.dll
0x00007ffe92f90000 - 0x00007ffe93710000 	C:\Windows\System32\windows.storage.dll
0x00007ffe92ac0000 - 0x00007ffe92ae3000 	C:\Windows\System32\profapi.dll
0x00007ffe92a50000 - 0x00007ffe92a9a000 	C:\Windows\System32\powrprof.dll
0x00007ffe92a20000 - 0x00007ffe92a30000 	C:\Windows\System32\UMPDC.dll
0x00007ffe95a30000 - 0x00007ffe95a82000 	C:\Windows\System32\shlwapi.dll
0x00007ffe92aa0000 - 0x00007ffe92ab1000 	C:\Windows\System32\kernel.appcore.dll
0x00007ffe92e20000 - 0x00007ffe92e37000 	C:\Windows\System32\cryptsp.dll
0x00007ffe89f40000 - 0x00007ffe89f5a000 	C:\Program Files\JetBrains\IntelliJ IDEA 2020.1.1\bin\breakgen64.dll
0x00007ffe84b40000 - 0x00007ffe84b5a000 	C:\Program Files\Java\jdk1.8.0_231\jre\bin\net.dll
0x00007ffe92230000 - 0x00007ffe92297000 	C:\Windows\system32\mswsock.dll
0x00007ffe7de00000 - 0x00007ffe7de12000 	C:\Program Files\Java\jdk1.8.0_231\jre\bin\nio.dll
0x00007ffe89950000 - 0x00007ffe8995d000 	C:\Program Files\Java\jdk1.8.0_231\jre\bin\management.dll
0x00007ffe69170000 - 0x00007ffe69186000 	C:\Windows\system32\napinsp.dll
0x00007ffe66d80000 - 0x00007ffe66d9a000 	C:\Windows\system32\pnrpnsp.dll
0x00007ffe91f80000 - 0x00007ffe9204a000 	C:\Windows\SYSTEM32\DNSAPI.dll
0x00007ffe95a90000 - 0x00007ffe95a98000 	C:\Windows\System32\NSI.dll
0x00007ffe91f40000 - 0x00007ffe91f7a000 	C:\Windows\SYSTEM32\IPHLPAPI.DLL
0x00007ffe892a0000 - 0x00007ffe892ae000 	C:\Windows\System32\winrnr.dll
0x00007ffe8ebb0000 - 0x00007ffe8ebcc000 	C:\Windows\system32\NLAapi.dll
0x00007ffe8e0d0000 - 0x00007ffe8e0e5000 	C:\Windows\system32\wshbth.dll
0x00007ffe8a0f0000 - 0x00007ffe8a0fa000 	C:\Windows\System32\rasadhlp.dll
0x00007ffe8ab00000 - 0x00007ffe8ab77000 	C:\Windows\System32\fwpuclnt.dll
0x00007ffe937c0000 - 0x00007ffe937e6000 	C:\Windows\System32\bcrypt.dll

VM Arguments:
jvm_args: -ea -Didea.test.cyclic.buffer.size=1048576 -javaagent:C:\Program Files\JetBrains\IntelliJ IDEA 2020.1.1\lib\idea_rt.jar=61112:C:\Program Files\JetBrains\IntelliJ IDEA 2020.1.1\bin -Dfile.encoding=UTF-8 
java_command: com.intellij.rt.junit.JUnitStarter -ideVersion5 -junit4 cn.niit.group5.controller.Change,updateHttp
java_class_path (initial): C:\Program Files\JetBrains\IntelliJ IDEA 2020.1.1\lib\idea_rt.jar;C:\Program Files\JetBrains\IntelliJ IDEA 2020.1.1\plugins\junit\lib\junit5-rt.jar;C:\Program Files\JetBrains\IntelliJ IDEA 2020.1.1\plugins\junit\lib\junit-rt.jar;C:\Program Files\Java\jdk1.8.0_231\jre\lib\charsets.jar;C:\Program Files\Java\jdk1.8.0_231\jre\lib\deploy.jar;C:\Program Files\Java\jdk1.8.0_231\jre\lib\ext\access-bridge-64.jar;C:\Program Files\Java\jdk1.8.0_231\jre\lib\ext\cldrdata.jar;C:\Program Files\Java\jdk1.8.0_231\jre\lib\ext\dnsns.jar;C:\Program Files\Java\jdk1.8.0_231\jre\lib\ext\jaccess.jar;C:\Program Files\Java\jdk1.8.0_231\jre\lib\ext\jfxrt.jar;C:\Program Files\Java\jdk1.8.0_231\jre\lib\ext\localedata.jar;C:\Program Files\Java\jdk1.8.0_231\jre\lib\ext\nashorn.jar;C:\Program Files\Java\jdk1.8.0_231\jre\lib\ext\sunec.jar;C:\Program Files\Java\jdk1.8.0_231\jre\lib\ext\sunjce_provider.jar;C:\Program Files\Java\jdk1.8.0_231\jre\lib\ext\sunmscapi.jar;C:\Program Files\Java\jdk1.8.0_231\jre\lib\ext\sunpkcs11.jar;C:\Program Files\Java\jdk1.8.0_231\jre\lib\ext\zipfs.jar;C:\Program Files\Java\jdk1.8.0_231\jre\lib\javaws.jar;C:\Program Files\Java\jdk1.8.0_231\jre\lib\jce.jar;C:\Program Files\Java\jdk1.8.0_231\jre\lib\jfr.jar;C:\Program Files\Java\jdk1.8.0_231\jre\lib\jfxswt.jar;C:\Program Files\Java\jdk1.8.0_231\jre\lib\jsse.jar;C:\Program Files\Java\jdk1.8.0_231\jre\lib\management-agent.jar;C:\Program Files\Java\jdk1.8.0_231\jre\lib\plugin.jar;C:\Program Files\Java\jdk1.8.0_231\jre\lib\resources.jar;C:\Program Files\Java\jdk1.8.0_231\jre\lib\rt.jar;D:\农技耘\group5-api\group5\target\test-classes;D:\农技耘\group5-api\group5\target\classes;C:\Users\PAN-B\.m2\repository\org\springframework\boot\spring-boot-starter-web\2.1.4.RELEASE\spring-boot-starter-web-2.1.4.RELEASE.jar;C:\Users\PAN-B\.m2\repository\org\springframework\boot\spring-boot-starter\2.1.4.RELEASE\spring-boot-starter-2.1.4.RELEASE.jar;C:\Users\PAN-B\.m2\repository\org\springframework\boot\spring-boot\
Launcher Type: SUN_STANDARD

Environment Variables:
JAVA_HOME=C:\Program Files\Java\jdk1.8.0_231
CLASSPATH=.;C:\Program Files\Java\jdk1.8.0_231\lib\dt.jar;C:\Program Files\Java\jdk1.8.0_231\lib\tools.jar;
PATH=C:\Program Files (x86)\Common Files\Oracle\Java\javapath;C:\Program Files (x86)\NetSarang\Xshell 6\;C:\Program Files (x86)\NetSarang\Xftp 6\;C:\Windows\system32;C:\Windows;C:\Windows\System32\Wbem;C:\Windows\System32\WindowsPowerShell\v1.0\;C:\Windows\System32\OpenSSH\;C:\Program Files\Java\jdk1.8.0_231\bin;C:\Program Files\Java\jdk1.8.0_231\jre\bin;D:\maven\apache-maven-3.6.3\bin;C:\Program Files\MySQL\MySQL Server 8.0\bin;C:\Program Files\Git\cmd;C:\Program Files\Redis\;C:\Program Files\nodejs\;C:\Users\PAN-B\AppData\Local\Microsoft\WindowsApps;C:\Program Files\JetBrains\IntelliJ IDEA 2020.1.1\bin;C:\Users\PAN-B\AppData\Roaming\npm
USERNAME=PAN-B
OS=Windows_NT
PROCESSOR_IDENTIFIER=Intel64 Family 6 Model 142 Stepping 9, GenuineIntel



---------------  S Y S T E M  ---------------

OS: Windows 10.0 , 64 bit Build 18362 (10.0.18362.778)

CPU:total 4 (initial active 4) (2 cores per cpu, 2 threads per core) family 6 model 142 stepping 9, cmov, cx8, fxsr, mmx, sse, sse2, sse3, ssse3, sse4.1, sse4.2, popcnt, avx, avx2, aes, clmul, erms, 3dnowpref, lzcnt, ht, tsc, tscinvbit, bmi1, bmi2, adx

Memory: 4k page, physical 4074596k(299864k free), swap 13959904k(6016k free)

vm_info: Java HotSpot(TM) 64-Bit Server VM (25.231-b11) for windows-amd64 JRE (1.8.0_231-b11), built on Oct  5 2019 03:11:30 by "java_re" with MS VC++ 10.0 (VS2010)

time: Tue May 12 23:05:01 2020
timezone: 中国标准时间
elapsed time: 24 seconds (0d 0h 0m 24s)

