#
# There is insufficient memory for the Java Runtime Environment to continue.
# Native memory allocation (malloc) failed to allocate 545120 bytes for Chunk::new
# Possible reasons:
#   The system is out of physical RAM or swap space
#   The process is running with CompressedOops enabled, and the Java Heap may be blocking the growth of the native heap
# Possible solutions:
#   Reduce memory load on the system
#   Increase physical memory or swap space
#   Check if swap backing store is full
#   Decrease Java heap size (-Xmx/-Xms)
#   Decrease number of Java threads
#   Decrease Java thread stack sizes (-Xss)
#   Set larger code cache with -XX:ReservedCodeCacheSize=
#   JVM is running with Unscaled Compressed Oops mode in which the Java heap is
#     placed in the first 4GB address space. The Java Heap base address is the
#     maximum limit for the native heap growth. Please use -XX:HeapBaseMinAddress
#     to set the Java Heap base and to place the Java Heap above 4GB virtual address.
# This output file may be truncated or incomplete.
#
#  Out of Memory Error (allocation.cpp:389), pid=6388, tid=0x00000000000045c0
#
# JRE version: Java(TM) SE Runtime Environment (8.0_231-b11) (build 1.8.0_231-b11)
# Java VM: Java HotSpot(TM) 64-Bit Server VM (25.231-b11 mixed mode windows-amd64 compressed oops)
# Failed to write core dump. Minidumps are not enabled by default on client versions of Windows
#

---------------  T H R E A D  ---------------

Current thread (0x0000000014fd7800):  JavaThread "C2 CompilerThread1" daemon [_thread_in_native, id=17856, stack(0x0000000016b00000,0x0000000016c00000)]

Stack: [0x0000000016b00000,0x0000000016c00000]
[error occurred during error reporting (printing stack bounds), id 0xc0000005]

Native frames: (J=compiled Java code, j=interpreted, Vv=VM code, C=native code)


Current CompileTask:
C2:  13539 4996       4       org.springframework.beans.factory.support.AbstractBeanFactory::isTypeMatch (547 bytes)


---------------  P R O C E S S  ---------------

Java Threads: ( => current thread )
  0x000000001cba6800 JavaThread "mysql-cj-abandoned-connection-cleanup" daemon [_thread_blocked, id=20220, stack(0x000000001bb90000,0x000000001bc90000)]
  0x00000000163c2800 JavaThread "Service Thread" daemon [_thread_blocked, id=19732, stack(0x0000000016d00000,0x0000000016e00000)]
  0x0000000016387800 JavaThread "C1 CompilerThread2" daemon [_thread_blocked, id=18704, stack(0x0000000016c00000,0x0000000016d00000)]
=>0x0000000014fd7800 JavaThread "C2 CompilerThread1" daemon [_thread_in_native, id=17856, stack(0x0000000016b00000,0x0000000016c00000)]
  0x0000000014fd5000 JavaThread "C2 CompilerThread0" daemon [_thread_in_native, id=10472, stack(0x0000000016a00000,0x0000000016b00000)]
  0x0000000014fc8800 JavaThread "Monitor Ctrl-Break" daemon [_thread_in_native, id=2148, stack(0x0000000016900000,0x0000000016a00000)]
  0x0000000014fbb000 JavaThread "Attach Listener" daemon [_thread_blocked, id=7788, stack(0x0000000016800000,0x0000000016900000)]
  0x0000000016343800 JavaThread "Signal Dispatcher" daemon [_thread_blocked, id=14260, stack(0x0000000016700000,0x0000000016800000)]
  0x000000000288b800 JavaThread "Finalizer" daemon [_thread_blocked, id=15224, stack(0x0000000016200000,0x0000000016300000)]
  0x0000000002888000 JavaThread "Reference Handler" daemon [_thread_blocked, id=8996, stack(0x0000000016100000,0x0000000016200000)]
  0x0000000002792800 JavaThread "main" [_thread_in_Java, id=12236, stack(0x0000000002690000,0x0000000002790000)]

Other Threads:
  0x0000000014f58000 VMThread [stack: 0x0000000016000000,0x0000000016100000] [id=12356]
  0x0000000016413800 WatcherThread [stack: 0x0000000016e00000,0x0000000016f00000] [id=19400]

VM state:not at safepoint (normal execution)

VM Mutex/Monitor currently owned by a thread: None

heap address: 0x00000000c1c00000, size: 996 MB, Compressed Oops mode: 32-bit
Narrow klass base: 0x0000000000000000, Narrow klass shift: 3
Compressed class space size: 1073741824 Address: 0x0000000100000000

Heap:
 PSYoungGen      total 144896K, used 88051K [0x00000000eb400000, 0x00000000f4c00000, 0x0000000100000000)
  eden space 137216K, 60% used [0x00000000eb400000,0x00000000f04caec8,0x00000000f3a00000)
  from space 7680K, 69% used [0x00000000f4480000,0x00000000f49b1eb0,0x00000000f4c00000)
  to   space 9216K, 0% used [0x00000000f3a00000,0x00000000f3a00000,0x00000000f4300000)
 ParOldGen       total 32768K, used 18253K [0x00000000c1c00000, 0x00000000c3c00000, 0x00000000eb400000)
  object space 32768K, 55% used [0x00000000c1c00000,0x00000000c2dd34a8,0x00000000c3c00000)
 Metaspace       used 41816K, capacity 43198K, committed 43224K, reserved 1087488K
  class space    used 5323K, capacity 5631K, committed 5632K, reserved 1048576K

Card table byte_map: [0x0000000011d80000,0x0000000011f80000] byte_map_base: 0x0000000011772000

Marking Bits: (ParMarkBitMap*) 0x00000000779d6d90
 Begin Bits: [0x00000000124d0000, 0x0000000013460000)
 End Bits:   [0x0000000013460000, 0x00000000143f0000)

Polling page: 0x00000000001e0000

CodeCache: size=245760Kb used=18230Kb max_used=18230Kb free=227529Kb
 bounds [0x00000000029c0000, 0x0000000003ba0000, 0x00000000119c0000]
 total_blobs=5171 nmethods=4686 adapters=397
 compilation: enabled

Compilation events (10 events):
Event: 13.524 Thread 0x0000000016387800 nmethod 5029 0x0000000003b95ed0 code [0x0000000003b96060, 0x0000000003b964e8]
Event: 13.524 Thread 0x0000000016387800 5030       3       org.springframework.boot.context.properties.ConfigurationBeanFactoryMetadata::lambda$findFactoryMethod$0 (19 bytes)
Event: 13.525 Thread 0x0000000016387800 nmethod 5030 0x0000000003b96690 code [0x0000000003b96800, 0x0000000003b96be8]
Event: 13.525 Thread 0x0000000016387800 5031       3       java.lang.reflect.Constructor::getDeclaredAnnotations (5 bytes)
Event: 13.525 Thread 0x0000000016387800 nmethod 5031 0x0000000003b96d50 code [0x0000000003b96f00, 0x0000000003b973c8]
Event: 13.527 Thread 0x0000000016387800 5032       3       org.springframework.aop.framework.autoproxy.AbstractAutoProxyCreator::getCacheKey (42 bytes)
Event: 13.528 Thread 0x0000000016387800 nmethod 5032 0x0000000003b975d0 code [0x0000000003b977c0, 0x0000000003b98278]
Event: 13.534 Thread 0x0000000016387800 5033       3       java.util.Hashtable::keySet (29 bytes)
Event: 13.535 Thread 0x0000000016387800 nmethod 5033 0x0000000003b98650 code [0x0000000003b98820, 0x0000000003b98fe8]
Event: 13.536 Thread 0x0000000016387800 5035       3       org.springframework.aop.framework.autoproxy.AbstractAutoProxyCreator::isInfrastructureClass (96 bytes)

GC Heap History (10 events):
Event: 9.041 GC heap before
{Heap before GC invocations=12 (full 1):
 PSYoungGen      total 94720K, used 94688K [0x00000000eb400000, 0x00000000f1c00000, 0x0000000100000000)
  eden space 87552K, 100% used [0x00000000eb400000,0x00000000f0980000,0x00000000f0980000)
  from space 7168K, 99% used [0x00000000f1200000,0x00000000f18f8030,0x00000000f1900000)
  to   space 8704K, 0% used [0x00000000f0980000,0x00000000f0980000,0x00000000f1200000)
 ParOldGen       total 32768K, used 13314K [0x00000000c1c00000, 0x00000000c3c00000, 0x00000000eb400000)
  object space 32768K, 40% used [0x00000000c1c00000,0x00000000c2900bd0,0x00000000c3c00000)
 Metaspace       used 31811K, capacity 32944K, committed 33024K, reserved 1077248K
  class space    used 4051K, capacity 4288K, committed 4352K, reserved 1048576K
Event: 9.062 GC heap after
Heap after GC invocations=12 (full 1):
 PSYoungGen      total 96256K, used 7202K [0x00000000eb400000, 0x00000000f3980000, 0x0000000100000000)
  eden space 87552K, 0% used [0x00000000eb400000,0x00000000eb400000,0x00000000f0980000)
  from space 8704K, 82% used [0x00000000f0980000,0x00000000f1088950,0x00000000f1200000)
  to   space 9216K, 0% used [0x00000000f3080000,0x00000000f3080000,0x00000000f3980000)
 ParOldGen       total 32768K, used 20168K [0x00000000c1c00000, 0x00000000c3c00000, 0x00000000eb400000)
  object space 32768K, 61% used [0x00000000c1c00000,0x00000000c2fb20a8,0x00000000c3c00000)
 Metaspace       used 31811K, capacity 32944K, committed 33024K, reserved 1077248K
  class space    used 4051K, capacity 4288K, committed 4352K, reserved 1048576K
}
Event: 9.706 GC heap before
{Heap before GC invocations=13 (full 1):
 PSYoungGen      total 96256K, used 42950K [0x00000000eb400000, 0x00000000f3980000, 0x0000000100000000)
  eden space 87552K, 40% used [0x00000000eb400000,0x00000000ed6e9018,0x00000000f0980000)
  from space 8704K, 82% used [0x00000000f0980000,0x00000000f1088950,0x00000000f1200000)
  to   space 9216K, 0% used [0x00000000f3080000,0x00000000f3080000,0x00000000f3980000)
 ParOldGen       total 32768K, used 20168K [0x00000000c1c00000, 0x00000000c3c00000, 0x00000000eb400000)
  object space 32768K, 61% used [0x00000000c1c00000,0x00000000c2fb20a8,0x00000000c3c00000)
 Metaspace       used 34073K, capacity 35298K, committed 35416K, reserved 1079296K
  class space    used 4366K, capacity 4643K, committed 4736K, reserved 1048576K
Event: 9.724 GC heap after
Heap after GC invocations=13 (full 1):
 PSYoungGen      total 126976K, used 2319K [0x00000000eb400000, 0x00000000f3c00000, 0x0000000100000000)
  eden space 117760K, 0% used [0x00000000eb400000,0x00000000eb400000,0x00000000f2700000)
  from space 9216K, 25% used [0x00000000f3080000,0x00000000f32c3ed0,0x00000000f3980000)
  to   space 9728K, 0% used [0x00000000f2700000,0x00000000f2700000,0x00000000f3080000)
 ParOldGen       total 32768K, used 23652K [0x00000000c1c00000, 0x00000000c3c00000, 0x00000000eb400000)
  object space 32768K, 72% used [0x00000000c1c00000,0x00000000c33190b8,0x00000000c3c00000)
 Metaspace       used 34073K, capacity 35298K, committed 35416K, reserved 1079296K
  class space    used 4366K, capacity 4643K, committed 4736K, reserved 1048576K
}
Event: 9.724 GC heap before
{Heap before GC invocations=14 (full 2):
 PSYoungGen      total 126976K, used 2319K [0x00000000eb400000, 0x00000000f3c00000, 0x0000000100000000)
  eden space 117760K, 0% used [0x00000000eb400000,0x00000000eb400000,0x00000000f2700000)
  from space 9216K, 25% used [0x00000000f3080000,0x00000000f32c3ed0,0x00000000f3980000)
  to   space 9728K, 0% used [0x00000000f2700000,0x00000000f2700000,0x00000000f3080000)
 ParOldGen       total 32768K, used 23652K [0x00000000c1c00000, 0x00000000c3c00000, 0x00000000eb400000)
  object space 32768K, 72% used [0x00000000c1c00000,0x00000000c33190b8,0x00000000c3c00000)
 Metaspace       used 34073K, capacity 35298K, committed 35416K, reserved 1079296K
  class space    used 4366K, capacity 4643K, committed 4736K, reserved 1048576K
Event: 10.066 GC heap after
Heap after GC invocations=14 (full 2):
 PSYoungGen      total 126976K, used 0K [0x00000000eb400000, 0x00000000f3c00000, 0x0000000100000000)
  eden space 117760K, 0% used [0x00000000eb400000,0x00000000eb400000,0x00000000f2700000)
  from space 9216K, 0% used [0x00000000f3080000,0x00000000f3080000,0x00000000f3980000)
  to   space 9728K, 0% used [0x00000000f2700000,0x00000000f2700000,0x00000000f3080000)
 ParOldGen       total 32768K, used 18237K [0x00000000c1c00000, 0x00000000c3c00000, 0x00000000eb400000)
  object space 32768K, 55% used [0x00000000c1c00000,0x00000000c2dcf4a8,0x00000000c3c00000)
 Metaspace       used 34073K, capacity 35298K, committed 35416K, reserved 1079296K
  class space    used 4366K, capacity 4643K, committed 4736K, reserved 1048576K
}
Event: 10.934 GC heap before
{Heap before GC invocations=15 (full 2):
 PSYoungGen      total 126976K, used 117760K [0x00000000eb400000, 0x00000000f3c00000, 0x0000000100000000)
  eden space 117760K, 100% used [0x00000000eb400000,0x00000000f2700000,0x00000000f2700000)
  from space 9216K, 0% used [0x00000000f3080000,0x00000000f3080000,0x00000000f3980000)
  to   space 9728K, 0% used [0x00000000f2700000,0x00000000f2700000,0x00000000f3080000)
 ParOldGen       total 32768K, used 18237K [0x00000000c1c00000, 0x00000000c3c00000, 0x00000000eb400000)
  object space 32768K, 55% used [0x00000000c1c00000,0x00000000c2dcf4a8,0x00000000c3c00000)
 Metaspace       used 35996K, capacity 37248K, committed 37336K, reserved 1081344K
  class space    used 4555K, capacity 4814K, committed 4864K, reserved 1048576K
Event: 10.938 GC heap after
Heap after GC invocations=15 (full 2):
 PSYoungGen      total 127488K, used 2452K [0x00000000eb400000, 0x00000000f4d80000, 0x0000000100000000)
  eden space 117760K, 0% used [0x00000000eb400000,0x00000000eb400000,0x00000000f2700000)
  from space 9728K, 25% used [0x00000000f2700000,0x00000000f2965118,0x00000000f3080000)
  to   space 9216K, 0% used [0x00000000f4480000,0x00000000f4480000,0x00000000f4d80000)
 ParOldGen       total 32768K, used 18245K [0x00000000c1c00000, 0x00000000c3c00000, 0x00000000eb400000)
  object space 32768K, 55% used [0x00000000c1c00000,0x00000000c2dd14a8,0x00000000c3c00000)
 Metaspace       used 35996K, capacity 37248K, committed 37336K, reserved 1081344K
  class space    used 4555K, capacity 4814K, committed 4864K, reserved 1048576K
}
Event: 11.970 GC heap before
{Heap before GC invocations=16 (full 2):
 PSYoungGen      total 127488K, used 120212K [0x00000000eb400000, 0x00000000f4d80000, 0x0000000100000000)
  eden space 117760K, 100% used [0x00000000eb400000,0x00000000f2700000,0x00000000f2700000)
  from space 9728K, 25% used [0x00000000f2700000,0x00000000f2965118,0x00000000f3080000)
  to   space 9216K, 0% used [0x00000000f4480000,0x00000000f4480000,0x00000000f4d80000)
 ParOldGen       total 32768K, used 18245K [0x00000000c1c00000, 0x00000000c3c00000, 0x00000000eb400000)
  object space 32768K, 55% used [0x00000000c1c00000,0x00000000c2dd14a8,0x00000000c3c00000)
 Metaspace       used 38490K, capacity 39778K, committed 40024K, reserved 1083392K
  class space    used 4946K, capacity 5207K, committed 5248K, reserved 1048576K
Event: 11.980 GC heap after
Heap after GC invocations=16 (full 2):
 PSYoungGen      total 144896K, used 5319K [0x00000000eb400000, 0x00000000f4c00000, 0x0000000100000000)
  eden space 137216K, 0% used [0x00000000eb400000,0x00000000eb400000,0x00000000f3a00000)
  from space 7680K, 69% used [0x00000000f4480000,0x00000000f49b1eb0,0x00000000f4c00000)
  to   space 9216K, 0% used [0x00000000f3a00000,0x00000000f3a00000,0x00000000f4300000)
 ParOldGen       total 32768K, used 18253K [0x00000000c1c00000, 0x00000000c3c00000, 0x00000000eb400000)
  object space 32768K, 55% used [0x00000000c1c00000,0x00000000c2dd34a8,0x00000000c3c00000)
 Metaspace       used 38490K, capacity 39778K, committed 40024K, reserved 1083392K
  class space    used 4946K, capacity 5207K, committed 5248K, reserved 1048576K
}

Deoptimization events (10 events):
Event: 11.152 Thread 0x0000000002792800 Uncommon trap: reason=unstable_if action=reinterpret pc=0x000000000349bd08 method=java.util.concurrent.ConcurrentHashMap.get(Ljava/lang/Object;)Ljava/lang/Object; @ 152
Event: 11.312 Thread 0x0000000002792800 Uncommon trap: reason=unstable_if action=reinterpret pc=0x000000000385ed90 method=sun.misc.URLClassPath$FileLoader.getResource(Ljava/lang/String;Z)Lsun/misc/Resource; @ 44
Event: 11.482 Thread 0x0000000002792800 Uncommon trap: reason=bimorphic action=maybe_recompile pc=0x0000000003436bb4 method=java.util.Collections$SetFromMap.contains(Ljava/lang/Object;)Z @ 5
Event: 11.496 Thread 0x0000000002792800 Uncommon trap: reason=unstable_if action=reinterpret pc=0x00000000039655bc method=org.springframework.beans.factory.support.AbstractBeanFactory.isTypeMatch(Ljava/lang/String;Lorg/springframework/core/ResolvableType;)Z @ 508
Event: 12.002 Thread 0x0000000002792800 Uncommon trap: reason=unstable_if action=reinterpret pc=0x0000000003749d34 method=java.lang.Class.searchMethods([Ljava/lang/reflect/Method;Ljava/lang/String;[Ljava/lang/Class;)Ljava/lang/reflect/Method; @ 47
Event: 12.004 Thread 0x0000000002792800 Uncommon trap: reason=null_check action=make_not_entrant pc=0x000000000398c510 method=org.springframework.core.annotation.AnnotatedElementUtils.searchWithFindSemantics(Ljava/lang/reflect/AnnotatedElement;Ljava/util/Set;Ljava/lang/String;Ljava/lang/Class;L
Event: 12.506 Thread 0x0000000002792800 Uncommon trap: reason=unstable_if action=reinterpret pc=0x00000000037e77e4 method=java.util.concurrent.ConcurrentHashMap.putVal(Ljava/lang/Object;Ljava/lang/Object;Z)Ljava/lang/Object; @ 331
Event: 13.003 Thread 0x0000000002792800 Uncommon trap: reason=unstable_if action=reinterpret pc=0x0000000003a8a5d0 method=org.springframework.beans.factory.support.AbstractBeanFactory.isTypeMatch(Ljava/lang/String;Lorg/springframework/core/ResolvableType;)Z @ 530
Event: 13.243 Thread 0x0000000002792800 Uncommon trap: reason=null_check action=make_not_entrant pc=0x0000000003afed44 method=org.springframework.core.annotation.AnnotatedElementUtils.searchWithGetSemanticsInAnnotations(Ljava/lang/reflect/AnnotatedElement;Ljava/util/List;Ljava/util/Set;Ljava/la
Event: 13.321 Thread 0x0000000002792800 Uncommon trap: reason=unstable_if action=reinterpret pc=0x0000000002f36528 method=java.util.concurrent.ConcurrentHashMap.transfer([Ljava/util/concurrent/ConcurrentHashMap$Node;[Ljava/util/concurrent/ConcurrentHashMap$Node;)V @ 356

Classes redefined (0 events):
No events

Internal exceptions (10 events):
Event: 13.508 Thread 0x0000000002792800 Exception <a 'java/lang/ClassNotFoundException': org/springframework/beans/factory/AwareCustomizer> (0x00000000f01afc20) thrown at [C:\re\workspace\8-2-build-windows-amd64-cygwin\jdk8u231\13620\hotspot\src\share\vm\classfile\systemDictionary.cpp, line 210
Event: 13.509 Thread 0x0000000002792800 Exception <a 'java/lang/ClassNotFoundException': org/springframework/context/ApplicationContextAwareCustomizer> (0x00000000f01d2da0) thrown at [C:\re\workspace\8-2-build-windows-amd64-cygwin\jdk8u231\13620\hotspot\src\share\vm\classfile\systemDictionary.c
Event: 13.509 Thread 0x0000000002792800 Exception <a 'java/lang/ClassNotFoundException': org/springframework/beans/factory/AwareCustomizer> (0x00000000f01f24c8) thrown at [C:\re\workspace\8-2-build-windows-amd64-cygwin\jdk8u231\13620\hotspot\src\share\vm\classfile\systemDictionary.cpp, line 210
Event: 13.509 Thread 0x0000000002792800 Exception <a 'java/lang/ClassNotFoundException': org/springframework/web/context/ServletContextAwareCustomizer> (0x00000000f02156e0) thrown at [C:\re\workspace\8-2-build-windows-amd64-cygwin\jdk8u231\13620\hotspot\src\share\vm\classfile\systemDictionary.c
Event: 13.510 Thread 0x0000000002792800 Exception <a 'java/lang/ClassNotFoundException': org/springframework/beans/factory/AwareCustomizer> (0x00000000f0234990) thrown at [C:\re\workspace\8-2-build-windows-amd64-cygwin\jdk8u231\13620\hotspot\src\share\vm\classfile\systemDictionary.cpp, line 210
Event: 13.521 Thread 0x0000000002792800 Exception <a 'java/lang/ClassNotFoundException': java/lang/ObjectCustomizer> (0x00000000f031de98) thrown at [C:\re\workspace\8-2-build-windows-amd64-cygwin\jdk8u231\13620\hotspot\src\share\vm\classfile\systemDictionary.cpp, line 210]
Event: 13.522 Thread 0x0000000002792800 Exception <a 'java/lang/ClassNotFoundException': cn/niit/group5/config/WebConfig$1Customizer> (0x00000000f033de70) thrown at [C:\re\workspace\8-2-build-windows-amd64-cygwin\jdk8u231\13620\hotspot\src\share\vm\classfile\systemDictionary.cpp, line 210]
Event: 13.523 Thread 0x0000000002792800 Exception <a 'java/lang/ClassNotFoundException': org/springframework/web/servlet/config/annotation/WebMvcConfigurerCustomizer> (0x00000000f036a588) thrown at [C:\re\workspace\8-2-build-windows-amd64-cygwin\jdk8u231\13620\hotspot\src\share\vm\classfile\sys
Event: 13.531 Thread 0x0000000002792800 Exception <a 'java/lang/ClassNotFoundException': java/lang/ObjectCustomizer> (0x00000000f03e6b90) thrown at [C:\re\workspace\8-2-build-windows-amd64-cygwin\jdk8u231\13620\hotspot\src\share\vm\classfile\systemDictionary.cpp, line 210]
Event: 13.531 Thread 0x0000000002792800 Exception <a 'java/lang/ClassNotFoundException': org/springframework/boot/autoconfigure/web/ResourcePropertiesCustomizer> (0x00000000f0411ba0) thrown at [C:\re\workspace\8-2-build-windows-amd64-cygwin\jdk8u231\13620\hotspot\src\share\vm\classfile\systemDi

Events (10 events):
Event: 13.532 loading class org/springframework/boot/context/properties/source/UnboundElementsSourceFilter
Event: 13.532 loading class org/springframework/boot/context/properties/source/UnboundElementsSourceFilter done
Event: 13.533 loading class org/springframework/boot/context/properties/bind/handler/NoUnboundElementsBindHandler
Event: 13.533 loading class org/springframework/boot/context/properties/bind/handler/NoUnboundElementsBindHandler done
Event: 13.535 loading class org/springframework/boot/context/properties/source/ConfigurationPropertyName
Event: 13.535 loading class org/springframework/boot/context/properties/source/ConfigurationPropertyName done
Event: 13.535 loading class org/springframework/boot/context/properties/source/ConfigurationPropertyName
Event: 13.535 loading class org/springframework/boot/context/properties/source/ConfigurationPropertyName done
Event: 13.535 loading class org/springframework/boot/context/properties/bind/handler/NoUnboundElementsBindHandler
Event: 13.535 loading class org/springframework/boot/context/properties/bind/handler/NoUnboundElementsBindHandler done


Dynamic libraries:
0x00007ff7debc0000 - 0x00007ff7debf7000 	C:\Program Files\Java\jdk1.8.0_231\bin\java.exe
0x00007ffe95b60000 - 0x00007ffe95d50000 	C:\Windows\SYSTEM32\ntdll.dll
0x00007ffe95660000 - 0x00007ffe95712000 	C:\Windows\System32\KERNEL32.DLL
0x00007ffe92af0000 - 0x00007ffe92d93000 	C:\Windows\System32\KERNELBASE.dll
0x00007ffe95320000 - 0x00007ffe953c3000 	C:\Windows\System32\ADVAPI32.dll
0x00007ffe94460000 - 0x00007ffe944fe000 	C:\Windows\System32\msvcrt.dll
0x00007ffe94540000 - 0x00007ffe945d7000 	C:\Windows\System32\sechost.dll
0x00007ffe945e0000 - 0x00007ffe94700000 	C:\Windows\System32\RPCRT4.dll
0x00007ffe93d80000 - 0x00007ffe93f14000 	C:\Windows\System32\USER32.dll
0x00007ffe93a40000 - 0x00007ffe93a61000 	C:\Windows\System32\win32u.dll
0x00007ffe95280000 - 0x00007ffe952a6000 	C:\Windows\System32\GDI32.dll
0x00007ffe93a70000 - 0x00007ffe93c04000 	C:\Windows\System32\gdi32full.dll
0x00007ffe937f0000 - 0x00007ffe9388e000 	C:\Windows\System32\msvcp_win.dll
0x00007ffe92e90000 - 0x00007ffe92f8a000 	C:\Windows\System32\ucrtbase.dll
0x00007ffe7b730000 - 0x00007ffe7b9b5000 	C:\Windows\WinSxS\amd64_microsoft.windows.common-controls_6595b64144ccf1df_6.0.18362.778_none_e6c6b761130d4fb8\COMCTL32.dll
0x00007ffe94ec0000 - 0x00007ffe951f6000 	C:\Windows\System32\combase.dll
0x00007ffe92da0000 - 0x00007ffe92e20000 	C:\Windows\System32\bcryptPrimitives.dll
0x00007ffe94510000 - 0x00007ffe9453e000 	C:\Windows\System32\IMM32.DLL
0x0000000050380000 - 0x0000000050452000 	C:\Program Files\Java\jdk1.8.0_231\jre\bin\msvcr100.dll
0x00000000771b0000 - 0x0000000077a56000 	C:\Program Files\Java\jdk1.8.0_231\jre\bin\server\jvm.dll
0x00007ffe94500000 - 0x00007ffe94508000 	C:\Windows\System32\PSAPI.DLL
0x00007ffe88330000 - 0x00007ffe88339000 	C:\Windows\SYSTEM32\WSOCK32.dll
0x00007ffe952b0000 - 0x00007ffe9531f000 	C:\Windows\System32\WS2_32.dll
0x00007ffe89e40000 - 0x00007ffe89e64000 	C:\Windows\SYSTEM32\WINMM.dll
0x00007ffe8b5f0000 - 0x00007ffe8b5fa000 	C:\Windows\SYSTEM32\VERSION.dll
0x00007ffe89e10000 - 0x00007ffe89e3d000 	C:\Windows\SYSTEM32\WINMMBASE.dll
0x00007ffe92e40000 - 0x00007ffe92e8a000 	C:\Windows\System32\cfgmgr32.dll
0x00007ffe8c480000 - 0x00007ffe8c48f000 	C:\Program Files\Java\jdk1.8.0_231\jre\bin\verify.dll
0x00007ffe84900000 - 0x00007ffe84929000 	C:\Program Files\Java\jdk1.8.0_231\jre\bin\java.dll
0x00007ffe79410000 - 0x00007ffe79433000 	C:\Program Files\Java\jdk1.8.0_231\jre\bin\instrument.dll
0x00007ffe8bb80000 - 0x00007ffe8bb96000 	C:\Program Files\Java\jdk1.8.0_231\jre\bin\zip.dll
0x00007ffe94700000 - 0x00007ffe94de5000 	C:\Windows\System32\SHELL32.dll
0x00007ffe93cd0000 - 0x00007ffe93d79000 	C:\Windows\System32\shcore.dll
0x00007ffe92f90000 - 0x00007ffe93710000 	C:\Windows\System32\windows.storage.dll
0x00007ffe92ac0000 - 0x00007ffe92ae3000 	C:\Windows\System32\profapi.dll
0x00007ffe92a50000 - 0x00007ffe92a9a000 	C:\Windows\System32\powrprof.dll
0x00007ffe92a20000 - 0x00007ffe92a30000 	C:\Windows\System32\UMPDC.dll
0x00007ffe95a30000 - 0x00007ffe95a82000 	C:\Windows\System32\shlwapi.dll
0x00007ffe92aa0000 - 0x00007ffe92ab1000 	C:\Windows\System32\kernel.appcore.dll
0x00007ffe92e20000 - 0x00007ffe92e37000 	C:\Windows\System32\cryptsp.dll
0x00007ffe89f40000 - 0x00007ffe89f5a000 	C:\Program Files\JetBrains\IntelliJ IDEA 2020.1.1\bin\breakgen64.dll
0x00007ffe84b40000 - 0x00007ffe84b5a000 	C:\Program Files\Java\jdk1.8.0_231\jre\bin\net.dll
0x00007ffe92230000 - 0x00007ffe92297000 	C:\Windows\system32\mswsock.dll
0x00007ffe7de00000 - 0x00007ffe7de12000 	C:\Program Files\Java\jdk1.8.0_231\jre\bin\nio.dll
0x00007ffe89950000 - 0x00007ffe8995d000 	C:\Program Files\Java\jdk1.8.0_231\jre\bin\management.dll
0x00007ffe69170000 - 0x00007ffe69186000 	C:\Windows\system32\napinsp.dll
0x00007ffe66d80000 - 0x00007ffe66d9a000 	C:\Windows\system32\pnrpnsp.dll
0x00007ffe91f80000 - 0x00007ffe9204a000 	C:\Windows\SYSTEM32\DNSAPI.dll
0x00007ffe95a90000 - 0x00007ffe95a98000 	C:\Windows\System32\NSI.dll
0x00007ffe91f40000 - 0x00007ffe91f7a000 	C:\Windows\SYSTEM32\IPHLPAPI.DLL
0x00007ffe892a0000 - 0x00007ffe892ae000 	C:\Windows\System32\winrnr.dll
0x00007ffe8ebb0000 - 0x00007ffe8ebcc000 	C:\Windows\system32\NLAapi.dll
0x00007ffe8e0d0000 - 0x00007ffe8e0e5000 	C:\Windows\system32\wshbth.dll
0x00007ffe8a0f0000 - 0x00007ffe8a0fa000 	C:\Windows\System32\rasadhlp.dll
0x00007ffe8ab00000 - 0x00007ffe8ab77000 	C:\Windows\System32\fwpuclnt.dll
0x00007ffe937c0000 - 0x00007ffe937e6000 	C:\Windows\System32\bcrypt.dll

VM Arguments:
jvm_args: -ea -Didea.test.cyclic.buffer.size=1048576 -javaagent:C:\Program Files\JetBrains\IntelliJ IDEA 2020.1.1\lib\idea_rt.jar=60282:C:\Program Files\JetBrains\IntelliJ IDEA 2020.1.1\bin -Dfile.encoding=UTF-8 
java_command: com.intellij.rt.junit.JUnitStarter -ideVersion5 -junit4 cn.niit.group5.controller.Change,updateHttp
java_class_path (initial): C:\Program Files\JetBrains\IntelliJ IDEA 2020.1.1\lib\idea_rt.jar;C:\Program Files\JetBrains\IntelliJ IDEA 2020.1.1\plugins\junit\lib\junit5-rt.jar;C:\Program Files\JetBrains\IntelliJ IDEA 2020.1.1\plugins\junit\lib\junit-rt.jar;C:\Program Files\Java\jdk1.8.0_231\jre\lib\charsets.jar;C:\Program Files\Java\jdk1.8.0_231\jre\lib\deploy.jar;C:\Program Files\Java\jdk1.8.0_231\jre\lib\ext\access-bridge-64.jar;C:\Program Files\Java\jdk1.8.0_231\jre\lib\ext\cldrdata.jar;C:\Program Files\Java\jdk1.8.0_231\jre\lib\ext\dnsns.jar;C:\Program Files\Java\jdk1.8.0_231\jre\lib\ext\jaccess.jar;C:\Program Files\Java\jdk1.8.0_231\jre\lib\ext\jfxrt.jar;C:\Program Files\Java\jdk1.8.0_231\jre\lib\ext\localedata.jar;C:\Program Files\Java\jdk1.8.0_231\jre\lib\ext\nashorn.jar;C:\Program Files\Java\jdk1.8.0_231\jre\lib\ext\sunec.jar;C:\Program Files\Java\jdk1.8.0_231\jre\lib\ext\sunjce_provider.jar;C:\Program Files\Java\jdk1.8.0_231\jre\lib\ext\sunmscapi.jar;C:\Program Files\Java\jdk1.8.0_231\jre\lib\ext\sunpkcs11.jar;C:\Program Files\Java\jdk1.8.0_231\jre\lib\ext\zipfs.jar;C:\Program Files\Java\jdk1.8.0_231\jre\lib\javaws.jar;C:\Program Files\Java\jdk1.8.0_231\jre\lib\jce.jar;C:\Program Files\Java\jdk1.8.0_231\jre\lib\jfr.jar;C:\Program Files\Java\jdk1.8.0_231\jre\lib\jfxswt.jar;C:\Program Files\Java\jdk1.8.0_231\jre\lib\jsse.jar;C:\Program Files\Java\jdk1.8.0_231\jre\lib\management-agent.jar;C:\Program Files\Java\jdk1.8.0_231\jre\lib\plugin.jar;C:\Program Files\Java\jdk1.8.0_231\jre\lib\resources.jar;C:\Program Files\Java\jdk1.8.0_231\jre\lib\rt.jar;D:\农技耘\group5-api\group5\target\test-classes;D:\农技耘\group5-api\group5\target\classes;C:\Users\PAN-B\.m2\repository\org\springframework\boot\spring-boot-starter-web\2.1.4.RELEASE\spring-boot-starter-web-2.1.4.RELEASE.jar;C:\Users\PAN-B\.m2\repository\org\springframework\boot\spring-boot-starter\2.1.4.RELEASE\spring-boot-starter-2.1.4.RELEASE.jar;C:\Users\PAN-B\.m2\repository\org\springframework\boot\spring-boot\
Launcher Type: SUN_STANDARD

Environment Variables:
JAVA_HOME=C:\Program Files\Java\jdk1.8.0_231
CLASSPATH=.;C:\Program Files\Java\jdk1.8.0_231\lib\dt.jar;C:\Program Files\Java\jdk1.8.0_231\lib\tools.jar;
PATH=C:\Program Files (x86)\Common Files\Oracle\Java\javapath;C:\Program Files (x86)\NetSarang\Xshell 6\;C:\Program Files (x86)\NetSarang\Xftp 6\;C:\Windows\system32;C:\Windows;C:\Windows\System32\Wbem;C:\Windows\System32\WindowsPowerShell\v1.0\;C:\Windows\System32\OpenSSH\;C:\Program Files\Java\jdk1.8.0_231\bin;C:\Program Files\Java\jdk1.8.0_231\jre\bin;D:\maven\apache-maven-3.6.3\bin;C:\Program Files\MySQL\MySQL Server 8.0\bin;C:\Program Files\Git\cmd;C:\Program Files\Redis\;C:\Program Files\nodejs\;C:\Users\PAN-B\AppData\Local\Microsoft\WindowsApps;C:\Program Files\JetBrains\IntelliJ IDEA 2020.1.1\bin;C:\Users\PAN-B\AppData\Roaming\npm
USERNAME=PAN-B
OS=Windows_NT
PROCESSOR_IDENTIFIER=Intel64 Family 6 Model 142 Stepping 9, GenuineIntel



---------------  S Y S T E M  ---------------

OS: Windows 10.0 , 64 bit Build 18362 (10.0.18362.778)

CPU:total 4 (initial active 4) (2 cores per cpu, 2 threads per core) family 6 model 142 stepping 9, cmov, cx8, fxsr, mmx, sse, sse2, sse3, ssse3, sse4.1, sse4.2, popcnt, avx, avx2, aes, clmul, erms, 3dnowpref, lzcnt, ht, tsc, tscinvbit, bmi1, bmi2, adx

Memory: 4k page, physical 4074596k(333144k free), swap 13959904k(5396k free)

vm_info: Java HotSpot(TM) 64-Bit Server VM (25.231-b11) for windows-amd64 JRE (1.8.0_231-b11), built on Oct  5 2019 03:11:30 by "java_re" with MS VC++ 10.0 (VS2010)

time: Tue May 12 22:51:47 2020
timezone: 中国标准时间
elapsed time: 13 seconds (0d 0h 0m 13s)

