#
# There is insufficient memory for the Java Runtime Environment to continue.
# Native memory allocation (malloc) failed to allocate 325136 bytes for Chunk::new
# Possible reasons:
#   The system is out of physical RAM or swap space
#   The process is running with CompressedOops enabled, and the Java Heap may be blocking the growth of the native heap
# Possible solutions:
#   Reduce memory load on the system
#   Increase physical memory or swap space
#   Check if swap backing store is full
#   Decrease Java heap size (-Xmx/-Xms)
#   Decrease number of Java threads
#   Decrease Java thread stack sizes (-Xss)
#   Set larger code cache with -XX:ReservedCodeCacheSize=
#   JVM is running with Unscaled Compressed Oops mode in which the Java heap is
#     placed in the first 4GB address space. The Java Heap base address is the
#     maximum limit for the native heap growth. Please use -XX:HeapBaseMinAddress
#     to set the Java Heap base and to place the Java Heap above 4GB virtual address.
# This output file may be truncated or incomplete.
#
#  Out of Memory Error (allocation.cpp:389), pid=9540, tid=0x0000000000002678
#
# JRE version: Java(TM) SE Runtime Environment (8.0_231-b11) (build 1.8.0_231-b11)
# Java VM: Java HotSpot(TM) 64-Bit Server VM (25.231-b11 mixed mode windows-amd64 compressed oops)
# Failed to write core dump. Minidumps are not enabled by default on client versions of Windows
#

---------------  T H R E A D  ---------------

Current thread (0x00000000151c5800):  JavaThread "C2 CompilerThread0" daemon [_thread_in_native, id=9848, stack(0x0000000016bd0000,0x0000000016cd0000)]

Stack: [0x0000000016bd0000,0x0000000016cd0000]
[error occurred during error reporting (printing stack bounds), id 0xc0000005]

Native frames: (J=compiled Java code, j=interpreted, Vv=VM code, C=native code)


Current CompileTask:
C2:  19554 5259   !   4       org.springframework.core.annotation.AnnotatedElementUtils::searchWithFindSemantics (774 bytes)


---------------  P R O C E S S  ---------------

Java Threads: ( => current thread )
  0x000000001ab29000 JavaThread "mysql-cj-abandoned-connection-cleanup" daemon [_thread_blocked, id=2888, stack(0x000000001bc90000,0x000000001bd90000)]
  0x0000000016585800 JavaThread "Service Thread" daemon [_thread_blocked, id=8632, stack(0x0000000016ed0000,0x0000000016fd0000)]
  0x000000001655f000 JavaThread "C1 CompilerThread2" daemon [_thread_blocked, id=15988, stack(0x0000000016dd0000,0x0000000016ed0000)]
  0x00000000151c6800 JavaThread "C2 CompilerThread1" daemon [_thread_in_native, id=3356, stack(0x0000000016cd0000,0x0000000016dd0000)]
=>0x00000000151c5800 JavaThread "C2 CompilerThread0" daemon [_thread_in_native, id=9848, stack(0x0000000016bd0000,0x0000000016cd0000)]
  0x00000000151b8800 JavaThread "Monitor Ctrl-Break" daemon [_thread_in_native, id=4208, stack(0x0000000016ad0000,0x0000000016bd0000)]
  0x00000000151ab000 JavaThread "Attach Listener" daemon [_thread_blocked, id=12060, stack(0x00000000169d0000,0x0000000016ad0000)]
  0x0000000015196800 JavaThread "Signal Dispatcher" daemon [_thread_blocked, id=11484, stack(0x00000000168d0000,0x00000000169d0000)]
  0x0000000015170000 JavaThread "Finalizer" daemon [_thread_blocked, id=2544, stack(0x00000000163d0000,0x00000000164d0000)]
  0x0000000015169000 JavaThread "Reference Handler" daemon [_thread_blocked, id=8012, stack(0x00000000162d0000,0x00000000163d0000)]
  0x0000000002922800 JavaThread "main" [_thread_in_vm, id=17080, stack(0x0000000002420000,0x0000000002520000)]

Other Threads:
  0x0000000015147800 VMThread [stack: 0x00000000161d0000,0x00000000162d0000] [id=21024]
  0x00000000165c0000 WatcherThread [stack: 0x0000000016fd0000,0x00000000170d0000] [id=4524]

VM state:not at safepoint (normal execution)

VM Mutex/Monitor currently owned by a thread: None

heap address: 0x00000000c1c00000, size: 996 MB, Compressed Oops mode: 32-bit
Narrow klass base: 0x0000000000000000, Narrow klass shift: 3
Compressed class space size: 1073741824 Address: 0x0000000100000000

Heap:
 PSYoungGen      total 191488K, used 112650K [0x00000000eb400000, 0x00000000f7d00000, 0x0000000100000000)
  eden space 179200K, 57% used [0x00000000eb400000,0x00000000f18e1508,0x00000000f6300000)
  from space 12288K, 76% used [0x00000000f7100000,0x00000000f7a213a8,0x00000000f7d00000)
  to   space 13312K, 0% used [0x00000000f6300000,0x00000000f6300000,0x00000000f7000000)
 ParOldGen       total 58880K, used 19350K [0x00000000c1c00000, 0x00000000c5580000, 0x00000000eb400000)
  object space 58880K, 32% used [0x00000000c1c00000,0x00000000c2ee59a0,0x00000000c5580000)
 Metaspace       used 43187K, capacity 44768K, committed 45016K, reserved 1089536K
  class space    used 5508K, capacity 5846K, committed 5888K, reserved 1048576K

Card table byte_map: [0x0000000011f70000,0x0000000012170000] byte_map_base: 0x0000000011962000

Marking Bits: (ParMarkBitMap*) 0x00000000779d6d90
 Begin Bits: [0x00000000126c0000, 0x0000000013650000)
 End Bits:   [0x0000000013650000, 0x00000000145e0000)

Polling page: 0x0000000000c50000

CodeCache: size=245760Kb used=19810Kb max_used=19848Kb free=225949Kb
 bounds [0x0000000002bb0000, 0x0000000003f30000, 0x0000000011bb0000]
 total_blobs=5537 nmethods=5051 adapters=398
 compilation: enabled

Compilation events (10 events):
Event: 19.377 Thread 0x000000001655f000 5416       3       java.util.Collections$UnmodifiableMap$UnmodifiableEntrySet$1::hasNext (10 bytes)
Event: 19.377 Thread 0x000000001655f000 nmethod 5416 0x0000000002e4b110 code [0x0000000002e4b280, 0x0000000002e4b4a8]
Event: 19.378 Thread 0x000000001655f000 5417       3       java.util.Collections$UnmodifiableMap$UnmodifiableEntrySet$UnmodifiableEntry::<init> (16 bytes)
Event: 19.379 Thread 0x000000001655f000 nmethod 5417 0x0000000002e4ab10 code [0x0000000002e4ac80, 0x0000000002e4afa8]
Event: 19.380 Thread 0x000000001655f000 5418       3       java.util.Collections$UnmodifiableMap$UnmodifiableEntrySet$UnmodifiableEntry::getKey (10 bytes)
Event: 19.380 Thread 0x000000001655f000 nmethod 5418 0x0000000002e4a6d0 code [0x0000000002e4a840, 0x0000000002e4aa68]
Event: 19.381 Thread 0x000000001655f000 5419       3       java.util.Collections$UnmodifiableMap$UnmodifiableEntrySet$1::next (5 bytes)
Event: 19.381 Thread 0x000000001655f000 nmethod 5419 0x000000000319b4d0 code [0x000000000319b680, 0x000000000319bc98]
Event: 19.478 Thread 0x000000001655f000 5422       2       java.io.WinNTFileSystem::prefixLength (91 bytes)
Event: 19.479 Thread 0x000000001655f000 nmethod 5422 0x000000000319ab50 code [0x000000000319ad00, 0x000000000319b148]

GC Heap History (10 events):
Event: 10.919 GC heap before
{Heap before GC invocations=10 (full 1):
 PSYoungGen      total 113664K, used 113635K [0x00000000eb400000, 0x00000000f4000000, 0x0000000100000000)
  eden space 107008K, 100% used [0x00000000eb400000,0x00000000f1c80000,0x00000000f1c80000)
  from space 6656K, 99% used [0x00000000f3980000,0x00000000f3ff8d58,0x00000000f4000000)
  to   space 8192K, 0% used [0x00000000f3000000,0x00000000f3000000,0x00000000f3800000)
 ParOldGen       total 33792K, used 9317K [0x00000000c1c00000, 0x00000000c3d00000, 0x00000000eb400000)
  object space 33792K, 27% used [0x00000000c1c00000,0x00000000c2519610,0x00000000c3d00000)
 Metaspace       used 29514K, capacity 30522K, committed 30720K, reserved 1075200K
  class space    used 3768K, capacity 4003K, committed 4096K, reserved 1048576K
Event: 10.943 GC heap after
Heap after GC invocations=10 (full 1):
 PSYoungGen      total 135168K, used 8160K [0x00000000eb400000, 0x00000000f5800000, 0x0000000100000000)
  eden space 126976K, 0% used [0x00000000eb400000,0x00000000eb400000,0x00000000f3000000)
  from space 8192K, 99% used [0x00000000f3000000,0x00000000f37f82d0,0x00000000f3800000)
  to   space 11264K, 0% used [0x00000000f4d00000,0x00000000f4d00000,0x00000000f5800000)
 ParOldGen       total 33792K, used 14358K [0x00000000c1c00000, 0x00000000c3d00000, 0x00000000eb400000)
  object space 33792K, 42% used [0x00000000c1c00000,0x00000000c2a059f0,0x00000000c3d00000)
 Metaspace       used 29514K, capacity 30522K, committed 30720K, reserved 1075200K
  class space    used 3768K, capacity 4003K, committed 4096K, reserved 1048576K
}
Event: 13.143 GC heap before
{Heap before GC invocations=11 (full 1):
 PSYoungGen      total 135168K, used 90714K [0x00000000eb400000, 0x00000000f5800000, 0x0000000100000000)
  eden space 126976K, 65% used [0x00000000eb400000,0x00000000f049e768,0x00000000f3000000)
  from space 8192K, 99% used [0x00000000f3000000,0x00000000f37f82d0,0x00000000f3800000)
  to   space 11264K, 0% used [0x00000000f4d00000,0x00000000f4d00000,0x00000000f5800000)
 ParOldGen       total 33792K, used 14358K [0x00000000c1c00000, 0x00000000c3d00000, 0x00000000eb400000)
  object space 33792K, 42% used [0x00000000c1c00000,0x00000000c2a059f0,0x00000000c3d00000)
 Metaspace       used 34083K, capacity 35298K, committed 35416K, reserved 1079296K
  class space    used 4360K, capacity 4643K, committed 4736K, reserved 1048576K
Event: 13.164 GC heap after
Heap after GC invocations=11 (full 1):
 PSYoungGen      total 155648K, used 10555K [0x00000000eb400000, 0x00000000f7200000, 0x0000000100000000)
  eden space 144384K, 0% used [0x00000000eb400000,0x00000000eb400000,0x00000000f4100000)
  from space 11264K, 93% used [0x00000000f4d00000,0x00000000f574ed38,0x00000000f5800000)
  to   space 12288K, 0% used [0x00000000f4100000,0x00000000f4100000,0x00000000f4d00000)
 ParOldGen       total 33792K, used 17128K [0x00000000c1c00000, 0x00000000c3d00000, 0x00000000eb400000)
  object space 33792K, 50% used [0x00000000c1c00000,0x00000000c2cba250,0x00000000c3d00000)
 Metaspace       used 34083K, capacity 35298K, committed 35416K, reserved 1079296K
  class space    used 4360K, capacity 4643K, committed 4736K, reserved 1048576K
}
Event: 13.164 GC heap before
{Heap before GC invocations=12 (full 2):
 PSYoungGen      total 155648K, used 10555K [0x00000000eb400000, 0x00000000f7200000, 0x0000000100000000)
  eden space 144384K, 0% used [0x00000000eb400000,0x00000000eb400000,0x00000000f4100000)
  from space 11264K, 93% used [0x00000000f4d00000,0x00000000f574ed38,0x00000000f5800000)
  to   space 12288K, 0% used [0x00000000f4100000,0x00000000f4100000,0x00000000f4d00000)
 ParOldGen       total 33792K, used 17128K [0x00000000c1c00000, 0x00000000c3d00000, 0x00000000eb400000)
  object space 33792K, 50% used [0x00000000c1c00000,0x00000000c2cba250,0x00000000c3d00000)
 Metaspace       used 34083K, capacity 35298K, committed 35416K, reserved 1079296K
  class space    used 4360K, capacity 4643K, committed 4736K, reserved 1048576K
Event: 13.353 GC heap after
Heap after GC invocations=12 (full 2):
 PSYoungGen      total 155648K, used 0K [0x00000000eb400000, 0x00000000f7200000, 0x0000000100000000)
  eden space 144384K, 0% used [0x00000000eb400000,0x00000000eb400000,0x00000000f4100000)
  from space 11264K, 0% used [0x00000000f4d00000,0x00000000f4d00000,0x00000000f5800000)
  to   space 12288K, 0% used [0x00000000f4100000,0x00000000f4100000,0x00000000f4d00000)
 ParOldGen       total 58880K, used 19334K [0x00000000c1c00000, 0x00000000c5580000, 0x00000000eb400000)
  object space 58880K, 32% used [0x00000000c1c00000,0x00000000c2ee19a0,0x00000000c5580000)
 Metaspace       used 34083K, capacity 35298K, committed 35416K, reserved 1079296K
  class space    used 4360K, capacity 4643K, committed 4736K, reserved 1048576K
}
Event: 14.268 GC heap before
{Heap before GC invocations=13 (full 2):
 PSYoungGen      total 155648K, used 144384K [0x00000000eb400000, 0x00000000f7200000, 0x0000000100000000)
  eden space 144384K, 100% used [0x00000000eb400000,0x00000000f4100000,0x00000000f4100000)
  from space 11264K, 0% used [0x00000000f4d00000,0x00000000f4d00000,0x00000000f5800000)
  to   space 12288K, 0% used [0x00000000f4100000,0x00000000f4100000,0x00000000f4d00000)
 ParOldGen       total 58880K, used 19334K [0x00000000c1c00000, 0x00000000c5580000, 0x00000000eb400000)
  object space 58880K, 32% used [0x00000000c1c00000,0x00000000c2ee19a0,0x00000000c5580000)
 Metaspace       used 36062K, capacity 37312K, committed 37592K, reserved 1081344K
  class space    used 4550K, capacity 4814K, committed 4864K, reserved 1048576K
Event: 14.273 GC heap after
Heap after GC invocations=13 (full 2):
 PSYoungGen      total 156672K, used 2689K [0x00000000eb400000, 0x00000000f7d00000, 0x0000000100000000)
  eden space 144384K, 0% used [0x00000000eb400000,0x00000000eb400000,0x00000000f4100000)
  from space 12288K, 21% used [0x00000000f4100000,0x00000000f43a05e0,0x00000000f4d00000)
  to   space 12288K, 0% used [0x00000000f7100000,0x00000000f7100000,0x00000000f7d00000)
 ParOldGen       total 58880K, used 19342K [0x00000000c1c00000, 0x00000000c5580000, 0x00000000eb400000)
  object space 58880K, 32% used [0x00000000c1c00000,0x00000000c2ee39a0,0x00000000c5580000)
 Metaspace       used 36062K, capacity 37312K, committed 37592K, reserved 1081344K
  class space    used 4550K, capacity 4814K, committed 4864K, reserved 1048576K
}
Event: 16.371 GC heap before
{Heap before GC invocations=14 (full 2):
 PSYoungGen      total 156672K, used 147073K [0x00000000eb400000, 0x00000000f7d00000, 0x0000000100000000)
  eden space 144384K, 100% used [0x00000000eb400000,0x00000000f4100000,0x00000000f4100000)
  from space 12288K, 21% used [0x00000000f4100000,0x00000000f43a05e0,0x00000000f4d00000)
  to   space 12288K, 0% used [0x00000000f7100000,0x00000000f7100000,0x00000000f7d00000)
 ParOldGen       total 58880K, used 19342K [0x00000000c1c00000, 0x00000000c5580000, 0x00000000eb400000)
  object space 58880K, 32% used [0x00000000c1c00000,0x00000000c2ee39a0,0x00000000c5580000)
 Metaspace       used 41145K, capacity 42552K, committed 42712K, reserved 1087488K
  class space    used 5250K, capacity 5566K, committed 5632K, reserved 1048576K
Event: 16.389 GC heap after
Heap after GC invocations=14 (full 2):
 PSYoungGen      total 191488K, used 9348K [0x00000000eb400000, 0x00000000f7d00000, 0x0000000100000000)
  eden space 179200K, 0% used [0x00000000eb400000,0x00000000eb400000,0x00000000f6300000)
  from space 12288K, 76% used [0x00000000f7100000,0x00000000f7a213a8,0x00000000f7d00000)
  to   space 13312K, 0% used [0x00000000f6300000,0x00000000f6300000,0x00000000f7000000)
 ParOldGen       total 58880K, used 19350K [0x00000000c1c00000, 0x00000000c5580000, 0x00000000eb400000)
  object space 58880K, 32% used [0x00000000c1c00000,0x00000000c2ee59a0,0x00000000c5580000)
 Metaspace       used 41145K, capacity 42552K, committed 42712K, reserved 1087488K
  class space    used 5250K, capacity 5566K, committed 5632K, reserved 1048576K
}

Deoptimization events (10 events):
Event: 18.300 Thread 0x0000000002922800 Uncommon trap: reason=class_check action=maybe_recompile pc=0x0000000003d5deb0 method=org.springframework.core.SerializableTypeWrapper.forTypeProvider(Lorg/springframework/core/SerializableTypeWrapper$TypeProvider;)Ljava/lang/reflect/Type; @ 45
Event: 18.412 Thread 0x0000000002922800 Uncommon trap: reason=unstable_if action=reinterpret pc=0x000000000363b97c method=org.springframework.util.AntPathMatcher.skipSegment(Ljava/lang/String;ILjava/lang/String;)I @ 60
Event: 19.121 Thread 0x0000000002922800 Uncommon trap: reason=class_check action=maybe_recompile pc=0x00000000038d8290 method=java.lang.reflect.Method.equals(Ljava/lang/Object;)Z @ 5
Event: 19.121 Thread 0x0000000002922800 Uncommon trap: reason=class_check action=maybe_recompile pc=0x00000000038d8290 method=java.lang.reflect.Method.equals(Ljava/lang/Object;)Z @ 5
Event: 19.166 Thread 0x0000000002922800 Uncommon trap: reason=bimorphic action=maybe_recompile pc=0x0000000003e9b158 method=sun.reflect.generics.reflectiveObjects.WildcardTypeImpl.getUpperBounds()[Ljava/lang/reflect/Type; @ 37
Event: 19.166 Thread 0x0000000002922800 Uncommon trap: reason=bimorphic action=maybe_recompile pc=0x0000000003e9b158 method=sun.reflect.generics.reflectiveObjects.WildcardTypeImpl.getUpperBounds()[Ljava/lang/reflect/Type; @ 37
Event: 19.166 Thread 0x0000000002922800 Uncommon trap: reason=bimorphic action=maybe_recompile pc=0x0000000003e9b158 method=sun.reflect.generics.reflectiveObjects.WildcardTypeImpl.getUpperBounds()[Ljava/lang/reflect/Type; @ 37
Event: 19.166 Thread 0x0000000002922800 Uncommon trap: reason=bimorphic action=maybe_recompile pc=0x0000000003e9b158 method=sun.reflect.generics.reflectiveObjects.WildcardTypeImpl.getUpperBounds()[Ljava/lang/reflect/Type; @ 37
Event: 19.281 Thread 0x0000000002922800 Uncommon trap: reason=unstable_if action=reinterpret pc=0x0000000003bbc144 method=java.util.concurrent.ConcurrentHashMap.get(Ljava/lang/Object;)Ljava/lang/Object; @ 86
Event: 19.446 Thread 0x0000000002922800 Uncommon trap: reason=unstable_if action=reinterpret pc=0x000000000314d75c method=java.io.WinNTFileSystem.isLetter(C)Z @ 3

Classes redefined (0 events):
No events

Internal exceptions (10 events):
Event: 19.267 Thread 0x0000000002922800 Exception <a 'java/lang/ClassNotFoundException': org/springframework/beans/factory/BeanNameAwareCustomizer> (0x00000000f1380a58) thrown at [C:\re\workspace\8-2-build-windows-amd64-cygwin\jdk8u231\13620\hotspot\src\share\vm\classfile\systemDictionary.cpp, 
Event: 19.268 Thread 0x0000000002922800 Exception <a 'java/lang/ClassNotFoundException': org/springframework/beans/factory/AwareCustomizer> (0x00000000f139e848) thrown at [C:\re\workspace\8-2-build-windows-amd64-cygwin\jdk8u231\13620\hotspot\src\share\vm\classfile\systemDictionary.cpp, line 210
Event: 19.268 Thread 0x0000000002922800 Exception <a 'java/lang/ClassNotFoundException': org/springframework/web/context/ServletContextAwareCustomizer> (0x00000000f13c0728) thrown at [C:\re\workspace\8-2-build-windows-amd64-cygwin\jdk8u231\13620\hotspot\src\share\vm\classfile\systemDictionary.c
Event: 19.270 Thread 0x0000000002922800 Exception <a 'java/lang/ClassNotFoundException': org/springframework/beans/factory/AwareCustomizer> (0x00000000f13de5a8) thrown at [C:\re\workspace\8-2-build-windows-amd64-cygwin\jdk8u231\13620\hotspot\src\share\vm\classfile\systemDictionary.cpp, line 210
Event: 19.271 Thread 0x0000000002922800 Exception <a 'java/lang/ClassNotFoundException': org/springframework/context/ApplicationContextAwareCustomizer> (0x00000000f14003f8) thrown at [C:\re\workspace\8-2-build-windows-amd64-cygwin\jdk8u231\13620\hotspot\src\share\vm\classfile\systemDictionary.c
Event: 19.271 Thread 0x0000000002922800 Exception <a 'java/lang/ClassNotFoundException': org/springframework/beans/factory/AwareCustomizer> (0x00000000f141e810) thrown at [C:\re\workspace\8-2-build-windows-amd64-cygwin\jdk8u231\13620\hotspot\src\share\vm\classfile\systemDictionary.cpp, line 210
Event: 19.344 Thread 0x0000000002922800 Exception <a 'java/lang/ClassNotFoundException': java/lang/ObjectCustomizer> (0x00000000f15e7b38) thrown at [C:\re\workspace\8-2-build-windows-amd64-cygwin\jdk8u231\13620\hotspot\src\share\vm\classfile\systemDictionary.cpp, line 210]
Event: 19.345 Thread 0x0000000002922800 Exception <a 'java/lang/ClassNotFoundException': springfox/documentation/spring/web/plugins/DocketCustomizer> (0x00000000f160cc78) thrown at [C:\re\workspace\8-2-build-windows-amd64-cygwin\jdk8u231\13620\hotspot\src\share\vm\classfile\systemDictionary.cpp
Event: 19.348 Thread 0x0000000002922800 Exception <a 'java/lang/ClassNotFoundException': springfox/documentation/spi/service/DocumentationPluginCustomizer> (0x00000000f16727c8) thrown at [C:\re\workspace\8-2-build-windows-amd64-cygwin\jdk8u231\13620\hotspot\src\share\vm\classfile\systemDictiona
Event: 19.348 Thread 0x0000000002922800 Exception <a 'java/lang/ClassNotFoundException': org/springframework/plugin/core/PluginCustomizer> (0x00000000f1693328) thrown at [C:\re\workspace\8-2-build-windows-amd64-cygwin\jdk8u231\13620\hotspot\src\share\vm\classfile\systemDictionary.cpp, line 210]

Events (10 events):
Event: 19.447 loading class java/lang/ClassLoaderHelper
Event: 19.447 loading class java/lang/ClassLoaderHelper done
Event: 19.474 loading class org/springframework/boot/web/embedded/tomcat/TldSkipPatterns
Event: 19.474 loading class org/springframework/boot/web/embedded/tomcat/TldSkipPatterns done
Event: 19.475 loading class org/apache/catalina/LifecycleException
Event: 19.475 loading class org/apache/catalina/LifecycleException done
Event: 19.477 loading class javax/management/MBeanRegistrationException
Event: 19.477 loading class javax/management/MBeanRegistrationException done
Event: 19.478 loading class org/apache/coyote/Adapter
Event: 19.478 loading class org/apache/coyote/Adapter done


Dynamic libraries:
0x00007ff7debc0000 - 0x00007ff7debf7000 	C:\Program Files\Java\jdk1.8.0_231\bin\java.exe
0x00007ffe95b60000 - 0x00007ffe95d50000 	C:\Windows\SYSTEM32\ntdll.dll
0x00007ffe95660000 - 0x00007ffe95712000 	C:\Windows\System32\KERNEL32.DLL
0x00007ffe92af0000 - 0x00007ffe92d93000 	C:\Windows\System32\KERNELBASE.dll
0x00007ffe95320000 - 0x00007ffe953c3000 	C:\Windows\System32\ADVAPI32.dll
0x00007ffe94460000 - 0x00007ffe944fe000 	C:\Windows\System32\msvcrt.dll
0x00007ffe94540000 - 0x00007ffe945d7000 	C:\Windows\System32\sechost.dll
0x00007ffe945e0000 - 0x00007ffe94700000 	C:\Windows\System32\RPCRT4.dll
0x00007ffe93d80000 - 0x00007ffe93f14000 	C:\Windows\System32\USER32.dll
0x00007ffe93a40000 - 0x00007ffe93a61000 	C:\Windows\System32\win32u.dll
0x00007ffe95280000 - 0x00007ffe952a6000 	C:\Windows\System32\GDI32.dll
0x00007ffe93a70000 - 0x00007ffe93c04000 	C:\Windows\System32\gdi32full.dll
0x00007ffe937f0000 - 0x00007ffe9388e000 	C:\Windows\System32\msvcp_win.dll
0x00007ffe92e90000 - 0x00007ffe92f8a000 	C:\Windows\System32\ucrtbase.dll
0x00007ffe7b730000 - 0x00007ffe7b9b5000 	C:\Windows\WinSxS\amd64_microsoft.windows.common-controls_6595b64144ccf1df_6.0.18362.778_none_e6c6b761130d4fb8\COMCTL32.dll
0x00007ffe94ec0000 - 0x00007ffe951f6000 	C:\Windows\System32\combase.dll
0x00007ffe92da0000 - 0x00007ffe92e20000 	C:\Windows\System32\bcryptPrimitives.dll
0x00007ffe94510000 - 0x00007ffe9453e000 	C:\Windows\System32\IMM32.DLL
0x0000000050380000 - 0x0000000050452000 	C:\Program Files\Java\jdk1.8.0_231\jre\bin\msvcr100.dll
0x00000000771b0000 - 0x0000000077a56000 	C:\Program Files\Java\jdk1.8.0_231\jre\bin\server\jvm.dll
0x00007ffe94500000 - 0x00007ffe94508000 	C:\Windows\System32\PSAPI.DLL
0x00007ffe88330000 - 0x00007ffe88339000 	C:\Windows\SYSTEM32\WSOCK32.dll
0x00007ffe952b0000 - 0x00007ffe9531f000 	C:\Windows\System32\WS2_32.dll
0x00007ffe89e40000 - 0x00007ffe89e64000 	C:\Windows\SYSTEM32\WINMM.dll
0x00007ffe8b5f0000 - 0x00007ffe8b5fa000 	C:\Windows\SYSTEM32\VERSION.dll
0x00007ffe89e10000 - 0x00007ffe89e3d000 	C:\Windows\SYSTEM32\WINMMBASE.dll
0x00007ffe92e40000 - 0x00007ffe92e8a000 	C:\Windows\System32\cfgmgr32.dll
0x00007ffe8eca0000 - 0x00007ffe8ecaf000 	C:\Program Files\Java\jdk1.8.0_231\jre\bin\verify.dll
0x00007ffe8ce80000 - 0x00007ffe8cea9000 	C:\Program Files\Java\jdk1.8.0_231\jre\bin\java.dll
0x00007ffe8ce50000 - 0x00007ffe8ce73000 	C:\Program Files\Java\jdk1.8.0_231\jre\bin\instrument.dll
0x00007ffe8d910000 - 0x00007ffe8d926000 	C:\Program Files\Java\jdk1.8.0_231\jre\bin\zip.dll
0x00007ffe94700000 - 0x00007ffe94de5000 	C:\Windows\System32\SHELL32.dll
0x00007ffe93cd0000 - 0x00007ffe93d79000 	C:\Windows\System32\shcore.dll
0x00007ffe92f90000 - 0x00007ffe93710000 	C:\Windows\System32\windows.storage.dll
0x00007ffe92ac0000 - 0x00007ffe92ae3000 	C:\Windows\System32\profapi.dll
0x00007ffe92a50000 - 0x00007ffe92a9a000 	C:\Windows\System32\powrprof.dll
0x00007ffe92a20000 - 0x00007ffe92a30000 	C:\Windows\System32\UMPDC.dll
0x00007ffe95a30000 - 0x00007ffe95a82000 	C:\Windows\System32\shlwapi.dll
0x00007ffe92aa0000 - 0x00007ffe92ab1000 	C:\Windows\System32\kernel.appcore.dll
0x00007ffe92e20000 - 0x00007ffe92e37000 	C:\Windows\System32\cryptsp.dll
0x00007ffe8c530000 - 0x00007ffe8c54a000 	C:\Program Files\JetBrains\IntelliJ IDEA 2020.1.1\bin\breakgen64.dll
0x00007ffe8c510000 - 0x00007ffe8c52a000 	C:\Program Files\Java\jdk1.8.0_231\jre\bin\net.dll
0x00007ffe92230000 - 0x00007ffe92297000 	C:\Windows\system32\mswsock.dll
0x00007ffe8c4d0000 - 0x00007ffe8c4e2000 	C:\Program Files\Java\jdk1.8.0_231\jre\bin\nio.dll
0x00007ffe8ec40000 - 0x00007ffe8ec4d000 	C:\Program Files\Java\jdk1.8.0_231\jre\bin\management.dll
0x00007ffe69170000 - 0x00007ffe69186000 	C:\Windows\system32\napinsp.dll
0x00007ffe66d80000 - 0x00007ffe66d9a000 	C:\Windows\system32\pnrpnsp.dll
0x00007ffe91f80000 - 0x00007ffe9204a000 	C:\Windows\SYSTEM32\DNSAPI.dll
0x00007ffe95a90000 - 0x00007ffe95a98000 	C:\Windows\System32\NSI.dll
0x00007ffe91f40000 - 0x00007ffe91f7a000 	C:\Windows\SYSTEM32\IPHLPAPI.DLL
0x00007ffe892a0000 - 0x00007ffe892ae000 	C:\Windows\System32\winrnr.dll
0x00007ffe8ebb0000 - 0x00007ffe8ebcc000 	C:\Windows\system32\NLAapi.dll
0x00007ffe8e0d0000 - 0x00007ffe8e0e5000 	C:\Windows\system32\wshbth.dll
0x00007ffe8a0f0000 - 0x00007ffe8a0fa000 	C:\Windows\System32\rasadhlp.dll
0x00007ffe8ab00000 - 0x00007ffe8ab77000 	C:\Windows\System32\fwpuclnt.dll
0x00007ffe937c0000 - 0x00007ffe937e6000 	C:\Windows\System32\bcrypt.dll

VM Arguments:
jvm_args: -ea -Didea.test.cyclic.buffer.size=1048576 -javaagent:C:\Program Files\JetBrains\IntelliJ IDEA 2020.1.1\lib\idea_rt.jar=58569:C:\Program Files\JetBrains\IntelliJ IDEA 2020.1.1\bin -Dfile.encoding=UTF-8 
java_command: com.intellij.rt.junit.JUnitStarter -ideVersion5 -junit4 cn.niit.group5.controller.Change,updateUrl
java_class_path (initial): C:\Program Files\JetBrains\IntelliJ IDEA 2020.1.1\lib\idea_rt.jar;C:\Program Files\JetBrains\IntelliJ IDEA 2020.1.1\plugins\junit\lib\junit5-rt.jar;C:\Program Files\JetBrains\IntelliJ IDEA 2020.1.1\plugins\junit\lib\junit-rt.jar;C:\Program Files\Java\jdk1.8.0_231\jre\lib\charsets.jar;C:\Program Files\Java\jdk1.8.0_231\jre\lib\deploy.jar;C:\Program Files\Java\jdk1.8.0_231\jre\lib\ext\access-bridge-64.jar;C:\Program Files\Java\jdk1.8.0_231\jre\lib\ext\cldrdata.jar;C:\Program Files\Java\jdk1.8.0_231\jre\lib\ext\dnsns.jar;C:\Program Files\Java\jdk1.8.0_231\jre\lib\ext\jaccess.jar;C:\Program Files\Java\jdk1.8.0_231\jre\lib\ext\jfxrt.jar;C:\Program Files\Java\jdk1.8.0_231\jre\lib\ext\localedata.jar;C:\Program Files\Java\jdk1.8.0_231\jre\lib\ext\nashorn.jar;C:\Program Files\Java\jdk1.8.0_231\jre\lib\ext\sunec.jar;C:\Program Files\Java\jdk1.8.0_231\jre\lib\ext\sunjce_provider.jar;C:\Program Files\Java\jdk1.8.0_231\jre\lib\ext\sunmscapi.jar;C:\Program Files\Java\jdk1.8.0_231\jre\lib\ext\sunpkcs11.jar;C:\Program Files\Java\jdk1.8.0_231\jre\lib\ext\zipfs.jar;C:\Program Files\Java\jdk1.8.0_231\jre\lib\javaws.jar;C:\Program Files\Java\jdk1.8.0_231\jre\lib\jce.jar;C:\Program Files\Java\jdk1.8.0_231\jre\lib\jfr.jar;C:\Program Files\Java\jdk1.8.0_231\jre\lib\jfxswt.jar;C:\Program Files\Java\jdk1.8.0_231\jre\lib\jsse.jar;C:\Program Files\Java\jdk1.8.0_231\jre\lib\management-agent.jar;C:\Program Files\Java\jdk1.8.0_231\jre\lib\plugin.jar;C:\Program Files\Java\jdk1.8.0_231\jre\lib\resources.jar;C:\Program Files\Java\jdk1.8.0_231\jre\lib\rt.jar;D:\农技耘\group5-api\group5\target\test-classes;D:\农技耘\group5-api\group5\target\classes;C:\Users\PAN-B\.m2\repository\org\springframework\boot\spring-boot-starter-web\2.1.4.RELEASE\spring-boot-starter-web-2.1.4.RELEASE.jar;C:\Users\PAN-B\.m2\repository\org\springframework\boot\spring-boot-starter\2.1.4.RELEASE\spring-boot-starter-2.1.4.RELEASE.jar;C:\Users\PAN-B\.m2\repository\org\springframework\boot\spring-boot\
Launcher Type: SUN_STANDARD

Environment Variables:
JAVA_HOME=C:\Program Files\Java\jdk1.8.0_231
CLASSPATH=.;C:\Program Files\Java\jdk1.8.0_231\lib\dt.jar;C:\Program Files\Java\jdk1.8.0_231\lib\tools.jar;
PATH=C:\Program Files (x86)\Common Files\Oracle\Java\javapath;C:\Program Files (x86)\NetSarang\Xshell 6\;C:\Program Files (x86)\NetSarang\Xftp 6\;C:\Windows\system32;C:\Windows;C:\Windows\System32\Wbem;C:\Windows\System32\WindowsPowerShell\v1.0\;C:\Windows\System32\OpenSSH\;C:\Program Files\Java\jdk1.8.0_231\bin;C:\Program Files\Java\jdk1.8.0_231\jre\bin;D:\maven\apache-maven-3.6.3\bin;C:\Program Files\MySQL\MySQL Server 8.0\bin;C:\Program Files\Git\cmd;C:\Program Files\Redis\;C:\Program Files\nodejs\;C:\Users\PAN-B\AppData\Local\Microsoft\WindowsApps;;C:\Program Files\JetBrains\IntelliJ IDEA 2020.1.1\bin;;C:\Users\PAN-B\AppData\Roaming\npm
USERNAME=PAN-B
OS=Windows_NT
PROCESSOR_IDENTIFIER=Intel64 Family 6 Model 142 Stepping 9, GenuineIntel



---------------  S Y S T E M  ---------------

OS: Windows 10.0 , 64 bit Build 18362 (10.0.18362.778)

CPU:total 4 (initial active 4) (2 cores per cpu, 2 threads per core) family 6 model 142 stepping 9, cmov, cx8, fxsr, mmx, sse, sse2, sse3, ssse3, sse4.1, sse4.2, popcnt, avx, avx2, aes, clmul, erms, 3dnowpref, lzcnt, ht, tsc, tscinvbit, bmi1, bmi2, adx

Memory: 4k page, physical 4074596k(288628k free), swap 13959904k(4272k free)

vm_info: Java HotSpot(TM) 64-Bit Server VM (25.231-b11) for windows-amd64 JRE (1.8.0_231-b11), built on Oct  5 2019 03:11:30 by "java_re" with MS VC++ 10.0 (VS2010)

time: Tue May 12 22:22:36 2020
timezone: 中国标准时间
elapsed time: 19 seconds (0d 0h 0m 19s)

